#
# There is insufficient memory for the Java Runtime Environment to continue.
# Native memory allocation (mmap) failed to map 265289728 bytes for G1 virtual space
# Possible reasons:
#   The system is out of physical RAM or swap space
#   The process is running with CompressedOops enabled, and the Java Heap may be blocking the growth of the native heap
# Possible solutions:
#   Reduce memory load on the system
#   Increase physical memory or swap space
#   Check if swap backing store is full
#   Decrease Java heap size (-Xmx/-Xms)
#   Decrease number of Java threads
#   Decrease Java thread stack sizes (-Xss)
#   Set larger code cache with -XX:ReservedCodeCacheSize=
#   JVM is running with Unscaled Compressed Oops mode in which the Java heap is
#     placed in the first 4GB address space. The Java Heap base address is the
#     maximum limit for the native heap growth. Please use -XX:HeapBaseMinAddress
#     to set the Java Heap base and to place the Java Heap above 4GB virtual address.
# This output file may be truncated or incomplete.
#
#  Out of Memory Error (os_windows.cpp:3769), pid=12928, tid=12816
#
# JRE version: OpenJDK Runtime Environment (17.0.6) (build 17.0.6+0-b2043.56-10027231)
# Java VM: OpenJDK 64-Bit Server VM (17.0.6+0-b2043.56-10027231, mixed mode, tiered, compressed oops, compressed class ptrs, g1 gc, windows-amd64)
# No core dump will be written. Minidumps are not enabled by default on client versions of Windows
#

---------------  S U M M A R Y ------------

Command Line: --add-opens=java.base/java.util=ALL-UNNAMED --add-opens=java.base/java.lang=ALL-UNNAMED --add-opens=java.base/java.lang.invoke=ALL-UNNAMED --add-opens=java.prefs/java.util.prefs=ALL-UNNAMED --add-opens=java.base/java.nio.charset=ALL-UNNAMED --add-opens=java.base/java.net=ALL-UNNAMED --add-opens=java.base/java.util.concurrent.atomic=ALL-UNNAMED -Xmx2048m -Dfile.encoding=UTF-8 -Duser.country=US -Duser.language=en -Duser.variant org.gradle.launcher.daemon.bootstrap.GradleDaemon 8.0

Host: 11th Gen Intel(R) Core(TM) i5-1135G7 @ 2.40GHz, 8 cores, 7G,  Windows 10 , 64 bit Build 19041 (10.0.19041.3393)
Time: Fri Oct 13 22:10:53 2023 E. South America Standard Time elapsed time: 14.155368 seconds (0d 0h 0m 14s)

---------------  T H R E A D  ---------------

Current thread (0x000001bdde685a10):  VMThread "VM Thread" [stack: 0x000000a2a3600000,0x000000a2a3700000] [id=12816]

Stack: [0x000000a2a3600000,0x000000a2a3700000]
Native frames: (J=compiled Java code, j=interpreted, Vv=VM code, C=native code)
V  [jvm.dll+0x683c9a]
V  [jvm.dll+0x8427a4]
V  [jvm.dll+0x843f9e]
V  [jvm.dll+0x844603]
V  [jvm.dll+0x249b75]
V  [jvm.dll+0x680b69]
V  [jvm.dll+0x67505a]
V  [jvm.dll+0x309acb]
V  [jvm.dll+0x310f86]
V  [jvm.dll+0x3608ee]
V  [jvm.dll+0x360b1f]
V  [jvm.dll+0x2dfbf8]
V  [jvm.dll+0x2ddec4]
V  [jvm.dll+0x2dd4cc]
V  [jvm.dll+0x321f3b]
V  [jvm.dll+0x848ccb]
V  [jvm.dll+0x849a04]
V  [jvm.dll+0x849f1d]
V  [jvm.dll+0x84a2f4]
V  [jvm.dll+0x84a3c0]
V  [jvm.dll+0x7f274a]
V  [jvm.dll+0x682ad5]
C  [ucrtbase.dll+0x21bb2]
C  [KERNEL32.DLL+0x17344]
C  [ntdll.dll+0x526b1]

VM_Operation (0x000000a2ac5fb210): G1CollectForAllocation, mode: safepoint, requested by thread 0x000001bde5d613e0


---------------  P R O C E S S  ---------------

Threads class SMR info:
_java_thread_list=0x000001bddf1ebf10, length=141, elements={
0x000001bdc485a210, 0x000001bddf002f20, 0x000001bddf0038e0, 0x000001bddf044830,
0x000001bddf047100, 0x000001bddf0499d0, 0x000001bddf04a290, 0x000001bddf04b290,
0x000001bddf04bb90, 0x000001bddf04c490, 0x000001bddf1edb60, 0x000001bddf206230,
0x000001bde15be580, 0x000001bde067b6b0, 0x000001bde0469890, 0x000001bddffaf740,
0x000001bde1540b20, 0x000001bde0691e90, 0x000001bde189e130, 0x000001bde1b95da0,
0x000001bde1b98dc0, 0x000001bde1b96c10, 0x000001bde1b97f50, 0x000001bde1b988f0,
0x000001bde1b99290, 0x000001bde1b99760, 0x000001bde1b98420, 0x000001bde1b96740,
0x000001bde1b970e0, 0x000001bde1b97a80, 0x000001bde318ed40, 0x000001bde318ded0,
0x000001bde318f6e0, 0x000001bde15768e0, 0x000001bde3190080, 0x000001bde4d277d0,
0x000001bde318cb90, 0x000001bde318d060, 0x000001bde318f210, 0x000001bde318fbb0,
0x000001bde318e870, 0x000001bde50feef0, 0x000001bde50ffd60, 0x000001bde50fea20,
0x000001bde50fe080, 0x000001bde50fe550, 0x000001bde50ff890, 0x000001bde5101a40,
0x000001bde5100700, 0x000001bde5100230, 0x000001bde51010a0, 0x000001bde5100bd0,
0x000001bde3232d60, 0x000001bde322f870, 0x000001bde32353e0, 0x000001bde322e060,
0x000001bde3234a40, 0x000001bde3233bd0, 0x000001bde322ea00, 0x000001bde3230bb0,
0x000001bde3231a20, 0x000001bde32306e0, 0x000001bde322f3a0, 0x000001bde3233230,
0x000001bde3231080, 0x000001bde32340a0, 0x000001bde3234f10, 0x000001bde3232890,
0x000001bde3233700, 0x000001bde322fd40, 0x000001bde322e530, 0x000001bde32323c0,
0x000001bde3230210, 0x000001bde3234570, 0x000001bde32358b0, 0x000001bde3231550,
0x000001bde322eed0, 0x000001bde3231ef0, 0x000001bddfacdeb0, 0x000001bddfad1870,
0x000001bddfad3ef0, 0x000001bddface380, 0x000001bddfad3a20, 0x000001bddfacd510,
0x000001bddfad1d40, 0x000001bddfad0a00, 0x000001bddfad43c0, 0x000001bddfad4890,
0x000001bddfad0ed0, 0x000001bddfacd040, 0x000001bddface850, 0x000001bddfad13a0,
0x000001bddfacd9e0, 0x000001bddfad2210, 0x000001bddfaced20, 0x000001bddfacf1f0,
0x000001bddfacfb90, 0x000001bddfad26e0, 0x000001bddfad2bb0, 0x000001bddfad3080,
0x000001bddfad0530, 0x000001bddfacf6c0, 0x000001bddfad0060, 0x000001bddfad3550,
0x000001bddf46f6d0, 0x000001bddf468cf0, 0x000001bddf46ed30, 0x000001bddf46e390,
0x000001bddf46f200, 0x000001bddf46a500, 0x000001bddf46fba0, 0x000001bddf470070,
0x000001bddf46c1e0, 0x000001bddf46d050, 0x000001bddf46b840, 0x000001bddf46cb80,
0x000001bddf468820, 0x000001bddf46a9d0, 0x000001bddf46d9f0, 0x000001bddf46dec0,
0x000001bddf469b60, 0x000001bddf46aea0, 0x000001bddf46c6b0, 0x000001bddf4691c0,
0x000001bddf469690, 0x000001bddf46a030, 0x000001bddf46e860, 0x000001bddf46b370,
0x000001bde5d600a0, 0x000001bde5d5c210, 0x000001bde5d5bd40, 0x000001bde5d5ed60,
0x000001bde5d618b0, 0x000001bde5d613e0, 0x000001bde5d5d550, 0x000001bde5d5c6e0,
0x000001bde5d5a060, 0x000001bde5d5aa00, 0x000001bde5d5cbb0, 0x000001bde5d5da20,
0x000001bde5d5def0
}

Java Threads: ( => current thread )
  0x000001bdc485a210 JavaThread "main" [_thread_blocked, id=11052, stack(0x000000a2a3000000,0x000000a2a3100000)]
  0x000001bddf002f20 JavaThread "Reference Handler" daemon [_thread_blocked, id=14016, stack(0x000000a2a3700000,0x000000a2a3800000)]
  0x000001bddf0038e0 JavaThread "Finalizer" daemon [_thread_blocked, id=1296, stack(0x000000a2a3800000,0x000000a2a3900000)]
  0x000001bddf044830 JavaThread "Signal Dispatcher" daemon [_thread_blocked, id=2564, stack(0x000000a2a3900000,0x000000a2a3a00000)]
  0x000001bddf047100 JavaThread "Attach Listener" daemon [_thread_blocked, id=5096, stack(0x000000a2a3a00000,0x000000a2a3b00000)]
  0x000001bddf0499d0 JavaThread "Service Thread" daemon [_thread_blocked, id=8048, stack(0x000000a2a3b00000,0x000000a2a3c00000)]
  0x000001bddf04a290 JavaThread "Monitor Deflation Thread" daemon [_thread_blocked, id=12404, stack(0x000000a2a3c00000,0x000000a2a3d00000)]
  0x000001bddf04b290 JavaThread "C2 CompilerThread0" daemon [_thread_blocked, id=10044, stack(0x000000a2a3d00000,0x000000a2a3e00000)]
  0x000001bddf04bb90 JavaThread "C1 CompilerThread0" daemon [_thread_blocked, id=9208, stack(0x000000a2a3e00000,0x000000a2a3f00000)]
  0x000001bddf04c490 JavaThread "Sweeper thread" daemon [_thread_blocked, id=8524, stack(0x000000a2a3f00000,0x000000a2a4000000)]
  0x000001bddf1edb60 JavaThread "Common-Cleaner" daemon [_thread_blocked, id=10280, stack(0x000000a2a4000000,0x000000a2a4100000)]
  0x000001bddf206230 JavaThread "Notification Thread" daemon [_thread_blocked, id=10704, stack(0x000000a2a4100000,0x000000a2a4200000)]
  0x000001bde15be580 JavaThread "Daemon health stats" [_thread_blocked, id=5212, stack(0x000000a2a4900000,0x000000a2a4a00000)]
  0x000001bde067b6b0 JavaThread "Incoming local TCP Connector on port 57511" [_thread_in_native, id=8700, stack(0x000000a2a4a00000,0x000000a2a4b00000)]
  0x000001bde0469890 JavaThread "Daemon periodic checks" [_thread_blocked, id=6816, stack(0x000000a2a4b00000,0x000000a2a4c00000)]
  0x000001bddffaf740 JavaThread "Daemon" [_thread_blocked, id=6744, stack(0x000000a2a4c00000,0x000000a2a4d00000)]
  0x000001bde1540b20 JavaThread "Handler for socket connection from /127.0.0.1:57511 to /127.0.0.1:57512" [_thread_in_native, id=7508, stack(0x000000a2a4d00000,0x000000a2a4e00000)]
  0x000001bde0691e90 JavaThread "Cancel handler" [_thread_blocked, id=9792, stack(0x000000a2a4e00000,0x000000a2a4f00000)]
  0x000001bde189e130 JavaThread "Daemon worker" [_thread_blocked, id=3188, stack(0x000000a2a4f00000,0x000000a2a5000000)]
  0x000001bde1b95da0 JavaThread "Asynchronous log dispatcher for DefaultDaemonConnection: socket connection from /127.0.0.1:57511 to /127.0.0.1:57512" [_thread_blocked, id=1544, stack(0x000000a2a5000000,0x000000a2a5100000)]
  0x000001bde1b98dc0 JavaThread "Stdin handler" [_thread_blocked, id=9756, stack(0x000000a2a5100000,0x000000a2a5200000)]
  0x000001bde1b96c10 JavaThread "Daemon client event forwarder" [_thread_blocked, id=1320, stack(0x000000a2a5200000,0x000000a2a5300000)]
  0x000001bde1b97f50 JavaThread "Cache worker for journal cache (C:\Users\samuc\.gradle\caches\journal-1)" [_thread_blocked, id=1488, stack(0x000000a2a5700000,0x000000a2a5800000)]
  0x000001bde1b988f0 JavaThread "File lock request listener" [_thread_in_native, id=3544, stack(0x000000a2a5800000,0x000000a2a5900000)]
  0x000001bde1b99290 JavaThread "Cache worker for file hash cache (C:\Users\samuc\.gradle\caches\8.0\fileHashes)" [_thread_blocked, id=9844, stack(0x000000a2a5900000,0x000000a2a5a00000)]
  0x000001bde1b99760 JavaThread "File watcher server" daemon [_thread_blocked, id=11808, stack(0x000000a2a5a00000,0x000000a2a5b00000)]
  0x000001bde1b98420 JavaThread "File watcher consumer" daemon [_thread_blocked, id=11528, stack(0x000000a2a5b00000,0x000000a2a5c00000)]
  0x000001bde1b96740 JavaThread "Cache worker for checksums cache (C:\Users\samuc\Desktop\BosquePanetteriaApp\.gradle\8.0\checksums)" [_thread_blocked, id=10560, stack(0x000000a2a5c00000,0x000000a2a5d00000)]
  0x000001bde1b970e0 JavaThread "Cache worker for cache directory md-rule (C:\Users\samuc\.gradle\caches\8.0\md-rule)" [_thread_blocked, id=8840, stack(0x000000a2a5d00000,0x000000a2a5e00000)]
  0x000001bde1b97a80 JavaThread "Cache worker for file content cache (C:\Users\samuc\.gradle\caches\8.0\fileContent)" [_thread_blocked, id=5592, stack(0x000000a2a5e00000,0x000000a2a5f00000)]
  0x000001bde318ed40 JavaThread "Cache worker for file hash cache (C:\Users\samuc\Desktop\BosquePanetteriaApp\.gradle\8.0\fileHashes)" [_thread_blocked, id=14244, stack(0x000000a2a5f00000,0x000000a2a6000000)]
  0x000001bde318ded0 JavaThread "Cache worker for cache directory md-supplier (C:\Users\samuc\.gradle\caches\8.0\md-supplier)" [_thread_blocked, id=5260, stack(0x000000a2a6000000,0x000000a2a6100000)]
  0x000001bde318f6e0 JavaThread "Cache worker for execution history cache (C:\Users\samuc\.gradle\caches\8.0\executionHistory)" [_thread_blocked, id=12604, stack(0x000000a2a4300000,0x000000a2a4400000)]
  0x000001bde15768e0 JavaThread "C2 CompilerThread1" daemon [_thread_blocked, id=10092, stack(0x000000a2a4800000,0x000000a2a4900000)]
  0x000001bde3190080 JavaThread "jar transforms" [_thread_blocked, id=13544, stack(0x000000a2a6100000,0x000000a2a6200000)]
  0x000001bde4d277d0 JavaThread "C2 CompilerThread2" daemon [_thread_blocked, id=10976, stack(0x000000a2a6200000,0x000000a2a6300000)]
  0x000001bde318cb90 JavaThread "jar transforms Thread 2" [_thread_blocked, id=1748, stack(0x000000a2a6300000,0x000000a2a6400000)]
  0x000001bde318d060 JavaThread "Cache worker for kotlin-dsl (C:\Users\samuc\.gradle\caches\8.0\kotlin-dsl)" [_thread_blocked, id=11484, stack(0x000000a2a6500000,0x000000a2a6600000)]
  0x000001bde318f210 JavaThread "jar transforms Thread 3" [_thread_blocked, id=7968, stack(0x000000a2a6600000,0x000000a2a6700000)]
  0x000001bde318fbb0 JavaThread "jar transforms Thread 4" [_thread_blocked, id=11184, stack(0x000000a2a6700000,0x000000a2a6800000)]
  0x000001bde318e870 JavaThread "Cache worker for dependencies-accessors (C:\Users\samuc\Desktop\BosquePanetteriaApp\.gradle\8.0\dependencies-accessors)" [_thread_blocked, id=9676, stack(0x000000a2a6800000,0x000000a2a6900000)]
  0x000001bde50feef0 JavaThread "Cache worker for Build Output Cleanup Cache (C:\Users\samuc\Desktop\BosquePanetteriaApp\.gradle\buildOutputCleanup)" [_thread_blocked, id=10624, stack(0x000000a2a6900000,0x000000a2a6a00000)]
  0x000001bde50ffd60 JavaThread "jar transforms Thread 5" [_thread_blocked, id=4028, stack(0x000000a2a6a00000,0x000000a2a6b00000)]
  0x000001bde50fea20 JavaThread "Unconstrained build operations" [_thread_blocked, id=9888, stack(0x000000a2a6b00000,0x000000a2a6c00000)]
  0x000001bde50fe080 JavaThread "Unconstrained build operations Thread 2" [_thread_blocked, id=7700, stack(0x000000a2a6c00000,0x000000a2a6d00000)]
  0x000001bde50fe550 JavaThread "Unconstrained build operations Thread 3" [_thread_blocked, id=7104, stack(0x000000a2a6d00000,0x000000a2a6e00000)]
  0x000001bde50ff890 JavaThread "Unconstrained build operations Thread 4" [_thread_blocked, id=3432, stack(0x000000a2a6e00000,0x000000a2a6f00000)]
  0x000001bde5101a40 JavaThread "Unconstrained build operations Thread 5" [_thread_blocked, id=7256, stack(0x000000a2a6f00000,0x000000a2a7000000)]
  0x000001bde5100700 JavaThread "Unconstrained build operations Thread 6" [_thread_blocked, id=11416, stack(0x000000a2a7000000,0x000000a2a7100000)]
  0x000001bde5100230 JavaThread "Unconstrained build operations Thread 7" [_thread_blocked, id=13812, stack(0x000000a2a7100000,0x000000a2a7200000)]
  0x000001bde51010a0 JavaThread "Unconstrained build operations Thread 8" [_thread_blocked, id=2200, stack(0x000000a2a7200000,0x000000a2a7300000)]
  0x000001bde5100bd0 JavaThread "Unconstrained build operations Thread 9" [_thread_blocked, id=3632, stack(0x000000a2a7300000,0x000000a2a7400000)]
  0x000001bde3232d60 JavaThread "Unconstrained build operations Thread 10" [_thread_blocked, id=10832, stack(0x000000a2a7400000,0x000000a2a7500000)]
  0x000001bde322f870 JavaThread "Unconstrained build operations Thread 11" [_thread_blocked, id=11064, stack(0x000000a2a7500000,0x000000a2a7600000)]
  0x000001bde32353e0 JavaThread "Unconstrained build operations Thread 12" [_thread_blocked, id=13200, stack(0x000000a2a7600000,0x000000a2a7700000)]
  0x000001bde322e060 JavaThread "Unconstrained build operations Thread 13" [_thread_blocked, id=3948, stack(0x000000a2a7700000,0x000000a2a7800000)]
  0x000001bde3234a40 JavaThread "Unconstrained build operations Thread 14" [_thread_blocked, id=2520, stack(0x000000a2a7800000,0x000000a2a7900000)]
  0x000001bde3233bd0 JavaThread "Unconstrained build operations Thread 15" [_thread_blocked, id=5380, stack(0x000000a2a7900000,0x000000a2a7a00000)]
  0x000001bde322ea00 JavaThread "Unconstrained build operations Thread 16" [_thread_blocked, id=1248, stack(0x000000a2a7a00000,0x000000a2a7b00000)]
  0x000001bde3230bb0 JavaThread "Unconstrained build operations Thread 17" [_thread_blocked, id=14308, stack(0x000000a2a7b00000,0x000000a2a7c00000)]
  0x000001bde3231a20 JavaThread "Unconstrained build operations Thread 18" [_thread_blocked, id=8760, stack(0x000000a2a7c00000,0x000000a2a7d00000)]
  0x000001bde32306e0 JavaThread "Unconstrained build operations Thread 19" [_thread_blocked, id=5560, stack(0x000000a2a7d00000,0x000000a2a7e00000)]
  0x000001bde322f3a0 JavaThread "Unconstrained build operations Thread 20" [_thread_blocked, id=2968, stack(0x000000a2a7e00000,0x000000a2a7f00000)]
  0x000001bde3233230 JavaThread "Unconstrained build operations Thread 21" [_thread_blocked, id=3936, stack(0x000000a2a7f00000,0x000000a2a8000000)]
  0x000001bde3231080 JavaThread "Unconstrained build operations Thread 22" [_thread_blocked, id=13820, stack(0x000000a2a8000000,0x000000a2a8100000)]
  0x000001bde32340a0 JavaThread "Unconstrained build operations Thread 23" [_thread_blocked, id=10480, stack(0x000000a2a8100000,0x000000a2a8200000)]
  0x000001bde3234f10 JavaThread "Unconstrained build operations Thread 24" [_thread_blocked, id=4752, stack(0x000000a2a8200000,0x000000a2a8300000)]
  0x000001bde3232890 JavaThread "Unconstrained build operations Thread 25" [_thread_blocked, id=12184, stack(0x000000a2a8300000,0x000000a2a8400000)]
  0x000001bde3233700 JavaThread "Unconstrained build operations Thread 26" [_thread_blocked, id=4084, stack(0x000000a2a8400000,0x000000a2a8500000)]
  0x000001bde322fd40 JavaThread "Unconstrained build operations Thread 27" [_thread_blocked, id=8156, stack(0x000000a2a8500000,0x000000a2a8600000)]
  0x000001bde322e530 JavaThread "Unconstrained build operations Thread 28" [_thread_blocked, id=6696, stack(0x000000a2a8600000,0x000000a2a8700000)]
  0x000001bde32323c0 JavaThread "Unconstrained build operations Thread 29" [_thread_blocked, id=4024, stack(0x000000a2a8700000,0x000000a2a8800000)]
  0x000001bde3230210 JavaThread "Unconstrained build operations Thread 30" [_thread_blocked, id=1492, stack(0x000000a2a8800000,0x000000a2a8900000)]
  0x000001bde3234570 JavaThread "Unconstrained build operations Thread 31" [_thread_blocked, id=6560, stack(0x000000a2a8900000,0x000000a2a8a00000)]
  0x000001bde32358b0 JavaThread "Unconstrained build operations Thread 32" [_thread_blocked, id=13896, stack(0x000000a2a8a00000,0x000000a2a8b00000)]
  0x000001bde3231550 JavaThread "Unconstrained build operations Thread 33" [_thread_blocked, id=7280, stack(0x000000a2a8b00000,0x000000a2a8c00000)]
  0x000001bde322eed0 JavaThread "Unconstrained build operations Thread 34" [_thread_blocked, id=2556, stack(0x000000a2a8c00000,0x000000a2a8d00000)]
  0x000001bde3231ef0 JavaThread "Unconstrained build operations Thread 35" [_thread_blocked, id=13412, stack(0x000000a2a8d00000,0x000000a2a8e00000)]
  0x000001bddfacdeb0 JavaThread "Unconstrained build operations Thread 36" [_thread_blocked, id=6352, stack(0x000000a2a8e00000,0x000000a2a8f00000)]
  0x000001bddfad1870 JavaThread "Unconstrained build operations Thread 37" [_thread_blocked, id=7180, stack(0x000000a2a8f00000,0x000000a2a9000000)]
  0x000001bddfad3ef0 JavaThread "Unconstrained build operations Thread 38" [_thread_blocked, id=10700, stack(0x000000a2a9000000,0x000000a2a9100000)]
  0x000001bddface380 JavaThread "Unconstrained build operations Thread 39" [_thread_blocked, id=8372, stack(0x000000a2a9100000,0x000000a2a9200000)]
  0x000001bddfad3a20 JavaThread "Unconstrained build operations Thread 40" [_thread_blocked, id=7792, stack(0x000000a2a9200000,0x000000a2a9300000)]
  0x000001bddfacd510 JavaThread "Unconstrained build operations Thread 41" [_thread_blocked, id=776, stack(0x000000a2a9300000,0x000000a2a9400000)]
  0x000001bddfad1d40 JavaThread "Unconstrained build operations Thread 42" [_thread_blocked, id=4636, stack(0x000000a2a9400000,0x000000a2a9500000)]
  0x000001bddfad0a00 JavaThread "Unconstrained build operations Thread 43" [_thread_blocked, id=6812, stack(0x000000a2a9500000,0x000000a2a9600000)]
  0x000001bddfad43c0 JavaThread "Unconstrained build operations Thread 44" [_thread_blocked, id=7028, stack(0x000000a2a9600000,0x000000a2a9700000)]
  0x000001bddfad4890 JavaThread "Unconstrained build operations Thread 45" [_thread_blocked, id=10220, stack(0x000000a2a9700000,0x000000a2a9800000)]
  0x000001bddfad0ed0 JavaThread "Unconstrained build operations Thread 46" [_thread_blocked, id=14224, stack(0x000000a2a9800000,0x000000a2a9900000)]
  0x000001bddfacd040 JavaThread "Unconstrained build operations Thread 47" [_thread_blocked, id=14312, stack(0x000000a2a9900000,0x000000a2a9a00000)]
  0x000001bddface850 JavaThread "Unconstrained build operations Thread 48" [_thread_blocked, id=11092, stack(0x000000a2a9a00000,0x000000a2a9b00000)]
  0x000001bddfad13a0 JavaThread "Unconstrained build operations Thread 49" [_thread_blocked, id=2128, stack(0x000000a2a9b00000,0x000000a2a9c00000)]
  0x000001bddfacd9e0 JavaThread "Unconstrained build operations Thread 50" [_thread_blocked, id=4220, stack(0x000000a2a9c00000,0x000000a2a9d00000)]
  0x000001bddfad2210 JavaThread "Unconstrained build operations Thread 51" [_thread_blocked, id=8132, stack(0x000000a2a9d00000,0x000000a2a9e00000)]
  0x000001bddfaced20 JavaThread "Unconstrained build operations Thread 52" [_thread_blocked, id=9352, stack(0x000000a2a9e00000,0x000000a2a9f00000)]
  0x000001bddfacf1f0 JavaThread "Unconstrained build operations Thread 53" [_thread_blocked, id=12760, stack(0x000000a2a9f00000,0x000000a2aa000000)]
  0x000001bddfacfb90 JavaThread "Unconstrained build operations Thread 54" [_thread_blocked, id=2460, stack(0x000000a2aa000000,0x000000a2aa100000)]
  0x000001bddfad26e0 JavaThread "Unconstrained build operations Thread 55" [_thread_blocked, id=7232, stack(0x000000a2aa100000,0x000000a2aa200000)]
  0x000001bddfad2bb0 JavaThread "Unconstrained build operations Thread 56" [_thread_blocked, id=8376, stack(0x000000a2aa200000,0x000000a2aa300000)]
  0x000001bddfad3080 JavaThread "Unconstrained build operations Thread 57" [_thread_blocked, id=11816, stack(0x000000a2aa300000,0x000000a2aa400000)]
  0x000001bddfad0530 JavaThread "Unconstrained build operations Thread 58" [_thread_blocked, id=14148, stack(0x000000a2aa400000,0x000000a2aa500000)]
  0x000001bddfacf6c0 JavaThread "Unconstrained build operations Thread 59" [_thread_blocked, id=4044, stack(0x000000a2aa500000,0x000000a2aa600000)]
  0x000001bddfad0060 JavaThread "Unconstrained build operations Thread 60" [_thread_blocked, id=5364, stack(0x000000a2aa600000,0x000000a2aa700000)]
  0x000001bddfad3550 JavaThread "Unconstrained build operations Thread 61" [_thread_blocked, id=5288, stack(0x000000a2aa700000,0x000000a2aa800000)]
  0x000001bddf46f6d0 JavaThread "Unconstrained build operations Thread 62" [_thread_blocked, id=1652, stack(0x000000a2aa800000,0x000000a2aa900000)]
  0x000001bddf468cf0 JavaThread "Unconstrained build operations Thread 63" [_thread_blocked, id=3896, stack(0x000000a2aa900000,0x000000a2aaa00000)]
  0x000001bddf46ed30 JavaThread "Unconstrained build operations Thread 64" [_thread_blocked, id=10132, stack(0x000000a2aaa00000,0x000000a2aab00000)]
  0x000001bddf46e390 JavaThread "Unconstrained build operations Thread 65" [_thread_blocked, id=11848, stack(0x000000a2aab00000,0x000000a2aac00000)]
  0x000001bddf46f200 JavaThread "Unconstrained build operations Thread 66" [_thread_blocked, id=11076, stack(0x000000a2aac00000,0x000000a2aad00000)]
  0x000001bddf46a500 JavaThread "Unconstrained build operations Thread 67" [_thread_blocked, id=5080, stack(0x000000a2aad00000,0x000000a2aae00000)]
  0x000001bddf46fba0 JavaThread "Unconstrained build operations Thread 68" [_thread_blocked, id=8184, stack(0x000000a2aae00000,0x000000a2aaf00000)]
  0x000001bddf470070 JavaThread "Unconstrained build operations Thread 69" [_thread_blocked, id=11488, stack(0x000000a2aaf00000,0x000000a2ab000000)]
  0x000001bddf46c1e0 JavaThread "Unconstrained build operations Thread 70" [_thread_blocked, id=3176, stack(0x000000a2ab000000,0x000000a2ab100000)]
  0x000001bddf46d050 JavaThread "Unconstrained build operations Thread 71" [_thread_blocked, id=8176, stack(0x000000a2ab100000,0x000000a2ab200000)]
  0x000001bddf46b840 JavaThread "Unconstrained build operations Thread 72" [_thread_blocked, id=3620, stack(0x000000a2ab200000,0x000000a2ab300000)]
  0x000001bddf46cb80 JavaThread "Unconstrained build operations Thread 73" [_thread_blocked, id=10764, stack(0x000000a2ab300000,0x000000a2ab400000)]
  0x000001bddf468820 JavaThread "Unconstrained build operations Thread 74" [_thread_blocked, id=2372, stack(0x000000a2ab400000,0x000000a2ab500000)]
  0x000001bddf46a9d0 JavaThread "Unconstrained build operations Thread 75" [_thread_blocked, id=1864, stack(0x000000a2ab500000,0x000000a2ab600000)]
  0x000001bddf46d9f0 JavaThread "Unconstrained build operations Thread 76" [_thread_blocked, id=13472, stack(0x000000a2ab600000,0x000000a2ab700000)]
  0x000001bddf46dec0 JavaThread "Unconstrained build operations Thread 77" [_thread_blocked, id=7072, stack(0x000000a2ab700000,0x000000a2ab800000)]
  0x000001bddf469b60 JavaThread "Unconstrained build operations Thread 78" [_thread_blocked, id=13764, stack(0x000000a2ab800000,0x000000a2ab900000)]
  0x000001bddf46aea0 JavaThread "Unconstrained build operations Thread 79" [_thread_blocked, id=12860, stack(0x000000a2ab900000,0x000000a2aba00000)]
  0x000001bddf46c6b0 JavaThread "Unconstrained build operations Thread 80" [_thread_blocked, id=7368, stack(0x000000a2aba00000,0x000000a2abb00000)]
  0x000001bddf4691c0 JavaThread "jar transforms Thread 6" [_thread_blocked, id=7900, stack(0x000000a2abb00000,0x000000a2abc00000)]
  0x000001bddf469690 JavaThread "jar transforms Thread 7" [_thread_blocked, id=1372, stack(0x000000a2abc00000,0x000000a2abd00000)]
  0x000001bddf46a030 JavaThread "jar transforms Thread 8" [_thread_blocked, id=13780, stack(0x000000a2abd00000,0x000000a2abe00000)]
  0x000001bddf46e860 JavaThread "build event listener" [_thread_blocked, id=8072, stack(0x000000a2abe00000,0x000000a2abf00000)]
  0x000001bddf46b370 JavaThread "Memory manager" [_thread_blocked, id=7748, stack(0x000000a2abf00000,0x000000a2ac000000)]
  0x000001bde5d600a0 JavaThread "build event listener" [_thread_blocked, id=12672, stack(0x000000a2ac000000,0x000000a2ac100000)]
  0x000001bde5d5c210 JavaThread "build event listener" [_thread_blocked, id=2632, stack(0x000000a2ac100000,0x000000a2ac200000)]
  0x000001bde5d5bd40 JavaThread "pool-3-thread-1" [_thread_blocked, id=13760, stack(0x000000a2ac200000,0x000000a2ac300000)]
  0x000001bde5d5ed60 JavaThread "build event listener" [_thread_blocked, id=11424, stack(0x000000a2ac300000,0x000000a2ac400000)]
  0x000001bde5d618b0 JavaThread "included builds" [_thread_blocked, id=12716, stack(0x000000a2ac400000,0x000000a2ac500000)]
  0x000001bde5d613e0 JavaThread "Execution worker" [_thread_blocked, id=6976, stack(0x000000a2ac500000,0x000000a2ac600000)]
  0x000001bde5d5d550 JavaThread "Execution worker Thread 2" [_thread_blocked, id=2408, stack(0x000000a2ac600000,0x000000a2ac700000)]
  0x000001bde5d5c6e0 JavaThread "Execution worker Thread 3" [_thread_blocked, id=12028, stack(0x000000a2ac700000,0x000000a2ac800000)]
  0x000001bde5d5a060 JavaThread "Execution worker Thread 4" [_thread_blocked, id=9868, stack(0x000000a2ac800000,0x000000a2ac900000)]
  0x000001bde5d5aa00 JavaThread "Execution worker Thread 5" [_thread_blocked, id=6164, stack(0x000000a2ac900000,0x000000a2aca00000)]
  0x000001bde5d5cbb0 JavaThread "Execution worker Thread 6" [_thread_blocked, id=9148, stack(0x000000a2aca00000,0x000000a2acb00000)]
  0x000001bde5d5da20 JavaThread "Execution worker Thread 7" [_thread_blocked, id=1672, stack(0x000000a2acb00000,0x000000a2acc00000)]
  0x000001bde5d5def0 JavaThread "Cache worker for execution history cache (C:\Users\samuc\Desktop\BosquePanetteriaApp\.gradle\8.0\executionHistory)" [_thread_blocked, id=9952, stack(0x000000a2acc00000,0x000000a2acd00000)]

Other Threads:
=>0x000001bdde685a10 VMThread "VM Thread" [stack: 0x000000a2a3600000,0x000000a2a3700000] [id=12816]
  0x000001bdc48dd2c0 WatcherThread [stack: 0x000000a2a4200000,0x000000a2a4300000] [id=14036]
  0x000001bdc48b9520 GCTaskThread "GC Thread#0" [stack: 0x000000a2a3100000,0x000000a2a3200000] [id=5884]
  0x000001bde00cbd70 GCTaskThread "GC Thread#1" [stack: 0x000000a2a4500000,0x000000a2a4600000] [id=9364]
  0x000001bde00fc0a0 GCTaskThread "GC Thread#2" [stack: 0x000000a2a4600000,0x000000a2a4700000] [id=11560]
  0x000001bddfdfdb80 GCTaskThread "GC Thread#3" [stack: 0x000000a2a4700000,0x000000a2a4800000] [id=9832]
  0x000001bde0763c00 GCTaskThread "GC Thread#4" [stack: 0x000000a2a4400000,0x000000a2a4500000] [id=13140]
  0x000001bde18d8180 GCTaskThread "GC Thread#5" [stack: 0x000000a2a5300000,0x000000a2a5400000] [id=4824]
  0x000001bde1e10d00 GCTaskThread "GC Thread#6" [stack: 0x000000a2a5400000,0x000000a2a5500000] [id=10908]
  0x000001bde15d8020 GCTaskThread "GC Thread#7" [stack: 0x000000a2a5500000,0x000000a2a5600000] [id=6872]
  0x000001bdc48ca370 ConcurrentGCThread "G1 Main Marker" [stack: 0x000000a2a3200000,0x000000a2a3300000] [id=12492]
  0x000001bdc48cb430 ConcurrentGCThread "G1 Conc#0" [stack: 0x000000a2a3300000,0x000000a2a3400000] [id=8772]
  0x000001bde0649410 ConcurrentGCThread "G1 Conc#1" [stack: 0x000000a2a5600000,0x000000a2a5700000] [id=1300]
  0x000001bdc4921b30 ConcurrentGCThread "G1 Refine#0" [stack: 0x000000a2a3400000,0x000000a2a3500000] [id=7884]
  0x000001bde25ae390 ConcurrentGCThread "G1 Refine#1" [stack: 0x000000a2a6400000,0x000000a2a6500000] [id=10404]
  0x000001bdde522610 ConcurrentGCThread "G1 Service" [stack: 0x000000a2a3500000,0x000000a2a3600000] [id=14260]

Threads with active compile tasks:
C2 CompilerThread0    14173 12765       4       org.objectweb.asm.SymbolTable::addConstant (330 bytes)
C1 CompilerThread0    14173 12842       3       org.objectweb.asm.ClassReader::accept (1412 bytes)
C2 CompilerThread1    14173 12794       4       org.objectweb.asm.ClassReader::readCode (5109 bytes)
C2 CompilerThread2    14173 12838       4       org.objectweb.asm.MethodWriter::putMethodInfo (1274 bytes)

VM state: at safepoint (normal execution)

VM Mutex/Monitor currently owned by a thread:  ([mutex/lock_event])
[0x000001bdc27ebc10] Threads_lock - owner thread: 0x000001bdde685a10
[0x000001bdc27eb700] Heap_lock - owner thread: 0x000001bde5d613e0

Heap address: 0x0000000080000000, size: 2048 MB, Compressed Oops mode: 32-bit

CDS archive(s) not mapped
Compressed class space mapped at: 0x0000000100000000-0x0000000140000000, reserved size: 1073741824
Narrow klass base: 0x0000000000000000, Narrow klass shift: 3, Narrow klass range: 0x140000000

GC Precious Log:
 CPUs: 8 total, 8 available
 Memory: 7971M
 Large Page Support: Disabled
 NUMA Support: Disabled
 Compressed Oops: Enabled (32-bit)
 Heap Region Size: 1M
 Heap Min Capacity: 8M
 Heap Initial Capacity: 126M
 Heap Max Capacity: 2G
 Pre-touch: Disabled
 Parallel Workers: 8
 Concurrent Workers: 2
 Concurrent Refinement Workers: 8
 Periodic GC: Disabled

Heap:
 garbage-first heap   total 235520K, used 118133K [0x0000000080000000, 0x0000000100000000)
  region size 1024K, 5 young (5120K), 5 survivors (5120K)
 Metaspace       used 101384K, committed 102144K, reserved 1138688K
  class space    used 13722K, committed 14080K, reserved 1048576K

Heap Regions: E=young(eden), S=young(survivor), O=old, HS=humongous(starts), HC=humongous(continues), CS=collection set, F=free, OA=open archive, CA=closed archive, TAMS=top-at-mark-start (previous, next)
|   0|0x0000000080000000, 0x0000000080100000, 0x0000000080100000|100%|HS|  |TAMS 0x0000000080100000, 0x0000000080000000| Complete 
|   1|0x0000000080100000, 0x0000000080200000, 0x0000000080200000|100%|HC|  |TAMS 0x0000000080200000, 0x0000000080100000| Complete 
|   2|0x0000000080200000, 0x0000000080300000, 0x0000000080300000|100%|HC|  |TAMS 0x0000000080300000, 0x0000000080200000| Complete 
|   3|0x0000000080300000, 0x0000000080400000, 0x0000000080400000|100%|HC|  |TAMS 0x0000000080400000, 0x0000000080300000| Complete 
|   4|0x0000000080400000, 0x0000000080500000, 0x0000000080500000|100%| O|  |TAMS 0x0000000080500000, 0x0000000080400000| Untracked 
|   5|0x0000000080500000, 0x0000000080600000, 0x0000000080600000|100%| O|  |TAMS 0x0000000080600000, 0x0000000080500000| Untracked 
|   6|0x0000000080600000, 0x0000000080700000, 0x0000000080700000|100%| O|  |TAMS 0x0000000080700000, 0x0000000080600000| Untracked 
|   7|0x0000000080700000, 0x0000000080800000, 0x0000000080800000|100%| O|  |TAMS 0x0000000080800000, 0x0000000080700000| Untracked 
|   8|0x0000000080800000, 0x0000000080900000, 0x0000000080900000|100%| O|  |TAMS 0x0000000080900000, 0x0000000080800000| Untracked 
|   9|0x0000000080900000, 0x0000000080a00000, 0x0000000080a00000|100%| O|  |TAMS 0x0000000080a00000, 0x0000000080900000| Untracked 
|  10|0x0000000080a00000, 0x0000000080b00000, 0x0000000080b00000|100%| O|  |TAMS 0x0000000080b00000, 0x0000000080a00000| Untracked 
|  11|0x0000000080b00000, 0x0000000080c00000, 0x0000000080c00000|100%| O|  |TAMS 0x0000000080c00000, 0x0000000080b00000| Untracked 
|  12|0x0000000080c00000, 0x0000000080d00000, 0x0000000080d00000|100%| O|  |TAMS 0x0000000080d00000, 0x0000000080c00000| Untracked 
|  13|0x0000000080d00000, 0x0000000080e00000, 0x0000000080e00000|100%| O|  |TAMS 0x0000000080e00000, 0x0000000080d00000| Untracked 
|  14|0x0000000080e00000, 0x0000000080f00000, 0x0000000080f00000|100%| O|  |TAMS 0x0000000080f00000, 0x0000000080e00000| Untracked 
|  15|0x0000000080f00000, 0x0000000081000000, 0x0000000081000000|100%| O|  |TAMS 0x0000000081000000, 0x0000000080f00000| Untracked 
|  16|0x0000000081000000, 0x0000000081100000, 0x0000000081100000|100%| O|  |TAMS 0x0000000081100000, 0x0000000081000000| Untracked 
|  17|0x0000000081100000, 0x0000000081200000, 0x0000000081200000|100%| O|  |TAMS 0x0000000081200000, 0x0000000081100000| Untracked 
|  18|0x0000000081200000, 0x0000000081300000, 0x0000000081300000|100%| O|  |TAMS 0x0000000081300000, 0x0000000081200000| Untracked 
|  19|0x0000000081300000, 0x0000000081400000, 0x0000000081400000|100%| O|  |TAMS 0x0000000081400000, 0x0000000081300000| Untracked 
|  20|0x0000000081400000, 0x0000000081500000, 0x0000000081500000|100%| O|  |TAMS 0x0000000081500000, 0x0000000081400000| Untracked 
|  21|0x0000000081500000, 0x0000000081600000, 0x0000000081600000|100%| O|  |TAMS 0x0000000081600000, 0x0000000081500000| Untracked 
|  22|0x0000000081600000, 0x0000000081700000, 0x0000000081700000|100%| O|  |TAMS 0x0000000081700000, 0x0000000081600000| Untracked 
|  23|0x0000000081700000, 0x0000000081800000, 0x0000000081800000|100%| O|  |TAMS 0x0000000081700000, 0x0000000081700000| Untracked 
|  24|0x0000000081800000, 0x0000000081900000, 0x0000000081900000|100%| O|  |TAMS 0x0000000081900000, 0x0000000081800000| Untracked 
|  25|0x0000000081900000, 0x0000000081a00000, 0x0000000081a00000|100%| O|  |TAMS 0x0000000081a00000, 0x0000000081900000| Untracked 
|  26|0x0000000081a00000, 0x0000000081b00000, 0x0000000081b00000|100%| O|  |TAMS 0x0000000081b00000, 0x0000000081a00000| Untracked 
|  27|0x0000000081b00000, 0x0000000081c00000, 0x0000000081c00000|100%| O|  |TAMS 0x0000000081c00000, 0x0000000081b00000| Untracked 
|  28|0x0000000081c00000, 0x0000000081d00000, 0x0000000081d00000|100%| O|  |TAMS 0x0000000081d00000, 0x0000000081c00000| Untracked 
|  29|0x0000000081d00000, 0x0000000081e00000, 0x0000000081e00000|100%| O|  |TAMS 0x0000000081e00000, 0x0000000081d00000| Untracked 
|  30|0x0000000081e00000, 0x0000000081f00000, 0x0000000081f00000|100%| O|  |TAMS 0x0000000081f00000, 0x0000000081e00000| Untracked 
|  31|0x0000000081f00000, 0x0000000082000000, 0x0000000082000000|100%| O|  |TAMS 0x0000000082000000, 0x0000000081f00000| Untracked 
|  32|0x0000000082000000, 0x0000000082100000, 0x0000000082100000|100%|HS|  |TAMS 0x0000000082100000, 0x0000000082000000| Complete 
|  33|0x0000000082100000, 0x0000000082200000, 0x0000000082200000|100%|HS|  |TAMS 0x0000000082200000, 0x0000000082100000| Complete 
|  34|0x0000000082200000, 0x0000000082300000, 0x0000000082300000|100%|HS|  |TAMS 0x0000000082300000, 0x0000000082200000| Complete 
|  35|0x0000000082300000, 0x0000000082400000, 0x0000000082400000|100%|HS|  |TAMS 0x0000000082400000, 0x0000000082300000| Complete 
|  36|0x0000000082400000, 0x0000000082500000, 0x0000000082500000|100%|HC|  |TAMS 0x0000000082500000, 0x0000000082400000| Complete 
|  37|0x0000000082500000, 0x0000000082600000, 0x0000000082600000|100%| O|  |TAMS 0x0000000082600000, 0x0000000082500000| Untracked 
|  38|0x0000000082600000, 0x0000000082700000, 0x0000000082700000|100%| O|  |TAMS 0x0000000082700000, 0x0000000082600000| Untracked 
|  39|0x0000000082700000, 0x0000000082800000, 0x0000000082800000|100%| O|  |TAMS 0x0000000082800000, 0x0000000082700000| Untracked 
|  40|0x0000000082800000, 0x0000000082900000, 0x0000000082900000|100%| O|  |TAMS 0x0000000082900000, 0x0000000082800000| Untracked 
|  41|0x0000000082900000, 0x0000000082a00000, 0x0000000082a00000|100%| O|  |TAMS 0x0000000082a00000, 0x0000000082900000| Untracked 
|  42|0x0000000082a00000, 0x0000000082b00000, 0x0000000082b00000|100%| O|  |TAMS 0x0000000082a00000, 0x0000000082a00000| Untracked 
|  43|0x0000000082b00000, 0x0000000082c00000, 0x0000000082c00000|100%| O|  |TAMS 0x0000000082c00000, 0x0000000082b00000| Untracked 
|  44|0x0000000082c00000, 0x0000000082d00000, 0x0000000082d00000|100%| O|  |TAMS 0x0000000082d00000, 0x0000000082c00000| Untracked 
|  45|0x0000000082d00000, 0x0000000082e00000, 0x0000000082e00000|100%| O|  |TAMS 0x0000000082e00000, 0x0000000082d00000| Untracked 
|  46|0x0000000082e00000, 0x0000000082f00000, 0x0000000082f00000|100%| O|  |TAMS 0x0000000082f00000, 0x0000000082e00000| Untracked 
|  47|0x0000000082f00000, 0x0000000083000000, 0x0000000083000000|100%| O|  |TAMS 0x0000000083000000, 0x0000000082f00000| Untracked 
|  48|0x0000000083000000, 0x0000000083100000, 0x0000000083100000|100%|HS|  |TAMS 0x0000000083100000, 0x0000000083000000| Complete 
|  49|0x0000000083100000, 0x0000000083200000, 0x0000000083200000|100%|HC|  |TAMS 0x0000000083200000, 0x0000000083100000| Complete 
|  50|0x0000000083200000, 0x0000000083300000, 0x0000000083300000|100%|HC|  |TAMS 0x0000000083300000, 0x0000000083200000| Complete 
|  51|0x0000000083300000, 0x0000000083400000, 0x0000000083400000|100%|HC|  |TAMS 0x0000000083400000, 0x0000000083300000| Complete 
|  52|0x0000000083400000, 0x0000000083500000, 0x0000000083500000|100%| O|  |TAMS 0x0000000083500000, 0x0000000083400000| Untracked 
|  53|0x0000000083500000, 0x0000000083600000, 0x0000000083600000|100%| O|  |TAMS 0x0000000083600000, 0x0000000083500000| Untracked 
|  54|0x0000000083600000, 0x0000000083700000, 0x0000000083700000|100%| O|  |TAMS 0x0000000083700000, 0x0000000083600000| Untracked 
|  55|0x0000000083700000, 0x0000000083800000, 0x0000000083800000|100%| O|  |TAMS 0x0000000083800000, 0x0000000083700000| Untracked 
|  56|0x0000000083800000, 0x0000000083900000, 0x0000000083900000|100%| O|  |TAMS 0x0000000083900000, 0x0000000083800000| Untracked 
|  57|0x0000000083900000, 0x0000000083a00000, 0x0000000083a00000|100%| O|  |TAMS 0x0000000083a00000, 0x0000000083900000| Untracked 
|  58|0x0000000083a00000, 0x0000000083b00000, 0x0000000083b00000|100%| O|  |TAMS 0x0000000083b00000, 0x0000000083a00000| Untracked 
|  59|0x0000000083b00000, 0x0000000083c00000, 0x0000000083c00000|100%| O|  |TAMS 0x0000000083c00000, 0x0000000083b00000| Untracked 
|  60|0x0000000083c00000, 0x0000000083d00000, 0x0000000083d00000|100%| O|  |TAMS 0x0000000083d00000, 0x0000000083c00000| Untracked 
|  61|0x0000000083d00000, 0x0000000083dce400, 0x0000000083e00000| 80%| O|  |TAMS 0x0000000083dce400, 0x0000000083d00000| Untracked 
|  62|0x0000000083e00000, 0x0000000083f00000, 0x0000000083f00000|100%| O|  |TAMS 0x0000000083e00000, 0x0000000083e00000| Untracked 
|  63|0x0000000083f00000, 0x0000000084000000, 0x0000000084000000|100%| O|  |TAMS 0x0000000083f00000, 0x0000000083f00000| Untracked 
|  64|0x0000000084000000, 0x0000000084100000, 0x0000000084100000|100%| O|  |TAMS 0x0000000084000000, 0x0000000084000000| Untracked 
|  65|0x0000000084100000, 0x0000000084200000, 0x0000000084200000|100%| O|  |TAMS 0x0000000084100000, 0x0000000084100000| Untracked 
|  66|0x0000000084200000, 0x0000000084300000, 0x0000000084300000|100%| O|  |TAMS 0x0000000084200000, 0x0000000084200000| Untracked 
|  67|0x0000000084300000, 0x0000000084400000, 0x0000000084400000|100%| O|  |TAMS 0x0000000084300000, 0x0000000084300000| Untracked 
|  68|0x0000000084400000, 0x0000000084500000, 0x0000000084500000|100%| O|  |TAMS 0x0000000084400000, 0x0000000084400000| Untracked 
|  69|0x0000000084500000, 0x0000000084600000, 0x0000000084600000|100%| O|  |TAMS 0x0000000084500000, 0x0000000084500000| Untracked 
|  70|0x0000000084600000, 0x0000000084700000, 0x0000000084700000|100%| O|  |TAMS 0x0000000084600000, 0x0000000084600000| Untracked 
|  71|0x0000000084700000, 0x0000000084800000, 0x0000000084800000|100%| O|  |TAMS 0x0000000084700000, 0x0000000084700000| Untracked 
|  72|0x0000000084800000, 0x0000000084900000, 0x0000000084900000|100%| O|  |TAMS 0x0000000084800000, 0x0000000084800000| Untracked 
|  73|0x0000000084900000, 0x0000000084a00000, 0x0000000084a00000|100%| O|  |TAMS 0x0000000084900000, 0x0000000084900000| Untracked 
|  74|0x0000000084a00000, 0x0000000084b00000, 0x0000000084b00000|100%| O|  |TAMS 0x0000000084a00000, 0x0000000084a00000| Untracked 
|  75|0x0000000084b00000, 0x0000000084c00000, 0x0000000084c00000|100%| O|  |TAMS 0x0000000084b00000, 0x0000000084b00000| Untracked 
|  76|0x0000000084c00000, 0x0000000084d00000, 0x0000000084d00000|100%| O|  |TAMS 0x0000000084c00000, 0x0000000084c00000| Untracked 
|  77|0x0000000084d00000, 0x0000000084e00000, 0x0000000084e00000|100%| O|  |TAMS 0x0000000084d00000, 0x0000000084d00000| Untracked 
|  78|0x0000000084e00000, 0x0000000084f00000, 0x0000000084f00000|100%| O|  |TAMS 0x0000000084e00000, 0x0000000084e00000| Untracked 
|  79|0x0000000084f00000, 0x0000000085000000, 0x0000000085000000|100%| O|  |TAMS 0x0000000084f00000, 0x0000000084f00000| Untracked 
|  80|0x0000000085000000, 0x0000000085100000, 0x0000000085100000|100%| O|  |TAMS 0x0000000085000000, 0x0000000085000000| Untracked 
|  81|0x0000000085100000, 0x0000000085200000, 0x0000000085200000|100%| O|  |TAMS 0x0000000085100000, 0x0000000085100000| Untracked 
|  82|0x0000000085200000, 0x0000000085300000, 0x0000000085300000|100%| O|  |TAMS 0x0000000085200000, 0x0000000085200000| Untracked 
|  83|0x0000000085300000, 0x0000000085400000, 0x0000000085400000|100%| O|  |TAMS 0x0000000085300000, 0x0000000085300000| Untracked 
|  84|0x0000000085400000, 0x0000000085500000, 0x0000000085500000|100%| O|  |TAMS 0x0000000085400000, 0x0000000085400000| Untracked 
|  85|0x0000000085500000, 0x0000000085600000, 0x0000000085600000|100%| O|  |TAMS 0x0000000085500000, 0x0000000085500000| Untracked 
|  86|0x0000000085600000, 0x0000000085700000, 0x0000000085700000|100%| O|  |TAMS 0x0000000085600000, 0x0000000085600000| Untracked 
|  87|0x0000000085700000, 0x0000000085800000, 0x0000000085800000|100%| O|  |TAMS 0x0000000085700000, 0x0000000085700000| Untracked 
|  88|0x0000000085800000, 0x0000000085900000, 0x0000000085900000|100%| O|  |TAMS 0x0000000085800000, 0x0000000085800000| Untracked 
|  89|0x0000000085900000, 0x0000000085a00000, 0x0000000085a00000|100%| O|  |TAMS 0x0000000085900000, 0x0000000085900000| Untracked 
|  90|0x0000000085a00000, 0x0000000085b00000, 0x0000000085b00000|100%| O|  |TAMS 0x0000000085a00000, 0x0000000085a00000| Untracked 
|  91|0x0000000085b00000, 0x0000000085c00000, 0x0000000085c00000|100%| O|  |TAMS 0x0000000085b00000, 0x0000000085b00000| Untracked 
|  92|0x0000000085c00000, 0x0000000085d00000, 0x0000000085d00000|100%| O|  |TAMS 0x0000000085c00000, 0x0000000085c00000| Untracked 
|  93|0x0000000085d00000, 0x0000000085e00000, 0x0000000085e00000|100%| O|  |TAMS 0x0000000085d00000, 0x0000000085d00000| Untracked 
|  94|0x0000000085e00000, 0x0000000085f00000, 0x0000000085f00000|100%| O|  |TAMS 0x0000000085e00000, 0x0000000085e00000| Untracked 
|  95|0x0000000085f00000, 0x0000000086000000, 0x0000000086000000|100%| O|  |TAMS 0x0000000085f00000, 0x0000000085f00000| Untracked 
|  96|0x0000000086000000, 0x0000000086100000, 0x0000000086100000|100%| O|  |TAMS 0x0000000086000000, 0x0000000086000000| Untracked 
|  97|0x0000000086100000, 0x0000000086200000, 0x0000000086200000|100%| O|  |TAMS 0x0000000086100000, 0x0000000086100000| Untracked 
|  98|0x0000000086200000, 0x0000000086300000, 0x0000000086300000|100%| O|  |TAMS 0x0000000086200000, 0x0000000086200000| Untracked 
|  99|0x0000000086300000, 0x0000000086400000, 0x0000000086400000|100%| O|  |TAMS 0x0000000086300000, 0x0000000086300000| Untracked 
| 100|0x0000000086400000, 0x0000000086500000, 0x0000000086500000|100%| O|  |TAMS 0x0000000086400000, 0x0000000086400000| Untracked 
| 101|0x0000000086500000, 0x0000000086600000, 0x0000000086600000|100%| O|  |TAMS 0x0000000086500000, 0x0000000086500000| Untracked 
| 102|0x0000000086600000, 0x0000000086700000, 0x0000000086700000|100%| O|  |TAMS 0x0000000086600000, 0x0000000086600000| Untracked 
| 103|0x0000000086700000, 0x0000000086800000, 0x0000000086800000|100%| O|  |TAMS 0x0000000086700000, 0x0000000086700000| Untracked 
| 104|0x0000000086800000, 0x0000000086900000, 0x0000000086900000|100%| O|  |TAMS 0x0000000086800000, 0x0000000086800000| Untracked 
| 105|0x0000000086900000, 0x0000000086a00000, 0x0000000086a00000|100%| O|  |TAMS 0x0000000086900000, 0x0000000086900000| Untracked 
| 106|0x0000000086a00000, 0x0000000086b00000, 0x0000000086b00000|100%| O|  |TAMS 0x0000000086a00000, 0x0000000086a00000| Untracked 
| 107|0x0000000086b00000, 0x0000000086c00000, 0x0000000086c00000|100%| O|  |TAMS 0x0000000086b00000, 0x0000000086b00000| Untracked 
| 108|0x0000000086c00000, 0x0000000086d00000, 0x0000000086d00000|100%| O|  |TAMS 0x0000000086c00000, 0x0000000086c00000| Untracked 
| 109|0x0000000086d00000, 0x0000000086e00000, 0x0000000086e00000|100%| O|  |TAMS 0x0000000086d00000, 0x0000000086d00000| Untracked 
| 110|0x0000000086e00000, 0x0000000086e98c00, 0x0000000086f00000| 59%| O|  |TAMS 0x0000000086e00000, 0x0000000086e00000| Untracked 
| 111|0x0000000086f00000, 0x0000000086f00000, 0x0000000087000000|  0%| F|  |TAMS 0x0000000086f00000, 0x0000000086f00000| Untracked 
| 112|0x0000000087000000, 0x0000000087000000, 0x0000000087100000|  0%| F|  |TAMS 0x0000000087000000, 0x0000000087000000| Untracked 
| 113|0x0000000087100000, 0x0000000087100000, 0x0000000087200000|  0%| F|  |TAMS 0x0000000087100000, 0x0000000087100000| Untracked 
| 114|0x0000000087200000, 0x0000000087200000, 0x0000000087300000|  0%| F|  |TAMS 0x0000000087200000, 0x0000000087200000| Untracked 
| 115|0x0000000087300000, 0x0000000087300000, 0x0000000087400000|  0%| F|  |TAMS 0x0000000087300000, 0x0000000087300000| Untracked 
| 116|0x0000000087400000, 0x0000000087400000, 0x0000000087500000|  0%| F|  |TAMS 0x0000000087400000, 0x0000000087400000| Untracked 
| 117|0x0000000087500000, 0x0000000087500000, 0x0000000087600000|  0%| F|  |TAMS 0x0000000087500000, 0x0000000087500000| Untracked 
| 118|0x0000000087600000, 0x0000000087600000, 0x0000000087700000|  0%| F|  |TAMS 0x0000000087600000, 0x0000000087600000| Untracked 
| 119|0x0000000087700000, 0x0000000087700000, 0x0000000087800000|  0%| F|  |TAMS 0x0000000087700000, 0x0000000087700000| Untracked 
| 120|0x0000000087800000, 0x0000000087800000, 0x0000000087900000|  0%| F|  |TAMS 0x0000000087800000, 0x0000000087800000| Untracked 
| 121|0x0000000087900000, 0x0000000087900000, 0x0000000087a00000|  0%| F|  |TAMS 0x0000000087900000, 0x0000000087900000| Untracked 
| 122|0x0000000087a00000, 0x0000000087a00000, 0x0000000087b00000|  0%| F|  |TAMS 0x0000000087a00000, 0x0000000087a00000| Untracked 
| 123|0x0000000087b00000, 0x0000000087b00000, 0x0000000087c00000|  0%| F|  |TAMS 0x0000000087b00000, 0x0000000087b00000| Untracked 
| 124|0x0000000087c00000, 0x0000000087c00000, 0x0000000087d00000|  0%| F|  |TAMS 0x0000000087c00000, 0x0000000087c00000| Untracked 
| 125|0x0000000087d00000, 0x0000000087d00000, 0x0000000087e00000|  0%| F|  |TAMS 0x0000000087d00000, 0x0000000087d00000| Untracked 
| 126|0x0000000087e00000, 0x0000000087e00000, 0x0000000087f00000|  0%| F|  |TAMS 0x0000000087e00000, 0x0000000087e00000| Untracked 
| 127|0x0000000087f00000, 0x0000000087f00000, 0x0000000088000000|  0%| F|  |TAMS 0x0000000087f00000, 0x0000000087f00000| Untracked 
| 128|0x0000000088000000, 0x0000000088000000, 0x0000000088100000|  0%| F|  |TAMS 0x0000000088000000, 0x0000000088000000| Untracked 
| 129|0x0000000088100000, 0x0000000088100000, 0x0000000088200000|  0%| F|  |TAMS 0x0000000088100000, 0x0000000088100000| Untracked 
| 130|0x0000000088200000, 0x0000000088200000, 0x0000000088300000|  0%| F|  |TAMS 0x0000000088200000, 0x0000000088200000| Untracked 
| 131|0x0000000088300000, 0x0000000088300000, 0x0000000088400000|  0%| F|  |TAMS 0x0000000088300000, 0x0000000088300000| Untracked 
| 132|0x0000000088400000, 0x0000000088400000, 0x0000000088500000|  0%| F|  |TAMS 0x0000000088400000, 0x0000000088400000| Untracked 
| 133|0x0000000088500000, 0x0000000088500000, 0x0000000088600000|  0%| F|  |TAMS 0x0000000088500000, 0x0000000088500000| Untracked 
| 134|0x0000000088600000, 0x0000000088600000, 0x0000000088700000|  0%| F|  |TAMS 0x0000000088600000, 0x0000000088600000| Untracked 
| 135|0x0000000088700000, 0x0000000088700000, 0x0000000088800000|  0%| F|  |TAMS 0x0000000088700000, 0x0000000088700000| Untracked 
| 136|0x0000000088800000, 0x0000000088800000, 0x0000000088900000|  0%| F|  |TAMS 0x0000000088800000, 0x0000000088800000| Untracked 
| 137|0x0000000088900000, 0x0000000088900000, 0x0000000088a00000|  0%| F|  |TAMS 0x0000000088900000, 0x0000000088900000| Untracked 
| 138|0x0000000088a00000, 0x0000000088a00000, 0x0000000088b00000|  0%| F|  |TAMS 0x0000000088a00000, 0x0000000088a00000| Untracked 
| 139|0x0000000088b00000, 0x0000000088b00000, 0x0000000088c00000|  0%| F|  |TAMS 0x0000000088b00000, 0x0000000088b00000| Untracked 
| 140|0x0000000088c00000, 0x0000000088c00000, 0x0000000088d00000|  0%| F|  |TAMS 0x0000000088c00000, 0x0000000088c00000| Untracked 
| 141|0x0000000088d00000, 0x0000000088d00000, 0x0000000088e00000|  0%| F|  |TAMS 0x0000000088d00000, 0x0000000088d00000| Untracked 
| 142|0x0000000088e00000, 0x0000000088e00000, 0x0000000088f00000|  0%| F|  |TAMS 0x0000000088e00000, 0x0000000088e00000| Untracked 
| 143|0x0000000088f00000, 0x0000000088f00000, 0x0000000089000000|  0%| F|  |TAMS 0x0000000088f00000, 0x0000000088f00000| Untracked 
| 144|0x0000000089000000, 0x0000000089000000, 0x0000000089100000|  0%| F|  |TAMS 0x0000000089000000, 0x0000000089000000| Untracked 
| 145|0x0000000089100000, 0x0000000089100000, 0x0000000089200000|  0%| F|  |TAMS 0x0000000089100000, 0x0000000089100000| Untracked 
| 146|0x0000000089200000, 0x0000000089200000, 0x0000000089300000|  0%| F|  |TAMS 0x0000000089200000, 0x0000000089200000| Untracked 
| 147|0x0000000089300000, 0x0000000089300000, 0x0000000089400000|  0%| F|  |TAMS 0x0000000089300000, 0x0000000089300000| Untracked 
| 148|0x0000000089400000, 0x0000000089400000, 0x0000000089500000|  0%| F|  |TAMS 0x0000000089400000, 0x0000000089400000| Untracked 
| 149|0x0000000089500000, 0x00000000895f6480, 0x0000000089600000| 96%| S|CS|TAMS 0x0000000089500000, 0x0000000089500000| Complete 
| 150|0x0000000089600000, 0x0000000089700000, 0x0000000089700000|100%| S|CS|TAMS 0x0000000089600000, 0x0000000089600000| Complete 
| 151|0x0000000089700000, 0x0000000089700000, 0x0000000089800000|  0%| F|  |TAMS 0x0000000089700000, 0x0000000089700000| Untracked 
| 152|0x0000000089800000, 0x0000000089800000, 0x0000000089900000|  0%| F|  |TAMS 0x0000000089800000, 0x0000000089800000| Untracked 
| 153|0x0000000089900000, 0x0000000089a00000, 0x0000000089a00000|100%| S|CS|TAMS 0x0000000089900000, 0x0000000089900000| Complete 
| 154|0x0000000089a00000, 0x0000000089b00000, 0x0000000089b00000|100%| S|CS|TAMS 0x0000000089a00000, 0x0000000089a00000| Complete 
| 155|0x0000000089b00000, 0x0000000089c00000, 0x0000000089c00000|100%| S|CS|TAMS 0x0000000089b00000, 0x0000000089b00000| Complete 
| 156|0x0000000089c00000, 0x0000000089c00000, 0x0000000089d00000|  0%| F|  |TAMS 0x0000000089c00000, 0x0000000089c00000| Untracked 
| 157|0x0000000089d00000, 0x0000000089d00000, 0x0000000089e00000|  0%| F|  |TAMS 0x0000000089d00000, 0x0000000089d00000| Untracked 
| 158|0x0000000089e00000, 0x0000000089e00000, 0x0000000089f00000|  0%| F|  |TAMS 0x0000000089e00000, 0x0000000089e00000| Untracked 
| 159|0x0000000089f00000, 0x0000000089f00000, 0x000000008a000000|  0%| F|  |TAMS 0x0000000089f00000, 0x0000000089f00000| Untracked 
| 160|0x000000008a000000, 0x000000008a000000, 0x000000008a100000|  0%| F|  |TAMS 0x000000008a000000, 0x000000008a000000| Untracked 
| 161|0x000000008a100000, 0x000000008a100000, 0x000000008a200000|  0%| F|  |TAMS 0x000000008a100000, 0x000000008a100000| Untracked 
| 162|0x000000008a200000, 0x000000008a200000, 0x000000008a300000|  0%| F|  |TAMS 0x000000008a200000, 0x000000008a200000| Untracked 
| 163|0x000000008a300000, 0x000000008a300000, 0x000000008a400000|  0%| F|  |TAMS 0x000000008a300000, 0x000000008a300000| Untracked 
| 164|0x000000008a400000, 0x000000008a400000, 0x000000008a500000|  0%| F|  |TAMS 0x000000008a400000, 0x000000008a400000| Untracked 
| 165|0x000000008a500000, 0x000000008a500000, 0x000000008a600000|  0%| F|  |TAMS 0x000000008a500000, 0x000000008a500000| Untracked 
| 166|0x000000008a600000, 0x000000008a600000, 0x000000008a700000|  0%| F|  |TAMS 0x000000008a600000, 0x000000008a600000| Untracked 
| 167|0x000000008a700000, 0x000000008a700000, 0x000000008a800000|  0%| F|  |TAMS 0x000000008a700000, 0x000000008a700000| Untracked 
| 168|0x000000008a800000, 0x000000008a800000, 0x000000008a900000|  0%| F|  |TAMS 0x000000008a800000, 0x000000008a800000| Untracked 
| 169|0x000000008a900000, 0x000000008a900000, 0x000000008aa00000|  0%| F|  |TAMS 0x000000008a900000, 0x000000008a900000| Untracked 
| 170|0x000000008aa00000, 0x000000008aa00000, 0x000000008ab00000|  0%| F|  |TAMS 0x000000008aa00000, 0x000000008aa00000| Untracked 
| 171|0x000000008ab00000, 0x000000008ab00000, 0x000000008ac00000|  0%| F|  |TAMS 0x000000008ab00000, 0x000000008ab00000| Untracked 
| 172|0x000000008ac00000, 0x000000008ac00000, 0x000000008ad00000|  0%| F|  |TAMS 0x000000008ac00000, 0x000000008ac00000| Untracked 
| 173|0x000000008ad00000, 0x000000008ad00000, 0x000000008ae00000|  0%| F|  |TAMS 0x000000008ad00000, 0x000000008ad00000| Untracked 
| 174|0x000000008ae00000, 0x000000008ae00000, 0x000000008af00000|  0%| F|  |TAMS 0x000000008ae00000, 0x000000008ae00000| Untracked 
| 175|0x000000008af00000, 0x000000008af00000, 0x000000008b000000|  0%| F|  |TAMS 0x000000008af00000, 0x000000008af00000| Untracked 
| 176|0x000000008b000000, 0x000000008b000000, 0x000000008b100000|  0%| F|  |TAMS 0x000000008b000000, 0x000000008b000000| Untracked 
| 177|0x000000008b100000, 0x000000008b100000, 0x000000008b200000|  0%| F|  |TAMS 0x000000008b100000, 0x000000008b100000| Untracked 
| 178|0x000000008b200000, 0x000000008b200000, 0x000000008b300000|  0%| F|  |TAMS 0x000000008b200000, 0x000000008b200000| Untracked 
| 179|0x000000008b300000, 0x000000008b300000, 0x000000008b400000|  0%| F|  |TAMS 0x000000008b300000, 0x000000008b300000| Untracked 
| 180|0x000000008b400000, 0x000000008b400000, 0x000000008b500000|  0%| F|  |TAMS 0x000000008b400000, 0x000000008b400000| Untracked 
| 181|0x000000008b500000, 0x000000008b500000, 0x000000008b600000|  0%| F|  |TAMS 0x000000008b500000, 0x000000008b500000| Untracked 
| 182|0x000000008b600000, 0x000000008b600000, 0x000000008b700000|  0%| F|  |TAMS 0x000000008b600000, 0x000000008b600000| Untracked 
| 183|0x000000008b700000, 0x000000008b700000, 0x000000008b800000|  0%| F|  |TAMS 0x000000008b700000, 0x000000008b700000| Untracked 
| 184|0x000000008b800000, 0x000000008b800000, 0x000000008b900000|  0%| F|  |TAMS 0x000000008b800000, 0x000000008b800000| Untracked 
| 185|0x000000008b900000, 0x000000008b900000, 0x000000008ba00000|  0%| F|  |TAMS 0x000000008b900000, 0x000000008b900000| Untracked 
| 186|0x000000008ba00000, 0x000000008ba00000, 0x000000008bb00000|  0%| F|  |TAMS 0x000000008ba00000, 0x000000008ba00000| Untracked 
| 187|0x000000008bb00000, 0x000000008bb00000, 0x000000008bc00000|  0%| F|  |TAMS 0x000000008bb00000, 0x000000008bb00000| Untracked 
| 188|0x000000008bc00000, 0x000000008bc00000, 0x000000008bd00000|  0%| F|  |TAMS 0x000000008bc00000, 0x000000008bc00000| Untracked 
| 189|0x000000008bd00000, 0x000000008bd00000, 0x000000008be00000|  0%| F|  |TAMS 0x000000008bd00000, 0x000000008bd00000| Untracked 
| 190|0x000000008be00000, 0x000000008be00000, 0x000000008bf00000|  0%| F|  |TAMS 0x000000008be00000, 0x000000008be00000| Untracked 
| 191|0x000000008bf00000, 0x000000008bf00000, 0x000000008c000000|  0%| F|  |TAMS 0x000000008bf00000, 0x000000008bf00000| Untracked 
| 192|0x000000008c000000, 0x000000008c000000, 0x000000008c100000|  0%| F|  |TAMS 0x000000008c000000, 0x000000008c000000| Untracked 
| 193|0x000000008c100000, 0x000000008c100000, 0x000000008c200000|  0%| F|  |TAMS 0x000000008c100000, 0x000000008c100000| Untracked 
| 194|0x000000008c200000, 0x000000008c200000, 0x000000008c300000|  0%| F|  |TAMS 0x000000008c200000, 0x000000008c200000| Untracked 
| 195|0x000000008c300000, 0x000000008c300000, 0x000000008c400000|  0%| F|  |TAMS 0x000000008c300000, 0x000000008c300000| Untracked 
| 196|0x000000008c400000, 0x000000008c400000, 0x000000008c500000|  0%| F|  |TAMS 0x000000008c400000, 0x000000008c400000| Untracked 
| 197|0x000000008c500000, 0x000000008c500000, 0x000000008c600000|  0%| F|  |TAMS 0x000000008c500000, 0x000000008c500000| Untracked 
| 198|0x000000008c600000, 0x000000008c600000, 0x000000008c700000|  0%| F|  |TAMS 0x000000008c600000, 0x000000008c600000| Untracked 
| 199|0x000000008c700000, 0x000000008c700000, 0x000000008c800000|  0%| F|  |TAMS 0x000000008c700000, 0x000000008c700000| Untracked 
| 200|0x000000008c800000, 0x000000008c800000, 0x000000008c900000|  0%| F|  |TAMS 0x000000008c800000, 0x000000008c800000| Untracked 
| 201|0x000000008c900000, 0x000000008c900000, 0x000000008ca00000|  0%| F|  |TAMS 0x000000008c900000, 0x000000008c900000| Untracked 
| 202|0x000000008ca00000, 0x000000008ca00000, 0x000000008cb00000|  0%| F|  |TAMS 0x000000008ca00000, 0x000000008ca00000| Untracked 
| 203|0x000000008cb00000, 0x000000008cb00000, 0x000000008cc00000|  0%| F|  |TAMS 0x000000008cb00000, 0x000000008cb00000| Untracked 
| 204|0x000000008cc00000, 0x000000008cc00000, 0x000000008cd00000|  0%| F|  |TAMS 0x000000008cc00000, 0x000000008cc00000| Untracked 
| 205|0x000000008cd00000, 0x000000008cd00000, 0x000000008ce00000|  0%| F|  |TAMS 0x000000008cd00000, 0x000000008cd00000| Untracked 
| 206|0x000000008ce00000, 0x000000008ce00000, 0x000000008cf00000|  0%| F|  |TAMS 0x000000008ce00000, 0x000000008ce00000| Untracked 
| 207|0x000000008cf00000, 0x000000008cf00000, 0x000000008d000000|  0%| F|  |TAMS 0x000000008cf00000, 0x000000008cf00000| Untracked 
| 208|0x000000008d000000, 0x000000008d000000, 0x000000008d100000|  0%| F|  |TAMS 0x000000008d000000, 0x000000008d000000| Untracked 
| 209|0x000000008d100000, 0x000000008d100000, 0x000000008d200000|  0%| F|  |TAMS 0x000000008d100000, 0x000000008d100000| Untracked 
| 210|0x000000008d200000, 0x000000008d200000, 0x000000008d300000|  0%| F|  |TAMS 0x000000008d200000, 0x000000008d200000| Untracked 
| 211|0x000000008d300000, 0x000000008d300000, 0x000000008d400000|  0%| F|  |TAMS 0x000000008d300000, 0x000000008d300000| Untracked 
| 212|0x000000008d400000, 0x000000008d400000, 0x000000008d500000|  0%| F|  |TAMS 0x000000008d400000, 0x000000008d400000| Untracked 
| 213|0x000000008d500000, 0x000000008d500000, 0x000000008d600000|  0%| F|  |TAMS 0x000000008d500000, 0x000000008d500000| Untracked 
| 214|0x000000008d600000, 0x000000008d600000, 0x000000008d700000|  0%| F|  |TAMS 0x000000008d600000, 0x000000008d600000| Untracked 
| 215|0x000000008d700000, 0x000000008d700000, 0x000000008d800000|  0%| F|  |TAMS 0x000000008d700000, 0x000000008d700000| Untracked 
| 216|0x000000008d800000, 0x000000008d800000, 0x000000008d900000|  0%| F|  |TAMS 0x000000008d800000, 0x000000008d800000| Untracked 
| 217|0x000000008d900000, 0x000000008d900000, 0x000000008da00000|  0%| F|  |TAMS 0x000000008d900000, 0x000000008d900000| Untracked 
| 218|0x000000008da00000, 0x000000008da00000, 0x000000008db00000|  0%| F|  |TAMS 0x000000008da00000, 0x000000008da00000| Untracked 
| 219|0x000000008db00000, 0x000000008db00000, 0x000000008dc00000|  0%| F|  |TAMS 0x000000008db00000, 0x000000008db00000| Untracked 
| 220|0x000000008dc00000, 0x000000008dc00000, 0x000000008dd00000|  0%| F|  |TAMS 0x000000008dc00000, 0x000000008dc00000| Untracked 
| 221|0x000000008dd00000, 0x000000008dd00000, 0x000000008de00000|  0%| F|  |TAMS 0x000000008dd00000, 0x000000008dd00000| Untracked 
| 222|0x000000008de00000, 0x000000008de00000, 0x000000008df00000|  0%| F|  |TAMS 0x000000008de00000, 0x000000008de00000| Untracked 
| 223|0x000000008df00000, 0x000000008df00000, 0x000000008e000000|  0%| F|  |TAMS 0x000000008df00000, 0x000000008df00000| Untracked 
| 224|0x000000008e000000, 0x000000008e000000, 0x000000008e100000|  0%| F|  |TAMS 0x000000008e000000, 0x000000008e000000| Untracked 
| 225|0x000000008e100000, 0x000000008e100000, 0x000000008e200000|  0%| F|  |TAMS 0x000000008e100000, 0x000000008e100000| Untracked 
| 226|0x000000008e200000, 0x000000008e200000, 0x000000008e300000|  0%| F|  |TAMS 0x000000008e200000, 0x000000008e200000| Untracked 
| 227|0x000000008e300000, 0x000000008e300000, 0x000000008e400000|  0%| F|  |TAMS 0x000000008e300000, 0x000000008e300000| Untracked 
| 228|0x000000008e400000, 0x000000008e400000, 0x000000008e500000|  0%| F|  |TAMS 0x000000008e400000, 0x000000008e400000| Untracked 
| 229|0x000000008e500000, 0x000000008e500000, 0x000000008e600000|  0%| F|  |TAMS 0x000000008e500000, 0x000000008e500000| Untracked 

Card table byte_map: [0x000001bdd7460000,0x000001bdd7860000] _byte_map_base: 0x000001bdd7060000

Marking Bits (Prev, Next): (CMBitMap*) 0x000001bdc48b9a80, (CMBitMap*) 0x000001bdc48b9a40
 Prev Bits: [0x000001bdd9c60000, 0x000001bddbc60000)
 Next Bits: [0x000001bdd7c60000, 0x000001bdd9c60000)

Polling page: 0x000001bdc4030000

Metaspace:

Usage:
  Non-class:     85.61 MB used.
      Class:     13.40 MB used.
       Both:     99.01 MB used.

Virtual space:
  Non-class space:       88.00 MB reserved,      86.00 MB ( 98%) committed,  11 nodes.
      Class space:        1.00 GB reserved,      13.75 MB (  1%) committed,  1 nodes.
             Both:        1.09 GB reserved,      99.75 MB (  9%) committed. 

Chunk freelists:
   Non-Class:  1.78 MB
       Class:  2.22 MB
        Both:  4.00 MB

MaxMetaspaceSize: unlimited
CompressedClassSpaceSize: 1.00 GB
Initial GC threshold: 21.00 MB
Current GC threshold: 124.38 MB
CDS: off
MetaspaceReclaimPolicy: balanced
 - commit_granule_bytes: 65536.
 - commit_granule_words: 8192.
 - virtual_space_node_default_size: 1048576.
 - enlarge_chunks_in_place: 1.
 - new_chunks_are_fully_committed: 0.
 - uncommit_free_chunks: 1.
 - use_allocation_guard: 0.
 - handle_deallocations: 1.


Internal statistics:

num_allocs_failed_limit: 6.
num_arena_births: 1100.
num_arena_deaths: 0.
num_vsnodes_births: 12.
num_vsnodes_deaths: 0.
num_space_committed: 1595.
num_space_uncommitted: 0.
num_chunks_returned_to_freelist: 6.
num_chunks_taken_from_freelist: 4919.
num_chunk_merges: 6.
num_chunk_splits: 3251.
num_chunks_enlarged: 2149.
num_purges: 0.
num_inconsistent_stats: 0.

CodeHeap 'non-profiled nmethods': size=120000Kb used=7008Kb max_used=7008Kb free=112991Kb
 bounds [0x000001bdcf800000, 0x000001bdcfee0000, 0x000001bdd6d30000]
CodeHeap 'profiled nmethods': size=120000Kb used=22124Kb max_used=22124Kb free=97875Kb
 bounds [0x000001bdc7d30000, 0x000001bdc92d0000, 0x000001bdcf260000]
CodeHeap 'non-nmethods': size=5760Kb used=2405Kb max_used=2482Kb free=3354Kb
 bounds [0x000001bdcf260000, 0x000001bdcf4e0000, 0x000001bdcf800000]
 total_blobs=12260 nmethods=11332 adapters=840
 compilation: enabled
              stopped_count=0, restarted_count=0
 full_count=0

Compilation events (20 events):
Event: 14.137 Thread 0x000001bde4d277d0 nmethod 12809 0x000001bdcfed6d90 code [0x000001bdcfed6f40, 0x000001bdcfed74f8]
Event: 14.137 Thread 0x000001bde4d277d0 12821       4       java.util.TreeMap$KeySet::iterator (32 bytes)
Event: 14.137 Thread 0x000001bddf04bb90 nmethod 12832 0x000001bdc92c6c10 code [0x000001bdc92c6de0, 0x000001bdc92c7338]
Event: 14.137 Thread 0x000001bddf04bb90 12833       3       org.objectweb.asm.SymbolTable::putBootstrapMethods (56 bytes)
Event: 14.137 Thread 0x000001bddf04bb90 nmethod 12833 0x000001bdc92c7490 code [0x000001bdc92c7680, 0x000001bdc92c7948]
Event: 14.137 Thread 0x000001bddf04bb90 12834       3       org.objectweb.asm.MethodVisitor::visitTryCatchBlock (20 bytes)
Event: 14.138 Thread 0x000001bddf04bb90 nmethod 12834 0x000001bdc92c7b10 code [0x000001bdc92c7cc0, 0x000001bdc92c7ec8]
Event: 14.138 Thread 0x000001bddf04bb90 12835       3       org.gradle.internal.normalization.java.impl.MethodStubbingApiMemberAdapter::generateUnsupportedOperationExceptionMethod (74 bytes)
Event: 14.138 Thread 0x000001bddf04bb90 nmethod 12835 0x000001bdc92c7f90 code [0x000001bdc92c81c0, 0x000001bdc92c8a08]
Event: 14.138 Thread 0x000001bddf04bb90 12836       3       com.google.common.collect.ComparisonChain$1::compare (13 bytes)
Event: 14.138 Thread 0x000001bddf04bb90 nmethod 12836 0x000001bdc92c8b90 code [0x000001bdc92c8d80, 0x000001bdc92c91c8]
Event: 14.139 Thread 0x000001bddf04bb90 12839       1       org.gradle.internal.normalization.java.impl.AnnotationValue::getValue (5 bytes)
Event: 14.139 Thread 0x000001bddf04bb90 nmethod 12839 0x000001bdcfed7710 code [0x000001bdcfed78a0, 0x000001bdcfed7978]
Event: 14.140 Thread 0x000001bddf04bb90 12840       3       org.objectweb.asm.ClassWriter::visitInnerClass (130 bytes)
Event: 14.141 Thread 0x000001bddf04bb90 nmethod 12840 0x000001bdc92c9390 code [0x000001bdc92c95e0, 0x000001bdc92c9dc8]
Event: 14.141 Thread 0x000001bddf04bb90 12841       3       org.gradle.internal.normalization.java.impl.ApiMemberSelector::visitInnerClass (97 bytes)
Event: 14.142 Thread 0x000001bddf04bb90 nmethod 12841 0x000001bdc92ca210 code [0x000001bdc92ca440, 0x000001bdc92cae98]
Event: 14.142 Thread 0x000001bddf04bb90 12842       3       org.objectweb.asm.ClassReader::accept (1412 bytes)
Event: 14.142 Thread 0x000001bde4d277d0 nmethod 12821 0x000001bdcfed7a10 code [0x000001bdcfed7ba0, 0x000001bdcfed7f98]
Event: 14.142 Thread 0x000001bde4d277d0 12838       4       org.objectweb.asm.MethodWriter::putMethodInfo (1274 bytes)

GC Heap History (20 events):
Event: 8.226 GC heap after
{Heap after GC invocations=29 (full 0):
 garbage-first heap   total 117760K, used 62912K [0x0000000080000000, 0x0000000100000000)
  region size 1024K, 4 young (4096K), 4 survivors (4096K)
 Metaspace       used 71849K, committed 72384K, reserved 1114112K
  class space    used 9554K, committed 9792K, reserved 1048576K
}
Event: 8.240 GC heap before
{Heap before GC invocations=29 (full 0):
 garbage-first heap   total 117760K, used 63936K [0x0000000080000000, 0x0000000100000000)
  region size 1024K, 5 young (5120K), 4 survivors (4096K)
 Metaspace       used 72057K, committed 72640K, reserved 1114112K
  class space    used 9578K, committed 9856K, reserved 1048576K
}
Event: 8.244 GC heap after
{Heap after GC invocations=30 (full 0):
 garbage-first heap   total 117760K, used 62920K [0x0000000080000000, 0x0000000100000000)
  region size 1024K, 1 young (1024K), 1 survivors (1024K)
 Metaspace       used 72057K, committed 72640K, reserved 1114112K
  class space    used 9578K, committed 9856K, reserved 1048576K
}
Event: 8.492 GC heap before
{Heap before GC invocations=30 (full 0):
 garbage-first heap   total 117760K, used 91592K [0x0000000080000000, 0x0000000100000000)
  region size 1024K, 29 young (29696K), 1 survivors (1024K)
 Metaspace       used 75504K, committed 76032K, reserved 1122304K
  class space    used 10040K, committed 10304K, reserved 1048576K
}
Event: 8.495 GC heap after
{Heap after GC invocations=31 (full 0):
 garbage-first heap   total 235520K, used 64714K [0x0000000080000000, 0x0000000100000000)
  region size 1024K, 3 young (3072K), 3 survivors (3072K)
 Metaspace       used 75504K, committed 76032K, reserved 1122304K
  class space    used 10040K, committed 10304K, reserved 1048576K
}
Event: 9.771 GC heap before
{Heap before GC invocations=32 (full 0):
 garbage-first heap   total 229376K, used 172234K [0x0000000080000000, 0x0000000100000000)
  region size 1024K, 108 young (110592K), 3 survivors (3072K)
 Metaspace       used 84121K, committed 84800K, reserved 1130496K
  class space    used 11403K, committed 11712K, reserved 1048576K
}
Event: 9.780 GC heap after
{Heap after GC invocations=33 (full 0):
 garbage-first heap   total 229376K, used 73577K [0x0000000080000000, 0x0000000100000000)
  region size 1024K, 12 young (12288K), 12 survivors (12288K)
 Metaspace       used 84121K, committed 84800K, reserved 1130496K
  class space    used 11403K, committed 11712K, reserved 1048576K
}
Event: 9.787 GC heap before
{Heap before GC invocations=33 (full 0):
 garbage-first heap   total 229376K, used 74601K [0x0000000080000000, 0x0000000100000000)
  region size 1024K, 13 young (13312K), 12 survivors (12288K)
 Metaspace       used 84215K, committed 84864K, reserved 1130496K
  class space    used 11423K, committed 11712K, reserved 1048576K
}
Event: 9.795 GC heap after
{Heap after GC invocations=34 (full 0):
 garbage-first heap   total 229376K, used 74786K [0x0000000080000000, 0x0000000100000000)
  region size 1024K, 2 young (2048K), 2 survivors (2048K)
 Metaspace       used 84215K, committed 84864K, reserved 1130496K
  class space    used 11423K, committed 11712K, reserved 1048576K
}
Event: 10.802 GC heap before
{Heap before GC invocations=34 (full 0):
 garbage-first heap   total 229376K, used 166946K [0x0000000080000000, 0x0000000100000000)
  region size 1024K, 92 young (94208K), 2 survivors (2048K)
 Metaspace       used 90289K, committed 90944K, reserved 1130496K
  class space    used 12319K, committed 12608K, reserved 1048576K
}
Event: 10.811 GC heap after
{Heap after GC invocations=35 (full 0):
 garbage-first heap   total 229376K, used 80748K [0x0000000080000000, 0x0000000100000000)
  region size 1024K, 8 young (8192K), 8 survivors (8192K)
 Metaspace       used 90289K, committed 90944K, reserved 1130496K
  class space    used 12319K, committed 12608K, reserved 1048576K
}
Event: 11.775 GC heap before
{Heap before GC invocations=35 (full 0):
 garbage-first heap   total 229376K, used 172908K [0x0000000080000000, 0x0000000100000000)
  region size 1024K, 98 young (100352K), 8 survivors (8192K)
 Metaspace       used 95998K, committed 96704K, reserved 1138688K
  class space    used 13102K, committed 13440K, reserved 1048576K
}
Event: 11.789 GC heap after
{Heap after GC invocations=36 (full 0):
 garbage-first heap   total 229376K, used 91893K [0x0000000080000000, 0x0000000100000000)
  region size 1024K, 11 young (11264K), 11 survivors (11264K)
 Metaspace       used 95998K, committed 96704K, reserved 1138688K
  class space    used 13102K, committed 13440K, reserved 1048576K
}
Event: 12.763 GC heap before
{Heap before GC invocations=36 (full 0):
 garbage-first heap   total 229376K, used 176885K [0x0000000080000000, 0x0000000100000000)
  region size 1024K, 94 young (96256K), 11 survivors (11264K)
 Metaspace       used 99886K, committed 100608K, reserved 1138688K
  class space    used 13591K, committed 13888K, reserved 1048576K
}
Event: 12.781 GC heap after
{Heap after GC invocations=37 (full 0):
 garbage-first heap   total 229376K, used 104395K [0x0000000080000000, 0x0000000100000000)
  region size 1024K, 12 young (12288K), 12 survivors (12288K)
 Metaspace       used 99886K, committed 100608K, reserved 1138688K
  class space    used 13591K, committed 13888K, reserved 1048576K
}
Event: 13.276 GC heap before
{Heap before GC invocations=37 (full 0):
 garbage-first heap   total 229376K, used 178123K [0x0000000080000000, 0x0000000100000000)
  region size 1024K, 85 young (87040K), 12 survivors (12288K)
 Metaspace       used 100502K, committed 101248K, reserved 1138688K
  class space    used 13649K, committed 13952K, reserved 1048576K
}
Event: 13.290 GC heap after
{Heap after GC invocations=38 (full 0):
 garbage-first heap   total 229376K, used 109607K [0x0000000080000000, 0x0000000100000000)
  region size 1024K, 7 young (7168K), 7 survivors (7168K)
 Metaspace       used 100502K, committed 101248K, reserved 1138688K
  class space    used 13649K, committed 13952K, reserved 1048576K
}
Event: 13.746 GC heap before
{Heap before GC invocations=38 (full 0):
 garbage-first heap   total 229376K, used 181287K [0x0000000080000000, 0x0000000100000000)
  region size 1024K, 78 young (79872K), 7 survivors (7168K)
 Metaspace       used 100869K, committed 101632K, reserved 1138688K
  class space    used 13668K, committed 14016K, reserved 1048576K
}
Event: 13.755 GC heap after
{Heap after GC invocations=39 (full 0):
 garbage-first heap   total 229376K, used 114681K [0x0000000080000000, 0x0000000100000000)
  region size 1024K, 7 young (7168K), 7 survivors (7168K)
 Metaspace       used 100869K, committed 101632K, reserved 1138688K
  class space    used 13668K, committed 14016K, reserved 1048576K
}
Event: 14.143 GC heap before
{Heap before GC invocations=39 (full 0):
 garbage-first heap   total 229376K, used 183289K [0x0000000080000000, 0x0000000100000000)
  region size 1024K, 75 young (76800K), 7 survivors (7168K)
 Metaspace       used 101384K, committed 102144K, reserved 1138688K
  class space    used 13722K, committed 14080K, reserved 1048576K
}

Dll operation events (2 events):
Event: 0.009 Loaded shared library C:\Program Files\Android\Android Studio\jbr\bin\java.dll
Event: 0.351 Loaded shared library C:\Program Files\Android\Android Studio\jbr\bin\verify.dll

Deoptimization events (20 events):
Event: 14.069 Thread 0x000001bde5d613e0 Uncommon trap: trap_request=0xffffff45 fr.pc=0x000001bdcfb561cc relative=0x00000000000001ac
Event: 14.069 Thread 0x000001bde5d613e0 Uncommon trap: reason=unstable_if action=reinterpret pc=0x000001bdcfb561cc method=org.objectweb.asm.Type.getTypeInternal(Ljava/lang/String;II)Lorg/objectweb/asm/Type; @ 5 c2
Event: 14.069 Thread 0x000001bde5d613e0 DEOPT PACKING pc=0x000001bdcfb561cc sp=0x000000a2ac5fb860
Event: 14.069 Thread 0x000001bde5d613e0 DEOPT UNPACKING pc=0x000001bdcf2ba1a3 sp=0x000000a2ac5fb7f8 mode 2
Event: 14.070 Thread 0x000001bde5d613e0 Uncommon trap: trap_request=0xffffff45 fr.pc=0x000001bdcfb5668c relative=0x000000000000006c
Event: 14.070 Thread 0x000001bde5d613e0 Uncommon trap: reason=unstable_if action=reinterpret pc=0x000001bdcfb5668c method=org.objectweb.asm.AnnotationWriter.computeAnnotationsSize(Lorg/objectweb/asm/AnnotationWriter;Lorg/objectweb/asm/AnnotationWriter;Lorg/objectweb/asm/AnnotationWriter;Lorg/ob
Event: 14.070 Thread 0x000001bde5d613e0 DEOPT PACKING pc=0x000001bdcfb5668c sp=0x000000a2ac5fbbc0
Event: 14.070 Thread 0x000001bde5d613e0 DEOPT UNPACKING pc=0x000001bdcf2ba1a3 sp=0x000000a2ac5fbb48 mode 2
Event: 14.070 Thread 0x000001bde5d613e0 Uncommon trap: trap_request=0xffffff45 fr.pc=0x000001bdcf922248 relative=0x00000000000000a8
Event: 14.070 Thread 0x000001bde5d613e0 Uncommon trap: reason=unstable_if action=reinterpret pc=0x000001bdcf922248 method=org.objectweb.asm.AnnotationWriter.putAnnotations(Lorg/objectweb/asm/SymbolTable;Lorg/objectweb/asm/AnnotationWriter;Lorg/objectweb/asm/AnnotationWriter;Lorg/objectweb/asm/A
Event: 14.070 Thread 0x000001bde5d613e0 DEOPT PACKING pc=0x000001bdcf922248 sp=0x000000a2ac5fbb90
Event: 14.070 Thread 0x000001bde5d613e0 DEOPT UNPACKING pc=0x000001bdcf2ba1a3 sp=0x000000a2ac5fbb20 mode 2
Event: 14.079 Thread 0x000001bde5d613e0 Uncommon trap: trap_request=0xffffff45 fr.pc=0x000001bdcf91f0b0 relative=0x0000000000000090
Event: 14.079 Thread 0x000001bde5d613e0 Uncommon trap: reason=unstable_if action=reinterpret pc=0x000001bdcf91f0b0 method=org.objectweb.asm.Attribute.computeAttributesSize(Lorg/objectweb/asm/SymbolTable;II)I @ 47 c2
Event: 14.079 Thread 0x000001bde5d613e0 DEOPT PACKING pc=0x000001bdcf91f0b0 sp=0x000000a2ac5fbbd0
Event: 14.079 Thread 0x000001bde5d613e0 DEOPT UNPACKING pc=0x000001bdcf2ba1a3 sp=0x000000a2ac5fbb50 mode 2
Event: 14.079 Thread 0x000001bde5d613e0 Uncommon trap: trap_request=0xffffff45 fr.pc=0x000001bdcf91dd80 relative=0x0000000000000320
Event: 14.079 Thread 0x000001bde5d613e0 Uncommon trap: reason=unstable_if action=reinterpret pc=0x000001bdcf91dd80 method=org.objectweb.asm.Attribute.putAttributes(Lorg/objectweb/asm/SymbolTable;IILorg/objectweb/asm/ByteVector;)V @ 59 c2
Event: 14.079 Thread 0x000001bde5d613e0 DEOPT PACKING pc=0x000001bdcf91dd80 sp=0x000000a2ac5fbb80
Event: 14.079 Thread 0x000001bde5d613e0 DEOPT UNPACKING pc=0x000001bdcf2ba1a3 sp=0x000000a2ac5fbb30 mode 2

Classes unloaded (0 events):
No events

Classes redefined (0 events):
No events

Internal exceptions (20 events):
Event: 12.598 Thread 0x000001bde3234570 Exception <a 'java/lang/NoSuchMethodError'{0x000000008a59daa0}: 'java.lang.Object java.lang.invoke.DirectMethodHandle$Holder.invokeSpecialIFC(java.lang.Object, java.lang.Object, java.lang.Object)'> (0x000000008a59daa0) 
thrown [s\src\hotspot\share\interpreter\linkResolver.cpp, line 771]
Event: 12.598 Thread 0x000001bddf46aea0 Exception <a 'java/lang/NoSuchMethodError'{0x000000008a53e530}: 'java.lang.Object java.lang.invoke.DirectMethodHandle$Holder.invokeSpecialIFC(java.lang.Object, java.lang.Object, java.lang.Object)'> (0x000000008a53e530) 
thrown [s\src\hotspot\share\interpreter\linkResolver.cpp, line 771]
Event: 12.598 Thread 0x000001bddfacfb90 Exception <a 'java/lang/NoSuchMethodError'{0x000000008a56c3d0}: 'java.lang.Object java.lang.invoke.DirectMethodHandle$Holder.invokeSpecialIFC(java.lang.Object, java.lang.Object, java.lang.Object)'> (0x000000008a56c3d0) 
thrown [s\src\hotspot\share\interpreter\linkResolver.cpp, line 771]
Event: 12.598 Thread 0x000001bde3230210 Exception <a 'java/lang/NoSuchMethodError'{0x000000008a585930}: 'java.lang.Object java.lang.invoke.DirectMethodHandle$Holder.invokeSpecialIFC(java.lang.Object, java.lang.Object, java.lang.Object)'> (0x000000008a585930) 
thrown [s\src\hotspot\share\interpreter\linkResolver.cpp, line 771]
Event: 12.634 Thread 0x000001bde3234570 Exception <a 'java/lang/NoSuchMethodError'{0x000000008a141be8}: 'void java.lang.invoke.DirectMethodHandle$Holder.invokeVirtual(java.lang.Object, java.lang.Object)'> (0x000000008a141be8) 
thrown [s\src\hotspot\share\interpreter\linkResolver.cpp, line 771]
Event: 12.893 Thread 0x000001bde5d5c210 Exception <a 'java/lang/NoSuchMethodError'{0x000000008c751b98}: static Lorg/jetbrains/kotlin/gradle/plugin/statistics/MetricContainer;.<clinit>()V> (0x000000008c751b98) 
thrown [s\src\hotspot\share\prims\jni.cpp, line 1108]
Event: 13.701 Thread 0x000001bde5d5da20 Exception <a 'java/lang/NoSuchMethodError'{0x0000000089e54878}: static Lcom/android/build/gradle/internal/scope/InternalArtifactType;.<clinit>()V> (0x0000000089e54878) 
thrown [s\src\hotspot\share\prims\jni.cpp, line 1108]
Event: 13.701 Thread 0x000001bde5d5da20 Exception <a 'java/lang/NoSuchMethodError'{0x0000000089e55fb8}: static Lcom/android/build/gradle/internal/scope/InternalArtifactType;.<clinit>()V> (0x0000000089e55fb8) 
thrown [s\src\hotspot\share\prims\jni.cpp, line 1108]
Event: 13.701 Thread 0x000001bde5d5da20 Exception <a 'java/lang/NoSuchMethodError'{0x0000000089e59148}: static Lcom/android/build/api/artifact/Artifact$Single;.<clinit>()V> (0x0000000089e59148) 
thrown [s\src\hotspot\share\prims\jni.cpp, line 1108]
Event: 13.701 Thread 0x000001bde5d5da20 Exception <a 'java/lang/NoSuchMethodError'{0x0000000089e5b6c0}: static Ljava/lang/Object;.<clinit>()V> (0x0000000089e5b6c0) 
thrown [s\src\hotspot\share\prims\jni.cpp, line 1108]
Event: 13.702 Thread 0x000001bde5d5da20 Exception <a 'java/lang/NoSuchMethodError'{0x0000000089e71af0}: static Lcom/android/build/api/artifact/ArtifactKind;.<clinit>()V> (0x0000000089e71af0) 
thrown [s\src\hotspot\share\prims\jni.cpp, line 1108]
Event: 13.702 Thread 0x000001bde5d5da20 Exception <a 'java/lang/NoSuchMethodError'{0x0000000089e72cb0}: static Lcom/android/build/api/artifact/ArtifactKind;.<clinit>()V> (0x0000000089e72cb0) 
thrown [s\src\hotspot\share\prims\jni.cpp, line 1108]
Event: 13.842 Thread 0x000001bde5d613e0 Exception <a 'java/lang/NoSuchMethodError'{0x000000008c8eab30}: 'int java.lang.invoke.DirectMethodHandle$Holder.invokeSpecial(java.lang.Object, java.lang.Object, java.lang.Object, java.lang.Object, java.lang.Object)'> (0x000000008c8eab30) 
thrown [s\src\hotspot\share\interpreter\linkResolver.cpp, line 771]
Event: 14.037 Thread 0x000001bde5d613e0 Exception <a 'sun/nio/fs/WindowsException'{0x000000008a666b20}> (0x000000008a666b20) 
thrown [s\src\hotspot\share\prims\jni.cpp, line 517]
Event: 14.038 Thread 0x000001bde5d613e0 Exception <a 'sun/nio/fs/WindowsException'{0x000000008a668a18}> (0x000000008a668a18) 
thrown [s\src\hotspot\share\prims\jni.cpp, line 517]
Event: 14.038 Thread 0x000001bde5d613e0 Exception <a 'sun/nio/fs/WindowsException'{0x000000008a66a740}> (0x000000008a66a740) 
thrown [s\src\hotspot\share\prims\jni.cpp, line 517]
Event: 14.046 Thread 0x000001bde5d613e0 Exception <a 'java/lang/NoSuchMethodError'{0x000000008a6e39e0}: static Ljava/lang/Object;.<clinit>()V> (0x000000008a6e39e0) 
thrown [s\src\hotspot\share\prims\jni.cpp, line 1108]
Event: 14.062 Thread 0x000001bde5d613e0 Implicit null exception at 0x000001bdcf8bab5c to 0x000001bdcf8babe5
Event: 14.062 Thread 0x000001bde5d613e0 Implicit null exception at 0x000001bdcfb93d15 to 0x000001bdcfb94598
Event: 14.067 Thread 0x000001bde5d613e0 Implicit null exception at 0x000001bdcfc41f7c to 0x000001bdcfc42204

VM Operations (20 events):
Event: 13.704 Executing VM operation: HandshakeAllThreads done
Event: 13.716 Executing VM operation: HandshakeAllThreads
Event: 13.716 Executing VM operation: HandshakeAllThreads done
Event: 13.718 Executing VM operation: HandshakeAllThreads
Event: 13.718 Executing VM operation: HandshakeAllThreads done
Event: 13.718 Executing VM operation: HandshakeAllThreads
Event: 13.718 Executing VM operation: HandshakeAllThreads done
Event: 13.726 Executing VM operation: ICBufferFull
Event: 13.726 Executing VM operation: ICBufferFull done
Event: 13.746 Executing VM operation: G1CollectForAllocation
Event: 13.756 Executing VM operation: G1CollectForAllocation done
Event: 13.839 Executing VM operation: HandshakeAllThreads
Event: 13.840 Executing VM operation: HandshakeAllThreads done
Event: 14.010 Executing VM operation: ICBufferFull
Event: 14.010 Executing VM operation: ICBufferFull done
Event: 14.010 Executing VM operation: ICBufferFull
Event: 14.010 Executing VM operation: ICBufferFull done
Event: 14.067 Executing VM operation: HandshakeAllThreads
Event: 14.067 Executing VM operation: HandshakeAllThreads done
Event: 14.143 Executing VM operation: G1CollectForAllocation

Events (20 events):
Event: 12.070 Thread 0x000001bde5d5a060 Thread added: 0x000001bde5d5a060
Event: 12.071 Thread 0x000001bde5d5aa00 Thread added: 0x000001bde5d5aa00
Event: 12.071 Thread 0x000001bde5d5cbb0 Thread added: 0x000001bde5d5cbb0
Event: 12.071 Thread 0x000001bde5d5da20 Thread added: 0x000001bde5d5da20
Event: 12.102 Thread 0x000001bde5d5def0 Thread added: 0x000001bde5d5def0
Event: 12.124 loading class java/util/TreeMap$KeySpliterator
Event: 12.124 loading class java/util/TreeMap$TreeMapSpliterator
Event: 12.124 loading class java/util/TreeMap$TreeMapSpliterator done
Event: 12.124 loading class java/util/TreeMap$KeySpliterator done
Event: 12.222 loading class java/time/Clock
Event: 12.225 loading class java/time/InstantSource
Event: 12.225 loading class java/time/InstantSource done
Event: 12.225 loading class java/time/Clock done
Event: 12.225 loading class java/time/Clock$SystemClock
Event: 12.226 loading class java/time/Clock$SystemClock done
Event: 12.230 loading class java/io/ObjectStreamClass$ExceptionInfo
Event: 12.230 loading class java/io/ObjectStreamClass$ExceptionInfo done
Event: 13.161 loading class java/util/stream/SortedOps$SizedRefSortingSink
Event: 13.161 loading class java/util/stream/SortedOps$SizedRefSortingSink done
Event: 13.720 Thread 0x000001bddf04c490 flushing nmethod 0x000001bdcfd19190


Dynamic libraries:
0x00007ff6450c0000 - 0x00007ff6450ca000 	C:\Program Files\Android\Android Studio\jbr\bin\java.exe
0x00007ff8fb4d0000 - 0x00007ff8fb6c8000 	C:\WINDOWS\SYSTEM32\ntdll.dll
0x00007ff8f9bb0000 - 0x00007ff8f9c6d000 	C:\WINDOWS\System32\KERNEL32.DLL
0x00007ff8f9110000 - 0x00007ff8f9406000 	C:\WINDOWS\System32\KERNELBASE.dll
0x00007ff8f8db0000 - 0x00007ff8f8eb0000 	C:\WINDOWS\System32\ucrtbase.dll
0x00007ff8e6980000 - 0x00007ff8e6997000 	C:\Program Files\Android\Android Studio\jbr\bin\jli.dll
0x00007ff8d1c30000 - 0x00007ff8d1c4b000 	C:\Program Files\Android\Android Studio\jbr\bin\VCRUNTIME140.dll
0x00007ff8faa70000 - 0x00007ff8fac0e000 	C:\WINDOWS\System32\USER32.dll
0x00007ff8f8d80000 - 0x00007ff8f8da2000 	C:\WINDOWS\System32\win32u.dll
0x00007ff8fa9e0000 - 0x00007ff8faa0c000 	C:\WINDOWS\System32\GDI32.dll
0x00007ff8d2380000 - 0x00007ff8d261a000 	C:\WINDOWS\WinSxS\amd64_microsoft.windows.common-controls_6595b64144ccf1df_6.0.19041.1110_none_60b5254171f9507e\COMCTL32.dll
0x00007ff8f9410000 - 0x00007ff8f952a000 	C:\WINDOWS\System32\gdi32full.dll
0x00007ff8f9a50000 - 0x00007ff8f9aee000 	C:\WINDOWS\System32\msvcrt.dll
0x00007ff8f8fe0000 - 0x00007ff8f907d000 	C:\WINDOWS\System32\msvcp_win.dll
0x00007ff8faa10000 - 0x00007ff8faa40000 	C:\WINDOWS\System32\IMM32.DLL
0x00007ff8e5aa0000 - 0x00007ff8e5aac000 	C:\Program Files\Android\Android Studio\jbr\bin\vcruntime140_1.dll
0x00007ff8b6280000 - 0x00007ff8b630d000 	C:\Program Files\Android\Android Studio\jbr\bin\msvcp140.dll
0x00007ff8b3a50000 - 0x00007ff8b46be000 	C:\Program Files\Android\Android Studio\jbr\bin\server\jvm.dll
0x00007ff8fa0e0000 - 0x00007ff8fa18e000 	C:\WINDOWS\System32\ADVAPI32.dll
0x00007ff8fa380000 - 0x00007ff8fa41c000 	C:\WINDOWS\System32\sechost.dll
0x00007ff8fb360000 - 0x00007ff8fb486000 	C:\WINDOWS\System32\RPCRT4.dll
0x00007ff8f51f0000 - 0x00007ff8f51f9000 	C:\WINDOWS\SYSTEM32\WSOCK32.dll
0x00007ff8edea0000 - 0x00007ff8edeaa000 	C:\WINDOWS\SYSTEM32\VERSION.dll
0x00007ff8f9ea0000 - 0x00007ff8f9f0b000 	C:\WINDOWS\System32\WS2_32.dll
0x00007ff8d43f0000 - 0x00007ff8d4417000 	C:\WINDOWS\SYSTEM32\WINMM.dll
0x00007ff8f73e0000 - 0x00007ff8f73f2000 	C:\WINDOWS\SYSTEM32\kernel.appcore.dll
0x00007ff8f0a20000 - 0x00007ff8f0a2a000 	C:\Program Files\Android\Android Studio\jbr\bin\jimage.dll
0x00007ff8f67a0000 - 0x00007ff8f6984000 	C:\WINDOWS\SYSTEM32\DBGHELP.DLL
0x00007ff8d2f10000 - 0x00007ff8d2f44000 	C:\WINDOWS\SYSTEM32\dbgcore.DLL
0x00007ff8f9080000 - 0x00007ff8f9102000 	C:\WINDOWS\System32\bcryptPrimitives.dll
0x00007ff8edce0000 - 0x00007ff8edd05000 	C:\Program Files\Android\Android Studio\jbr\bin\java.dll
0x00007ff8edcc0000 - 0x00007ff8edcd8000 	C:\Program Files\Android\Android Studio\jbr\bin\zip.dll
0x00007ff8fac10000 - 0x00007ff8fb354000 	C:\WINDOWS\System32\SHELL32.dll
0x00007ff8f6c30000 - 0x00007ff8f73cb000 	C:\WINDOWS\SYSTEM32\windows.storage.dll
0x00007ff8fa420000 - 0x00007ff8fa774000 	C:\WINDOWS\System32\combase.dll
0x00007ff8f85f0000 - 0x00007ff8f861d000 	C:\WINDOWS\SYSTEM32\Wldp.dll
0x00007ff8f99a0000 - 0x00007ff8f9a4d000 	C:\WINDOWS\System32\SHCORE.dll
0x00007ff8f9ff0000 - 0x00007ff8fa045000 	C:\WINDOWS\System32\shlwapi.dll
0x00007ff8f8ae0000 - 0x00007ff8f8b05000 	C:\WINDOWS\SYSTEM32\profapi.dll
0x00007ff8e8e60000 - 0x00007ff8e8e79000 	C:\Program Files\Android\Android Studio\jbr\bin\net.dll
0x00007ff8f13d0000 - 0x00007ff8f14da000 	C:\WINDOWS\SYSTEM32\WINHTTP.dll
0x00007ff8f8350000 - 0x00007ff8f83ba000 	C:\WINDOWS\system32\mswsock.dll
0x00007ff8e8cb0000 - 0x00007ff8e8cc6000 	C:\Program Files\Android\Android Studio\jbr\bin\nio.dll
0x00007ff8edd30000 - 0x00007ff8edd40000 	C:\Program Files\Android\Android Studio\jbr\bin\verify.dll
0x00007ff8e6480000 - 0x00007ff8e64a7000 	C:\Users\samuc\.gradle\native\68d5fa5c4cc2d200863cafc0d521ce42e7d3e7ee720ec0a83991735586a16f82\windows-amd64\native-platform.dll
0x00007ff8b5b30000 - 0x00007ff8b5c74000 	C:\Users\samuc\.gradle\native\e376f236ea51e6404a007f0833ffe2c6e607c4080706a723a18a27aeea778392\windows-amd64\native-platform-file-events.dll
0x00007ff8edcb0000 - 0x00007ff8edcb9000 	C:\Program Files\Android\Android Studio\jbr\bin\management.dll
0x00007ff8e6c90000 - 0x00007ff8e6c9b000 	C:\Program Files\Android\Android Studio\jbr\bin\management_ext.dll
0x00007ff8fa2a0000 - 0x00007ff8fa2a8000 	C:\WINDOWS\System32\PSAPI.DLL
0x00007ff8f8540000 - 0x00007ff8f8558000 	C:\WINDOWS\SYSTEM32\CRYPTSP.dll
0x00007ff8f7bf0000 - 0x00007ff8f7c24000 	C:\WINDOWS\system32\rsaenh.dll
0x00007ff8f8f60000 - 0x00007ff8f8f87000 	C:\WINDOWS\System32\bcrypt.dll
0x00007ff8f8aa0000 - 0x00007ff8f8ace000 	C:\WINDOWS\SYSTEM32\USERENV.dll
0x00007ff8f8560000 - 0x00007ff8f856c000 	C:\WINDOWS\SYSTEM32\CRYPTBASE.dll
0x00007ff8f7ff0000 - 0x00007ff8f802b000 	C:\WINDOWS\SYSTEM32\IPHLPAPI.DLL
0x00007ff8fa780000 - 0x00007ff8fa788000 	C:\WINDOWS\System32\NSI.dll
0x00007ff8ee4d0000 - 0x00007ff8ee4e7000 	C:\WINDOWS\SYSTEM32\dhcpcsvc6.DLL
0x00007ff8ee430000 - 0x00007ff8ee44d000 	C:\WINDOWS\SYSTEM32\dhcpcsvc.DLL
0x00007ff8f8040000 - 0x00007ff8f810a000 	C:\WINDOWS\SYSTEM32\DNSAPI.dll
0x00007ff8e6bf0000 - 0x00007ff8e6bf7000 	C:\WINDOWS\system32\wshunix.dll
0x00007ff8c6740000 - 0x00007ff8c6757000 	C:\WINDOWS\system32\napinsp.dll
0x00007ff8c18d0000 - 0x00007ff8c18eb000 	C:\WINDOWS\system32\pnrpnsp.dll
0x00007ff8c4a60000 - 0x00007ff8c4a75000 	C:\WINDOWS\system32\wshbth.dll
0x00007ff8f1970000 - 0x00007ff8f198d000 	C:\WINDOWS\system32\NLAapi.dll
0x00007ff8c1140000 - 0x00007ff8c1152000 	C:\WINDOWS\System32\winrnr.dll
0x00007ff8ee420000 - 0x00007ff8ee42a000 	C:\Windows\System32\rasadhlp.dll
0x00007ff8e9000000 - 0x00007ff8e9082000 	C:\WINDOWS\System32\fwpuclnt.dll

dbghelp: loaded successfully - version: 4.0.5 - missing functions: none
symbol engine: initialized successfully - sym options: 0x614 - pdb path: .;C:\Program Files\Android\Android Studio\jbr\bin;C:\WINDOWS\SYSTEM32;C:\WINDOWS\WinSxS\amd64_microsoft.windows.common-controls_6595b64144ccf1df_6.0.19041.1110_none_60b5254171f9507e;C:\Program Files\Android\Android Studio\jbr\bin\server;C:\Users\samuc\.gradle\native\68d5fa5c4cc2d200863cafc0d521ce42e7d3e7ee720ec0a83991735586a16f82\windows-amd64;C:\Users\samuc\.gradle\native\e376f236ea51e6404a007f0833ffe2c6e607c4080706a723a18a27aeea778392\windows-amd64

VM Arguments:
jvm_args: --add-opens=java.base/java.util=ALL-UNNAMED --add-opens=java.base/java.lang=ALL-UNNAMED --add-opens=java.base/java.lang.invoke=ALL-UNNAMED --add-opens=java.prefs/java.util.prefs=ALL-UNNAMED --add-opens=java.base/java.nio.charset=ALL-UNNAMED --add-opens=java.base/java.net=ALL-UNNAMED --add-opens=java.base/java.util.concurrent.atomic=ALL-UNNAMED -Xmx2048m -Dfile.encoding=UTF-8 -Duser.country=US -Duser.language=en -Duser.variant 
java_command: org.gradle.launcher.daemon.bootstrap.GradleDaemon 8.0
java_class_path (initial): C:\Users\samuc\.gradle\wrapper\dists\gradle-8.0-bin\ca5e32bp14vu59qr306oxotwh\gradle-8.0\lib\gradle-launcher-8.0.jar
Launcher Type: SUN_STANDARD

[Global flags]
     intx CICompilerCount                          = 4                                         {product} {ergonomic}
     uint ConcGCThreads                            = 2                                         {product} {ergonomic}
     uint G1ConcRefinementThreads                  = 8                                         {product} {ergonomic}
   size_t G1HeapRegionSize                         = 1048576                                   {product} {ergonomic}
    uintx GCDrainStackTargetSize                   = 64                                        {product} {ergonomic}
   size_t InitialHeapSize                          = 132120576                                 {product} {ergonomic}
   size_t MarkStackSize                            = 4194304                                   {product} {ergonomic}
   size_t MaxHeapSize                              = 2147483648                                {product} {command line}
   size_t MaxNewSize                               = 1287651328                                {product} {ergonomic}
   size_t MinHeapDeltaBytes                        = 1048576                                   {product} {ergonomic}
   size_t MinHeapSize                              = 8388608                                   {product} {ergonomic}
    uintx NonNMethodCodeHeapSize                   = 5839372                                {pd product} {ergonomic}
    uintx NonProfiledCodeHeapSize                  = 122909434                              {pd product} {ergonomic}
    uintx ProfiledCodeHeapSize                     = 122909434                              {pd product} {ergonomic}
    uintx ReservedCodeCacheSize                    = 251658240                              {pd product} {ergonomic}
     bool SegmentedCodeCache                       = true                                      {product} {ergonomic}
   size_t SoftMaxHeapSize                          = 2147483648                             {manageable} {ergonomic}
     bool UseCompressedClassPointers               = true                           {product lp64_product} {ergonomic}
     bool UseCompressedOops                        = true                           {product lp64_product} {ergonomic}
     bool UseG1GC                                  = true                                      {product} {ergonomic}
     bool UseLargePagesIndividualAllocation        = false                                  {pd product} {ergonomic}

Logging:
Log output configuration:
 #0: stdout all=warning uptime,level,tags
 #1: stderr all=off uptime,level,tags

Environment Variables:
JAVA_HOME=C:\Program Files\Java\jdk1.8.0_202
PATH=C:\Program Files\Microsoft\jdk-11.0.16.101-hotspot\bin;C:\WINDOWS\system32;C:\WINDOWS;C:\WINDOWS\System32\Wbem;C:\WINDOWS\System32\WindowsPowerShell\v1.0\;C:\WINDOWS\System32\OpenSSH\;C:\ProgramData\chocolatey\bin;C:\Program Files\Git\cmd;C:\Gradle\gradle-8.4\bin;C:\Users\samuc\AppData\Local\Android\Sdk\platform-tools;C:\Users\samuc\AppData\Local\Android\Sdk\tools;C:\Program Files\Java\jdk1.8.0_202\bin;C:\Program Files\dotnet\;C:\Users\samuc\AppData\Local\Programs\Python\Python311\Scripts\;C:\Users\samuc\AppData\Local\Programs\Python\Python311\;C:\Users\samuc\AppData\Local\Microsoft\WindowsApps;C:\Users\samuc\AppData\Local\Programs\Microsoft VS Code\bin;C:\Users\samuc\AppData\Local\spicetify;C:\src\flutter\bin;C:\Program Files\Azure Data Studio\bin;;C:\Program Files\JetBrains\IntelliJ IDEA 2023.2.2\bin;;C:\Program Files\JetBrains\IntelliJ IDEA Community Edition 2023.2.2\bin;
USERNAME=samuc
OS=Windows_NT
PROCESSOR_IDENTIFIER=Intel64 Family 6 Model 140 Stepping 1, GenuineIntel
TMP=C:\Users\samuc\AppData\Local\Temp
TEMP=C:\Users\samuc\AppData\Local\Temp


JNI global refs:
JNI global refs: 29, weak refs: 4

JNI global refs memory usage: 843, weak refs: 841


---------------  S Y S T E M  ---------------

OS:
 Windows 10 , 64 bit Build 19041 (10.0.19041.3393)
OS uptime: 0 days 6:38 hours

CPU: total 8 (initial active 8) (4 cores per cpu, 2 threads per core) family 6 model 140 stepping 1 microcode 0x8a, cx8, cmov, fxsr, ht, mmx, 3dnowpref, sse, sse2, sse3, ssse3, sse4.1, sse4.2, popcnt, lzcnt, tsc, tscinvbit, avx, avx2, aes, erms, clmul, bmi1, bmi2, adx, avx512f, avx512dq, avx512cd, avx512bw, avx512vl, sha, fma, vzeroupper, avx512_vpopcntdq, avx512_vpclmulqdq, avx512_vaes, avx512_vnni, clflush, clflushopt, clwb, avx512_vbmi2, avx512_vbmi

Memory: 4k page, system-wide physical 7971M (3511M free)
TotalPageFile size 10019M (AvailPageFile size 36M)
current process WorkingSet (physical memory assigned to process): 519M, peak: 519M
current process commit charge ("private bytes"): 561M, peak: 814M

vm_info: OpenJDK 64-Bit Server VM (17.0.6+0-b2043.56-10027231) for windows-amd64 JRE (17.0.6+0-b2043.56-10027231), built on Apr 28 2023 00:43:19 by "androidbuild" with MS VC++ 16.10 / 16.11 (VS2019)

END.
