#
# There is insufficient memory for the Java Runtime Environment to continue.
# Native memory allocation (mmap) failed to map 149946368 bytes for G1 virtual space
# Possible reasons:
#   The system is out of physical RAM or swap space
#   The process is running with CompressedOops enabled, and the Java Heap may be blocking the growth of the native heap
# Possible solutions:
#   Reduce memory load on the system
#   Increase physical memory or swap space
#   Check if swap backing store is full
#   Decrease Java heap size (-Xmx/-Xms)
#   Decrease number of Java threads
#   Decrease Java thread stack sizes (-Xss)
#   Set larger code cache with -XX:ReservedCodeCacheSize=
#   JVM is running with Unscaled Compressed Oops mode in which the Java heap is
#     placed in the first 4GB address space. The Java Heap base address is the
#     maximum limit for the native heap growth. Please use -XX:HeapBaseMinAddress
#     to set the Java Heap base and to place the Java Heap above 4GB virtual address.
# This output file may be truncated or incomplete.
#
#  Out of Memory Error (os_windows.cpp:3769), pid=13056, tid=13144
#
# JRE version: OpenJDK Runtime Environment (17.0.6) (build 17.0.6+0-b2043.56-10027231)
# Java VM: OpenJDK 64-Bit Server VM (17.0.6+0-b2043.56-10027231, mixed mode, tiered, compressed oops, compressed class ptrs, g1 gc, windows-amd64)
# No core dump will be written. Minidumps are not enabled by default on client versions of Windows
#

---------------  S U M M A R Y ------------

Command Line: --add-opens=java.base/java.util=ALL-UNNAMED --add-opens=java.base/java.lang=ALL-UNNAMED --add-opens=java.base/java.lang.invoke=ALL-UNNAMED --add-opens=java.prefs/java.util.prefs=ALL-UNNAMED --add-opens=java.base/java.nio.charset=ALL-UNNAMED --add-opens=java.base/java.net=ALL-UNNAMED --add-opens=java.base/java.util.concurrent.atomic=ALL-UNNAMED -Xmx2048m -Dfile.encoding=UTF-8 -Duser.country=US -Duser.language=en -Duser.variant org.gradle.launcher.daemon.bootstrap.GradleDaemon 8.0

Host: 11th Gen Intel(R) Core(TM) i5-1135G7 @ 2.40GHz, 8 cores, 7G,  Windows 10 , 64 bit Build 19041 (10.0.19041.3393)
Time: Thu Oct  5 20:19:50 2023 E. South America Standard Time elapsed time: 45.998937 seconds (0d 0h 0m 45s)

---------------  T H R E A D  ---------------

Current thread (0x0000023b2d151a30):  VMThread "VM Thread" [stack: 0x000000a20de00000,0x000000a20df00000] [id=13144]

Stack: [0x000000a20de00000,0x000000a20df00000]
Native frames: (J=compiled Java code, j=interpreted, Vv=VM code, C=native code)
V  [jvm.dll+0x683c9a]
V  [jvm.dll+0x8427a4]
V  [jvm.dll+0x843f9e]
V  [jvm.dll+0x844603]
V  [jvm.dll+0x249b75]
V  [jvm.dll+0x680b69]
V  [jvm.dll+0x67505a]
V  [jvm.dll+0x309acb]
V  [jvm.dll+0x310f86]
V  [jvm.dll+0x3608ee]
V  [jvm.dll+0x360b1f]
V  [jvm.dll+0x2dfbf8]
V  [jvm.dll+0x2ddec4]
V  [jvm.dll+0x2dd4cc]
V  [jvm.dll+0x321f3b]
V  [jvm.dll+0x848ccb]
V  [jvm.dll+0x849a04]
V  [jvm.dll+0x849f1d]
V  [jvm.dll+0x84a2f4]
V  [jvm.dll+0x84a3c0]
V  [jvm.dll+0x7f274a]
V  [jvm.dll+0x682ad5]
C  [ucrtbase.dll+0x21bb2]
C  [KERNEL32.DLL+0x17344]
C  [ntdll.dll+0x526b1]

VM_Operation (0x000000a216df9560): G1CollectForAllocation, mode: safepoint, requested by thread 0x0000023b37310410


---------------  P R O C E S S  ---------------

Threads class SMR info:
_java_thread_list=0x0000023b3011ba90, length=158, elements={
0x0000023b132ea330, 0x0000023b2d156500, 0x0000023b2d156fc0, 0x0000023b2dc1f500,
0x0000023b2dc21dd0, 0x0000023b2dc339c0, 0x0000023b2dc34280, 0x0000023b2dc34e70,
0x0000023b2dc35770, 0x0000023b2dc3a080, 0x0000023b2dde0750, 0x0000023b2dde1030,
0x0000023b2f353cf0, 0x0000023b3022d890, 0x0000023b30f073a0, 0x0000023b30f06b10,
0x0000023b30cb2880, 0x0000023b2edee030, 0x0000023b2edee500, 0x0000023b2ea02df0,
0x0000023b2ea02450, 0x0000023b2ea01ab0, 0x0000023b2ea01f80, 0x0000023b2ea02920,
0x0000023b2ea03c60, 0x0000023b2ea04600, 0x0000023b2ea04fa0, 0x0000023b2ea015e0,
0x0000023b33c5ef10, 0x0000023b33c5b550, 0x0000023b33c5f8b0, 0x0000023b33c5d700,
0x0000023b33c5cd60, 0x0000023b33c60bf0, 0x0000023b33c5ea40, 0x0000023b33c5fd80,
0x0000023b33c5ba20, 0x0000023b33c60250, 0x0000023b33c5d230, 0x0000023b33c60720,
0x0000023b33c5e0a0, 0x0000023b33c5abb0, 0x0000023b33c5b080, 0x0000023b33c5bef0,
0x0000023b33c5c890, 0x0000023b378152a0, 0x0000023b378165e0, 0x0000023b3781caf0,
0x0000023b37816ab0, 0x0000023b37816110, 0x0000023b3781a940, 0x0000023b378182c0,
0x0000023b37816f80, 0x0000023b37817920, 0x0000023b37819ad0, 0x0000023b37817450,
0x0000023b3781ae10, 0x0000023b37815770, 0x0000023b37817df0, 0x0000023b37819fa0,
0x0000023b3781c620, 0x0000023b3781a470, 0x0000023b37818790, 0x0000023b37818c60,
0x0000023b3781b2e0, 0x0000023b37819130, 0x0000023b37819600, 0x0000023b3781b7b0,
0x0000023b3781bc80, 0x0000023b3781c150, 0x0000023b37815c40, 0x0000023b30798270,
0x0000023b307943e0, 0x0000023b30797400, 0x0000023b30797da0, 0x0000023b3079b760,
0x0000023b30796a60, 0x0000023b30798740, 0x0000023b3079b290, 0x0000023b307990e0,
0x0000023b30794d80, 0x0000023b3079adc0, 0x0000023b307978d0, 0x0000023b307960c0,
0x0000023b30798c10, 0x0000023b30795bf0, 0x0000023b307948b0, 0x0000023b30796590,
0x0000023b30793f10, 0x0000023b30796f30, 0x0000023b307995b0, 0x0000023b30799a80,
0x0000023b30799f50, 0x0000023b3079a420, 0x0000023b3079a8f0, 0x0000023b30795250,
0x0000023b30795720, 0x0000023b31dfd810, 0x0000023b31dfe680, 0x0000023b31e00d00,
0x0000023b31e03d20, 0x0000023b31dff9c0, 0x0000023b31e02eb0, 0x0000023b31e029e0,
0x0000023b31e00360, 0x0000023b31e03380, 0x0000023b31dfdce0, 0x0000023b31dfe1b0,
0x0000023b31e03850, 0x0000023b31dffe90, 0x0000023b31e00830, 0x0000023b31e016a0,
0x0000023b31e02510, 0x0000023b31e041f0, 0x0000023b31dfeb50, 0x0000023b31e02040,
0x0000023b31e046c0, 0x0000023b31e011d0, 0x0000023b31e01b70, 0x0000023b31e04b90,
0x0000023b31dfd340, 0x0000023b31dff020, 0x0000023b31dff4f0, 0x0000023b3445d0e0,
0x0000023b3445e420, 0x0000023b3445f760, 0x0000023b3445e8f0, 0x0000023b3445edc0,
0x0000023b373120f0, 0x0000023b3730cf20, 0x0000023b37311750, 0x0000023b37313430,
0x0000023b37310410, 0x0000023b37312f60, 0x0000023b37311c20, 0x0000023b3730ff40,
0x0000023b3730d3f0, 0x0000023b373108e0, 0x0000023b373125c0, 0x0000023b37313dd0,
0x0000023b373142a0, 0x0000023b395bc520, 0x0000023b395b8b60, 0x0000023b395ba840,
0x0000023b395bd390, 0x0000023b395bf070, 0x0000023b395bad10, 0x0000023b395bcec0,
0x0000023b395b9500, 0x0000023b395bdd30, 0x0000023b395b7cf0, 0x0000023b395b9ea0,
0x0000023b3466d4b0, 0x0000023b34670240, 0x0000023b395be200, 0x0000023b395ba370,
0x0000023b395bb1e0, 0x0000023b395be6d0
}

Java Threads: ( => current thread )
  0x0000023b132ea330 JavaThread "main" [_thread_blocked, id=13120, stack(0x000000a20d800000,0x000000a20d900000)]
  0x0000023b2d156500 JavaThread "Reference Handler" daemon [_thread_blocked, id=13148, stack(0x000000a20df00000,0x000000a20e000000)]
  0x0000023b2d156fc0 JavaThread "Finalizer" daemon [_thread_blocked, id=13152, stack(0x000000a20e000000,0x000000a20e100000)]
  0x0000023b2dc1f500 JavaThread "Signal Dispatcher" daemon [_thread_blocked, id=13160, stack(0x000000a20e100000,0x000000a20e200000)]
  0x0000023b2dc21dd0 JavaThread "Attach Listener" daemon [_thread_blocked, id=13164, stack(0x000000a20e200000,0x000000a20e300000)]
  0x0000023b2dc339c0 JavaThread "Service Thread" daemon [_thread_blocked, id=13168, stack(0x000000a20e300000,0x000000a20e400000)]
  0x0000023b2dc34280 JavaThread "Monitor Deflation Thread" daemon [_thread_blocked, id=13172, stack(0x000000a20e400000,0x000000a20e500000)]
  0x0000023b2dc34e70 JavaThread "C2 CompilerThread0" daemon [_thread_blocked, id=13176, stack(0x000000a20e500000,0x000000a20e600000)]
  0x0000023b2dc35770 JavaThread "C1 CompilerThread0" daemon [_thread_blocked, id=13180, stack(0x000000a20e600000,0x000000a20e700000)]
  0x0000023b2dc3a080 JavaThread "Sweeper thread" daemon [_thread_blocked, id=13184, stack(0x000000a20e700000,0x000000a20e800000)]
  0x0000023b2dde0750 JavaThread "Common-Cleaner" daemon [_thread_blocked, id=13192, stack(0x000000a20e800000,0x000000a20e900000)]
  0x0000023b2dde1030 JavaThread "Notification Thread" daemon [_thread_blocked, id=13196, stack(0x000000a20e900000,0x000000a20ea00000)]
  0x0000023b2f353cf0 JavaThread "Daemon health stats" [_thread_blocked, id=12480, stack(0x000000a20f000000,0x000000a20f100000)]
  0x0000023b3022d890 JavaThread "Incoming local TCP Connector on port 51489" [_thread_in_native, id=12528, stack(0x000000a20f100000,0x000000a20f200000)]
  0x0000023b30f073a0 JavaThread "Daemon periodic checks" [_thread_blocked, id=12664, stack(0x000000a20f200000,0x000000a20f300000)]
  0x0000023b30f06b10 JavaThread "Daemon" [_thread_blocked, id=12564, stack(0x000000a20f400000,0x000000a20f500000)]
  0x0000023b30cb2880 JavaThread "Handler for socket connection from /127.0.0.1:51489 to /127.0.0.1:51490" [_thread_in_native, id=12560, stack(0x000000a20f500000,0x000000a20f600000)]
  0x0000023b2edee030 JavaThread "Cancel handler" [_thread_blocked, id=12556, stack(0x000000a20f600000,0x000000a20f700000)]
  0x0000023b2edee500 JavaThread "Daemon worker" [_thread_blocked, id=12540, stack(0x000000a20f700000,0x000000a20f800000)]
  0x0000023b2ea02df0 JavaThread "Asynchronous log dispatcher for DefaultDaemonConnection: socket connection from /127.0.0.1:51489 to /127.0.0.1:51490" [_thread_blocked, id=12520, stack(0x000000a20f800000,0x000000a20f900000)]
  0x0000023b2ea02450 JavaThread "Stdin handler" [_thread_blocked, id=12516, stack(0x000000a20f900000,0x000000a20fa00000)]
  0x0000023b2ea01ab0 JavaThread "Daemon client event forwarder" [_thread_blocked, id=12544, stack(0x000000a20fa00000,0x000000a20fb00000)]
  0x0000023b2ea01f80 JavaThread "Cache worker for journal cache (C:\Users\samuc\.gradle\caches\journal-1)" [_thread_blocked, id=12492, stack(0x000000a20ff00000,0x000000a210000000)]
  0x0000023b2ea02920 JavaThread "File lock request listener" [_thread_in_native, id=12488, stack(0x000000a210000000,0x000000a210100000)]
  0x0000023b2ea03c60 JavaThread "Cache worker for file hash cache (C:\Users\samuc\.gradle\caches\8.0\fileHashes)" [_thread_blocked, id=12840, stack(0x000000a210100000,0x000000a210200000)]
  0x0000023b2ea04600 JavaThread "File watcher server" daemon [_thread_blocked, id=2388, stack(0x000000a210200000,0x000000a210300000)]
  0x0000023b2ea04fa0 JavaThread "File watcher consumer" daemon [_thread_blocked, id=12680, stack(0x000000a210300000,0x000000a210400000)]
  0x0000023b2ea015e0 JavaThread "Cache worker for checksums cache (C:\Users\samuc\Desktop\BosquePanetteriaApp\.gradle\8.0\checksums)" [_thread_blocked, id=12688, stack(0x000000a210400000,0x000000a210500000)]
  0x0000023b33c5ef10 JavaThread "Cache worker for cache directory md-rule (C:\Users\samuc\.gradle\caches\8.0\md-rule)" [_thread_blocked, id=12644, stack(0x000000a210500000,0x000000a210600000)]
  0x0000023b33c5b550 JavaThread "Cache worker for file content cache (C:\Users\samuc\.gradle\caches\8.0\fileContent)" [_thread_blocked, id=12628, stack(0x000000a210600000,0x000000a210700000)]
  0x0000023b33c5f8b0 JavaThread "Cache worker for file hash cache (C:\Users\samuc\Desktop\BosquePanetteriaApp\.gradle\8.0\fileHashes)" [_thread_blocked, id=12704, stack(0x000000a210700000,0x000000a210800000)]
  0x0000023b33c5d700 JavaThread "Cache worker for cache directory md-supplier (C:\Users\samuc\.gradle\caches\8.0\md-supplier)" [_thread_blocked, id=12740, stack(0x000000a210800000,0x000000a210900000)]
  0x0000023b33c5cd60 JavaThread "Cache worker for execution history cache (C:\Users\samuc\.gradle\caches\8.0\executionHistory)" [_thread_blocked, id=12800, stack(0x000000a210900000,0x000000a210a00000)]
  0x0000023b33c60bf0 JavaThread "jar transforms" [_thread_blocked, id=12832, stack(0x000000a210a00000,0x000000a210b00000)]
  0x0000023b33c5ea40 JavaThread "jar transforms Thread 2" [_thread_blocked, id=12728, stack(0x000000a210b00000,0x000000a210c00000)]
  0x0000023b33c5fd80 JavaThread "Cache worker for kotlin-dsl (C:\Users\samuc\.gradle\caches\8.0\kotlin-dsl)" [_thread_blocked, id=12984, stack(0x000000a210c00000,0x000000a210d00000)]
  0x0000023b33c5ba20 JavaThread "jar transforms Thread 3" [_thread_blocked, id=12828, stack(0x000000a210d00000,0x000000a210e00000)]
  0x0000023b33c60250 JavaThread "jar transforms Thread 4" [_thread_blocked, id=2124, stack(0x000000a210e00000,0x000000a210f00000)]
  0x0000023b33c5d230 JavaThread "Cache worker for dependencies-accessors (C:\Users\samuc\Desktop\BosquePanetteriaApp\.gradle\8.0\dependencies-accessors)" [_thread_blocked, id=13084, stack(0x000000a210f00000,0x000000a211000000)]
  0x0000023b33c60720 JavaThread "Cache worker for Build Output Cleanup Cache (C:\Users\samuc\Desktop\BosquePanetteriaApp\.gradle\buildOutputCleanup)" [_thread_blocked, id=12904, stack(0x000000a211000000,0x000000a211100000)]
  0x0000023b33c5e0a0 JavaThread "jar transforms Thread 5" [_thread_blocked, id=13088, stack(0x000000a211100000,0x000000a211200000)]
  0x0000023b33c5abb0 JavaThread "Unconstrained build operations" [_thread_blocked, id=13096, stack(0x000000a20f300000,0x000000a20f400000)]
  0x0000023b33c5b080 JavaThread "Unconstrained build operations Thread 2" [_thread_blocked, id=13104, stack(0x000000a211200000,0x000000a211300000)]
  0x0000023b33c5bef0 JavaThread "Unconstrained build operations Thread 3" [_thread_blocked, id=13092, stack(0x000000a211300000,0x000000a211400000)]
  0x0000023b33c5c890 JavaThread "Unconstrained build operations Thread 4" [_thread_blocked, id=12648, stack(0x000000a211400000,0x000000a211500000)]
  0x0000023b378152a0 JavaThread "Unconstrained build operations Thread 5" [_thread_blocked, id=12624, stack(0x000000a211500000,0x000000a211600000)]
  0x0000023b378165e0 JavaThread "Unconstrained build operations Thread 6" [_thread_blocked, id=12620, stack(0x000000a211600000,0x000000a211700000)]
  0x0000023b3781caf0 JavaThread "Unconstrained build operations Thread 7" [_thread_blocked, id=12616, stack(0x000000a211700000,0x000000a211800000)]
  0x0000023b37816ab0 JavaThread "Unconstrained build operations Thread 8" [_thread_blocked, id=12608, stack(0x000000a211800000,0x000000a211900000)]
  0x0000023b37816110 JavaThread "Unconstrained build operations Thread 9" [_thread_blocked, id=12612, stack(0x000000a211900000,0x000000a211a00000)]
  0x0000023b3781a940 JavaThread "Unconstrained build operations Thread 10" [_thread_blocked, id=13064, stack(0x000000a211a00000,0x000000a211b00000)]
  0x0000023b378182c0 JavaThread "Unconstrained build operations Thread 11" [_thread_blocked, id=13052, stack(0x000000a211b00000,0x000000a211c00000)]
  0x0000023b37816f80 JavaThread "Unconstrained build operations Thread 12" [_thread_blocked, id=13068, stack(0x000000a211c00000,0x000000a211d00000)]
  0x0000023b37817920 JavaThread "Unconstrained build operations Thread 13" [_thread_blocked, id=12668, stack(0x000000a211d00000,0x000000a211e00000)]
  0x0000023b37819ad0 JavaThread "Unconstrained build operations Thread 14" [_thread_blocked, id=12660, stack(0x000000a211e00000,0x000000a211f00000)]
  0x0000023b37817450 JavaThread "Unconstrained build operations Thread 15" [_thread_blocked, id=12656, stack(0x000000a211f00000,0x000000a212000000)]
  0x0000023b3781ae10 JavaThread "Unconstrained build operations Thread 16" [_thread_blocked, id=12652, stack(0x000000a212000000,0x000000a212100000)]
  0x0000023b37815770 JavaThread "Unconstrained build operations Thread 17" [_thread_blocked, id=12672, stack(0x000000a212100000,0x000000a212200000)]
  0x0000023b37817df0 JavaThread "Unconstrained build operations Thread 18" [_thread_blocked, id=12676, stack(0x000000a212200000,0x000000a212300000)]
  0x0000023b37819fa0 JavaThread "Unconstrained build operations Thread 19" [_thread_blocked, id=12692, stack(0x000000a212300000,0x000000a212400000)]
  0x0000023b3781c620 JavaThread "Unconstrained build operations Thread 20" [_thread_blocked, id=12712, stack(0x000000a212400000,0x000000a212500000)]
  0x0000023b3781a470 JavaThread "Unconstrained build operations Thread 21" [_thread_blocked, id=12636, stack(0x000000a212500000,0x000000a212600000)]
  0x0000023b37818790 JavaThread "Unconstrained build operations Thread 22" [_thread_blocked, id=12632, stack(0x000000a212600000,0x000000a212700000)]
  0x0000023b37818c60 JavaThread "Unconstrained build operations Thread 23" [_thread_blocked, id=7132, stack(0x000000a212700000,0x000000a212800000)]
  0x0000023b3781b2e0 JavaThread "Unconstrained build operations Thread 24" [_thread_blocked, id=13228, stack(0x000000a212800000,0x000000a212900000)]
  0x0000023b37819130 JavaThread "Unconstrained build operations Thread 25" [_thread_blocked, id=6304, stack(0x000000a212900000,0x000000a212a00000)]
  0x0000023b37819600 JavaThread "Unconstrained build operations Thread 26" [_thread_blocked, id=4880, stack(0x000000a212a00000,0x000000a212b00000)]
  0x0000023b3781b7b0 JavaThread "Unconstrained build operations Thread 27" [_thread_blocked, id=1496, stack(0x000000a212b00000,0x000000a212c00000)]
  0x0000023b3781bc80 JavaThread "Unconstrained build operations Thread 28" [_thread_blocked, id=3168, stack(0x000000a212c00000,0x000000a212d00000)]
  0x0000023b3781c150 JavaThread "Unconstrained build operations Thread 29" [_thread_blocked, id=12076, stack(0x000000a212d00000,0x000000a212e00000)]
  0x0000023b37815c40 JavaThread "Unconstrained build operations Thread 30" [_thread_blocked, id=4104, stack(0x000000a212e00000,0x000000a212f00000)]
  0x0000023b30798270 JavaThread "Unconstrained build operations Thread 31" [_thread_blocked, id=876, stack(0x000000a212f00000,0x000000a213000000)]
  0x0000023b307943e0 JavaThread "Unconstrained build operations Thread 32" [_thread_blocked, id=10848, stack(0x000000a213000000,0x000000a213100000)]
  0x0000023b30797400 JavaThread "Unconstrained build operations Thread 33" [_thread_blocked, id=10748, stack(0x000000a213100000,0x000000a213200000)]
  0x0000023b30797da0 JavaThread "Unconstrained build operations Thread 34" [_thread_blocked, id=7112, stack(0x000000a213200000,0x000000a213300000)]
  0x0000023b3079b760 JavaThread "Unconstrained build operations Thread 35" [_thread_blocked, id=4468, stack(0x000000a213300000,0x000000a213400000)]
  0x0000023b30796a60 JavaThread "Unconstrained build operations Thread 36" [_thread_blocked, id=4356, stack(0x000000a213400000,0x000000a213500000)]
  0x0000023b30798740 JavaThread "Unconstrained build operations Thread 37" [_thread_blocked, id=8488, stack(0x000000a213500000,0x000000a213600000)]
  0x0000023b3079b290 JavaThread "Unconstrained build operations Thread 38" [_thread_blocked, id=12284, stack(0x000000a213600000,0x000000a213700000)]
  0x0000023b307990e0 JavaThread "Unconstrained build operations Thread 39" [_thread_blocked, id=2144, stack(0x000000a213700000,0x000000a213800000)]
  0x0000023b30794d80 JavaThread "Unconstrained build operations Thread 40" [_thread_blocked, id=4048, stack(0x000000a213800000,0x000000a213900000)]
  0x0000023b3079adc0 JavaThread "Unconstrained build operations Thread 41" [_thread_blocked, id=10532, stack(0x000000a213900000,0x000000a213a00000)]
  0x0000023b307978d0 JavaThread "Unconstrained build operations Thread 42" [_thread_blocked, id=8212, stack(0x000000a213a00000,0x000000a213b00000)]
  0x0000023b307960c0 JavaThread "Unconstrained build operations Thread 43" [_thread_blocked, id=7908, stack(0x000000a213b00000,0x000000a213c00000)]
  0x0000023b30798c10 JavaThread "Unconstrained build operations Thread 44" [_thread_blocked, id=5052, stack(0x000000a213c00000,0x000000a213d00000)]
  0x0000023b30795bf0 JavaThread "Unconstrained build operations Thread 45" [_thread_blocked, id=10852, stack(0x000000a213d00000,0x000000a213e00000)]
  0x0000023b307948b0 JavaThread "Unconstrained build operations Thread 46" [_thread_blocked, id=11020, stack(0x000000a213e00000,0x000000a213f00000)]
  0x0000023b30796590 JavaThread "Unconstrained build operations Thread 47" [_thread_blocked, id=7912, stack(0x000000a213f00000,0x000000a214000000)]
  0x0000023b30793f10 JavaThread "Unconstrained build operations Thread 48" [_thread_blocked, id=3096, stack(0x000000a214000000,0x000000a214100000)]
  0x0000023b30796f30 JavaThread "Unconstrained build operations Thread 49" [_thread_blocked, id=1468, stack(0x000000a214100000,0x000000a214200000)]
  0x0000023b307995b0 JavaThread "Unconstrained build operations Thread 50" [_thread_blocked, id=8236, stack(0x000000a214200000,0x000000a214300000)]
  0x0000023b30799a80 JavaThread "Unconstrained build operations Thread 51" [_thread_blocked, id=6680, stack(0x000000a214300000,0x000000a214400000)]
  0x0000023b30799f50 JavaThread "Unconstrained build operations Thread 52" [_thread_blocked, id=5432, stack(0x000000a214400000,0x000000a214500000)]
  0x0000023b3079a420 JavaThread "Unconstrained build operations Thread 53" [_thread_blocked, id=7728, stack(0x000000a214500000,0x000000a214600000)]
  0x0000023b3079a8f0 JavaThread "Unconstrained build operations Thread 54" [_thread_blocked, id=11108, stack(0x000000a214600000,0x000000a214700000)]
  0x0000023b30795250 JavaThread "Unconstrained build operations Thread 55" [_thread_blocked, id=2640, stack(0x000000a214700000,0x000000a214800000)]
  0x0000023b30795720 JavaThread "Unconstrained build operations Thread 56" [_thread_blocked, id=5824, stack(0x000000a214800000,0x000000a214900000)]
  0x0000023b31dfd810 JavaThread "Unconstrained build operations Thread 57" [_thread_blocked, id=10004, stack(0x000000a214900000,0x000000a214a00000)]
  0x0000023b31dfe680 JavaThread "Unconstrained build operations Thread 58" [_thread_blocked, id=9356, stack(0x000000a214a00000,0x000000a214b00000)]
  0x0000023b31e00d00 JavaThread "Unconstrained build operations Thread 59" [_thread_blocked, id=4500, stack(0x000000a214b00000,0x000000a214c00000)]
  0x0000023b31e03d20 JavaThread "Unconstrained build operations Thread 60" [_thread_blocked, id=10560, stack(0x000000a214c00000,0x000000a214d00000)]
  0x0000023b31dff9c0 JavaThread "Unconstrained build operations Thread 61" [_thread_blocked, id=6860, stack(0x000000a214d00000,0x000000a214e00000)]
  0x0000023b31e02eb0 JavaThread "Unconstrained build operations Thread 62" [_thread_blocked, id=6252, stack(0x000000a214e00000,0x000000a214f00000)]
  0x0000023b31e029e0 JavaThread "Unconstrained build operations Thread 63" [_thread_blocked, id=3264, stack(0x000000a214f00000,0x000000a215000000)]
  0x0000023b31e00360 JavaThread "Unconstrained build operations Thread 64" [_thread_blocked, id=1696, stack(0x000000a215000000,0x000000a215100000)]
  0x0000023b31e03380 JavaThread "Unconstrained build operations Thread 65" [_thread_blocked, id=2436, stack(0x000000a215100000,0x000000a215200000)]
  0x0000023b31dfdce0 JavaThread "Unconstrained build operations Thread 66" [_thread_blocked, id=5980, stack(0x000000a215200000,0x000000a215300000)]
  0x0000023b31dfe1b0 JavaThread "Unconstrained build operations Thread 67" [_thread_blocked, id=5512, stack(0x000000a215300000,0x000000a215400000)]
  0x0000023b31e03850 JavaThread "Unconstrained build operations Thread 68" [_thread_blocked, id=1772, stack(0x000000a215400000,0x000000a215500000)]
  0x0000023b31dffe90 JavaThread "Unconstrained build operations Thread 69" [_thread_blocked, id=4260, stack(0x000000a215500000,0x000000a215600000)]
  0x0000023b31e00830 JavaThread "Unconstrained build operations Thread 70" [_thread_blocked, id=3060, stack(0x000000a215600000,0x000000a215700000)]
  0x0000023b31e016a0 JavaThread "Unconstrained build operations Thread 71" [_thread_blocked, id=8680, stack(0x000000a215700000,0x000000a215800000)]
  0x0000023b31e02510 JavaThread "Unconstrained build operations Thread 72" [_thread_blocked, id=6972, stack(0x000000a215800000,0x000000a215900000)]
  0x0000023b31e041f0 JavaThread "Unconstrained build operations Thread 73" [_thread_blocked, id=264, stack(0x000000a215900000,0x000000a215a00000)]
  0x0000023b31dfeb50 JavaThread "Unconstrained build operations Thread 74" [_thread_blocked, id=7892, stack(0x000000a215a00000,0x000000a215b00000)]
  0x0000023b31e02040 JavaThread "Unconstrained build operations Thread 75" [_thread_blocked, id=7180, stack(0x000000a215b00000,0x000000a215c00000)]
  0x0000023b31e046c0 JavaThread "Unconstrained build operations Thread 76" [_thread_blocked, id=8016, stack(0x000000a215c00000,0x000000a215d00000)]
  0x0000023b31e011d0 JavaThread "Unconstrained build operations Thread 77" [_thread_blocked, id=11848, stack(0x000000a215d00000,0x000000a215e00000)]
  0x0000023b31e01b70 JavaThread "Unconstrained build operations Thread 78" [_thread_blocked, id=1916, stack(0x000000a215e00000,0x000000a215f00000)]
  0x0000023b31e04b90 JavaThread "Unconstrained build operations Thread 79" [_thread_blocked, id=1780, stack(0x000000a215f00000,0x000000a216000000)]
  0x0000023b31dfd340 JavaThread "Unconstrained build operations Thread 80" [_thread_blocked, id=5676, stack(0x000000a216000000,0x000000a216100000)]
  0x0000023b31dff020 JavaThread "jar transforms Thread 6" [_thread_blocked, id=7248, stack(0x000000a216100000,0x000000a216200000)]
  0x0000023b31dff4f0 JavaThread "jar transforms Thread 7" [_thread_blocked, id=652, stack(0x000000a216200000,0x000000a216300000)]
  0x0000023b3445d0e0 JavaThread "jar transforms Thread 8" [_thread_blocked, id=1400, stack(0x000000a216300000,0x000000a216400000)]
  0x0000023b3445e420 JavaThread "build event listener" [_thread_blocked, id=8372, stack(0x000000a216400000,0x000000a216500000)]
  0x0000023b3445f760 JavaThread "Memory manager" [_thread_blocked, id=11764, stack(0x000000a216500000,0x000000a216600000)]
  0x0000023b3445e8f0 JavaThread "build event listener" [_thread_blocked, id=9344, stack(0x000000a216700000,0x000000a216800000)]
  0x0000023b3445edc0 JavaThread "build event listener" [_thread_blocked, id=1304, stack(0x000000a216800000,0x000000a216900000)]
  0x0000023b373120f0 JavaThread "pool-3-thread-1" [_thread_blocked, id=11864, stack(0x000000a216900000,0x000000a216a00000)]
  0x0000023b3730cf20 JavaThread "build event listener" [_thread_blocked, id=12548, stack(0x000000a216a00000,0x000000a216b00000)]
  0x0000023b37311750 JavaThread "included builds" [_thread_blocked, id=6712, stack(0x000000a216b00000,0x000000a216c00000)]
  0x0000023b37313430 JavaThread "Execution worker" [_thread_blocked, id=5516, stack(0x000000a216c00000,0x000000a216d00000)]
  0x0000023b37310410 JavaThread "Execution worker Thread 2" [_thread_blocked, id=8984, stack(0x000000a216d00000,0x000000a216e00000)]
  0x0000023b37312f60 JavaThread "Execution worker Thread 3" [_thread_blocked, id=1808, stack(0x000000a216e00000,0x000000a216f00000)]
  0x0000023b37311c20 JavaThread "Execution worker Thread 4" [_thread_blocked, id=1664, stack(0x000000a216f00000,0x000000a217000000)]
  0x0000023b3730ff40 JavaThread "Execution worker Thread 5" [_thread_blocked, id=10480, stack(0x000000a217000000,0x000000a217100000)]
  0x0000023b3730d3f0 JavaThread "Execution worker Thread 6" [_thread_blocked, id=3588, stack(0x000000a217100000,0x000000a217200000)]
  0x0000023b373108e0 JavaThread "Execution worker Thread 7" [_thread_blocked, id=10236, stack(0x000000a217200000,0x000000a217300000)]
  0x0000023b373125c0 JavaThread "Cache worker for execution history cache (C:\Users\samuc\Desktop\BosquePanetteriaApp\.gradle\8.0\executionHistory)" [_thread_blocked, id=11944, stack(0x000000a217300000,0x000000a217400000)]
  0x0000023b37313dd0 JavaThread "WorkerExecutor Queue" [_thread_blocked, id=2344, stack(0x000000a217400000,0x000000a217500000)]
  0x0000023b373142a0 JavaThread "WorkerExecutor Queue Thread 2" [_thread_blocked, id=9484, stack(0x000000a217500000,0x000000a217600000)]
  0x0000023b395bc520 JavaThread "WorkerExecutor Queue Thread 3" [_thread_blocked, id=4676, stack(0x000000a217600000,0x000000a217700000)]
  0x0000023b395b8b60 JavaThread "pool-4-thread-1" [_thread_blocked, id=7696, stack(0x000000a217700000,0x000000a217800000)]
  0x0000023b395ba840 JavaThread "stderr" [_thread_in_native, id=7472, stack(0x000000a217800000,0x000000a217900000)]
  0x0000023b395bd390 JavaThread "stdout" [_thread_in_native, id=9548, stack(0x000000a217900000,0x000000a217a00000)]
  0x0000023b395bf070 JavaThread "WorkerExecutor Queue Thread 4" [_thread_blocked, id=13080, stack(0x000000a217a00000,0x000000a217b00000)]
  0x0000023b395bad10 JavaThread "RMI Scheduler(0)" daemon [_thread_blocked, id=3064, stack(0x000000a216600000,0x000000a216700000)]
  0x0000023b395bcec0 JavaThread "RMI RenewClean-[127.0.0.1:17776,org.jetbrains.kotlin.daemon.common.LoopbackNetworkInterface$ClientLoopbackSocketFactory@4e6377ae]" daemon [_thread_blocked, id=11564, stack(0x000000a217b00000,0x000000a217c00000)]
  0x0000023b395b9500 JavaThread "RMI GC Daemon" daemon [_thread_blocked, id=12428, stack(0x000000a217c00000,0x000000a217d00000)]
  0x0000023b395bdd30 JavaThread "RMI TCP Accept-0" daemon [_thread_in_native, id=12444, stack(0x000000a217d00000,0x000000a217e00000)]
  0x0000023b395b7cf0 JavaThread "RMI Reaper" [_thread_blocked, id=12580, stack(0x000000a217e00000,0x000000a217f00000)]
  0x0000023b395b9ea0 JavaThread "RMI TCP Connection(2)-127.0.0.1" daemon [_thread_in_native, id=12572, stack(0x000000a217f00000,0x000000a218000000)]
  0x0000023b3466d4b0 JavaThread "C2 CompilerThread1" daemon [_thread_blocked, id=8944, stack(0x000000a218000000,0x000000a218100000)]
  0x0000023b34670240 JavaThread "C2 CompilerThread2" daemon [_thread_blocked, id=4076, stack(0x000000a218100000,0x000000a218200000)]
  0x0000023b395be200 JavaThread "WorkerExecutor Queue Thread 5" [_thread_blocked, id=7956, stack(0x000000a218200000,0x000000a218300000)]
  0x0000023b395ba370 JavaThread "WorkerExecutor Queue Thread 6" [_thread_blocked, id=1236, stack(0x000000a218300000,0x000000a218400000)]
  0x0000023b395bb1e0 JavaThread "WorkerExecutor Queue Thread 7" [_thread_blocked, id=4872, stack(0x000000a218400000,0x000000a218500000)]
  0x0000023b395be6d0 JavaThread "WorkerExecutor Queue Thread 8" [_thread_blocked, id=13204, stack(0x000000a218500000,0x000000a218600000)]

Other Threads:
=>0x0000023b2d151a30 VMThread "VM Thread" [stack: 0x000000a20de00000,0x000000a20df00000] [id=13144]
  0x0000023b2dde1900 WatcherThread [stack: 0x000000a20ea00000,0x000000a20eb00000] [id=13200]
  0x0000023b13349620 GCTaskThread "GC Thread#0" [stack: 0x000000a20d900000,0x000000a20da00000] [id=13124]
  0x0000023b2ea97ae0 GCTaskThread "GC Thread#1" [stack: 0x000000a20ec00000,0x000000a20ed00000] [id=13216]
  0x0000023b2e906e40 GCTaskThread "GC Thread#2" [stack: 0x000000a20ed00000,0x000000a20ee00000] [id=13220]
  0x0000023b2e28e850 GCTaskThread "GC Thread#3" [stack: 0x000000a20ee00000,0x000000a20ef00000] [id=13224]
  0x0000023b2f2c2c20 GCTaskThread "GC Thread#4" [stack: 0x000000a20ef00000,0x000000a20f000000] [id=13284]
  0x0000023b2f34a530 GCTaskThread "GC Thread#5" [stack: 0x000000a20fb00000,0x000000a20fc00000] [id=12512]
  0x0000023b2f2ff350 GCTaskThread "GC Thread#6" [stack: 0x000000a20fc00000,0x000000a20fd00000] [id=12508]
  0x0000023b307212e0 GCTaskThread "GC Thread#7" [stack: 0x000000a20fd00000,0x000000a20fe00000] [id=12504]
  0x0000023b1335a470 ConcurrentGCThread "G1 Main Marker" [stack: 0x000000a20da00000,0x000000a20db00000] [id=13128]
  0x0000023b1335b530 ConcurrentGCThread "G1 Conc#0" [stack: 0x000000a20db00000,0x000000a20dc00000] [id=13132]
  0x0000023b30705f30 ConcurrentGCThread "G1 Conc#1" [stack: 0x000000a20fe00000,0x000000a20ff00000] [id=12484]
  0x0000023b133bec40 ConcurrentGCThread "G1 Refine#0" [stack: 0x000000a20dc00000,0x000000a20dd00000] [id=13136]
  0x0000023b2cfa4710 ConcurrentGCThread "G1 Service" [stack: 0x000000a20dd00000,0x000000a20de00000] [id=13140]

Threads with active compile tasks:
C2 CompilerThread0    46046 18246       4       com.android.tools.r8.dex.l0::a (62 bytes)
C2 CompilerThread1    46046 18286       4       com.android.tools.r8.graph.q2$$Lambda$3509/0x0000000101206c38::accept (12 bytes)
C2 CompilerThread2    46046 18400       4       org.gradle.internal.snapshot.LargeChildMap::withNode (45 bytes)

VM state: at safepoint (normal execution)

VM Mutex/Monitor currently owned by a thread:  ([mutex/lock_event])
[0x0000023b132e4ea0] Threads_lock - owner thread: 0x0000023b2d151a30
[0x0000023b132e5e60] Heap_lock - owner thread: 0x0000023b37310410

Heap address: 0x0000000080000000, size: 2048 MB, Compressed Oops mode: 32-bit

CDS archive(s) not mapped
Compressed class space mapped at: 0x0000000100000000-0x0000000140000000, reserved size: 1073741824
Narrow klass base: 0x0000000000000000, Narrow klass shift: 3, Narrow klass range: 0x140000000

GC Precious Log:
 CPUs: 8 total, 8 available
 Memory: 7971M
 Large Page Support: Disabled
 NUMA Support: Disabled
 Compressed Oops: Enabled (32-bit)
 Heap Region Size: 1M
 Heap Min Capacity: 8M
 Heap Initial Capacity: 126M
 Heap Max Capacity: 2G
 Pre-touch: Disabled
 Parallel Workers: 8
 Concurrent Workers: 2
 Concurrent Refinement Workers: 8
 Periodic GC: Disabled

Heap:
 garbage-first heap   total 256000K, used 147082K [0x0000000080000000, 0x0000000100000000)
  region size 1024K, 2 young (2048K), 2 survivors (2048K)
 Metaspace       used 131248K, committed 132160K, reserved 1163264K
  class space    used 18381K, committed 18816K, reserved 1048576K

Heap Regions: E=young(eden), S=young(survivor), O=old, HS=humongous(starts), HC=humongous(continues), CS=collection set, F=free, OA=open archive, CA=closed archive, TAMS=top-at-mark-start (previous, next)
|   0|0x0000000080000000, 0x0000000080100000, 0x0000000080100000|100%|HS|  |TAMS 0x0000000080100000, 0x0000000080000000| Complete 
|   1|0x0000000080100000, 0x0000000080200000, 0x0000000080200000|100%|HC|  |TAMS 0x0000000080200000, 0x0000000080100000| Complete 
|   2|0x0000000080200000, 0x0000000080300000, 0x0000000080300000|100%|HC|  |TAMS 0x0000000080300000, 0x0000000080200000| Complete 
|   3|0x0000000080300000, 0x0000000080400000, 0x0000000080400000|100%|HC|  |TAMS 0x0000000080400000, 0x0000000080300000| Complete 
|   4|0x0000000080400000, 0x0000000080500000, 0x0000000080500000|100%| O|  |TAMS 0x0000000080500000, 0x0000000080400000| Untracked 
|   5|0x0000000080500000, 0x0000000080600000, 0x0000000080600000|100%| O|  |TAMS 0x0000000080600000, 0x0000000080500000| Untracked 
|   6|0x0000000080600000, 0x0000000080700000, 0x0000000080700000|100%| O|  |TAMS 0x0000000080700000, 0x0000000080600000| Untracked 
|   7|0x0000000080700000, 0x0000000080800000, 0x0000000080800000|100%| O|  |TAMS 0x0000000080800000, 0x0000000080700000| Untracked 
|   8|0x0000000080800000, 0x0000000080900000, 0x0000000080900000|100%| O|  |TAMS 0x0000000080900000, 0x0000000080800000| Untracked 
|   9|0x0000000080900000, 0x0000000080a00000, 0x0000000080a00000|100%| O|  |TAMS 0x0000000080a00000, 0x0000000080900000| Untracked 
|  10|0x0000000080a00000, 0x0000000080b00000, 0x0000000080b00000|100%| O|  |TAMS 0x0000000080b00000, 0x0000000080a00000| Untracked 
|  11|0x0000000080b00000, 0x0000000080c00000, 0x0000000080c00000|100%| O|  |TAMS 0x0000000080c00000, 0x0000000080b00000| Untracked 
|  12|0x0000000080c00000, 0x0000000080d00000, 0x0000000080d00000|100%| O|  |TAMS 0x0000000080d00000, 0x0000000080c00000| Untracked 
|  13|0x0000000080d00000, 0x0000000080e00000, 0x0000000080e00000|100%| O|  |TAMS 0x0000000080e00000, 0x0000000080d00000| Untracked 
|  14|0x0000000080e00000, 0x0000000080f00000, 0x0000000080f00000|100%| O|  |TAMS 0x0000000080f00000, 0x0000000080e00000| Untracked 
|  15|0x0000000080f00000, 0x0000000081000000, 0x0000000081000000|100%| O|  |TAMS 0x0000000081000000, 0x0000000080f00000| Untracked 
|  16|0x0000000081000000, 0x0000000081100000, 0x0000000081100000|100%| O|  |TAMS 0x0000000081100000, 0x0000000081000000| Untracked 
|  17|0x0000000081100000, 0x0000000081200000, 0x0000000081200000|100%| O|  |TAMS 0x0000000081200000, 0x0000000081100000| Untracked 
|  18|0x0000000081200000, 0x0000000081300000, 0x0000000081300000|100%| O|  |TAMS 0x0000000081300000, 0x0000000081200000| Untracked 
|  19|0x0000000081300000, 0x0000000081400000, 0x0000000081400000|100%| O|  |TAMS 0x0000000081400000, 0x0000000081300000| Untracked 
|  20|0x0000000081400000, 0x0000000081500000, 0x0000000081500000|100%| O|  |TAMS 0x0000000081500000, 0x0000000081400000| Untracked 
|  21|0x0000000081500000, 0x0000000081600000, 0x0000000081600000|100%| O|  |TAMS 0x0000000081600000, 0x0000000081500000| Untracked 
|  22|0x0000000081600000, 0x0000000081700000, 0x0000000081700000|100%| O|  |TAMS 0x0000000081700000, 0x0000000081600000| Untracked 
|  23|0x0000000081700000, 0x0000000081800000, 0x0000000081800000|100%| O|  |TAMS 0x0000000081800000, 0x0000000081700000| Untracked 
|  24|0x0000000081800000, 0x0000000081900000, 0x0000000081900000|100%| O|  |TAMS 0x0000000081900000, 0x0000000081800000| Untracked 
|  25|0x0000000081900000, 0x0000000081a00000, 0x0000000081a00000|100%| O|  |TAMS 0x0000000081a00000, 0x0000000081900000| Untracked 
|  26|0x0000000081a00000, 0x0000000081b00000, 0x0000000081b00000|100%| O|  |TAMS 0x0000000081b00000, 0x0000000081a00000| Untracked 
|  27|0x0000000081b00000, 0x0000000081c00000, 0x0000000081c00000|100%| O|  |TAMS 0x0000000081c00000, 0x0000000081b00000| Untracked 
|  28|0x0000000081c00000, 0x0000000081d00000, 0x0000000081d00000|100%| O|  |TAMS 0x0000000081d00000, 0x0000000081c00000| Untracked 
|  29|0x0000000081d00000, 0x0000000081e00000, 0x0000000081e00000|100%| O|  |TAMS 0x0000000081e00000, 0x0000000081d00000| Untracked 
|  30|0x0000000081e00000, 0x0000000081f00000, 0x0000000081f00000|100%| O|  |TAMS 0x0000000081f00000, 0x0000000081e00000| Untracked 
|  31|0x0000000081f00000, 0x0000000082000000, 0x0000000082000000|100%|HS|  |TAMS 0x0000000082000000, 0x0000000081f00000| Complete 
|  32|0x0000000082000000, 0x0000000082100000, 0x0000000082100000|100%|HS|  |TAMS 0x0000000082100000, 0x0000000082000000| Complete 
|  33|0x0000000082100000, 0x0000000082200000, 0x0000000082200000|100%|HS|  |TAMS 0x0000000082200000, 0x0000000082100000| Complete 
|  34|0x0000000082200000, 0x0000000082300000, 0x0000000082300000|100%|HS|  |TAMS 0x0000000082300000, 0x0000000082200000| Complete 
|  35|0x0000000082300000, 0x0000000082400000, 0x0000000082400000|100%|HC|  |TAMS 0x0000000082400000, 0x0000000082300000| Complete 
|  36|0x0000000082400000, 0x0000000082500000, 0x0000000082500000|100%| O|  |TAMS 0x0000000082500000, 0x0000000082400000| Untracked 
|  37|0x0000000082500000, 0x0000000082600000, 0x0000000082600000|100%| O|  |TAMS 0x0000000082600000, 0x0000000082500000| Untracked 
|  38|0x0000000082600000, 0x0000000082700000, 0x0000000082700000|100%| O|  |TAMS 0x0000000082700000, 0x0000000082600000| Untracked 
|  39|0x0000000082700000, 0x0000000082800000, 0x0000000082800000|100%| O|  |TAMS 0x0000000082800000, 0x0000000082700000| Untracked 
|  40|0x0000000082800000, 0x0000000082900000, 0x0000000082900000|100%|HS|  |TAMS 0x0000000082900000, 0x0000000082800000| Complete 
|  41|0x0000000082900000, 0x0000000082a00000, 0x0000000082a00000|100%|HC|  |TAMS 0x0000000082a00000, 0x0000000082900000| Complete 
|  42|0x0000000082a00000, 0x0000000082b00000, 0x0000000082b00000|100%|HC|  |TAMS 0x0000000082b00000, 0x0000000082a00000| Complete 
|  43|0x0000000082b00000, 0x0000000082c00000, 0x0000000082c00000|100%|HC|  |TAMS 0x0000000082c00000, 0x0000000082b00000| Complete 
|  44|0x0000000082c00000, 0x0000000082d00000, 0x0000000082d00000|100%| O|  |TAMS 0x0000000082d00000, 0x0000000082c00000| Untracked 
|  45|0x0000000082d00000, 0x0000000082e00000, 0x0000000082e00000|100%| O|  |TAMS 0x0000000082e00000, 0x0000000082d00000| Untracked 
|  46|0x0000000082e00000, 0x0000000082f00000, 0x0000000082f00000|100%| O|  |TAMS 0x0000000082f00000, 0x0000000082e00000| Untracked 
|  47|0x0000000082f00000, 0x0000000083000000, 0x0000000083000000|100%| O|  |TAMS 0x0000000083000000, 0x0000000082f00000| Untracked 
|  48|0x0000000083000000, 0x0000000083100000, 0x0000000083100000|100%| O|  |TAMS 0x0000000083100000, 0x0000000083000000| Untracked 
|  49|0x0000000083100000, 0x0000000083200000, 0x0000000083200000|100%| O|  |TAMS 0x0000000083100000, 0x0000000083100000| Untracked 
|  50|0x0000000083200000, 0x0000000083300000, 0x0000000083300000|100%| O|  |TAMS 0x0000000083300000, 0x0000000083200000| Untracked 
|  51|0x0000000083300000, 0x0000000083400000, 0x0000000083400000|100%| O|  |TAMS 0x0000000083400000, 0x0000000083300000| Untracked 
|  52|0x0000000083400000, 0x0000000083500000, 0x0000000083500000|100%| O|  |TAMS 0x0000000083500000, 0x0000000083400000| Untracked 
|  53|0x0000000083500000, 0x0000000083600000, 0x0000000083600000|100%| O|  |TAMS 0x0000000083600000, 0x0000000083500000| Untracked 
|  54|0x0000000083600000, 0x0000000083700000, 0x0000000083700000|100%| O|  |TAMS 0x0000000083700000, 0x0000000083600000| Untracked 
|  55|0x0000000083700000, 0x0000000083800000, 0x0000000083800000|100%| O|  |TAMS 0x0000000083800000, 0x0000000083700000| Untracked 
|  56|0x0000000083800000, 0x0000000083900000, 0x0000000083900000|100%| O|  |TAMS 0x0000000083900000, 0x0000000083800000| Untracked 
|  57|0x0000000083900000, 0x0000000083a00000, 0x0000000083a00000|100%| O|  |TAMS 0x0000000083a00000, 0x0000000083900000| Untracked 
|  58|0x0000000083a00000, 0x0000000083b00000, 0x0000000083b00000|100%| O|  |TAMS 0x0000000083b00000, 0x0000000083a00000| Untracked 
|  59|0x0000000083b00000, 0x0000000083c00000, 0x0000000083c00000|100%| O|  |TAMS 0x0000000083c00000, 0x0000000083b00000| Untracked 
|  60|0x0000000083c00000, 0x0000000083d00000, 0x0000000083d00000|100%| O|  |TAMS 0x0000000083d00000, 0x0000000083c00000| Untracked 
|  61|0x0000000083d00000, 0x0000000083e00000, 0x0000000083e00000|100%| O|  |TAMS 0x0000000083e00000, 0x0000000083d00000| Untracked 
|  62|0x0000000083e00000, 0x0000000083f00000, 0x0000000083f00000|100%| O|  |TAMS 0x0000000083f00000, 0x0000000083e00000| Untracked 
|  63|0x0000000083f00000, 0x0000000084000000, 0x0000000084000000|100%| O|  |TAMS 0x0000000084000000, 0x0000000083f00000| Untracked 
|  64|0x0000000084000000, 0x0000000084100000, 0x0000000084100000|100%| O|  |TAMS 0x0000000084100000, 0x0000000084000000| Untracked 
|  65|0x0000000084100000, 0x0000000084200000, 0x0000000084200000|100%| O|  |TAMS 0x0000000084200000, 0x0000000084100000| Untracked 
|  66|0x0000000084200000, 0x0000000084300000, 0x0000000084300000|100%| O|  |TAMS 0x0000000084300000, 0x0000000084200000| Untracked 
|  67|0x0000000084300000, 0x0000000084400000, 0x0000000084400000|100%| O|  |TAMS 0x0000000084400000, 0x0000000084300000| Untracked 
|  68|0x0000000084400000, 0x0000000084500000, 0x0000000084500000|100%| O|  |TAMS 0x0000000084400000, 0x0000000084400000| Untracked 
|  69|0x0000000084500000, 0x0000000084600000, 0x0000000084600000|100%| O|  |TAMS 0x0000000084600000, 0x0000000084500000| Untracked 
|  70|0x0000000084600000, 0x0000000084700000, 0x0000000084700000|100%| O|  |TAMS 0x0000000084700000, 0x0000000084600000| Untracked 
|  71|0x0000000084700000, 0x0000000084800000, 0x0000000084800000|100%| O|  |TAMS 0x0000000084800000, 0x0000000084700000| Untracked 
|  72|0x0000000084800000, 0x0000000084900000, 0x0000000084900000|100%| O|  |TAMS 0x0000000084900000, 0x0000000084800000| Untracked 
|  73|0x0000000084900000, 0x0000000084a00000, 0x0000000084a00000|100%| O|  |TAMS 0x000000008494fe00, 0x0000000084900000| Untracked 
|  74|0x0000000084a00000, 0x0000000084b00000, 0x0000000084b00000|100%| O|  |TAMS 0x0000000084a00000, 0x0000000084a00000| Untracked 
|  75|0x0000000084b00000, 0x0000000084c00000, 0x0000000084c00000|100%| O|  |TAMS 0x0000000084b00000, 0x0000000084b00000| Untracked 
|  76|0x0000000084c00000, 0x0000000084d00000, 0x0000000084d00000|100%| O|  |TAMS 0x0000000084c00000, 0x0000000084c00000| Untracked 
|  77|0x0000000084d00000, 0x0000000084e00000, 0x0000000084e00000|100%| O|  |TAMS 0x0000000084d00000, 0x0000000084d00000| Untracked 
|  78|0x0000000084e00000, 0x0000000084f00000, 0x0000000084f00000|100%| O|  |TAMS 0x0000000084e00000, 0x0000000084e00000| Untracked 
|  79|0x0000000084f00000, 0x0000000085000000, 0x0000000085000000|100%| O|  |TAMS 0x0000000084f00000, 0x0000000084f00000| Untracked 
|  80|0x0000000085000000, 0x0000000085100000, 0x0000000085100000|100%| O|  |TAMS 0x0000000085000000, 0x0000000085000000| Untracked 
|  81|0x0000000085100000, 0x0000000085200000, 0x0000000085200000|100%| O|  |TAMS 0x0000000085100000, 0x0000000085100000| Untracked 
|  82|0x0000000085200000, 0x0000000085300000, 0x0000000085300000|100%| O|  |TAMS 0x0000000085200000, 0x0000000085200000| Untracked 
|  83|0x0000000085300000, 0x0000000085400000, 0x0000000085400000|100%| O|  |TAMS 0x0000000085300000, 0x0000000085300000| Untracked 
|  84|0x0000000085400000, 0x0000000085500000, 0x0000000085500000|100%| O|  |TAMS 0x0000000085400000, 0x0000000085400000| Untracked 
|  85|0x0000000085500000, 0x0000000085600000, 0x0000000085600000|100%| O|  |TAMS 0x0000000085500000, 0x0000000085500000| Untracked 
|  86|0x0000000085600000, 0x0000000085700000, 0x0000000085700000|100%| O|  |TAMS 0x0000000085600000, 0x0000000085600000| Untracked 
|  87|0x0000000085700000, 0x0000000085800000, 0x0000000085800000|100%| O|  |TAMS 0x0000000085700000, 0x0000000085700000| Untracked 
|  88|0x0000000085800000, 0x0000000085900000, 0x0000000085900000|100%| O|  |TAMS 0x0000000085800000, 0x0000000085800000| Untracked 
|  89|0x0000000085900000, 0x0000000085a00000, 0x0000000085a00000|100%| O|  |TAMS 0x0000000085900000, 0x0000000085900000| Untracked 
|  90|0x0000000085a00000, 0x0000000085b00000, 0x0000000085b00000|100%| O|  |TAMS 0x0000000085a00000, 0x0000000085a00000| Untracked 
|  91|0x0000000085b00000, 0x0000000085c00000, 0x0000000085c00000|100%| O|  |TAMS 0x0000000085b00000, 0x0000000085b00000| Untracked 
|  92|0x0000000085c00000, 0x0000000085d00000, 0x0000000085d00000|100%| O|  |TAMS 0x0000000085c00000, 0x0000000085c00000| Untracked 
|  93|0x0000000085d00000, 0x0000000085e00000, 0x0000000085e00000|100%| O|  |TAMS 0x0000000085d00000, 0x0000000085d00000| Untracked 
|  94|0x0000000085e00000, 0x0000000085f00000, 0x0000000085f00000|100%| O|  |TAMS 0x0000000085e00000, 0x0000000085e00000| Untracked 
|  95|0x0000000085f00000, 0x0000000086000000, 0x0000000086000000|100%| O|  |TAMS 0x0000000085f00000, 0x0000000085f00000| Untracked 
|  96|0x0000000086000000, 0x0000000086100000, 0x0000000086100000|100%| O|  |TAMS 0x0000000086000000, 0x0000000086000000| Untracked 
|  97|0x0000000086100000, 0x0000000086200000, 0x0000000086200000|100%| O|  |TAMS 0x0000000086100000, 0x0000000086100000| Untracked 
|  98|0x0000000086200000, 0x0000000086300000, 0x0000000086300000|100%| O|  |TAMS 0x0000000086200000, 0x0000000086200000| Untracked 
|  99|0x0000000086300000, 0x0000000086400000, 0x0000000086400000|100%| O|  |TAMS 0x0000000086300000, 0x0000000086300000| Untracked 
| 100|0x0000000086400000, 0x0000000086500000, 0x0000000086500000|100%| O|  |TAMS 0x0000000086400000, 0x0000000086400000| Untracked 
| 101|0x0000000086500000, 0x0000000086600000, 0x0000000086600000|100%| O|  |TAMS 0x0000000086500000, 0x0000000086500000| Untracked 
| 102|0x0000000086600000, 0x0000000086700000, 0x0000000086700000|100%| O|  |TAMS 0x0000000086600000, 0x0000000086600000| Untracked 
| 103|0x0000000086700000, 0x0000000086800000, 0x0000000086800000|100%| O|  |TAMS 0x0000000086700000, 0x0000000086700000| Untracked 
| 104|0x0000000086800000, 0x0000000086900000, 0x0000000086900000|100%| O|  |TAMS 0x0000000086800000, 0x0000000086800000| Untracked 
| 105|0x0000000086900000, 0x0000000086a00000, 0x0000000086a00000|100%| O|  |TAMS 0x0000000086900000, 0x0000000086900000| Untracked 
| 106|0x0000000086a00000, 0x0000000086b00000, 0x0000000086b00000|100%| O|  |TAMS 0x0000000086a00000, 0x0000000086a00000| Untracked 
| 107|0x0000000086b00000, 0x0000000086c00000, 0x0000000086c00000|100%| O|  |TAMS 0x0000000086b00000, 0x0000000086b00000| Untracked 
| 108|0x0000000086c00000, 0x0000000086d00000, 0x0000000086d00000|100%| O|  |TAMS 0x0000000086c00000, 0x0000000086c00000| Untracked 
| 109|0x0000000086d00000, 0x0000000086e00000, 0x0000000086e00000|100%| O|  |TAMS 0x0000000086d00000, 0x0000000086d00000| Untracked 
| 110|0x0000000086e00000, 0x0000000086f00000, 0x0000000086f00000|100%| O|  |TAMS 0x0000000086e00000, 0x0000000086e00000| Untracked 
| 111|0x0000000086f00000, 0x0000000087000000, 0x0000000087000000|100%| O|  |TAMS 0x0000000086f00000, 0x0000000086f00000| Untracked 
| 112|0x0000000087000000, 0x0000000087100000, 0x0000000087100000|100%| O|  |TAMS 0x0000000087000000, 0x0000000087000000| Untracked 
| 113|0x0000000087100000, 0x0000000087200000, 0x0000000087200000|100%| O|  |TAMS 0x0000000087100000, 0x0000000087100000| Untracked 
| 114|0x0000000087200000, 0x0000000087300000, 0x0000000087300000|100%| O|  |TAMS 0x0000000087200000, 0x0000000087200000| Untracked 
| 115|0x0000000087300000, 0x0000000087400000, 0x0000000087400000|100%| O|  |TAMS 0x0000000087300000, 0x0000000087300000| Untracked 
| 116|0x0000000087400000, 0x0000000087500000, 0x0000000087500000|100%| O|  |TAMS 0x0000000087400000, 0x0000000087400000| Untracked 
| 117|0x0000000087500000, 0x0000000087600000, 0x0000000087600000|100%| O|  |TAMS 0x0000000087500000, 0x0000000087500000| Untracked 
| 118|0x0000000087600000, 0x0000000087700000, 0x0000000087700000|100%| O|  |TAMS 0x0000000087600000, 0x0000000087600000| Untracked 
| 119|0x0000000087700000, 0x0000000087800000, 0x0000000087800000|100%| O|  |TAMS 0x0000000087700000, 0x0000000087700000| Untracked 
| 120|0x0000000087800000, 0x0000000087900000, 0x0000000087900000|100%| O|  |TAMS 0x0000000087800000, 0x0000000087800000| Untracked 
| 121|0x0000000087900000, 0x0000000087a00000, 0x0000000087a00000|100%| O|  |TAMS 0x0000000087900000, 0x0000000087900000| Untracked 
| 122|0x0000000087a00000, 0x0000000087b00000, 0x0000000087b00000|100%| O|  |TAMS 0x0000000087a00000, 0x0000000087a00000| Untracked 
| 123|0x0000000087b00000, 0x0000000087c00000, 0x0000000087c00000|100%| O|  |TAMS 0x0000000087b00000, 0x0000000087b00000| Untracked 
| 124|0x0000000087c00000, 0x0000000087d00000, 0x0000000087d00000|100%| O|  |TAMS 0x0000000087c00000, 0x0000000087c00000| Untracked 
| 125|0x0000000087d00000, 0x0000000087e00000, 0x0000000087e00000|100%| O|  |TAMS 0x0000000087d00000, 0x0000000087d00000| Untracked 
| 126|0x0000000087e00000, 0x0000000087f00000, 0x0000000087f00000|100%| O|  |TAMS 0x0000000087e00000, 0x0000000087e00000| Untracked 
| 127|0x0000000087f00000, 0x0000000088000000, 0x0000000088000000|100%| O|  |TAMS 0x0000000087f00000, 0x0000000087f00000| Untracked 
| 128|0x0000000088000000, 0x0000000088100000, 0x0000000088100000|100%| O|  |TAMS 0x0000000088000000, 0x0000000088000000| Untracked 
| 129|0x0000000088100000, 0x0000000088200000, 0x0000000088200000|100%| O|  |TAMS 0x0000000088100000, 0x0000000088100000| Untracked 
| 130|0x0000000088200000, 0x0000000088300000, 0x0000000088300000|100%| O|  |TAMS 0x0000000088200000, 0x0000000088200000| Untracked 
| 131|0x0000000088300000, 0x0000000088400000, 0x0000000088400000|100%| O|  |TAMS 0x0000000088300000, 0x0000000088300000| Untracked 
| 132|0x0000000088400000, 0x0000000088500000, 0x0000000088500000|100%| O|  |TAMS 0x0000000088400000, 0x0000000088400000| Untracked 
| 133|0x0000000088500000, 0x0000000088600000, 0x0000000088600000|100%| O|  |TAMS 0x0000000088500000, 0x0000000088500000| Untracked 
| 134|0x0000000088600000, 0x0000000088700000, 0x0000000088700000|100%| O|  |TAMS 0x0000000088600000, 0x0000000088600000| Untracked 
| 135|0x0000000088700000, 0x0000000088800000, 0x0000000088800000|100%| O|  |TAMS 0x0000000088700000, 0x0000000088700000| Untracked 
| 136|0x0000000088800000, 0x0000000088900000, 0x0000000088900000|100%| O|  |TAMS 0x0000000088800000, 0x0000000088800000| Untracked 
| 137|0x0000000088900000, 0x0000000088a00000, 0x0000000088a00000|100%| O|  |TAMS 0x0000000088900000, 0x0000000088900000| Untracked 
| 138|0x0000000088a00000, 0x0000000088b00000, 0x0000000088b00000|100%| O|  |TAMS 0x0000000088a00000, 0x0000000088a00000| Untracked 
| 139|0x0000000088b00000, 0x0000000088c00000, 0x0000000088c00000|100%| O|  |TAMS 0x0000000088b00000, 0x0000000088b00000| Untracked 
| 140|0x0000000088c00000, 0x0000000088d00000, 0x0000000088d00000|100%| O|  |TAMS 0x0000000088c00000, 0x0000000088c00000| Untracked 
| 141|0x0000000088d00000, 0x0000000088dd4c00, 0x0000000088e00000| 83%| O|  |TAMS 0x0000000088d00000, 0x0000000088d00000| Untracked 
| 142|0x0000000088e00000, 0x0000000088e00000, 0x0000000088f00000|  0%| F|  |TAMS 0x0000000088e00000, 0x0000000088e00000| Untracked 
| 143|0x0000000088f00000, 0x0000000088f00000, 0x0000000089000000|  0%| F|  |TAMS 0x0000000088f00000, 0x0000000088f00000| Untracked 
| 144|0x0000000089000000, 0x0000000089000000, 0x0000000089100000|  0%| F|  |TAMS 0x0000000089000000, 0x0000000089000000| Untracked 
| 145|0x0000000089100000, 0x0000000089100000, 0x0000000089200000|  0%| F|  |TAMS 0x0000000089100000, 0x0000000089100000| Untracked 
| 146|0x0000000089200000, 0x0000000089200000, 0x0000000089300000|  0%| F|  |TAMS 0x0000000089200000, 0x0000000089200000| Untracked 
| 147|0x0000000089300000, 0x0000000089300000, 0x0000000089400000|  0%| F|  |TAMS 0x0000000089300000, 0x0000000089300000| Untracked 
| 148|0x0000000089400000, 0x0000000089400000, 0x0000000089500000|  0%| F|  |TAMS 0x0000000089400000, 0x0000000089400000| Untracked 
| 149|0x0000000089500000, 0x0000000089500000, 0x0000000089600000|  0%| F|  |TAMS 0x0000000089500000, 0x0000000089500000| Untracked 
| 150|0x0000000089600000, 0x0000000089600000, 0x0000000089700000|  0%| F|  |TAMS 0x0000000089600000, 0x0000000089600000| Untracked 
| 151|0x0000000089700000, 0x0000000089700000, 0x0000000089800000|  0%| F|  |TAMS 0x0000000089700000, 0x0000000089700000| Untracked 
| 152|0x0000000089800000, 0x0000000089800000, 0x0000000089900000|  0%| F|  |TAMS 0x0000000089800000, 0x0000000089800000| Untracked 
| 153|0x0000000089900000, 0x0000000089900000, 0x0000000089a00000|  0%| F|  |TAMS 0x0000000089900000, 0x0000000089900000| Untracked 
| 154|0x0000000089a00000, 0x0000000089a00000, 0x0000000089b00000|  0%| F|  |TAMS 0x0000000089a00000, 0x0000000089a00000| Untracked 
| 155|0x0000000089b00000, 0x0000000089b00000, 0x0000000089c00000|  0%| F|  |TAMS 0x0000000089b00000, 0x0000000089b00000| Untracked 
| 156|0x0000000089c00000, 0x0000000089c00000, 0x0000000089d00000|  0%| F|  |TAMS 0x0000000089c00000, 0x0000000089c00000| Untracked 
| 157|0x0000000089d00000, 0x0000000089d00000, 0x0000000089e00000|  0%| F|  |TAMS 0x0000000089d00000, 0x0000000089d00000| Untracked 
| 158|0x0000000089e00000, 0x0000000089e00000, 0x0000000089f00000|  0%| F|  |TAMS 0x0000000089e00000, 0x0000000089e00000| Untracked 
| 159|0x0000000089f00000, 0x0000000089f00000, 0x000000008a000000|  0%| F|  |TAMS 0x0000000089f00000, 0x0000000089f00000| Untracked 
| 160|0x000000008a000000, 0x000000008a000000, 0x000000008a100000|  0%| F|  |TAMS 0x000000008a000000, 0x000000008a000000| Untracked 
| 161|0x000000008a100000, 0x000000008a100000, 0x000000008a200000|  0%| F|  |TAMS 0x000000008a100000, 0x000000008a100000| Untracked 
| 162|0x000000008a200000, 0x000000008a200000, 0x000000008a300000|  0%| F|  |TAMS 0x000000008a200000, 0x000000008a200000| Untracked 
| 163|0x000000008a300000, 0x000000008a300000, 0x000000008a400000|  0%| F|  |TAMS 0x000000008a300000, 0x000000008a300000| Untracked 
| 164|0x000000008a400000, 0x000000008a400000, 0x000000008a500000|  0%| F|  |TAMS 0x000000008a400000, 0x000000008a400000| Untracked 
| 165|0x000000008a500000, 0x000000008a500000, 0x000000008a600000|  0%| F|  |TAMS 0x000000008a500000, 0x000000008a500000| Untracked 
| 166|0x000000008a600000, 0x000000008a600000, 0x000000008a700000|  0%| F|  |TAMS 0x000000008a600000, 0x000000008a600000| Untracked 
| 167|0x000000008a700000, 0x000000008a700000, 0x000000008a800000|  0%| F|  |TAMS 0x000000008a700000, 0x000000008a700000| Untracked 
| 168|0x000000008a800000, 0x000000008a800000, 0x000000008a900000|  0%| F|  |TAMS 0x000000008a800000, 0x000000008a800000| Untracked 
| 169|0x000000008a900000, 0x000000008a900000, 0x000000008aa00000|  0%| F|  |TAMS 0x000000008a900000, 0x000000008a900000| Untracked 
| 170|0x000000008aa00000, 0x000000008aa00000, 0x000000008ab00000|  0%| F|  |TAMS 0x000000008aa00000, 0x000000008aa00000| Untracked 
| 171|0x000000008ab00000, 0x000000008ab00000, 0x000000008ac00000|  0%| F|  |TAMS 0x000000008ab00000, 0x000000008ab00000| Untracked 
| 172|0x000000008ac00000, 0x000000008ac00000, 0x000000008ad00000|  0%| F|  |TAMS 0x000000008ac00000, 0x000000008ac00000| Untracked 
| 173|0x000000008ad00000, 0x000000008ad00000, 0x000000008ae00000|  0%| F|  |TAMS 0x000000008ad00000, 0x000000008ad00000| Untracked 
| 174|0x000000008ae00000, 0x000000008ae00000, 0x000000008af00000|  0%| F|  |TAMS 0x000000008ae00000, 0x000000008ae00000| Untracked 
| 175|0x000000008af00000, 0x000000008af00000, 0x000000008b000000|  0%| F|  |TAMS 0x000000008af00000, 0x000000008af00000| Untracked 
| 176|0x000000008b000000, 0x000000008b000000, 0x000000008b100000|  0%| F|  |TAMS 0x000000008b000000, 0x000000008b000000| Untracked 
| 177|0x000000008b100000, 0x000000008b100000, 0x000000008b200000|  0%| F|  |TAMS 0x000000008b100000, 0x000000008b100000| Untracked 
| 178|0x000000008b200000, 0x000000008b200000, 0x000000008b300000|  0%| F|  |TAMS 0x000000008b200000, 0x000000008b200000| Untracked 
| 179|0x000000008b300000, 0x000000008b300000, 0x000000008b400000|  0%| F|  |TAMS 0x000000008b300000, 0x000000008b300000| Untracked 
| 180|0x000000008b400000, 0x000000008b400000, 0x000000008b500000|  0%| F|  |TAMS 0x000000008b400000, 0x000000008b400000| Untracked 
| 181|0x000000008b500000, 0x000000008b500000, 0x000000008b600000|  0%| F|  |TAMS 0x000000008b500000, 0x000000008b500000| Untracked 
| 182|0x000000008b600000, 0x000000008b6cddb8, 0x000000008b700000| 80%| S|CS|TAMS 0x000000008b600000, 0x000000008b600000| Complete 
| 183|0x000000008b700000, 0x000000008b700000, 0x000000008b800000|  0%| F|  |TAMS 0x000000008b700000, 0x000000008b700000| Untracked 
| 184|0x000000008b800000, 0x000000008b800000, 0x000000008b900000|  0%| F|  |TAMS 0x000000008b800000, 0x000000008b800000| Untracked 
| 185|0x000000008b900000, 0x000000008b900000, 0x000000008ba00000|  0%| F|  |TAMS 0x000000008b900000, 0x000000008b900000| Untracked 
| 186|0x000000008ba00000, 0x000000008ba00000, 0x000000008bb00000|  0%| F|  |TAMS 0x000000008ba00000, 0x000000008ba00000| Untracked 
| 187|0x000000008bb00000, 0x000000008bb00000, 0x000000008bc00000|  0%| F|  |TAMS 0x000000008bb00000, 0x000000008bb00000| Untracked 
| 188|0x000000008bc00000, 0x000000008bd00000, 0x000000008bd00000|100%| S|CS|TAMS 0x000000008bc00000, 0x000000008bc00000| Complete 
| 189|0x000000008bd00000, 0x000000008bd00000, 0x000000008be00000|  0%| F|  |TAMS 0x000000008bd00000, 0x000000008bd00000| Untracked 
| 190|0x000000008be00000, 0x000000008be00000, 0x000000008bf00000|  0%| F|  |TAMS 0x000000008be00000, 0x000000008be00000| Untracked 
| 191|0x000000008bf00000, 0x000000008bf00000, 0x000000008c000000|  0%| F|  |TAMS 0x000000008bf00000, 0x000000008bf00000| Untracked 
| 192|0x000000008c000000, 0x000000008c000000, 0x000000008c100000|  0%| F|  |TAMS 0x000000008c000000, 0x000000008c000000| Untracked 
| 193|0x000000008c100000, 0x000000008c100000, 0x000000008c200000|  0%| F|  |TAMS 0x000000008c100000, 0x000000008c100000| Untracked 
| 194|0x000000008c200000, 0x000000008c200000, 0x000000008c300000|  0%| F|  |TAMS 0x000000008c200000, 0x000000008c200000| Untracked 
| 195|0x000000008c300000, 0x000000008c300000, 0x000000008c400000|  0%| F|  |TAMS 0x000000008c300000, 0x000000008c300000| Untracked 
| 196|0x000000008c400000, 0x000000008c400000, 0x000000008c500000|  0%| F|  |TAMS 0x000000008c400000, 0x000000008c400000| Untracked 
| 197|0x000000008c500000, 0x000000008c500000, 0x000000008c600000|  0%| F|  |TAMS 0x000000008c500000, 0x000000008c500000| Untracked 
| 198|0x000000008c600000, 0x000000008c600000, 0x000000008c700000|  0%| F|  |TAMS 0x000000008c600000, 0x000000008c600000| Untracked 
| 199|0x000000008c700000, 0x000000008c700000, 0x000000008c800000|  0%| F|  |TAMS 0x000000008c700000, 0x000000008c700000| Untracked 
| 200|0x000000008c800000, 0x000000008c800000, 0x000000008c900000|  0%| F|  |TAMS 0x000000008c800000, 0x000000008c800000| Untracked 
| 201|0x000000008c900000, 0x000000008c900000, 0x000000008ca00000|  0%| F|  |TAMS 0x000000008c900000, 0x000000008c900000| Untracked 
| 202|0x000000008ca00000, 0x000000008ca00000, 0x000000008cb00000|  0%| F|  |TAMS 0x000000008ca00000, 0x000000008ca00000| Untracked 
| 203|0x000000008cb00000, 0x000000008cb00000, 0x000000008cc00000|  0%| F|  |TAMS 0x000000008cb00000, 0x000000008cb00000| Untracked 
| 204|0x000000008cc00000, 0x000000008cc00000, 0x000000008cd00000|  0%| F|  |TAMS 0x000000008cc00000, 0x000000008cc00000| Untracked 
| 205|0x000000008cd00000, 0x000000008cd00000, 0x000000008ce00000|  0%| F|  |TAMS 0x000000008cd00000, 0x000000008cd00000| Untracked 
| 206|0x000000008ce00000, 0x000000008ce00000, 0x000000008cf00000|  0%| F|  |TAMS 0x000000008ce00000, 0x000000008ce00000| Untracked 
| 207|0x000000008cf00000, 0x000000008cf00000, 0x000000008d000000|  0%| F|  |TAMS 0x000000008cf00000, 0x000000008cf00000| Untracked 
| 208|0x000000008d000000, 0x000000008d000000, 0x000000008d100000|  0%| F|  |TAMS 0x000000008d000000, 0x000000008d000000| Untracked 
| 209|0x000000008d100000, 0x000000008d100000, 0x000000008d200000|  0%| F|  |TAMS 0x000000008d100000, 0x000000008d100000| Untracked 
| 210|0x000000008d200000, 0x000000008d200000, 0x000000008d300000|  0%| F|  |TAMS 0x000000008d200000, 0x000000008d200000| Untracked 
| 211|0x000000008d300000, 0x000000008d300000, 0x000000008d400000|  0%| F|  |TAMS 0x000000008d300000, 0x000000008d300000| Untracked 
| 212|0x000000008d400000, 0x000000008d400000, 0x000000008d500000|  0%| F|  |TAMS 0x000000008d400000, 0x000000008d400000| Untracked 
| 213|0x000000008d500000, 0x000000008d500000, 0x000000008d600000|  0%| F|  |TAMS 0x000000008d500000, 0x000000008d500000| Untracked 
| 214|0x000000008d600000, 0x000000008d600000, 0x000000008d700000|  0%| F|  |TAMS 0x000000008d600000, 0x000000008d600000| Untracked 
| 215|0x000000008d700000, 0x000000008d700000, 0x000000008d800000|  0%| F|  |TAMS 0x000000008d700000, 0x000000008d700000| Untracked 
| 216|0x000000008d800000, 0x000000008d800000, 0x000000008d900000|  0%| F|  |TAMS 0x000000008d800000, 0x000000008d800000| Untracked 
| 217|0x000000008d900000, 0x000000008d900000, 0x000000008da00000|  0%| F|  |TAMS 0x000000008d900000, 0x000000008d900000| Untracked 
| 218|0x000000008da00000, 0x000000008da00000, 0x000000008db00000|  0%| F|  |TAMS 0x000000008da00000, 0x000000008da00000| Untracked 
| 219|0x000000008db00000, 0x000000008db00000, 0x000000008dc00000|  0%| F|  |TAMS 0x000000008db00000, 0x000000008db00000| Untracked 
| 220|0x000000008dc00000, 0x000000008dc00000, 0x000000008dd00000|  0%| F|  |TAMS 0x000000008dc00000, 0x000000008dc00000| Untracked 
| 221|0x000000008dd00000, 0x000000008dd00000, 0x000000008de00000|  0%| F|  |TAMS 0x000000008dd00000, 0x000000008dd00000| Untracked 
| 222|0x000000008de00000, 0x000000008de00000, 0x000000008df00000|  0%| F|  |TAMS 0x000000008de00000, 0x000000008de00000| Untracked 
| 223|0x000000008df00000, 0x000000008df00000, 0x000000008e000000|  0%| F|  |TAMS 0x000000008df00000, 0x000000008df00000| Untracked 
| 224|0x000000008e000000, 0x000000008e000000, 0x000000008e100000|  0%| F|  |TAMS 0x000000008e000000, 0x000000008e000000| Untracked 
| 225|0x000000008e100000, 0x000000008e100000, 0x000000008e200000|  0%| F|  |TAMS 0x000000008e100000, 0x000000008e100000| Untracked 
| 226|0x000000008e200000, 0x000000008e200000, 0x000000008e300000|  0%| F|  |TAMS 0x000000008e200000, 0x000000008e200000| Untracked 
| 227|0x000000008e300000, 0x000000008e300000, 0x000000008e400000|  0%| F|  |TAMS 0x000000008e300000, 0x000000008e300000| Untracked 
| 228|0x000000008e400000, 0x000000008e400000, 0x000000008e500000|  0%| F|  |TAMS 0x000000008e400000, 0x000000008e400000| Untracked 
| 229|0x000000008e500000, 0x000000008e500000, 0x000000008e600000|  0%| F|  |TAMS 0x000000008e500000, 0x000000008e500000| Untracked 
| 230|0x000000008e600000, 0x000000008e600000, 0x000000008e700000|  0%| F|  |TAMS 0x000000008e600000, 0x000000008e600000| Untracked 
| 231|0x000000008e700000, 0x000000008e700000, 0x000000008e800000|  0%| F|  |TAMS 0x000000008e700000, 0x000000008e700000| Untracked 
| 232|0x000000008e800000, 0x000000008e800000, 0x000000008e900000|  0%| F|  |TAMS 0x000000008e800000, 0x000000008e800000| Untracked 
| 233|0x000000008e900000, 0x000000008e900000, 0x000000008ea00000|  0%| F|  |TAMS 0x000000008e900000, 0x000000008e900000| Untracked 
| 234|0x000000008ea00000, 0x000000008ea00000, 0x000000008eb00000|  0%| F|  |TAMS 0x000000008ea00000, 0x000000008ea00000| Untracked 
| 235|0x000000008eb00000, 0x000000008eb00000, 0x000000008ec00000|  0%| F|  |TAMS 0x000000008eb00000, 0x000000008eb00000| Untracked 
| 236|0x000000008ec00000, 0x000000008ec00000, 0x000000008ed00000|  0%| F|  |TAMS 0x000000008ec00000, 0x000000008ec00000| Untracked 
| 237|0x000000008ed00000, 0x000000008ed00000, 0x000000008ee00000|  0%| F|  |TAMS 0x000000008ed00000, 0x000000008ed00000| Untracked 
| 238|0x000000008ee00000, 0x000000008ee00000, 0x000000008ef00000|  0%| F|  |TAMS 0x000000008ee00000, 0x000000008ee00000| Untracked 
| 239|0x000000008ef00000, 0x000000008ef00000, 0x000000008f000000|  0%| F|  |TAMS 0x000000008ef00000, 0x000000008ef00000| Untracked 
| 240|0x000000008f000000, 0x000000008f000000, 0x000000008f100000|  0%| F|  |TAMS 0x000000008f000000, 0x000000008f000000| Untracked 
| 241|0x000000008f100000, 0x000000008f100000, 0x000000008f200000|  0%| F|  |TAMS 0x000000008f100000, 0x000000008f100000| Untracked 
| 242|0x000000008f200000, 0x000000008f200000, 0x000000008f300000|  0%| F|  |TAMS 0x000000008f200000, 0x000000008f200000| Untracked 
| 243|0x000000008f300000, 0x000000008f300000, 0x000000008f400000|  0%| F|  |TAMS 0x000000008f300000, 0x000000008f300000| Untracked 
| 244|0x000000008f400000, 0x000000008f400000, 0x000000008f500000|  0%| F|  |TAMS 0x000000008f400000, 0x000000008f400000| Untracked 
| 245|0x000000008f500000, 0x000000008f500000, 0x000000008f600000|  0%| F|  |TAMS 0x000000008f500000, 0x000000008f500000| Untracked 
| 246|0x000000008f600000, 0x000000008f600000, 0x000000008f700000|  0%| F|  |TAMS 0x000000008f600000, 0x000000008f600000| Untracked 
| 247|0x000000008f700000, 0x000000008f700000, 0x000000008f800000|  0%| F|  |TAMS 0x000000008f700000, 0x000000008f700000| Untracked 
| 248|0x000000008f800000, 0x000000008f800000, 0x000000008f900000|  0%| F|  |TAMS 0x000000008f800000, 0x000000008f800000| Untracked 
| 249|0x000000008f900000, 0x000000008f900000, 0x000000008fa00000|  0%| F|  |TAMS 0x000000008f900000, 0x000000008f900000| Untracked 

Card table byte_map: [0x0000023b25ef0000,0x0000023b262f0000] _byte_map_base: 0x0000023b25af0000

Marking Bits (Prev, Next): (CMBitMap*) 0x0000023b13349b80, (CMBitMap*) 0x0000023b13349b40
 Prev Bits: [0x0000023b286f0000, 0x0000023b2a6f0000)
 Next Bits: [0x0000023b266f0000, 0x0000023b286f0000)

Polling page: 0x0000023b11250000

Metaspace:

Usage:
  Non-class:    110.22 MB used.
      Class:     17.95 MB used.
       Both:    128.17 MB used.

Virtual space:
  Non-class space:      112.00 MB reserved,     110.69 MB ( 99%) committed,  14 nodes.
      Class space:        1.00 GB reserved,      18.38 MB (  2%) committed,  1 nodes.
             Both:        1.11 GB reserved,     129.06 MB ( 11%) committed. 

Chunk freelists:
   Non-Class:  640.00 KB
       Class:  1.54 MB
        Both:  2.17 MB

MaxMetaspaceSize: unlimited
CompressedClassSpaceSize: 1.00 GB
Initial GC threshold: 21.00 MB
Current GC threshold: 141.50 MB
CDS: off
MetaspaceReclaimPolicy: balanced
 - commit_granule_bytes: 65536.
 - commit_granule_words: 8192.
 - virtual_space_node_default_size: 1048576.
 - enlarge_chunks_in_place: 1.
 - new_chunks_are_fully_committed: 0.
 - uncommit_free_chunks: 1.
 - use_allocation_guard: 0.
 - handle_deallocations: 1.


Internal statistics:

num_allocs_failed_limit: 6.
num_arena_births: 1516.
num_arena_deaths: 0.
num_vsnodes_births: 15.
num_vsnodes_deaths: 0.
num_space_committed: 2064.
num_space_uncommitted: 0.
num_chunks_returned_to_freelist: 6.
num_chunks_taken_from_freelist: 6569.
num_chunk_merges: 6.
num_chunk_splits: 4403.
num_chunks_enlarged: 3005.
num_purges: 0.
num_inconsistent_stats: 0.

CodeHeap 'non-profiled nmethods': size=120000Kb used=9016Kb max_used=9016Kb free=110983Kb
 bounds [0x0000023b1e290000, 0x0000023b1eb70000, 0x0000023b257c0000]
CodeHeap 'profiled nmethods': size=120000Kb used=29872Kb max_used=29872Kb free=90127Kb
 bounds [0x0000023b167c0000, 0x0000023b184f0000, 0x0000023b1dcf0000]
CodeHeap 'non-nmethods': size=5760Kb used=2480Kb max_used=2560Kb free=3279Kb
 bounds [0x0000023b1dcf0000, 0x0000023b1df80000, 0x0000023b1e290000]
 total_blobs=16331 nmethods=15319 adapters=924
 compilation: enabled
              stopped_count=0, restarted_count=0
 full_count=0

Compilation events (20 events):
Event: 45.950 Thread 0x0000023b2dc35770 18397       3       java.util.stream.Stream::empty (8 bytes)
Event: 45.950 Thread 0x0000023b2dc35770 nmethod 18397 0x0000023b184e5690 code [0x0000023b184e5840, 0x0000023b184e59c8]
Event: 45.950 Thread 0x0000023b2dc35770 18398       1       java.util.Spliterators$EmptySpliterator::estimateSize (2 bytes)
Event: 45.950 Thread 0x0000023b2dc35770 nmethod 18398 0x0000023b1e3d6410 code [0x0000023b1e3d65a0, 0x0000023b1e3d6678]
Event: 45.955 Thread 0x0000023b2dc35770 18401       3       org.gradle.api.internal.tasks.PropertyFileCollection::visitChildren (11 bytes)
Event: 45.955 Thread 0x0000023b2dc35770 nmethod 18401 0x0000023b184e5a90 code [0x0000023b184e5c40, 0x0000023b184e5e08]
Event: 45.955 Thread 0x0000023b2dc35770 18402       3       java.util.Spliterators$IteratorSpliterator::<init> (39 bytes)
Event: 45.955 Thread 0x0000023b2dc35770 nmethod 18402 0x0000023b184e5f10 code [0x0000023b184e60c0, 0x0000023b184e6318]
Event: 45.956 Thread 0x0000023b2dc35770 18403       3       org.gradle.api.internal.AbstractTask::compareTo (36 bytes)
Event: 45.961 Thread 0x0000023b2dc35770 nmethod 18403 0x0000023b184e6410 code [0x0000023b184e6700, 0x0000023b184e7c58]
Event: 45.963 Thread 0x0000023b34670240 nmethod 18285 0x0000023b1e80e290 code [0x0000023b1e80e600, 0x0000023b1e80ff20]
Event: 45.963 Thread 0x0000023b34670240 18399       4       org.gradle.internal.snapshot.ChildMap$Entry::handleAncestorDescendantOrExactMatch (110 bytes)
Event: 45.965 Thread 0x0000023b2dc35770 18405       3       org.gradle.internal.snapshot.AbstractInvalidateChildHandler::handleAsDescendantOfChild (7 bytes)
Event: 45.966 Thread 0x0000023b2dc35770 nmethod 18405 0x0000023b184e8390 code [0x0000023b184e86a0, 0x0000023b184e9b38]
Event: 45.966 Thread 0x0000023b2dc35770 18406       3       org.gradle.internal.snapshot.AbstractInvalidateChildHandler::handleAsDescendantOfChild (35 bytes)
Event: 45.968 Thread 0x0000023b2dc35770 nmethod 18406 0x0000023b184ea190 code [0x0000023b184ea4a0, 0x0000023b184eb858]
Event: 45.968 Thread 0x0000023b2dc35770 18407       3       org.gradle.internal.snapshot.AbstractInvalidateChildHandler$$Lambda$1063/0x0000000100d50a80::<init> (10 bytes)
Event: 45.968 Thread 0x0000023b2dc35770 nmethod 18407 0x0000023b184ebe90 code [0x0000023b184ec020, 0x0000023b184ec1d8]
Event: 45.981 Thread 0x0000023b34670240 nmethod 18399 0x0000023b1e61d510 code [0x0000023b1e61d740, 0x0000023b1e61e118]
Event: 45.981 Thread 0x0000023b34670240 18400       4       org.gradle.internal.snapshot.LargeChildMap::withNode (45 bytes)

GC Heap History (20 events):
Event: 13.569 GC heap after
{Heap after GC invocations=34 (full 0):
 garbage-first heap   total 256000K, used 80778K [0x0000000080000000, 0x0000000100000000)
  region size 1024K, 1 young (1024K), 1 survivors (1024K)
 Metaspace       used 88423K, committed 89088K, reserved 1130496K
  class space    used 12026K, committed 12288K, reserved 1048576K
}
Event: 15.144 GC heap before
{Heap before GC invocations=34 (full 0):
 garbage-first heap   total 256000K, used 192394K [0x0000000080000000, 0x0000000100000000)
  region size 1024K, 110 young (112640K), 1 survivors (1024K)
 Metaspace       used 95838K, committed 96576K, reserved 1138688K
  class space    used 13069K, committed 13376K, reserved 1048576K
}
Event: 15.155 GC heap after
{Heap after GC invocations=35 (full 0):
 garbage-first heap   total 256000K, used 92798K [0x0000000080000000, 0x0000000100000000)
  region size 1024K, 13 young (13312K), 13 survivors (13312K)
 Metaspace       used 95838K, committed 96576K, reserved 1138688K
  class space    used 13069K, committed 13376K, reserved 1048576K
}
Event: 16.264 GC heap before
{Heap before GC invocations=35 (full 0):
 garbage-first heap   total 256000K, used 193150K [0x0000000080000000, 0x0000000100000000)
  region size 1024K, 110 young (112640K), 13 survivors (13312K)
 Metaspace       used 99778K, committed 100480K, reserved 1138688K
  class space    used 13574K, committed 13888K, reserved 1048576K
}
Event: 16.284 GC heap after
{Heap after GC invocations=36 (full 0):
 garbage-first heap   total 256000K, used 104710K [0x0000000080000000, 0x0000000100000000)
  region size 1024K, 12 young (12288K), 12 survivors (12288K)
 Metaspace       used 99778K, committed 100480K, reserved 1138688K
  class space    used 13574K, committed 13888K, reserved 1048576K
}
Event: 17.367 GC heap before
{Heap before GC invocations=36 (full 0):
 garbage-first heap   total 256000K, used 194822K [0x0000000080000000, 0x0000000100000000)
  region size 1024K, 101 young (103424K), 12 survivors (12288K)
 Metaspace       used 103162K, committed 103936K, reserved 1138688K
  class space    used 13974K, committed 14336K, reserved 1048576K
}
Event: 17.379 GC heap after
{Heap after GC invocations=37 (full 0):
 garbage-first heap   total 256000K, used 110592K [0x0000000080000000, 0x0000000100000000)
  region size 1024K, 8 young (8192K), 8 survivors (8192K)
 Metaspace       used 103162K, committed 103936K, reserved 1138688K
  class space    used 13974K, committed 14336K, reserved 1048576K
}
Event: 18.272 GC heap before
{Heap before GC invocations=37 (full 0):
 garbage-first heap   total 256000K, used 200704K [0x0000000080000000, 0x0000000100000000)
  region size 1024K, 97 young (99328K), 8 survivors (8192K)
 Metaspace       used 104149K, committed 104896K, reserved 1146880K
  class space    used 14098K, committed 14464K, reserved 1048576K
}
Event: 18.290 GC heap after
{Heap after GC invocations=38 (full 0):
 garbage-first heap   total 256000K, used 117558K [0x0000000080000000, 0x0000000100000000)
  region size 1024K, 9 young (9216K), 9 survivors (9216K)
 Metaspace       used 104149K, committed 104896K, reserved 1146880K
  class space    used 14098K, committed 14464K, reserved 1048576K
}
Event: 20.382 GC heap before
{Heap before GC invocations=38 (full 0):
 garbage-first heap   total 256000K, used 203574K [0x0000000080000000, 0x0000000100000000)
  region size 1024K, 94 young (96256K), 9 survivors (9216K)
 Metaspace       used 105886K, committed 106624K, reserved 1146880K
  class space    used 14300K, committed 14656K, reserved 1048576K
}
Event: 20.397 GC heap after
{Heap after GC invocations=39 (full 0):
 garbage-first heap   total 256000K, used 126512K [0x0000000080000000, 0x0000000100000000)
  region size 1024K, 11 young (11264K), 11 survivors (11264K)
 Metaspace       used 105886K, committed 106624K, reserved 1146880K
  class space    used 14300K, committed 14656K, reserved 1048576K
}
Event: 21.398 GC heap before
{Heap before GC invocations=39 (full 0):
 garbage-first heap   total 256000K, used 205360K [0x0000000080000000, 0x0000000100000000)
  region size 1024K, 89 young (91136K), 11 survivors (11264K)
 Metaspace       used 108310K, committed 109120K, reserved 1146880K
  class space    used 14596K, committed 14976K, reserved 1048576K
}
Event: 21.409 GC heap after
{Heap after GC invocations=40 (full 0):
 garbage-first heap   total 256000K, used 130189K [0x0000000080000000, 0x0000000100000000)
  region size 1024K, 7 young (7168K), 7 survivors (7168K)
 Metaspace       used 108310K, committed 109120K, reserved 1146880K
  class space    used 14596K, committed 14976K, reserved 1048576K
}
Event: 42.196 GC heap before
{Heap before GC invocations=40 (full 0):
 garbage-first heap   total 256000K, used 209037K [0x0000000080000000, 0x0000000100000000)
  region size 1024K, 83 young (84992K), 7 survivors (7168K)
 Metaspace       used 115832K, committed 116736K, reserved 1155072K
  class space    used 15698K, committed 16128K, reserved 1048576K
}
Event: 42.227 GC heap after
{Heap after GC invocations=41 (full 0):
 garbage-first heap   total 256000K, used 137574K [0x0000000080000000, 0x0000000100000000)
  region size 1024K, 11 young (11264K), 11 survivors (11264K)
 Metaspace       used 115832K, committed 116736K, reserved 1155072K
  class space    used 15698K, committed 16128K, reserved 1048576K
}
Event: 43.330 GC heap before
{Heap before GC invocations=41 (full 0):
 garbage-first heap   total 256000K, used 208230K [0x0000000080000000, 0x0000000100000000)
  region size 1024K, 81 young (82944K), 11 survivors (11264K)
 Metaspace       used 125283K, committed 126144K, reserved 1163264K
  class space    used 17459K, committed 17856K, reserved 1048576K
}
Event: 43.360 GC heap after
{Heap after GC invocations=42 (full 0):
 garbage-first heap   total 256000K, used 146102K [0x0000000080000000, 0x0000000100000000)
  region size 1024K, 9 young (9216K), 9 survivors (9216K)
 Metaspace       used 125283K, committed 126144K, reserved 1163264K
  class space    used 17459K, committed 17856K, reserved 1048576K
}
Event: 44.554 GC heap before
{Heap before GC invocations=42 (full 0):
 garbage-first heap   total 256000K, used 208566K [0x0000000080000000, 0x0000000100000000)
  region size 1024K, 71 young (72704K), 9 survivors (9216K)
 Metaspace       used 128985K, committed 129920K, reserved 1163264K
  class space    used 18015K, committed 18432K, reserved 1048576K
}
Event: 44.580 GC heap after
{Heap after GC invocations=43 (full 0):
 garbage-first heap   total 256000K, used 150252K [0x0000000080000000, 0x0000000100000000)
  region size 1024K, 5 young (5120K), 5 survivors (5120K)
 Metaspace       used 128985K, committed 129920K, reserved 1163264K
  class space    used 18015K, committed 18432K, reserved 1048576K
}
Event: 45.985 GC heap before
{Heap before GC invocations=43 (full 0):
 garbage-first heap   total 256000K, used 215788K [0x0000000080000000, 0x0000000100000000)
  region size 1024K, 66 young (67584K), 5 survivors (5120K)
 Metaspace       used 131248K, committed 132160K, reserved 1163264K
  class space    used 18381K, committed 18816K, reserved 1048576K
}

Dll operation events (2 events):
Event: 0.007 Loaded shared library C:\Program Files\Android\Android Studio\jbr\bin\java.dll
Event: 0.449 Loaded shared library C:\Program Files\Android\Android Studio\jbr\bin\verify.dll

Deoptimization events (20 events):
Event: 45.921 Thread 0x0000023b37310410 Uncommon trap: trap_request=0xffffffc6 fr.pc=0x0000023b1e9f9a6c relative=0x0000000000000c8c
Event: 45.921 Thread 0x0000023b37310410 Uncommon trap: reason=bimorphic_or_optimized_type_check action=maybe_recompile pc=0x0000023b1e9f9a6c method=com.google.common.collect.ImmutableSet$RegularSetBuilderImpl.insertInHashTable(Ljava/lang/Object;)Lcom/google/common/collect/ImmutableSet$SetBuilde
Event: 45.921 Thread 0x0000023b37310410 DEOPT PACKING pc=0x0000023b1e9f9a6c sp=0x000000a216dfb110
Event: 45.921 Thread 0x0000023b37310410 DEOPT UNPACKING pc=0x0000023b1dd4a1a3 sp=0x000000a216dfb050 mode 2
Event: 45.921 Thread 0x0000023b37310410 Uncommon trap: trap_request=0xffffffc6 fr.pc=0x0000023b1e9f9a6c relative=0x0000000000000c8c
Event: 45.921 Thread 0x0000023b37310410 Uncommon trap: reason=bimorphic_or_optimized_type_check action=maybe_recompile pc=0x0000023b1e9f9a6c method=com.google.common.collect.ImmutableSet$RegularSetBuilderImpl.insertInHashTable(Ljava/lang/Object;)Lcom/google/common/collect/ImmutableSet$SetBuilde
Event: 45.921 Thread 0x0000023b37310410 DEOPT PACKING pc=0x0000023b1e9f9a6c sp=0x000000a216dfb190
Event: 45.921 Thread 0x0000023b37310410 DEOPT UNPACKING pc=0x0000023b1dd4a1a3 sp=0x000000a216dfb0d0 mode 2
Event: 45.921 Thread 0x0000023b37310410 Uncommon trap: trap_request=0xffffffc6 fr.pc=0x0000023b1e9f9a6c relative=0x0000000000000c8c
Event: 45.921 Thread 0x0000023b37310410 Uncommon trap: reason=bimorphic_or_optimized_type_check action=maybe_recompile pc=0x0000023b1e9f9a6c method=com.google.common.collect.ImmutableSet$RegularSetBuilderImpl.insertInHashTable(Ljava/lang/Object;)Lcom/google/common/collect/ImmutableSet$SetBuilde
Event: 45.921 Thread 0x0000023b37310410 DEOPT PACKING pc=0x0000023b1e9f9a6c sp=0x000000a216dfb190
Event: 45.921 Thread 0x0000023b37310410 DEOPT UNPACKING pc=0x0000023b1dd4a1a3 sp=0x000000a216dfb0d0 mode 2
Event: 45.921 Thread 0x0000023b37310410 Uncommon trap: trap_request=0xffffffc6 fr.pc=0x0000023b1e9f9a6c relative=0x0000000000000c8c
Event: 45.921 Thread 0x0000023b37310410 Uncommon trap: reason=bimorphic_or_optimized_type_check action=maybe_recompile pc=0x0000023b1e9f9a6c method=com.google.common.collect.ImmutableSet$RegularSetBuilderImpl.insertInHashTable(Ljava/lang/Object;)Lcom/google/common/collect/ImmutableSet$SetBuilde
Event: 45.921 Thread 0x0000023b37310410 DEOPT PACKING pc=0x0000023b1e9f9a6c sp=0x000000a216dfb190
Event: 45.921 Thread 0x0000023b37310410 DEOPT UNPACKING pc=0x0000023b1dd4a1a3 sp=0x000000a216dfb0d0 mode 2
Event: 45.961 Thread 0x0000023b37310410 Uncommon trap: trap_request=0xffffffc6 fr.pc=0x0000023b1e46b784 relative=0x00000000000000e4
Event: 45.961 Thread 0x0000023b37310410 Uncommon trap: reason=bimorphic_or_optimized_type_check action=maybe_recompile pc=0x0000023b1e46b784 method=com.google.common.collect.RegularImmutableMap.checkNoConflictInKeyBucket(Ljava/lang/Object;Ljava/lang/Object;Lcom/google/common/collect/ImmutableMa
Event: 45.961 Thread 0x0000023b37310410 DEOPT PACKING pc=0x0000023b1e46b784 sp=0x000000a216dfce20
Event: 45.961 Thread 0x0000023b37310410 DEOPT UNPACKING pc=0x0000023b1dd4a1a3 sp=0x000000a216dfcdb8 mode 2

Classes unloaded (0 events):
No events

Classes redefined (0 events):
No events

Internal exceptions (20 events):
Event: 44.815 Thread 0x0000023b395be200 Exception <a 'sun/nio/fs/WindowsException'{0x000000008edd4c28}> (0x000000008edd4c28) 
thrown [s\src\hotspot\share\prims\jni.cpp, line 517]
Event: 44.818 Thread 0x0000023b395bf070 Exception <a 'sun/nio/fs/WindowsException'{0x000000008eea9d78}> (0x000000008eea9d78) 
thrown [s\src\hotspot\share\prims\jni.cpp, line 517]
Event: 44.822 Thread 0x0000023b395bf070 Exception <a 'sun/nio/fs/WindowsException'{0x000000008ecc6b90}> (0x000000008ecc6b90) 
thrown [s\src\hotspot\share\prims\jni.cpp, line 517]
Event: 44.822 Thread 0x0000023b395be200 Exception <a 'sun/nio/fs/WindowsException'{0x000000008eddfbe8}> (0x000000008eddfbe8) 
thrown [s\src\hotspot\share\prims\jni.cpp, line 517]
Event: 44.829 Thread 0x0000023b395bf070 Exception <a 'sun/nio/fs/WindowsException'{0x000000008eccdc48}> (0x000000008eccdc48) 
thrown [s\src\hotspot\share\prims\jni.cpp, line 517]
Event: 44.832 Thread 0x0000023b395bf070 Exception <a 'sun/nio/fs/WindowsException'{0x000000008ecd40b8}> (0x000000008ecd40b8) 
thrown [s\src\hotspot\share\prims\jni.cpp, line 517]
Event: 45.144 Thread 0x0000023b37311c20 Exception <a 'java/lang/NoSuchMethodError'{0x000000008e3c0d88}: static Lkotlin/InitializedLazyImpl;.<clinit>()V> (0x000000008e3c0d88) 
thrown [s\src\hotspot\share\prims\jni.cpp, line 1108]
Event: 45.211 Thread 0x0000023b37313dd0 Exception <a 'sun/nio/fs/WindowsException'{0x000000008e2f6318}> (0x000000008e2f6318) 
thrown [s\src\hotspot\share\prims\jni.cpp, line 517]
Event: 45.211 Thread 0x0000023b37313dd0 Exception <a 'sun/nio/fs/WindowsException'{0x000000008e2f66e8}> (0x000000008e2f66e8) 
thrown [s\src\hotspot\share\prims\jni.cpp, line 517]
Event: 45.223 Thread 0x0000023b37313dd0 Exception <a 'sun/nio/fs/WindowsException'{0x000000008e160588}> (0x000000008e160588) 
thrown [s\src\hotspot\share\prims\jni.cpp, line 517]
Event: 45.223 Thread 0x0000023b37313dd0 Exception <a 'sun/nio/fs/WindowsException'{0x000000008e160958}> (0x000000008e160958) 
thrown [s\src\hotspot\share\prims\jni.cpp, line 517]
Event: 45.260 Thread 0x0000023b395ba370 Exception <a 'sun/nio/fs/WindowsException'{0x000000008de48790}> (0x000000008de48790) 
thrown [s\src\hotspot\share\prims\jni.cpp, line 517]
Event: 45.261 Thread 0x0000023b395bb1e0 Exception <a 'sun/nio/fs/WindowsException'{0x000000008de35868}> (0x000000008de35868) 
thrown [s\src\hotspot\share\prims\jni.cpp, line 517]
Event: 45.415 Thread 0x0000023b395bb1e0 Exception <a 'java/lang/NoSuchMethodError'{0x000000008d3ec710}: 'long java.lang.invoke.DirectMethodHandle$Holder.invokeStatic(java.lang.Object, java.lang.Object, java.lang.Object)'> (0x000000008d3ec710) 
thrown [s\src\hotspot\share\interpreter\linkResolver.cpp, line 771]
Event: 45.540 Thread 0x0000023b395bb1e0 Exception <a 'sun/nio/fs/WindowsException'{0x000000008c504088}> (0x000000008c504088) 
thrown [s\src\hotspot\share\prims\jni.cpp, line 517]
Event: 45.771 Thread 0x0000023b395ba370 Exception <a 'sun/nio/fs/WindowsException'{0x000000008bedf450}> (0x000000008bedf450) 
thrown [s\src\hotspot\share\prims\jni.cpp, line 517]
Event: 45.979 Thread 0x0000023b37310410 Exception <a 'sun/nio/fs/WindowsException'{0x000000008bdf0398}> (0x000000008bdf0398) 
thrown [s\src\hotspot\share\prims\jni.cpp, line 517]
Event: 45.979 Thread 0x0000023b37310410 Exception <a 'sun/nio/fs/WindowsException'{0x000000008bdf1218}> (0x000000008bdf1218) 
thrown [s\src\hotspot\share\prims\jni.cpp, line 517]
Event: 45.979 Thread 0x0000023b37310410 Exception <a 'sun/nio/fs/WindowsException'{0x000000008bdf1288}> (0x000000008bdf1288) 
thrown [s\src\hotspot\share\prims\jni.cpp, line 517]
Event: 45.979 Thread 0x0000023b37310410 Exception <a 'sun/nio/fs/WindowsException'{0x000000008bdf1608}> (0x000000008bdf1608) 
thrown [s\src\hotspot\share\prims\jni.cpp, line 517]

VM Operations (20 events):
Event: 44.359 Executing VM operation: HandshakeAllThreads done
Event: 44.469 Executing VM operation: ICBufferFull
Event: 44.495 Executing VM operation: ICBufferFull done
Event: 44.495 Executing VM operation: HandshakeAllThreads
Event: 44.495 Executing VM operation: HandshakeAllThreads done
Event: 44.535 Executing VM operation: HandshakeAllThreads
Event: 44.536 Executing VM operation: HandshakeAllThreads done
Event: 44.553 Executing VM operation: G1CollectForAllocation
Event: 44.593 Executing VM operation: G1CollectForAllocation done
Event: 44.742 Executing VM operation: HandshakeAllThreads
Event: 44.743 Executing VM operation: HandshakeAllThreads done
Event: 44.889 Executing VM operation: ICBufferFull
Event: 44.889 Executing VM operation: ICBufferFull done
Event: 45.313 Executing VM operation: HandshakeAllThreads
Event: 45.314 Executing VM operation: HandshakeAllThreads done
Event: 45.412 Executing VM operation: HandshakeAllThreads
Event: 45.412 Executing VM operation: HandshakeAllThreads done
Event: 45.497 Executing VM operation: ICBufferFull
Event: 45.498 Executing VM operation: ICBufferFull done
Event: 45.985 Executing VM operation: G1CollectForAllocation

Events (20 events):
Event: 44.655 loading class java/nio/ByteBufferAsShortBufferL
Event: 44.657 loading class java/nio/ByteBufferAsShortBufferL done
Event: 44.741 loading class java/util/zip/Adler32
Event: 44.741 loading class java/util/zip/Adler32 done
Event: 45.193 loading class java/io/PushbackInputStream
Event: 45.194 loading class java/io/PushbackInputStream done
Event: 45.298 loading class java/nio/BufferUnderflowException
Event: 45.298 loading class java/nio/BufferUnderflowException done
Event: 45.409 loading class java/nio/HeapShortBuffer
Event: 45.410 loading class java/nio/HeapShortBuffer done
Event: 45.889 loading class com/sun/org/apache/xerces/internal/util/URI
Event: 45.890 loading class com/sun/org/apache/xerces/internal/util/URI done
Event: 45.891 loading class java/net/HttpURLConnection
Event: 45.892 loading class java/net/HttpURLConnection done
Event: 45.892 loading class sun/net/ProgressMonitor
Event: 45.893 loading class sun/net/ProgressMonitor done
Event: 45.893 loading class sun/net/DefaultProgressMeteringPolicy
Event: 45.894 loading class sun/net/ProgressMeteringPolicy
Event: 45.894 loading class sun/net/ProgressMeteringPolicy done
Event: 45.894 loading class sun/net/DefaultProgressMeteringPolicy done


Dynamic libraries:
0x00007ff68cd10000 - 0x00007ff68cd1a000 	C:\Program Files\Android\Android Studio\jbr\bin\java.exe
0x00007ffee8830000 - 0x00007ffee8a28000 	C:\WINDOWS\SYSTEM32\ntdll.dll
0x00007ffee7880000 - 0x00007ffee793d000 	C:\WINDOWS\System32\KERNEL32.DLL
0x00007ffee6260000 - 0x00007ffee6556000 	C:\WINDOWS\System32\KERNELBASE.dll
0x00007ffee5f60000 - 0x00007ffee6060000 	C:\WINDOWS\System32\ucrtbase.dll
0x00007ffedafe0000 - 0x00007ffedaff7000 	C:\Program Files\Android\Android Studio\jbr\bin\jli.dll
0x00007ffeb4940000 - 0x00007ffeb495b000 	C:\Program Files\Android\Android Studio\jbr\bin\VCRUNTIME140.dll
0x00007ffee7d90000 - 0x00007ffee7f2e000 	C:\WINDOWS\System32\USER32.dll
0x00007ffee61a0000 - 0x00007ffee61c2000 	C:\WINDOWS\System32\win32u.dll
0x00007ffee77f0000 - 0x00007ffee781c000 	C:\WINDOWS\System32\GDI32.dll
0x00007ffee6610000 - 0x00007ffee672a000 	C:\WINDOWS\System32\gdi32full.dll
0x00007ffee6090000 - 0x00007ffee612d000 	C:\WINDOWS\System32\msvcp_win.dll
0x00007ffebfa10000 - 0x00007ffebfcaa000 	C:\WINDOWS\WinSxS\amd64_microsoft.windows.common-controls_6595b64144ccf1df_6.0.19041.1110_none_60b5254171f9507e\COMCTL32.dll
0x00007ffee7f50000 - 0x00007ffee7fee000 	C:\WINDOWS\System32\msvcrt.dll
0x00007ffee7c30000 - 0x00007ffee7c60000 	C:\WINDOWS\System32\IMM32.DLL
0x00007ffec0dc0000 - 0x00007ffec0dcc000 	C:\Program Files\Android\Android Studio\jbr\bin\vcruntime140_1.dll
0x00007ffe9d810000 - 0x00007ffe9d89d000 	C:\Program Files\Android\Android Studio\jbr\bin\msvcp140.dll
0x00007ffea0630000 - 0x00007ffea129e000 	C:\Program Files\Android\Android Studio\jbr\bin\server\jvm.dll
0x00007ffee70f0000 - 0x00007ffee719e000 	C:\WINDOWS\System32\ADVAPI32.dll
0x00007ffee6970000 - 0x00007ffee6a0c000 	C:\WINDOWS\System32\sechost.dll
0x00007ffee7510000 - 0x00007ffee7636000 	C:\WINDOWS\System32\RPCRT4.dll
0x00007ffec49a0000 - 0x00007ffec49c7000 	C:\WINDOWS\SYSTEM32\WINMM.dll
0x00007ffebfe10000 - 0x00007ffebfe19000 	C:\WINDOWS\SYSTEM32\WSOCK32.dll
0x00007ffeda1f0000 - 0x00007ffeda1fa000 	C:\WINDOWS\SYSTEM32\VERSION.dll
0x00007ffee7770000 - 0x00007ffee77db000 	C:\WINDOWS\System32\WS2_32.dll
0x00007ffee4730000 - 0x00007ffee4742000 	C:\WINDOWS\SYSTEM32\kernel.appcore.dll
0x00007ffedeff0000 - 0x00007ffedeffa000 	C:\Program Files\Android\Android Studio\jbr\bin\jimage.dll
0x00007ffee3cc0000 - 0x00007ffee3ea4000 	C:\WINDOWS\SYSTEM32\DBGHELP.DLL
0x00007ffebf5c0000 - 0x00007ffebf5f4000 	C:\WINDOWS\SYSTEM32\dbgcore.DLL
0x00007ffee61d0000 - 0x00007ffee6252000 	C:\WINDOWS\System32\bcryptPrimitives.dll
0x00007ffedd7e0000 - 0x00007ffedd805000 	C:\Program Files\Android\Android Studio\jbr\bin\java.dll
0x00007ffedb420000 - 0x00007ffedb438000 	C:\Program Files\Android\Android Studio\jbr\bin\zip.dll
0x00007ffee80a0000 - 0x00007ffee87e4000 	C:\WINDOWS\System32\SHELL32.dll
0x00007ffee3eb0000 - 0x00007ffee464b000 	C:\WINDOWS\SYSTEM32\windows.storage.dll
0x00007ffee71a0000 - 0x00007ffee74f4000 	C:\WINDOWS\System32\combase.dll
0x00007ffee5950000 - 0x00007ffee597d000 	C:\WINDOWS\SYSTEM32\Wldp.dll
0x00007ffee76c0000 - 0x00007ffee776d000 	C:\WINDOWS\System32\SHCORE.dll
0x00007ffee7820000 - 0x00007ffee7875000 	C:\WINDOWS\System32\shlwapi.dll
0x00007ffee5e40000 - 0x00007ffee5e65000 	C:\WINDOWS\SYSTEM32\profapi.dll
0x00007ffedb400000 - 0x00007ffedb419000 	C:\Program Files\Android\Android Studio\jbr\bin\net.dll
0x00007ffedead0000 - 0x00007ffedebda000 	C:\WINDOWS\SYSTEM32\WINHTTP.dll
0x00007ffee56b0000 - 0x00007ffee571a000 	C:\WINDOWS\system32\mswsock.dll
0x00007ffedb3e0000 - 0x00007ffedb3f6000 	C:\Program Files\Android\Android Studio\jbr\bin\nio.dll
0x00007ffeddb50000 - 0x00007ffeddb60000 	C:\Program Files\Android\Android Studio\jbr\bin\verify.dll
0x00007ffeaf700000 - 0x00007ffeaf727000 	C:\Users\samuc\.gradle\native\68d5fa5c4cc2d200863cafc0d521ce42e7d3e7ee720ec0a83991735586a16f82\windows-amd64\native-platform.dll
0x00007ffe9ab70000 - 0x00007ffe9acb4000 	C:\Users\samuc\.gradle\native\e376f236ea51e6404a007f0833ffe2c6e607c4080706a723a18a27aeea778392\windows-amd64\native-platform-file-events.dll
0x00007ffedd7d0000 - 0x00007ffedd7d9000 	C:\Program Files\Android\Android Studio\jbr\bin\management.dll
0x00007ffedb390000 - 0x00007ffedb39b000 	C:\Program Files\Android\Android Studio\jbr\bin\management_ext.dll
0x00007ffee77e0000 - 0x00007ffee77e8000 	C:\WINDOWS\System32\PSAPI.DLL
0x00007ffee58a0000 - 0x00007ffee58b8000 	C:\WINDOWS\SYSTEM32\CRYPTSP.dll
0x00007ffee4f50000 - 0x00007ffee4f84000 	C:\WINDOWS\system32\rsaenh.dll
0x00007ffee6060000 - 0x00007ffee6087000 	C:\WINDOWS\System32\bcrypt.dll
0x00007ffee5e00000 - 0x00007ffee5e2e000 	C:\WINDOWS\SYSTEM32\USERENV.dll
0x00007ffee58c0000 - 0x00007ffee58cc000 	C:\WINDOWS\SYSTEM32\CRYPTBASE.dll
0x00007ffee5350000 - 0x00007ffee538b000 	C:\WINDOWS\SYSTEM32\IPHLPAPI.DLL
0x00007ffee7bc0000 - 0x00007ffee7bc8000 	C:\WINDOWS\System32\NSI.dll
0x00007ffeda770000 - 0x00007ffeda787000 	C:\WINDOWS\SYSTEM32\dhcpcsvc6.DLL
0x00007ffeda820000 - 0x00007ffeda83d000 	C:\WINDOWS\SYSTEM32\dhcpcsvc.DLL
0x00007ffee5390000 - 0x00007ffee545a000 	C:\WINDOWS\SYSTEM32\DNSAPI.dll
0x00007ffedb330000 - 0x00007ffedb337000 	C:\WINDOWS\system32\wshunix.dll
0x00007ffedaf90000 - 0x00007ffedafa7000 	C:\WINDOWS\system32\napinsp.dll
0x00007ffed0f90000 - 0x00007ffed0fab000 	C:\WINDOWS\system32\pnrpnsp.dll
0x00007ffeafe50000 - 0x00007ffeafe65000 	C:\WINDOWS\system32\wshbth.dll
0x00007ffedece0000 - 0x00007ffedecfd000 	C:\WINDOWS\system32\NLAapi.dll
0x00007ffebfe70000 - 0x00007ffebfe82000 	C:\WINDOWS\System32\winrnr.dll
0x00007ffeda760000 - 0x00007ffeda76a000 	C:\Windows\System32\rasadhlp.dll
0x00007ffed59b0000 - 0x00007ffed5a32000 	C:\WINDOWS\System32\fwpuclnt.dll
0x00007ffeded30000 - 0x00007ffeded4e000 	C:\Users\samuc\AppData\Local\Temp\native-platform12485244444814169620dir\native-platform.dll
0x00007ffeded20000 - 0x00007ffeded27000 	C:\Program Files\Android\Android Studio\jbr\bin\rmi.dll

dbghelp: loaded successfully - version: 4.0.5 - missing functions: none
symbol engine: initialized successfully - sym options: 0x614 - pdb path: .;C:\Program Files\Android\Android Studio\jbr\bin;C:\WINDOWS\SYSTEM32;C:\WINDOWS\WinSxS\amd64_microsoft.windows.common-controls_6595b64144ccf1df_6.0.19041.1110_none_60b5254171f9507e;C:\Program Files\Android\Android Studio\jbr\bin\server;C:\Users\samuc\.gradle\native\68d5fa5c4cc2d200863cafc0d521ce42e7d3e7ee720ec0a83991735586a16f82\windows-amd64;C:\Users\samuc\.gradle\native\e376f236ea51e6404a007f0833ffe2c6e607c4080706a723a18a27aeea778392\windows-amd64;C:\Users\samuc\AppData\Local\Temp\native-platform12485244444814169620dir

VM Arguments:
jvm_args: --add-opens=java.base/java.util=ALL-UNNAMED --add-opens=java.base/java.lang=ALL-UNNAMED --add-opens=java.base/java.lang.invoke=ALL-UNNAMED --add-opens=java.prefs/java.util.prefs=ALL-UNNAMED --add-opens=java.base/java.nio.charset=ALL-UNNAMED --add-opens=java.base/java.net=ALL-UNNAMED --add-opens=java.base/java.util.concurrent.atomic=ALL-UNNAMED -Xmx2048m -Dfile.encoding=UTF-8 -Duser.country=US -Duser.language=en -Duser.variant 
java_command: org.gradle.launcher.daemon.bootstrap.GradleDaemon 8.0
java_class_path (initial): C:\Users\samuc\.gradle\wrapper\dists\gradle-8.0-bin\ca5e32bp14vu59qr306oxotwh\gradle-8.0\lib\gradle-launcher-8.0.jar
Launcher Type: SUN_STANDARD

[Global flags]
     intx CICompilerCount                          = 4                                         {product} {ergonomic}
     uint ConcGCThreads                            = 2                                         {product} {ergonomic}
     uint G1ConcRefinementThreads                  = 8                                         {product} {ergonomic}
   size_t G1HeapRegionSize                         = 1048576                                   {product} {ergonomic}
    uintx GCDrainStackTargetSize                   = 64                                        {product} {ergonomic}
   size_t InitialHeapSize                          = 132120576                                 {product} {ergonomic}
   size_t MarkStackSize                            = 4194304                                   {product} {ergonomic}
   size_t MaxHeapSize                              = 2147483648                                {product} {command line}
   size_t MaxNewSize                               = 1287651328                                {product} {ergonomic}
   size_t MinHeapDeltaBytes                        = 1048576                                   {product} {ergonomic}
   size_t MinHeapSize                              = 8388608                                   {product} {ergonomic}
    uintx NonNMethodCodeHeapSize                   = 5839372                                {pd product} {ergonomic}
    uintx NonProfiledCodeHeapSize                  = 122909434                              {pd product} {ergonomic}
    uintx ProfiledCodeHeapSize                     = 122909434                              {pd product} {ergonomic}
    uintx ReservedCodeCacheSize                    = 251658240                              {pd product} {ergonomic}
     bool SegmentedCodeCache                       = true                                      {product} {ergonomic}
   size_t SoftMaxHeapSize                          = 2147483648                             {manageable} {ergonomic}
     bool UseCompressedClassPointers               = true                           {product lp64_product} {ergonomic}
     bool UseCompressedOops                        = true                           {product lp64_product} {ergonomic}
     bool UseG1GC                                  = true                                      {product} {ergonomic}
     bool UseLargePagesIndividualAllocation        = false                                  {pd product} {ergonomic}

Logging:
Log output configuration:
 #0: stdout all=warning uptime,level,tags
 #1: stderr all=off uptime,level,tags

Environment Variables:
JAVA_HOME=C:\Program Files\Java\jdk1.8.0_202
PATH=C:\Program Files\Microsoft\jdk-11.0.16.101-hotspot\bin;C:\WINDOWS\system32;C:\WINDOWS;C:\WINDOWS\System32\Wbem;C:\WINDOWS\System32\WindowsPowerShell\v1.0\;C:\WINDOWS\System32\OpenSSH\;C:\ProgramData\chocolatey\bin;C:\Program Files\Git\cmd;C:\Gradle\gradle-8.2.1\bin;C:\Users\samuc\AppData\Local\Android\Sdk\platform-tools;C:\Users\samuc\AppData\Local\Android\Sdk\tools;C:\Program Files\Java\jdk1.8.0_202\bin;C:\Program Files\dotnet\;C:\Users\samuc\AppData\Local\Programs\Python\Python311\Scripts\;C:\Users\samuc\AppData\Local\Programs\Python\Python311\;C:\Users\samuc\AppData\Local\Microsoft\WindowsApps;C:\Users\samuc\AppData\Local\Programs\Microsoft VS Code\bin;C:\Users\samuc\AppData\Local\spicetify;C:\src\flutter\bin;C:\Program Files\Azure Data Studio\bin;;C:\Program Files\JetBrains\IntelliJ IDEA 2023.2.2\bin;;C:\Program Files\JetBrains\IntelliJ IDEA Community Edition 2023.2.2\bin;
USERNAME=samuc
OS=Windows_NT
PROCESSOR_IDENTIFIER=Intel64 Family 6 Model 140 Stepping 1, GenuineIntel
TMP=C:\Users\samuc\AppData\Local\Temp
TEMP=C:\Users\samuc\AppData\Local\Temp


JNI global refs:
JNI global refs: 29, weak refs: 2

JNI global refs memory usage: 843, weak refs: 841


---------------  S Y S T E M  ---------------

OS:
 Windows 10 , 64 bit Build 19041 (10.0.19041.3393)
OS uptime: 0 days 0:30 hours

CPU: total 8 (initial active 8) (4 cores per cpu, 2 threads per core) family 6 model 140 stepping 1 microcode 0x8a, cx8, cmov, fxsr, ht, mmx, 3dnowpref, sse, sse2, sse3, ssse3, sse4.1, sse4.2, popcnt, lzcnt, tsc, tscinvbit, avx, avx2, aes, erms, clmul, bmi1, bmi2, adx, avx512f, avx512dq, avx512cd, avx512bw, avx512vl, sha, fma, vzeroupper, avx512_vpopcntdq, avx512_vpclmulqdq, avx512_vaes, avx512_vnni, clflush, clflushopt, clwb, avx512_vbmi2, avx512_vbmi

Memory: 4k page, system-wide physical 7971M (1121M free)
TotalPageFile size 10018M (AvailPageFile size 98M)
current process WorkingSet (physical memory assigned to process): 256M, peak: 484M
current process commit charge ("private bytes"): 634M, peak: 777M

vm_info: OpenJDK 64-Bit Server VM (17.0.6+0-b2043.56-10027231) for windows-amd64 JRE (17.0.6+0-b2043.56-10027231), built on Apr 28 2023 00:43:19 by "androidbuild" with MS VC++ 16.10 / 16.11 (VS2019)

END.
