#
# There is insufficient memory for the Java Runtime Environment to continue.
# Native memory allocation (mmap) failed to map 368050176 bytes for G1 virtual space
# Possible reasons:
#   The system is out of physical RAM or swap space
#   The process is running with CompressedOops enabled, and the Java Heap may be blocking the growth of the native heap
# Possible solutions:
#   Reduce memory load on the system
#   Increase physical memory or swap space
#   Check if swap backing store is full
#   Decrease Java heap size (-Xmx/-Xms)
#   Decrease number of Java threads
#   Decrease Java thread stack sizes (-Xss)
#   Set larger code cache with -XX:ReservedCodeCacheSize=
#   JVM is running with Unscaled Compressed Oops mode in which the Java heap is
#     placed in the first 4GB address space. The Java Heap base address is the
#     maximum limit for the native heap growth. Please use -XX:HeapBaseMinAddress
#     to set the Java Heap base and to place the Java Heap above 4GB virtual address.
# This output file may be truncated or incomplete.
#
#  Out of Memory Error (os_windows.cpp:3769), pid=13276, tid=7196
#
# JRE version: OpenJDK Runtime Environment (17.0.6) (build 17.0.6+0-b2043.56-10027231)
# Java VM: OpenJDK 64-Bit Server VM (17.0.6+0-b2043.56-10027231, mixed mode, tiered, compressed oops, compressed class ptrs, g1 gc, windows-amd64)
# No core dump will be written. Minidumps are not enabled by default on client versions of Windows
#

---------------  S U M M A R Y ------------

Command Line: --add-opens=java.base/java.util=ALL-UNNAMED --add-opens=java.base/java.lang=ALL-UNNAMED --add-opens=java.base/java.lang.invoke=ALL-UNNAMED --add-opens=java.prefs/java.util.prefs=ALL-UNNAMED --add-opens=java.base/java.nio.charset=ALL-UNNAMED --add-opens=java.base/java.net=ALL-UNNAMED --add-opens=java.base/java.util.concurrent.atomic=ALL-UNNAMED -Xmx2048m -Dfile.encoding=UTF-8 -Duser.country=US -Duser.language=en -Duser.variant org.gradle.launcher.daemon.bootstrap.GradleDaemon 8.0

Host: 11th Gen Intel(R) Core(TM) i5-1135G7 @ 2.40GHz, 8 cores, 7G,  Windows 10 , 64 bit Build 19041 (10.0.19041.3393)
Time: Thu Oct  5 21:06:52 2023 E. South America Standard Time elapsed time: 14.055069 seconds (0d 0h 0m 14s)

---------------  T H R E A D  ---------------

Current thread (0x000002b62752b7f0):  VMThread "VM Thread" [stack: 0x000000f825d00000,0x000000f825e00000] [id=7196]

Stack: [0x000000f825d00000,0x000000f825e00000]
Native frames: (J=compiled Java code, j=interpreted, Vv=VM code, C=native code)
V  [jvm.dll+0x683c9a]
V  [jvm.dll+0x8427a4]
V  [jvm.dll+0x843f9e]
V  [jvm.dll+0x844603]
V  [jvm.dll+0x249b75]
V  [jvm.dll+0x680b69]
V  [jvm.dll+0x67505a]
V  [jvm.dll+0x309acb]
V  [jvm.dll+0x310f86]
V  [jvm.dll+0x3608ee]
V  [jvm.dll+0x360b1f]
V  [jvm.dll+0x2dfbf8]
V  [jvm.dll+0x2ddec4]
V  [jvm.dll+0x2dd4cc]
V  [jvm.dll+0x321f3b]
V  [jvm.dll+0x848ccb]
V  [jvm.dll+0x849a04]
V  [jvm.dll+0x849f1d]
V  [jvm.dll+0x84a2f4]
V  [jvm.dll+0x84a3c0]
V  [jvm.dll+0x7f274a]
V  [jvm.dll+0x682ad5]
C  [ucrtbase.dll+0x21bb2]
C  [KERNEL32.DLL+0x17344]
C  [ntdll.dll+0x526b1]

VM_Operation (0x000000f82f7fbda0): G1CollectForAllocation, mode: safepoint, requested by thread 0x000002b62e64bc70


---------------  P R O C E S S  ---------------

Threads class SMR info:
_java_thread_list=0x000002b62aa1d2b0, length=145, elements={
0x000002b60b76b550, 0x000002b6275ad640, 0x000002b6275ae100, 0x000002b6275804c0,
0x000002b627582e90, 0x000002b627585760, 0x000002b628020010, 0x000002b628020c00,
0x000002b628021910, 0x000002b628025710, 0x000002b6281ce520, 0x000002b628209a40,
0x000002b6283fea60, 0x000002b62a6e0020, 0x000002b629002fa0, 0x000002b6293d58c0,
0x000002b62a582440, 0x000002b62a582910, 0x000002b62a7397c0, 0x000002b62a463350,
0x000002b6290c68d0, 0x000002b6290c8a80, 0x000002b6290c9dc0, 0x000002b6290c7740,
0x000002b6290c9420, 0x000002b6290ca290, 0x000002b6290c8f50, 0x000002b6290c98f0,
0x000002b6290c85b0, 0x000002b6290c6da0, 0x000002b6290c7270, 0x000002b6290c7c10,
0x000002b6290c80e0, 0x000002b62d77fdd0, 0x000002b62d77b5a0, 0x000002b62d77ac00,
0x000002b62d77c410, 0x000002b62d7802a0, 0x000002b62d77ba70, 0x000002b62d7793f0,
0x000002b62d77cdb0, 0x000002b62d77bf40, 0x000002b62d77d750, 0x000002b62d780770,
0x000002b62d77c8e0, 0x000002b62d77d280, 0x000002b62d77dc20, 0x000002b62d77f900,
0x000002b62d778f20, 0x000002b62d7798c0, 0x000002b62d779d90, 0x000002b62d77a260,
0x000002b62d77e0f0, 0x000002b62d77a730, 0x000002b62d77e5c0, 0x000002b62d77ea90,
0x000002b62d77b0d0, 0x000002b62dc4a5c0, 0x000002b62dc47a70, 0x000002b62dc45d90,
0x000002b62dc49c20, 0x000002b62dc4c770, 0x000002b62dc44f20, 0x000002b62dc47f40,
0x000002b62dc453f0, 0x000002b62dc46c00, 0x000002b62dc4c2a0, 0x000002b62dc4b900,
0x000002b62dc458c0, 0x000002b62dc46730, 0x000002b62dc48410, 0x000002b62dc46260,
0x000002b62dc470d0, 0x000002b62dc4aa90, 0x000002b62dc475a0, 0x000002b62dc4bdd0,
0x000002b62dc488e0, 0x000002b62dc4b430, 0x000002b62dc48db0, 0x000002b62dc49280,
0x000002b62dc4a0f0, 0x000002b62dc4af60, 0x000002b62dc49750, 0x000002b62e49b8c0,
0x000002b62e49d0d0, 0x000002b62e49cc00, 0x000002b62e49a580, 0x000002b62e49d5a0,
0x000002b62e49af20, 0x000002b62e49df40, 0x000002b62e49da70, 0x000002b62e49e410,
0x000002b62e49e8e0, 0x000002b62e49edb0, 0x000002b62e4983d0, 0x000002b62e497560,
0x000002b62e497a30, 0x000002b62e49bd90, 0x000002b62e497f00, 0x000002b62e4988a0,
0x000002b62e499710, 0x000002b62e499240, 0x000002b62e499be0, 0x000002b62e498d70,
0x000002b62e49a0b0, 0x000002b62e49aa50, 0x000002b62e49b3f0, 0x000002b62e49c260,
0x000002b62e49c730, 0x000002b62e1a3740, 0x000002b62e1a3270, 0x000002b62e1aa120,
0x000002b62e1a5dc0, 0x000002b62e1a3c10, 0x000002b62e1a45b0, 0x000002b62e1a92b0,
0x000002b62e1a40e0, 0x000002b62e1a9780, 0x000002b62e1aa5f0, 0x000002b62e1a7100,
0x000002b62e1a2da0, 0x000002b62e1a75d0, 0x000002b62e1a58f0, 0x000002b62e1a8440,
0x000002b62e1a6290, 0x000002b62e1a9c50, 0x000002b62e1a4f50, 0x000002b62e1a5420,
0x000002b62e1a6760, 0x000002b62e64cfb0, 0x000002b62e64c140, 0x000002b62d6f0f50,
0x000002b62d6f2290, 0x000002b62d6f2760, 0x000002b63413e6d0, 0x000002b63413eba0,
0x000002b63413f070, 0x000002b63413d390, 0x000002b63413f540, 0x000002b634fcc960,
0x000002b62a8054b0, 0x000002b62e64bc70, 0x000002b62d8ec240, 0x000002b62d8ecbe0,
0x000002b6294a0b80
}

Java Threads: ( => current thread )
  0x000002b60b76b550 JavaThread "main" [_thread_blocked, id=4992, stack(0x000000f825700000,0x000000f825800000)]
  0x000002b6275ad640 JavaThread "Reference Handler" daemon [_thread_blocked, id=4932, stack(0x000000f825e00000,0x000000f825f00000)]
  0x000002b6275ae100 JavaThread "Finalizer" daemon [_thread_blocked, id=11300, stack(0x000000f825f00000,0x000000f826000000)]
  0x000002b6275804c0 JavaThread "Signal Dispatcher" daemon [_thread_blocked, id=11560, stack(0x000000f826000000,0x000000f826100000)]
  0x000002b627582e90 JavaThread "Attach Listener" daemon [_thread_blocked, id=11496, stack(0x000000f826100000,0x000000f826200000)]
  0x000002b627585760 JavaThread "Service Thread" daemon [_thread_blocked, id=9296, stack(0x000000f826200000,0x000000f826300000)]
  0x000002b628020010 JavaThread "Monitor Deflation Thread" daemon [_thread_blocked, id=9176, stack(0x000000f826300000,0x000000f826400000)]
  0x000002b628020c00 JavaThread "C2 CompilerThread0" daemon [_thread_in_native, id=12704, stack(0x000000f826400000,0x000000f826500000)]
  0x000002b628021910 JavaThread "C1 CompilerThread0" daemon [_thread_blocked, id=9080, stack(0x000000f826500000,0x000000f826600000)]
  0x000002b628025710 JavaThread "Sweeper thread" daemon [_thread_blocked, id=9996, stack(0x000000f826600000,0x000000f826700000)]
  0x000002b6281ce520 JavaThread "Common-Cleaner" daemon [_thread_blocked, id=13164, stack(0x000000f826700000,0x000000f826800000)]
  0x000002b628209a40 JavaThread "Notification Thread" daemon [_thread_blocked, id=6864, stack(0x000000f826800000,0x000000f826900000)]
  0x000002b6283fea60 JavaThread "C2 CompilerThread1" daemon [_thread_in_native, id=9320, stack(0x000000f826a00000,0x000000f826b00000)]
  0x000002b62a6e0020 JavaThread "Daemon health stats" [_thread_blocked, id=6100, stack(0x000000f827000000,0x000000f827100000)]
  0x000002b629002fa0 JavaThread "Incoming local TCP Connector on port 52576" [_thread_in_native, id=12488, stack(0x000000f827100000,0x000000f827200000)]
  0x000002b6293d58c0 JavaThread "Daemon periodic checks" [_thread_blocked, id=6220, stack(0x000000f827200000,0x000000f827300000)]
  0x000002b62a582440 JavaThread "Daemon" [_thread_blocked, id=12760, stack(0x000000f827300000,0x000000f827400000)]
  0x000002b62a582910 JavaThread "Handler for socket connection from /127.0.0.1:52576 to /127.0.0.1:52578" [_thread_in_native, id=7096, stack(0x000000f827400000,0x000000f827500000)]
  0x000002b62a7397c0 JavaThread "Cancel handler" [_thread_blocked, id=2624, stack(0x000000f827500000,0x000000f827600000)]
  0x000002b62a463350 JavaThread "Daemon worker" [_thread_blocked, id=9048, stack(0x000000f827600000,0x000000f827700000)]
  0x000002b6290c68d0 JavaThread "Asynchronous log dispatcher for DefaultDaemonConnection: socket connection from /127.0.0.1:52576 to /127.0.0.1:52578" [_thread_blocked, id=1744, stack(0x000000f827700000,0x000000f827800000)]
  0x000002b6290c8a80 JavaThread "Stdin handler" [_thread_blocked, id=12344, stack(0x000000f827800000,0x000000f827900000)]
  0x000002b6290c9dc0 JavaThread "Daemon client event forwarder" [_thread_blocked, id=11640, stack(0x000000f827900000,0x000000f827a00000)]
  0x000002b6290c7740 JavaThread "Cache worker for journal cache (C:\Users\samuc\.gradle\caches\journal-1)" [_thread_blocked, id=7976, stack(0x000000f827e00000,0x000000f827f00000)]
  0x000002b6290c9420 JavaThread "File lock request listener" [_thread_in_native, id=8540, stack(0x000000f827f00000,0x000000f828000000)]
  0x000002b6290ca290 JavaThread "Cache worker for file hash cache (C:\Users\samuc\.gradle\caches\8.0\fileHashes)" [_thread_blocked, id=10796, stack(0x000000f828000000,0x000000f828100000)]
  0x000002b6290c8f50 JavaThread "File watcher server" daemon [_thread_blocked, id=11980, stack(0x000000f828100000,0x000000f828200000)]
  0x000002b6290c98f0 JavaThread "File watcher consumer" daemon [_thread_blocked, id=12936, stack(0x000000f828200000,0x000000f828300000)]
  0x000002b6290c85b0 JavaThread "Cache worker for checksums cache (C:\Users\samuc\Desktop\BosquePanetteriaApp\.gradle\8.0\checksums)" [_thread_blocked, id=8848, stack(0x000000f828300000,0x000000f828400000)]
  0x000002b6290c6da0 JavaThread "Cache worker for cache directory md-rule (C:\Users\samuc\.gradle\caches\8.0\md-rule)" [_thread_blocked, id=7408, stack(0x000000f828400000,0x000000f828500000)]
  0x000002b6290c7270 JavaThread "Cache worker for file content cache (C:\Users\samuc\.gradle\caches\8.0\fileContent)" [_thread_blocked, id=4060, stack(0x000000f828500000,0x000000f828600000)]
  0x000002b6290c7c10 JavaThread "Cache worker for file hash cache (C:\Users\samuc\Desktop\BosquePanetteriaApp\.gradle\8.0\fileHashes)" [_thread_blocked, id=1528, stack(0x000000f828600000,0x000000f828700000)]
  0x000002b6290c80e0 JavaThread "Cache worker for cache directory md-supplier (C:\Users\samuc\.gradle\caches\8.0\md-supplier)" [_thread_blocked, id=12664, stack(0x000000f828700000,0x000000f828800000)]
  0x000002b62d77fdd0 JavaThread "Cache worker for execution history cache (C:\Users\samuc\.gradle\caches\8.0\executionHistory)" [_thread_blocked, id=8136, stack(0x000000f828800000,0x000000f828900000)]
  0x000002b62d77b5a0 JavaThread "jar transforms" [_thread_blocked, id=2136, stack(0x000000f828900000,0x000000f828a00000)]
  0x000002b62d77ac00 JavaThread "jar transforms Thread 2" [_thread_blocked, id=12788, stack(0x000000f828a00000,0x000000f828b00000)]
  0x000002b62d77c410 JavaThread "Cache worker for kotlin-dsl (C:\Users\samuc\.gradle\caches\8.0\kotlin-dsl)" [_thread_blocked, id=10684, stack(0x000000f828c00000,0x000000f828d00000)]
  0x000002b62d7802a0 JavaThread "jar transforms Thread 3" [_thread_blocked, id=12076, stack(0x000000f828d00000,0x000000f828e00000)]
  0x000002b62d77ba70 JavaThread "jar transforms Thread 4" [_thread_blocked, id=9468, stack(0x000000f828e00000,0x000000f828f00000)]
  0x000002b62d7793f0 JavaThread "Cache worker for dependencies-accessors (C:\Users\samuc\Desktop\BosquePanetteriaApp\.gradle\8.0\dependencies-accessors)" [_thread_blocked, id=9784, stack(0x000000f828f00000,0x000000f829000000)]
  0x000002b62d77cdb0 JavaThread "Cache worker for Build Output Cleanup Cache (C:\Users\samuc\Desktop\BosquePanetteriaApp\.gradle\buildOutputCleanup)" [_thread_blocked, id=11848, stack(0x000000f829000000,0x000000f829100000)]
  0x000002b62d77bf40 JavaThread "jar transforms Thread 5" [_thread_blocked, id=9052, stack(0x000000f829100000,0x000000f829200000)]
  0x000002b62d77d750 JavaThread "Unconstrained build operations" [_thread_blocked, id=6268, stack(0x000000f829200000,0x000000f829300000)]
  0x000002b62d780770 JavaThread "Unconstrained build operations Thread 2" [_thread_blocked, id=1244, stack(0x000000f829300000,0x000000f829400000)]
  0x000002b62d77c8e0 JavaThread "Unconstrained build operations Thread 3" [_thread_blocked, id=2324, stack(0x000000f829400000,0x000000f829500000)]
  0x000002b62d77d280 JavaThread "Unconstrained build operations Thread 4" [_thread_blocked, id=9420, stack(0x000000f829500000,0x000000f829600000)]
  0x000002b62d77dc20 JavaThread "Unconstrained build operations Thread 5" [_thread_blocked, id=11028, stack(0x000000f829600000,0x000000f829700000)]
  0x000002b62d77f900 JavaThread "Unconstrained build operations Thread 6" [_thread_blocked, id=444, stack(0x000000f829700000,0x000000f829800000)]
  0x000002b62d778f20 JavaThread "Unconstrained build operations Thread 7" [_thread_blocked, id=520, stack(0x000000f829800000,0x000000f829900000)]
  0x000002b62d7798c0 JavaThread "Unconstrained build operations Thread 8" [_thread_blocked, id=10532, stack(0x000000f829900000,0x000000f829a00000)]
  0x000002b62d779d90 JavaThread "Unconstrained build operations Thread 9" [_thread_blocked, id=7600, stack(0x000000f829a00000,0x000000f829b00000)]
  0x000002b62d77a260 JavaThread "Unconstrained build operations Thread 10" [_thread_blocked, id=11444, stack(0x000000f829b00000,0x000000f829c00000)]
  0x000002b62d77e0f0 JavaThread "Unconstrained build operations Thread 11" [_thread_blocked, id=2980, stack(0x000000f829c00000,0x000000f829d00000)]
  0x000002b62d77a730 JavaThread "Unconstrained build operations Thread 12" [_thread_blocked, id=2436, stack(0x000000f829d00000,0x000000f829e00000)]
  0x000002b62d77e5c0 JavaThread "Unconstrained build operations Thread 13" [_thread_blocked, id=3736, stack(0x000000f829e00000,0x000000f829f00000)]
  0x000002b62d77ea90 JavaThread "Unconstrained build operations Thread 14" [_thread_blocked, id=12320, stack(0x000000f829f00000,0x000000f82a000000)]
  0x000002b62d77b0d0 JavaThread "Unconstrained build operations Thread 15" [_thread_blocked, id=11088, stack(0x000000f82a000000,0x000000f82a100000)]
  0x000002b62dc4a5c0 JavaThread "Unconstrained build operations Thread 16" [_thread_blocked, id=12924, stack(0x000000f82a100000,0x000000f82a200000)]
  0x000002b62dc47a70 JavaThread "Unconstrained build operations Thread 17" [_thread_blocked, id=11672, stack(0x000000f82a200000,0x000000f82a300000)]
  0x000002b62dc45d90 JavaThread "Unconstrained build operations Thread 18" [_thread_blocked, id=1588, stack(0x000000f82a300000,0x000000f82a400000)]
  0x000002b62dc49c20 JavaThread "Unconstrained build operations Thread 19" [_thread_blocked, id=528, stack(0x000000f82a400000,0x000000f82a500000)]
  0x000002b62dc4c770 JavaThread "Unconstrained build operations Thread 20" [_thread_blocked, id=12184, stack(0x000000f82a500000,0x000000f82a600000)]
  0x000002b62dc44f20 JavaThread "Unconstrained build operations Thread 21" [_thread_blocked, id=10124, stack(0x000000f82a600000,0x000000f82a700000)]
  0x000002b62dc47f40 JavaThread "Unconstrained build operations Thread 22" [_thread_blocked, id=8604, stack(0x000000f82a700000,0x000000f82a800000)]
  0x000002b62dc453f0 JavaThread "Unconstrained build operations Thread 23" [_thread_blocked, id=7100, stack(0x000000f82a800000,0x000000f82a900000)]
  0x000002b62dc46c00 JavaThread "Unconstrained build operations Thread 24" [_thread_blocked, id=9692, stack(0x000000f82a900000,0x000000f82aa00000)]
  0x000002b62dc4c2a0 JavaThread "Unconstrained build operations Thread 25" [_thread_blocked, id=1696, stack(0x000000f82aa00000,0x000000f82ab00000)]
  0x000002b62dc4b900 JavaThread "Unconstrained build operations Thread 26" [_thread_blocked, id=11524, stack(0x000000f82ab00000,0x000000f82ac00000)]
  0x000002b62dc458c0 JavaThread "Unconstrained build operations Thread 27" [_thread_blocked, id=9888, stack(0x000000f82ac00000,0x000000f82ad00000)]
  0x000002b62dc46730 JavaThread "Unconstrained build operations Thread 28" [_thread_blocked, id=3124, stack(0x000000f82ad00000,0x000000f82ae00000)]
  0x000002b62dc48410 JavaThread "Unconstrained build operations Thread 29" [_thread_blocked, id=4756, stack(0x000000f82ae00000,0x000000f82af00000)]
  0x000002b62dc46260 JavaThread "Unconstrained build operations Thread 30" [_thread_blocked, id=6712, stack(0x000000f82af00000,0x000000f82b000000)]
  0x000002b62dc470d0 JavaThread "Unconstrained build operations Thread 31" [_thread_blocked, id=1496, stack(0x000000f82b000000,0x000000f82b100000)]
  0x000002b62dc4aa90 JavaThread "Unconstrained build operations Thread 32" [_thread_blocked, id=10496, stack(0x000000f82b100000,0x000000f82b200000)]
  0x000002b62dc475a0 JavaThread "Unconstrained build operations Thread 33" [_thread_blocked, id=6716, stack(0x000000f82b200000,0x000000f82b300000)]
  0x000002b62dc4bdd0 JavaThread "Unconstrained build operations Thread 34" [_thread_blocked, id=6988, stack(0x000000f82b300000,0x000000f82b400000)]
  0x000002b62dc488e0 JavaThread "Unconstrained build operations Thread 35" [_thread_blocked, id=2160, stack(0x000000f82b400000,0x000000f82b500000)]
  0x000002b62dc4b430 JavaThread "Unconstrained build operations Thread 36" [_thread_blocked, id=4468, stack(0x000000f82b500000,0x000000f82b600000)]
  0x000002b62dc48db0 JavaThread "Unconstrained build operations Thread 37" [_thread_blocked, id=4020, stack(0x000000f82b600000,0x000000f82b700000)]
  0x000002b62dc49280 JavaThread "Unconstrained build operations Thread 38" [_thread_blocked, id=3076, stack(0x000000f82b700000,0x000000f82b800000)]
  0x000002b62dc4a0f0 JavaThread "Unconstrained build operations Thread 39" [_thread_blocked, id=11620, stack(0x000000f82b800000,0x000000f82b900000)]
  0x000002b62dc4af60 JavaThread "Unconstrained build operations Thread 40" [_thread_blocked, id=12472, stack(0x000000f82b900000,0x000000f82ba00000)]
  0x000002b62dc49750 JavaThread "Unconstrained build operations Thread 41" [_thread_blocked, id=12984, stack(0x000000f82ba00000,0x000000f82bb00000)]
  0x000002b62e49b8c0 JavaThread "Unconstrained build operations Thread 42" [_thread_blocked, id=2316, stack(0x000000f82bb00000,0x000000f82bc00000)]
  0x000002b62e49d0d0 JavaThread "Unconstrained build operations Thread 43" [_thread_blocked, id=1136, stack(0x000000f82bc00000,0x000000f82bd00000)]
  0x000002b62e49cc00 JavaThread "Unconstrained build operations Thread 44" [_thread_blocked, id=12732, stack(0x000000f82bd00000,0x000000f82be00000)]
  0x000002b62e49a580 JavaThread "Unconstrained build operations Thread 45" [_thread_blocked, id=9008, stack(0x000000f82be00000,0x000000f82bf00000)]
  0x000002b62e49d5a0 JavaThread "Unconstrained build operations Thread 46" [_thread_blocked, id=8568, stack(0x000000f82bf00000,0x000000f82c000000)]
  0x000002b62e49af20 JavaThread "Unconstrained build operations Thread 47" [_thread_blocked, id=12816, stack(0x000000f82c000000,0x000000f82c100000)]
  0x000002b62e49df40 JavaThread "Unconstrained build operations Thread 48" [_thread_blocked, id=8660, stack(0x000000f82c100000,0x000000f82c200000)]
  0x000002b62e49da70 JavaThread "Unconstrained build operations Thread 49" [_thread_blocked, id=8280, stack(0x000000f82c200000,0x000000f82c300000)]
  0x000002b62e49e410 JavaThread "Unconstrained build operations Thread 50" [_thread_blocked, id=3944, stack(0x000000f82c300000,0x000000f82c400000)]
  0x000002b62e49e8e0 JavaThread "Unconstrained build operations Thread 51" [_thread_blocked, id=10200, stack(0x000000f82c400000,0x000000f82c500000)]
  0x000002b62e49edb0 JavaThread "Unconstrained build operations Thread 52" [_thread_blocked, id=10576, stack(0x000000f82c500000,0x000000f82c600000)]
  0x000002b62e4983d0 JavaThread "Unconstrained build operations Thread 53" [_thread_blocked, id=11528, stack(0x000000f82c600000,0x000000f82c700000)]
  0x000002b62e497560 JavaThread "Unconstrained build operations Thread 54" [_thread_blocked, id=1484, stack(0x000000f82c700000,0x000000f82c800000)]
  0x000002b62e497a30 JavaThread "Unconstrained build operations Thread 55" [_thread_blocked, id=3384, stack(0x000000f82c800000,0x000000f82c900000)]
  0x000002b62e49bd90 JavaThread "Unconstrained build operations Thread 56" [_thread_blocked, id=8616, stack(0x000000f82c900000,0x000000f82ca00000)]
  0x000002b62e497f00 JavaThread "Unconstrained build operations Thread 57" [_thread_blocked, id=12368, stack(0x000000f82ca00000,0x000000f82cb00000)]
  0x000002b62e4988a0 JavaThread "Unconstrained build operations Thread 58" [_thread_blocked, id=7844, stack(0x000000f82cb00000,0x000000f82cc00000)]
  0x000002b62e499710 JavaThread "Unconstrained build operations Thread 59" [_thread_blocked, id=864, stack(0x000000f82cc00000,0x000000f82cd00000)]
  0x000002b62e499240 JavaThread "Unconstrained build operations Thread 60" [_thread_blocked, id=2952, stack(0x000000f82cd00000,0x000000f82ce00000)]
  0x000002b62e499be0 JavaThread "Unconstrained build operations Thread 61" [_thread_blocked, id=6428, stack(0x000000f82ce00000,0x000000f82cf00000)]
  0x000002b62e498d70 JavaThread "Unconstrained build operations Thread 62" [_thread_blocked, id=12200, stack(0x000000f82cf00000,0x000000f82d000000)]
  0x000002b62e49a0b0 JavaThread "Unconstrained build operations Thread 63" [_thread_blocked, id=12012, stack(0x000000f82d000000,0x000000f82d100000)]
  0x000002b62e49aa50 JavaThread "Unconstrained build operations Thread 64" [_thread_blocked, id=3176, stack(0x000000f82d100000,0x000000f82d200000)]
  0x000002b62e49b3f0 JavaThread "Unconstrained build operations Thread 65" [_thread_blocked, id=10764, stack(0x000000f82d200000,0x000000f82d300000)]
  0x000002b62e49c260 JavaThread "Unconstrained build operations Thread 66" [_thread_blocked, id=7636, stack(0x000000f82d300000,0x000000f82d400000)]
  0x000002b62e49c730 JavaThread "Unconstrained build operations Thread 67" [_thread_blocked, id=12616, stack(0x000000f82d400000,0x000000f82d500000)]
  0x000002b62e1a3740 JavaThread "Unconstrained build operations Thread 68" [_thread_blocked, id=10848, stack(0x000000f82d500000,0x000000f82d600000)]
  0x000002b62e1a3270 JavaThread "Unconstrained build operations Thread 69" [_thread_blocked, id=4124, stack(0x000000f82d600000,0x000000f82d700000)]
  0x000002b62e1aa120 JavaThread "Unconstrained build operations Thread 70" [_thread_blocked, id=8808, stack(0x000000f82d700000,0x000000f82d800000)]
  0x000002b62e1a5dc0 JavaThread "Unconstrained build operations Thread 71" [_thread_blocked, id=1928, stack(0x000000f82d800000,0x000000f82d900000)]
  0x000002b62e1a3c10 JavaThread "Unconstrained build operations Thread 72" [_thread_blocked, id=12780, stack(0x000000f82d900000,0x000000f82da00000)]
  0x000002b62e1a45b0 JavaThread "Unconstrained build operations Thread 73" [_thread_blocked, id=9836, stack(0x000000f82da00000,0x000000f82db00000)]
  0x000002b62e1a92b0 JavaThread "Unconstrained build operations Thread 74" [_thread_blocked, id=5152, stack(0x000000f82db00000,0x000000f82dc00000)]
  0x000002b62e1a40e0 JavaThread "Unconstrained build operations Thread 75" [_thread_blocked, id=13104, stack(0x000000f82dc00000,0x000000f82dd00000)]
  0x000002b62e1a9780 JavaThread "Unconstrained build operations Thread 76" [_thread_blocked, id=7488, stack(0x000000f82dd00000,0x000000f82de00000)]
  0x000002b62e1aa5f0 JavaThread "Unconstrained build operations Thread 77" [_thread_blocked, id=9800, stack(0x000000f82de00000,0x000000f82df00000)]
  0x000002b62e1a7100 JavaThread "Unconstrained build operations Thread 78" [_thread_blocked, id=10172, stack(0x000000f82df00000,0x000000f82e000000)]
  0x000002b62e1a2da0 JavaThread "Unconstrained build operations Thread 79" [_thread_blocked, id=6556, stack(0x000000f82e000000,0x000000f82e100000)]
  0x000002b62e1a75d0 JavaThread "Unconstrained build operations Thread 80" [_thread_blocked, id=12880, stack(0x000000f82e100000,0x000000f82e200000)]
  0x000002b62e1a58f0 JavaThread "jar transforms Thread 6" [_thread_blocked, id=12356, stack(0x000000f82e200000,0x000000f82e300000)]
  0x000002b62e1a8440 JavaThread "jar transforms Thread 7" [_thread_blocked, id=4500, stack(0x000000f82e300000,0x000000f82e400000)]
  0x000002b62e1a6290 JavaThread "jar transforms Thread 8" [_thread_blocked, id=1084, stack(0x000000f82e400000,0x000000f82e500000)]
  0x000002b62e1a9c50 JavaThread "build event listener" [_thread_blocked, id=10808, stack(0x000000f82e500000,0x000000f82e600000)]
  0x000002b62e1a4f50 JavaThread "Memory manager" [_thread_blocked, id=5684, stack(0x000000f82e600000,0x000000f82e700000)]
  0x000002b62e1a5420 JavaThread "build event listener" [_thread_blocked, id=11108, stack(0x000000f82e700000,0x000000f82e800000)]
  0x000002b62e1a6760 JavaThread "build event listener" [_thread_blocked, id=2248, stack(0x000000f82e800000,0x000000f82e900000)]
  0x000002b62e64cfb0 JavaThread "pool-3-thread-1" [_thread_blocked, id=13048, stack(0x000000f82e900000,0x000000f82ea00000)]
  0x000002b62e64c140 JavaThread "build event listener" [_thread_blocked, id=7896, stack(0x000000f82ea00000,0x000000f82eb00000)]
  0x000002b62d6f0f50 JavaThread "included builds" [_thread_blocked, id=11916, stack(0x000000f82eb00000,0x000000f82ec00000)]
  0x000002b62d6f2290 JavaThread "Execution worker" [_thread_blocked, id=13272, stack(0x000000f82ec00000,0x000000f82ed00000)]
  0x000002b62d6f2760 JavaThread "Execution worker Thread 2" [_thread_blocked, id=5228, stack(0x000000f82ed00000,0x000000f82ee00000)]
  0x000002b63413e6d0 JavaThread "Execution worker Thread 3" [_thread_blocked, id=2676, stack(0x000000f82ee00000,0x000000f82ef00000)]
  0x000002b63413eba0 JavaThread "Execution worker Thread 4" [_thread_blocked, id=10712, stack(0x000000f82ef00000,0x000000f82f000000)]
  0x000002b63413f070 JavaThread "Execution worker Thread 5" [_thread_blocked, id=12832, stack(0x000000f82f000000,0x000000f82f100000)]
  0x000002b63413d390 JavaThread "Execution worker Thread 6" [_thread_blocked, id=8724, stack(0x000000f82f100000,0x000000f82f200000)]
  0x000002b63413f540 JavaThread "Execution worker Thread 7" [_thread_blocked, id=5224, stack(0x000000f82f200000,0x000000f82f300000)]
  0x000002b634fcc960 JavaThread "Cache worker for execution history cache (C:\Users\samuc\Desktop\BosquePanetteriaApp\.gradle\8.0\executionHistory)" [_thread_blocked, id=7148, stack(0x000000f82f300000,0x000000f82f400000)]
  0x000002b62a8054b0 JavaThread "C2 CompilerThread2" daemon [_thread_blocked, id=3400, stack(0x000000f826b00000,0x000000f826c00000)]
  0x000002b62e64bc70 JavaThread "WorkerExecutor Queue" [_thread_blocked, id=13148, stack(0x000000f82f700000,0x000000f82f800000)]
  0x000002b62d8ec240 JavaThread "WorkerExecutor Queue Thread 2" [_thread_blocked, id=1864, stack(0x000000f82f800000,0x000000f82f900000)]
  0x000002b62d8ecbe0 JavaThread "WorkerExecutor Queue Thread 3" [_thread_blocked, id=3820, stack(0x000000f82f900000,0x000000f82fa00000)]
  0x000002b6294a0b80 JavaThread "WorkerExecutor Queue Thread 4" [_thread_blocked, id=1504, stack(0x000000f82fa00000,0x000000f82fb00000)]

Other Threads:
=>0x000002b62752b7f0 VMThread "VM Thread" [stack: 0x000000f825d00000,0x000000f825e00000] [id=7196]
  0x000002b60b807080 WatcherThread [stack: 0x000000f826900000,0x000000f826a00000] [id=4180]
  0x000002b60b7d31d0 GCTaskThread "GC Thread#0" [stack: 0x000000f825800000,0x000000f825900000] [id=12300]
  0x000002b628771730 GCTaskThread "GC Thread#1" [stack: 0x000000f826c00000,0x000000f826d00000] [id=7292]
  0x000002b6287719e0 GCTaskThread "GC Thread#2" [stack: 0x000000f826d00000,0x000000f826e00000] [id=10644]
  0x000002b628ee8ad0 GCTaskThread "GC Thread#3" [stack: 0x000000f826e00000,0x000000f826f00000] [id=10112]
  0x000002b628d54bc0 GCTaskThread "GC Thread#4" [stack: 0x000000f826f00000,0x000000f827000000] [id=9404]
  0x000002b629573a10 GCTaskThread "GC Thread#5" [stack: 0x000000f827a00000,0x000000f827b00000] [id=11424]
  0x000002b62b135710 GCTaskThread "GC Thread#6" [stack: 0x000000f827b00000,0x000000f827c00000] [id=10776]
  0x000002b62ab1c3a0 GCTaskThread "GC Thread#7" [stack: 0x000000f827c00000,0x000000f827d00000] [id=1416]
  0x000002b60b7e4020 ConcurrentGCThread "G1 Main Marker" [stack: 0x000000f825900000,0x000000f825a00000] [id=6640]
  0x000002b60b7e4940 ConcurrentGCThread "G1 Conc#0" [stack: 0x000000f825a00000,0x000000f825b00000] [id=12304]
  0x000002b62a737c30 ConcurrentGCThread "G1 Conc#1" [stack: 0x000000f827d00000,0x000000f827e00000] [id=12248]
  0x000002b6273e20c0 ConcurrentGCThread "G1 Refine#0" [stack: 0x000000f825b00000,0x000000f825c00000] [id=7200]
  0x000002b629653ad0 ConcurrentGCThread "G1 Refine#1" [stack: 0x000000f828b00000,0x000000f828c00000] [id=10668]
  0x000002b6286946f0 ConcurrentGCThread "G1 Refine#2" [stack: 0x000000f82f400000,0x000000f82f500000] [id=10396]
  0x000002b635ed6b90 ConcurrentGCThread "G1 Refine#3" [stack: 0x000000f82f500000,0x000000f82f600000] [id=12228]
  0x000002b62844b360 ConcurrentGCThread "G1 Refine#4" [stack: 0x000000f82f600000,0x000000f82f700000] [id=8212]
  0x000002b6273e29f0 ConcurrentGCThread "G1 Service" [stack: 0x000000f825c00000,0x000000f825d00000] [id=12044]

Threads with active compile tasks:
C2 CompilerThread0    14075 13033       4       com.android.utils.XmlUtils::append (597 bytes)
C1 CompilerThread0    14075 13181       2       java.io.Bits::getLong (105 bytes)
C2 CompilerThread1    14075 13022       4       com.android.ide.common.resources.NodeUtils::duplicateNode (315 bytes)
C2 CompilerThread2    14075 13081   !   4       java.io.ObjectOutputStream::defaultWriteFields (288 bytes)

VM state: at safepoint (normal execution)

VM Mutex/Monitor currently owned by a thread:  ([mutex/lock_event])
[0x000002b60b767eb0] Threads_lock - owner thread: 0x000002b62752b7f0
[0x000002b60b766950] Heap_lock - owner thread: 0x000002b62e64bc70

Heap address: 0x0000000080000000, size: 2048 MB, Compressed Oops mode: 32-bit

CDS archive(s) not mapped
Compressed class space mapped at: 0x0000000100000000-0x0000000140000000, reserved size: 1073741824
Narrow klass base: 0x0000000000000000, Narrow klass shift: 3, Narrow klass range: 0x140000000

GC Precious Log:
 CPUs: 8 total, 8 available
 Memory: 7971M
 Large Page Support: Disabled
 NUMA Support: Disabled
 Compressed Oops: Enabled (32-bit)
 Heap Region Size: 1M
 Heap Min Capacity: 8M
 Heap Initial Capacity: 126M
 Heap Max Capacity: 2G
 Pre-touch: Disabled
 Parallel Workers: 8
 Concurrent Workers: 2
 Concurrent Refinement Workers: 8
 Periodic GC: Disabled

Heap:
 garbage-first heap   total 253952K, used 148653K [0x0000000080000000, 0x0000000100000000)
  region size 1024K, 5 young (5120K), 5 survivors (5120K)
 Metaspace       used 104365K, committed 105152K, reserved 1146880K
  class space    used 14090K, committed 14464K, reserved 1048576K

Heap Regions: E=young(eden), S=young(survivor), O=old, HS=humongous(starts), HC=humongous(continues), CS=collection set, F=free, OA=open archive, CA=closed archive, TAMS=top-at-mark-start (previous, next)
|   0|0x0000000080000000, 0x0000000080100000, 0x0000000080100000|100%|HS|  |TAMS 0x0000000080100000, 0x0000000080000000| Complete 
|   1|0x0000000080100000, 0x0000000080200000, 0x0000000080200000|100%|HC|  |TAMS 0x0000000080200000, 0x0000000080100000| Complete 
|   2|0x0000000080200000, 0x0000000080300000, 0x0000000080300000|100%|HC|  |TAMS 0x0000000080300000, 0x0000000080200000| Complete 
|   3|0x0000000080300000, 0x0000000080400000, 0x0000000080400000|100%|HC|  |TAMS 0x0000000080400000, 0x0000000080300000| Complete 
|   4|0x0000000080400000, 0x0000000080500000, 0x0000000080500000|100%| O|  |TAMS 0x0000000080500000, 0x0000000080400000| Untracked 
|   5|0x0000000080500000, 0x0000000080600000, 0x0000000080600000|100%| O|  |TAMS 0x0000000080600000, 0x0000000080500000| Untracked 
|   6|0x0000000080600000, 0x0000000080700000, 0x0000000080700000|100%| O|  |TAMS 0x0000000080700000, 0x0000000080600000| Untracked 
|   7|0x0000000080700000, 0x0000000080800000, 0x0000000080800000|100%| O|  |TAMS 0x0000000080800000, 0x0000000080700000| Untracked 
|   8|0x0000000080800000, 0x0000000080900000, 0x0000000080900000|100%| O|  |TAMS 0x0000000080900000, 0x0000000080800000| Untracked 
|   9|0x0000000080900000, 0x0000000080a00000, 0x0000000080a00000|100%| O|  |TAMS 0x0000000080a00000, 0x0000000080900000| Untracked 
|  10|0x0000000080a00000, 0x0000000080b00000, 0x0000000080b00000|100%| O|  |TAMS 0x0000000080b00000, 0x0000000080a00000| Untracked 
|  11|0x0000000080b00000, 0x0000000080c00000, 0x0000000080c00000|100%| O|  |TAMS 0x0000000080c00000, 0x0000000080b00000| Untracked 
|  12|0x0000000080c00000, 0x0000000080d00000, 0x0000000080d00000|100%| O|  |TAMS 0x0000000080d00000, 0x0000000080c00000| Untracked 
|  13|0x0000000080d00000, 0x0000000080e00000, 0x0000000080e00000|100%| O|  |TAMS 0x0000000080d00000, 0x0000000080d00000| Untracked 
|  14|0x0000000080e00000, 0x0000000080f00000, 0x0000000080f00000|100%| O|  |TAMS 0x0000000080f00000, 0x0000000080e00000| Untracked 
|  15|0x0000000080f00000, 0x0000000081000000, 0x0000000081000000|100%| O|  |TAMS 0x0000000081000000, 0x0000000080f00000| Untracked 
|  16|0x0000000081000000, 0x0000000081100000, 0x0000000081100000|100%| O|  |TAMS 0x0000000081100000, 0x0000000081000000| Untracked 
|  17|0x0000000081100000, 0x0000000081200000, 0x0000000081200000|100%| O|  |TAMS 0x0000000081200000, 0x0000000081100000| Untracked 
|  18|0x0000000081200000, 0x0000000081300000, 0x0000000081300000|100%| O|  |TAMS 0x0000000081300000, 0x0000000081200000| Untracked 
|  19|0x0000000081300000, 0x0000000081400000, 0x0000000081400000|100%| O|  |TAMS 0x0000000081400000, 0x0000000081300000| Untracked 
|  20|0x0000000081400000, 0x0000000081500000, 0x0000000081500000|100%| O|  |TAMS 0x0000000081500000, 0x0000000081400000| Untracked 
|  21|0x0000000081500000, 0x0000000081600000, 0x0000000081600000|100%| O|  |TAMS 0x0000000081600000, 0x0000000081500000| Untracked 
|  22|0x0000000081600000, 0x0000000081700000, 0x0000000081700000|100%| O|  |TAMS 0x0000000081600000, 0x0000000081600000| Untracked 
|  23|0x0000000081700000, 0x0000000081800000, 0x0000000081800000|100%| O|  |TAMS 0x0000000081800000, 0x0000000081700000| Untracked 
|  24|0x0000000081800000, 0x0000000081900000, 0x0000000081900000|100%| O|  |TAMS 0x0000000081900000, 0x0000000081800000| Untracked 
|  25|0x0000000081900000, 0x0000000081a00000, 0x0000000081a00000|100%| O|  |TAMS 0x0000000081a00000, 0x0000000081900000| Untracked 
|  26|0x0000000081a00000, 0x0000000081b00000, 0x0000000081b00000|100%|HS|  |TAMS 0x0000000081b00000, 0x0000000081a00000| Complete 
|  27|0x0000000081b00000, 0x0000000081c00000, 0x0000000081c00000|100%|HS|  |TAMS 0x0000000081c00000, 0x0000000081b00000| Complete 
|  28|0x0000000081c00000, 0x0000000081d00000, 0x0000000081d00000|100%| O|  |TAMS 0x0000000081d00000, 0x0000000081c00000| Untracked 
|  29|0x0000000081d00000, 0x0000000081e00000, 0x0000000081e00000|100%| O|  |TAMS 0x0000000081e00000, 0x0000000081d00000| Untracked 
|  30|0x0000000081e00000, 0x0000000081f00000, 0x0000000081f00000|100%| O|  |TAMS 0x0000000081f00000, 0x0000000081e00000| Untracked 
|  31|0x0000000081f00000, 0x0000000082000000, 0x0000000082000000|100%| O|  |TAMS 0x0000000082000000, 0x0000000081f00000| Untracked 
|  32|0x0000000082000000, 0x0000000082100000, 0x0000000082100000|100%| O|  |TAMS 0x0000000082100000, 0x0000000082000000| Untracked 
|  33|0x0000000082100000, 0x0000000082200000, 0x0000000082200000|100%| O|  |TAMS 0x0000000082200000, 0x0000000082100000| Untracked 
|  34|0x0000000082200000, 0x0000000082300000, 0x0000000082300000|100%|HS|  |TAMS 0x0000000082300000, 0x0000000082200000| Complete 
|  35|0x0000000082300000, 0x0000000082400000, 0x0000000082400000|100%|HS|  |TAMS 0x0000000082400000, 0x0000000082300000| Complete 
|  36|0x0000000082400000, 0x0000000082500000, 0x0000000082500000|100%|HC|  |TAMS 0x0000000082500000, 0x0000000082400000| Complete 
|  37|0x0000000082500000, 0x0000000082600000, 0x0000000082600000|100%| O|  |TAMS 0x0000000082600000, 0x0000000082500000| Untracked 
|  38|0x0000000082600000, 0x0000000082700000, 0x0000000082700000|100%| O|  |TAMS 0x0000000082700000, 0x0000000082600000| Untracked 
|  39|0x0000000082700000, 0x0000000082800000, 0x0000000082800000|100%| O|  |TAMS 0x0000000082800000, 0x0000000082700000| Untracked 
|  40|0x0000000082800000, 0x0000000082900000, 0x0000000082900000|100%| O|  |TAMS 0x0000000082900000, 0x0000000082800000| Untracked 
|  41|0x0000000082900000, 0x0000000082a00000, 0x0000000082a00000|100%| O|  |TAMS 0x0000000082a00000, 0x0000000082900000| Untracked 
|  42|0x0000000082a00000, 0x0000000082b00000, 0x0000000082b00000|100%|HS|  |TAMS 0x0000000082b00000, 0x0000000082a00000| Complete 
|  43|0x0000000082b00000, 0x0000000082c00000, 0x0000000082c00000|100%|HC|  |TAMS 0x0000000082c00000, 0x0000000082b00000| Complete 
|  44|0x0000000082c00000, 0x0000000082d00000, 0x0000000082d00000|100%|HC|  |TAMS 0x0000000082d00000, 0x0000000082c00000| Complete 
|  45|0x0000000082d00000, 0x0000000082e00000, 0x0000000082e00000|100%|HC|  |TAMS 0x0000000082e00000, 0x0000000082d00000| Complete 
|  46|0x0000000082e00000, 0x0000000082f00000, 0x0000000082f00000|100%| O|  |TAMS 0x0000000082f00000, 0x0000000082e00000| Untracked 
|  47|0x0000000082f00000, 0x0000000083000000, 0x0000000083000000|100%| O|  |TAMS 0x0000000083000000, 0x0000000082f00000| Untracked 
|  48|0x0000000083000000, 0x0000000083100000, 0x0000000083100000|100%| O|  |TAMS 0x0000000083100000, 0x0000000083000000| Untracked 
|  49|0x0000000083100000, 0x0000000083200000, 0x0000000083200000|100%| O|  |TAMS 0x0000000083200000, 0x0000000083100000| Untracked 
|  50|0x0000000083200000, 0x0000000083300000, 0x0000000083300000|100%| O|  |TAMS 0x0000000083300000, 0x0000000083200000| Untracked 
|  51|0x0000000083300000, 0x0000000083400000, 0x0000000083400000|100%| O|  |TAMS 0x0000000083400000, 0x0000000083300000| Untracked 
|  52|0x0000000083400000, 0x0000000083500000, 0x0000000083500000|100%| O|  |TAMS 0x0000000083500000, 0x0000000083400000| Untracked 
|  53|0x0000000083500000, 0x0000000083600000, 0x0000000083600000|100%| O|  |TAMS 0x0000000083600000, 0x0000000083500000| Untracked 
|  54|0x0000000083600000, 0x0000000083700000, 0x0000000083700000|100%| O|  |TAMS 0x0000000083700000, 0x0000000083600000| Untracked 
|  55|0x0000000083700000, 0x0000000083800000, 0x0000000083800000|100%| O|  |TAMS 0x0000000083800000, 0x0000000083700000| Untracked 
|  56|0x0000000083800000, 0x0000000083900000, 0x0000000083900000|100%| O|  |TAMS 0x0000000083900000, 0x0000000083800000| Untracked 
|  57|0x0000000083900000, 0x0000000083a00000, 0x0000000083a00000|100%| O|  |TAMS 0x0000000083a00000, 0x0000000083900000| Untracked 
|  58|0x0000000083a00000, 0x0000000083b00000, 0x0000000083b00000|100%| O|  |TAMS 0x0000000083b00000, 0x0000000083a00000| Untracked 
|  59|0x0000000083b00000, 0x0000000083c00000, 0x0000000083c00000|100%| O|  |TAMS 0x0000000083bb9800, 0x0000000083b00000| Untracked 
|  60|0x0000000083c00000, 0x0000000083d00000, 0x0000000083d00000|100%| O|  |TAMS 0x0000000083c00000, 0x0000000083c00000| Untracked 
|  61|0x0000000083d00000, 0x0000000083da6a00, 0x0000000083e00000| 65%| O|  |TAMS 0x0000000083d00000, 0x0000000083d00000| Untracked 
|  62|0x0000000083e00000, 0x0000000083f00000, 0x0000000083f00000|100%| O|  |TAMS 0x0000000083e00000, 0x0000000083e00000| Untracked 
|  63|0x0000000083f00000, 0x0000000084000000, 0x0000000084000000|100%| O|  |TAMS 0x0000000083f00000, 0x0000000083f00000| Untracked 
|  64|0x0000000084000000, 0x0000000084100000, 0x0000000084100000|100%| O|  |TAMS 0x0000000084000000, 0x0000000084000000| Untracked 
|  65|0x0000000084100000, 0x0000000084200000, 0x0000000084200000|100%| O|  |TAMS 0x0000000084100000, 0x0000000084100000| Untracked 
|  66|0x0000000084200000, 0x0000000084300000, 0x0000000084300000|100%| O|  |TAMS 0x0000000084200000, 0x0000000084200000| Untracked 
|  67|0x0000000084300000, 0x0000000084400000, 0x0000000084400000|100%| O|  |TAMS 0x0000000084300000, 0x0000000084300000| Untracked 
|  68|0x0000000084400000, 0x0000000084500000, 0x0000000084500000|100%| O|  |TAMS 0x0000000084400000, 0x0000000084400000| Untracked 
|  69|0x0000000084500000, 0x0000000084600000, 0x0000000084600000|100%| O|  |TAMS 0x0000000084500000, 0x0000000084500000| Untracked 
|  70|0x0000000084600000, 0x0000000084700000, 0x0000000084700000|100%| O|  |TAMS 0x0000000084600000, 0x0000000084600000| Untracked 
|  71|0x0000000084700000, 0x0000000084800000, 0x0000000084800000|100%| O|  |TAMS 0x0000000084700000, 0x0000000084700000| Untracked 
|  72|0x0000000084800000, 0x0000000084900000, 0x0000000084900000|100%| O|  |TAMS 0x0000000084800000, 0x0000000084800000| Untracked 
|  73|0x0000000084900000, 0x0000000084a00000, 0x0000000084a00000|100%| O|  |TAMS 0x0000000084900000, 0x0000000084900000| Untracked 
|  74|0x0000000084a00000, 0x0000000084b00000, 0x0000000084b00000|100%| O|  |TAMS 0x0000000084a00000, 0x0000000084a00000| Untracked 
|  75|0x0000000084b00000, 0x0000000084c00000, 0x0000000084c00000|100%| O|  |TAMS 0x0000000084b00000, 0x0000000084b00000| Untracked 
|  76|0x0000000084c00000, 0x0000000084d00000, 0x0000000084d00000|100%| O|  |TAMS 0x0000000084c00000, 0x0000000084c00000| Untracked 
|  77|0x0000000084d00000, 0x0000000084e00000, 0x0000000084e00000|100%| O|  |TAMS 0x0000000084d00000, 0x0000000084d00000| Untracked 
|  78|0x0000000084e00000, 0x0000000084f00000, 0x0000000084f00000|100%| O|  |TAMS 0x0000000084e00000, 0x0000000084e00000| Untracked 
|  79|0x0000000084f00000, 0x0000000085000000, 0x0000000085000000|100%| O|  |TAMS 0x0000000084f00000, 0x0000000084f00000| Untracked 
|  80|0x0000000085000000, 0x0000000085100000, 0x0000000085100000|100%| O|  |TAMS 0x0000000085000000, 0x0000000085000000| Untracked 
|  81|0x0000000085100000, 0x0000000085200000, 0x0000000085200000|100%| O|  |TAMS 0x0000000085100000, 0x0000000085100000| Untracked 
|  82|0x0000000085200000, 0x0000000085300000, 0x0000000085300000|100%| O|  |TAMS 0x0000000085200000, 0x0000000085200000| Untracked 
|  83|0x0000000085300000, 0x0000000085400000, 0x0000000085400000|100%| O|  |TAMS 0x0000000085300000, 0x0000000085300000| Untracked 
|  84|0x0000000085400000, 0x0000000085500000, 0x0000000085500000|100%| O|  |TAMS 0x0000000085400000, 0x0000000085400000| Untracked 
|  85|0x0000000085500000, 0x0000000085600000, 0x0000000085600000|100%| O|  |TAMS 0x0000000085500000, 0x0000000085500000| Untracked 
|  86|0x0000000085600000, 0x0000000085700000, 0x0000000085700000|100%| O|  |TAMS 0x0000000085600000, 0x0000000085600000| Untracked 
|  87|0x0000000085700000, 0x0000000085800000, 0x0000000085800000|100%| O|  |TAMS 0x0000000085700000, 0x0000000085700000| Untracked 
|  88|0x0000000085800000, 0x0000000085900000, 0x0000000085900000|100%| O|  |TAMS 0x0000000085800000, 0x0000000085800000| Untracked 
|  89|0x0000000085900000, 0x0000000085a00000, 0x0000000085a00000|100%| O|  |TAMS 0x0000000085900000, 0x0000000085900000| Untracked 
|  90|0x0000000085a00000, 0x0000000085b00000, 0x0000000085b00000|100%| O|  |TAMS 0x0000000085a00000, 0x0000000085a00000| Untracked 
|  91|0x0000000085b00000, 0x0000000085c00000, 0x0000000085c00000|100%| O|  |TAMS 0x0000000085b00000, 0x0000000085b00000| Untracked 
|  92|0x0000000085c00000, 0x0000000085d00000, 0x0000000085d00000|100%| O|  |TAMS 0x0000000085c00000, 0x0000000085c00000| Untracked 
|  93|0x0000000085d00000, 0x0000000085e00000, 0x0000000085e00000|100%| O|  |TAMS 0x0000000085d00000, 0x0000000085d00000| Untracked 
|  94|0x0000000085e00000, 0x0000000085f00000, 0x0000000085f00000|100%| O|  |TAMS 0x0000000085e00000, 0x0000000085e00000| Untracked 
|  95|0x0000000085f00000, 0x0000000086000000, 0x0000000086000000|100%| O|  |TAMS 0x0000000085f00000, 0x0000000085f00000| Untracked 
|  96|0x0000000086000000, 0x0000000086100000, 0x0000000086100000|100%| O|  |TAMS 0x0000000086000000, 0x0000000086000000| Untracked 
|  97|0x0000000086100000, 0x0000000086200000, 0x0000000086200000|100%| O|  |TAMS 0x0000000086100000, 0x0000000086100000| Untracked 
|  98|0x0000000086200000, 0x0000000086200000, 0x0000000086300000|  0%| F|  |TAMS 0x0000000086200000, 0x0000000086200000| Untracked 
|  99|0x0000000086300000, 0x0000000086300000, 0x0000000086400000|  0%| F|  |TAMS 0x0000000086300000, 0x0000000086300000| Untracked 
| 100|0x0000000086400000, 0x0000000086400000, 0x0000000086500000|  0%| F|  |TAMS 0x0000000086400000, 0x0000000086400000| Untracked 
| 101|0x0000000086500000, 0x0000000086500000, 0x0000000086600000|  0%| F|  |TAMS 0x0000000086500000, 0x0000000086500000| Untracked 
| 102|0x0000000086600000, 0x0000000086600000, 0x0000000086700000|  0%| F|  |TAMS 0x0000000086600000, 0x0000000086600000| Untracked 
| 103|0x0000000086700000, 0x0000000086800000, 0x0000000086800000|100%| O|  |TAMS 0x0000000086700000, 0x0000000086700000| Untracked 
| 104|0x0000000086800000, 0x0000000086900000, 0x0000000086900000|100%| O|  |TAMS 0x0000000086800000, 0x0000000086800000| Untracked 
| 105|0x0000000086900000, 0x0000000086a00000, 0x0000000086a00000|100%|HS|  |TAMS 0x0000000086900000, 0x0000000086900000| Complete 
| 106|0x0000000086a00000, 0x0000000086b00000, 0x0000000086b00000|100%|HC|  |TAMS 0x0000000086a00000, 0x0000000086a00000| Complete 
| 107|0x0000000086b00000, 0x0000000086c00000, 0x0000000086c00000|100%| O|  |TAMS 0x0000000086b00000, 0x0000000086b00000| Untracked 
| 108|0x0000000086c00000, 0x0000000086d00000, 0x0000000086d00000|100%| O|  |TAMS 0x0000000086c00000, 0x0000000086c00000| Untracked 
| 109|0x0000000086d00000, 0x0000000086e00000, 0x0000000086e00000|100%| O|  |TAMS 0x0000000086d00000, 0x0000000086d00000| Untracked 
| 110|0x0000000086e00000, 0x0000000086f00000, 0x0000000086f00000|100%| O|  |TAMS 0x0000000086e00000, 0x0000000086e00000| Untracked 
| 111|0x0000000086f00000, 0x0000000087000000, 0x0000000087000000|100%| O|  |TAMS 0x0000000086f00000, 0x0000000086f00000| Untracked 
| 112|0x0000000087000000, 0x0000000087100000, 0x0000000087100000|100%| O|  |TAMS 0x0000000087000000, 0x0000000087000000| Untracked 
| 113|0x0000000087100000, 0x0000000087200000, 0x0000000087200000|100%| O|  |TAMS 0x0000000087100000, 0x0000000087100000| Untracked 
| 114|0x0000000087200000, 0x0000000087300000, 0x0000000087300000|100%| O|  |TAMS 0x0000000087200000, 0x0000000087200000| Untracked 
| 115|0x0000000087300000, 0x0000000087400000, 0x0000000087400000|100%| O|  |TAMS 0x0000000087300000, 0x0000000087300000| Untracked 
| 116|0x0000000087400000, 0x0000000087500000, 0x0000000087500000|100%| O|  |TAMS 0x0000000087400000, 0x0000000087400000| Untracked 
| 117|0x0000000087500000, 0x0000000087600000, 0x0000000087600000|100%| O|  |TAMS 0x0000000087500000, 0x0000000087500000| Untracked 
| 118|0x0000000087600000, 0x0000000087700000, 0x0000000087700000|100%| O|  |TAMS 0x0000000087600000, 0x0000000087600000| Untracked 
| 119|0x0000000087700000, 0x0000000087800000, 0x0000000087800000|100%| O|  |TAMS 0x0000000087700000, 0x0000000087700000| Untracked 
| 120|0x0000000087800000, 0x0000000087900000, 0x0000000087900000|100%| O|  |TAMS 0x0000000087800000, 0x0000000087800000| Untracked 
| 121|0x0000000087900000, 0x0000000087a00000, 0x0000000087a00000|100%| O|  |TAMS 0x0000000087900000, 0x0000000087900000| Untracked 
| 122|0x0000000087a00000, 0x0000000087b00000, 0x0000000087b00000|100%| O|  |TAMS 0x0000000087a00000, 0x0000000087a00000| Untracked 
| 123|0x0000000087b00000, 0x0000000087c00000, 0x0000000087c00000|100%| O|  |TAMS 0x0000000087b00000, 0x0000000087b00000| Untracked 
| 124|0x0000000087c00000, 0x0000000087d00000, 0x0000000087d00000|100%| O|  |TAMS 0x0000000087c00000, 0x0000000087c00000| Untracked 
| 125|0x0000000087d00000, 0x0000000087e00000, 0x0000000087e00000|100%| O|  |TAMS 0x0000000087d00000, 0x0000000087d00000| Untracked 
| 126|0x0000000087e00000, 0x0000000087f00000, 0x0000000087f00000|100%| O|  |TAMS 0x0000000087e00000, 0x0000000087e00000| Untracked 
| 127|0x0000000087f00000, 0x0000000088000000, 0x0000000088000000|100%| O|  |TAMS 0x0000000087f00000, 0x0000000087f00000| Untracked 
| 128|0x0000000088000000, 0x0000000088100000, 0x0000000088100000|100%| O|  |TAMS 0x0000000088000000, 0x0000000088000000| Untracked 
| 129|0x0000000088100000, 0x0000000088200000, 0x0000000088200000|100%| O|  |TAMS 0x0000000088100000, 0x0000000088100000| Untracked 
| 130|0x0000000088200000, 0x0000000088300000, 0x0000000088300000|100%| O|  |TAMS 0x0000000088200000, 0x0000000088200000| Untracked 
| 131|0x0000000088300000, 0x0000000088400000, 0x0000000088400000|100%| O|  |TAMS 0x0000000088300000, 0x0000000088300000| Untracked 
| 132|0x0000000088400000, 0x0000000088500000, 0x0000000088500000|100%| O|  |TAMS 0x0000000088400000, 0x0000000088400000| Untracked 
| 133|0x0000000088500000, 0x0000000088600000, 0x0000000088600000|100%| O|  |TAMS 0x0000000088500000, 0x0000000088500000| Untracked 
| 134|0x0000000088600000, 0x0000000088700000, 0x0000000088700000|100%| O|  |TAMS 0x0000000088600000, 0x0000000088600000| Untracked 
| 135|0x0000000088700000, 0x0000000088700000, 0x0000000088800000|  0%| F|  |TAMS 0x0000000088700000, 0x0000000088700000| Untracked 
| 136|0x0000000088800000, 0x0000000088800000, 0x0000000088900000|  0%| F|  |TAMS 0x0000000088800000, 0x0000000088800000| Untracked 
| 137|0x0000000088900000, 0x0000000088900000, 0x0000000088a00000|  0%| F|  |TAMS 0x0000000088900000, 0x0000000088900000| Untracked 
| 138|0x0000000088a00000, 0x0000000088a00000, 0x0000000088b00000|  0%| F|  |TAMS 0x0000000088a00000, 0x0000000088a00000| Untracked 
| 139|0x0000000088b00000, 0x0000000088c00000, 0x0000000088c00000|100%| O|  |TAMS 0x0000000088b00000, 0x0000000088b00000| Untracked 
| 140|0x0000000088c00000, 0x0000000088d00000, 0x0000000088d00000|100%| O|  |TAMS 0x0000000088c00000, 0x0000000088c00000| Untracked 
| 141|0x0000000088d00000, 0x0000000088e00000, 0x0000000088e00000|100%| O|  |TAMS 0x0000000088d00000, 0x0000000088d00000| Untracked 
| 142|0x0000000088e00000, 0x0000000088f00000, 0x0000000088f00000|100%| O|  |TAMS 0x0000000088e00000, 0x0000000088e00000| Untracked 
| 143|0x0000000088f00000, 0x0000000089000000, 0x0000000089000000|100%| O|  |TAMS 0x0000000088f00000, 0x0000000088f00000| Untracked 
| 144|0x0000000089000000, 0x0000000089100000, 0x0000000089100000|100%| O|  |TAMS 0x0000000089000000, 0x0000000089000000| Untracked 
| 145|0x0000000089100000, 0x0000000089200000, 0x0000000089200000|100%| O|  |TAMS 0x0000000089100000, 0x0000000089100000| Untracked 
| 146|0x0000000089200000, 0x0000000089200000, 0x0000000089300000|  0%| F|  |TAMS 0x0000000089200000, 0x0000000089200000| Untracked 
| 147|0x0000000089300000, 0x0000000089300000, 0x0000000089400000|  0%| F|  |TAMS 0x0000000089300000, 0x0000000089300000| Untracked 
| 148|0x0000000089400000, 0x0000000089400000, 0x0000000089500000|  0%| F|  |TAMS 0x0000000089400000, 0x0000000089400000| Untracked 
| 149|0x0000000089500000, 0x0000000089500000, 0x0000000089600000|  0%| F|  |TAMS 0x0000000089500000, 0x0000000089500000| Untracked 
| 150|0x0000000089600000, 0x0000000089600000, 0x0000000089700000|  0%| F|  |TAMS 0x0000000089600000, 0x0000000089600000| Untracked 
| 151|0x0000000089700000, 0x0000000089700000, 0x0000000089800000|  0%| F|  |TAMS 0x0000000089700000, 0x0000000089700000| Untracked 
| 152|0x0000000089800000, 0x0000000089800000, 0x0000000089900000|  0%| F|  |TAMS 0x0000000089800000, 0x0000000089800000| Untracked 
| 153|0x0000000089900000, 0x0000000089900000, 0x0000000089a00000|  0%| F|  |TAMS 0x0000000089900000, 0x0000000089900000| Untracked 
| 154|0x0000000089a00000, 0x0000000089a00000, 0x0000000089b00000|  0%| F|  |TAMS 0x0000000089a00000, 0x0000000089a00000| Untracked 
| 155|0x0000000089b00000, 0x0000000089b00000, 0x0000000089c00000|  0%| F|  |TAMS 0x0000000089b00000, 0x0000000089b00000| Untracked 
| 156|0x0000000089c00000, 0x0000000089c00000, 0x0000000089d00000|  0%| F|  |TAMS 0x0000000089c00000, 0x0000000089c00000| Untracked 
| 157|0x0000000089d00000, 0x0000000089d00000, 0x0000000089e00000|  0%| F|  |TAMS 0x0000000089d00000, 0x0000000089d00000| Untracked 
| 158|0x0000000089e00000, 0x0000000089e00000, 0x0000000089f00000|  0%| F|  |TAMS 0x0000000089e00000, 0x0000000089e00000| Untracked 
| 159|0x0000000089f00000, 0x0000000089f00000, 0x000000008a000000|  0%| F|  |TAMS 0x0000000089f00000, 0x0000000089f00000| Untracked 
| 160|0x000000008a000000, 0x000000008a000000, 0x000000008a100000|  0%| F|  |TAMS 0x000000008a000000, 0x000000008a000000| Untracked 
| 161|0x000000008a100000, 0x000000008a100000, 0x000000008a200000|  0%| F|  |TAMS 0x000000008a100000, 0x000000008a100000| Untracked 
| 162|0x000000008a200000, 0x000000008a300000, 0x000000008a300000|100%| O|  |TAMS 0x000000008a200000, 0x000000008a200000| Untracked 
| 163|0x000000008a300000, 0x000000008a400000, 0x000000008a400000|100%| O|  |TAMS 0x000000008a300000, 0x000000008a300000| Untracked 
| 164|0x000000008a400000, 0x000000008a500000, 0x000000008a500000|100%| O|  |TAMS 0x000000008a400000, 0x000000008a400000| Untracked 
| 165|0x000000008a500000, 0x000000008a5a9e00, 0x000000008a600000| 66%| O|  |TAMS 0x000000008a500000, 0x000000008a500000| Untracked 
| 166|0x000000008a600000, 0x000000008a600000, 0x000000008a700000|  0%| F|  |TAMS 0x000000008a600000, 0x000000008a600000| Untracked 
| 167|0x000000008a700000, 0x000000008a700000, 0x000000008a800000|  0%| F|  |TAMS 0x000000008a700000, 0x000000008a700000| Untracked 
| 168|0x000000008a800000, 0x000000008a800000, 0x000000008a900000|  0%| F|  |TAMS 0x000000008a800000, 0x000000008a800000| Untracked 
| 169|0x000000008a900000, 0x000000008a900000, 0x000000008aa00000|  0%| F|  |TAMS 0x000000008a900000, 0x000000008a900000| Untracked 
| 170|0x000000008aa00000, 0x000000008aa00000, 0x000000008ab00000|  0%| F|  |TAMS 0x000000008aa00000, 0x000000008aa00000| Untracked 
| 171|0x000000008ab00000, 0x000000008ab00000, 0x000000008ac00000|  0%| F|  |TAMS 0x000000008ab00000, 0x000000008ab00000| Untracked 
| 172|0x000000008ac00000, 0x000000008ac00000, 0x000000008ad00000|  0%| F|  |TAMS 0x000000008ac00000, 0x000000008ac00000| Untracked 
| 173|0x000000008ad00000, 0x000000008ad00000, 0x000000008ae00000|  0%| F|  |TAMS 0x000000008ad00000, 0x000000008ad00000| Untracked 
| 174|0x000000008ae00000, 0x000000008ae00000, 0x000000008af00000|  0%| F|  |TAMS 0x000000008ae00000, 0x000000008ae00000| Untracked 
| 175|0x000000008af00000, 0x000000008af00000, 0x000000008b000000|  0%| F|  |TAMS 0x000000008af00000, 0x000000008af00000| Untracked 
| 176|0x000000008b000000, 0x000000008b000000, 0x000000008b100000|  0%| F|  |TAMS 0x000000008b000000, 0x000000008b000000| Untracked 
| 177|0x000000008b100000, 0x000000008b100000, 0x000000008b200000|  0%| F|  |TAMS 0x000000008b100000, 0x000000008b100000| Untracked 
| 178|0x000000008b200000, 0x000000008b200000, 0x000000008b300000|  0%| F|  |TAMS 0x000000008b200000, 0x000000008b200000| Untracked 
| 179|0x000000008b300000, 0x000000008b300000, 0x000000008b400000|  0%| F|  |TAMS 0x000000008b300000, 0x000000008b300000| Untracked 
| 180|0x000000008b400000, 0x000000008b400000, 0x000000008b500000|  0%| F|  |TAMS 0x000000008b400000, 0x000000008b400000| Untracked 
| 181|0x000000008b500000, 0x000000008b500000, 0x000000008b600000|  0%| F|  |TAMS 0x000000008b500000, 0x000000008b500000| Untracked 
| 182|0x000000008b600000, 0x000000008b600000, 0x000000008b700000|  0%| F|  |TAMS 0x000000008b600000, 0x000000008b600000| Untracked 
| 183|0x000000008b700000, 0x000000008b700000, 0x000000008b800000|  0%| F|  |TAMS 0x000000008b700000, 0x000000008b700000| Untracked 
| 184|0x000000008b800000, 0x000000008b800000, 0x000000008b900000|  0%| F|  |TAMS 0x000000008b800000, 0x000000008b800000| Untracked 
| 185|0x000000008b900000, 0x000000008b9dad00, 0x000000008ba00000| 85%| S|CS|TAMS 0x000000008b900000, 0x000000008b900000| Complete 
| 186|0x000000008ba00000, 0x000000008bb00000, 0x000000008bb00000|100%| S|CS|TAMS 0x000000008ba00000, 0x000000008ba00000| Complete 
| 187|0x000000008bb00000, 0x000000008bc00000, 0x000000008bc00000|100%| S|CS|TAMS 0x000000008bb00000, 0x000000008bb00000| Complete 
| 188|0x000000008bc00000, 0x000000008bd00000, 0x000000008bd00000|100%| S|CS|TAMS 0x000000008bc00000, 0x000000008bc00000| Complete 
| 189|0x000000008bd00000, 0x000000008be00000, 0x000000008be00000|100%| S|CS|TAMS 0x000000008bd00000, 0x000000008bd00000| Complete 
| 190|0x000000008be00000, 0x000000008be00000, 0x000000008bf00000|  0%| F|  |TAMS 0x000000008be00000, 0x000000008be00000| Untracked 
| 191|0x000000008bf00000, 0x000000008bf00000, 0x000000008c000000|  0%| F|  |TAMS 0x000000008bf00000, 0x000000008bf00000| Untracked 
| 192|0x000000008c000000, 0x000000008c000000, 0x000000008c100000|  0%| F|  |TAMS 0x000000008c000000, 0x000000008c000000| Untracked 
| 193|0x000000008c100000, 0x000000008c100000, 0x000000008c200000|  0%| F|  |TAMS 0x000000008c100000, 0x000000008c100000| Untracked 
| 194|0x000000008c200000, 0x000000008c200000, 0x000000008c300000|  0%| F|  |TAMS 0x000000008c200000, 0x000000008c200000| Untracked 
| 195|0x000000008c300000, 0x000000008c300000, 0x000000008c400000|  0%| F|  |TAMS 0x000000008c300000, 0x000000008c300000| Untracked 
| 196|0x000000008c400000, 0x000000008c400000, 0x000000008c500000|  0%| F|  |TAMS 0x000000008c400000, 0x000000008c400000| Untracked 
| 197|0x000000008c500000, 0x000000008c500000, 0x000000008c600000|  0%| F|  |TAMS 0x000000008c500000, 0x000000008c500000| Untracked 
| 198|0x000000008c600000, 0x000000008c600000, 0x000000008c700000|  0%| F|  |TAMS 0x000000008c600000, 0x000000008c600000| Untracked 
| 199|0x000000008c700000, 0x000000008c700000, 0x000000008c800000|  0%| F|  |TAMS 0x000000008c700000, 0x000000008c700000| Untracked 
| 200|0x000000008c800000, 0x000000008c800000, 0x000000008c900000|  0%| F|  |TAMS 0x000000008c800000, 0x000000008c800000| Untracked 
| 201|0x000000008c900000, 0x000000008c900000, 0x000000008ca00000|  0%| F|  |TAMS 0x000000008c900000, 0x000000008c900000| Untracked 
| 202|0x000000008ca00000, 0x000000008ca00000, 0x000000008cb00000|  0%| F|  |TAMS 0x000000008ca00000, 0x000000008ca00000| Untracked 
| 203|0x000000008cb00000, 0x000000008cb00000, 0x000000008cc00000|  0%| F|  |TAMS 0x000000008cb00000, 0x000000008cb00000| Untracked 
| 204|0x000000008cc00000, 0x000000008cc00000, 0x000000008cd00000|  0%| F|  |TAMS 0x000000008cc00000, 0x000000008cc00000| Untracked 
| 205|0x000000008cd00000, 0x000000008cd00000, 0x000000008ce00000|  0%| F|  |TAMS 0x000000008cd00000, 0x000000008cd00000| Untracked 
| 206|0x000000008ce00000, 0x000000008ce00000, 0x000000008cf00000|  0%| F|  |TAMS 0x000000008ce00000, 0x000000008ce00000| Untracked 
| 207|0x000000008cf00000, 0x000000008cf00000, 0x000000008d000000|  0%| F|  |TAMS 0x000000008cf00000, 0x000000008cf00000| Untracked 
| 208|0x000000008d000000, 0x000000008d000000, 0x000000008d100000|  0%| F|  |TAMS 0x000000008d000000, 0x000000008d000000| Untracked 
| 209|0x000000008d100000, 0x000000008d100000, 0x000000008d200000|  0%| F|  |TAMS 0x000000008d100000, 0x000000008d100000| Untracked 
| 210|0x000000008d200000, 0x000000008d200000, 0x000000008d300000|  0%| F|  |TAMS 0x000000008d200000, 0x000000008d200000| Untracked 
| 211|0x000000008d300000, 0x000000008d300000, 0x000000008d400000|  0%| F|  |TAMS 0x000000008d300000, 0x000000008d300000| Untracked 
| 212|0x000000008d400000, 0x000000008d400000, 0x000000008d500000|  0%| F|  |TAMS 0x000000008d400000, 0x000000008d400000| Untracked 
| 213|0x000000008d500000, 0x000000008d500000, 0x000000008d600000|  0%| F|  |TAMS 0x000000008d500000, 0x000000008d500000| Untracked 
| 214|0x000000008d600000, 0x000000008d600000, 0x000000008d700000|  0%| F|  |TAMS 0x000000008d600000, 0x000000008d600000| Untracked 
| 215|0x000000008d700000, 0x000000008d700000, 0x000000008d800000|  0%| F|  |TAMS 0x000000008d700000, 0x000000008d700000| Untracked 
| 216|0x000000008d800000, 0x000000008d800000, 0x000000008d900000|  0%| F|  |TAMS 0x000000008d800000, 0x000000008d800000| Untracked 
| 217|0x000000008d900000, 0x000000008d900000, 0x000000008da00000|  0%| F|  |TAMS 0x000000008d900000, 0x000000008d900000| Untracked 
| 218|0x000000008da00000, 0x000000008da00000, 0x000000008db00000|  0%| F|  |TAMS 0x000000008da00000, 0x000000008da00000| Untracked 
| 219|0x000000008db00000, 0x000000008db00000, 0x000000008dc00000|  0%| F|  |TAMS 0x000000008db00000, 0x000000008db00000| Untracked 
| 220|0x000000008dc00000, 0x000000008dc00000, 0x000000008dd00000|  0%| F|  |TAMS 0x000000008dc00000, 0x000000008dc00000| Untracked 
| 221|0x000000008dd00000, 0x000000008dd00000, 0x000000008de00000|  0%| F|  |TAMS 0x000000008dd00000, 0x000000008dd00000| Untracked 
| 222|0x000000008de00000, 0x000000008de00000, 0x000000008df00000|  0%| F|  |TAMS 0x000000008de00000, 0x000000008de00000| Untracked 
| 223|0x000000008df00000, 0x000000008df00000, 0x000000008e000000|  0%| F|  |TAMS 0x000000008df00000, 0x000000008df00000| Untracked 
| 224|0x000000008e000000, 0x000000008e000000, 0x000000008e100000|  0%| F|  |TAMS 0x000000008e000000, 0x000000008e000000| Untracked 
| 225|0x000000008e100000, 0x000000008e100000, 0x000000008e200000|  0%| F|  |TAMS 0x000000008e100000, 0x000000008e100000| Untracked 
| 226|0x000000008e200000, 0x000000008e200000, 0x000000008e300000|  0%| F|  |TAMS 0x000000008e200000, 0x000000008e200000| Untracked 
| 227|0x000000008e300000, 0x000000008e300000, 0x000000008e400000|  0%| F|  |TAMS 0x000000008e300000, 0x000000008e300000| Untracked 
| 228|0x000000008e400000, 0x000000008e400000, 0x000000008e500000|  0%| F|  |TAMS 0x000000008e400000, 0x000000008e400000| Untracked 
| 229|0x000000008e500000, 0x000000008e500000, 0x000000008e600000|  0%| F|  |TAMS 0x000000008e500000, 0x000000008e500000| Untracked 
| 230|0x000000008e600000, 0x000000008e600000, 0x000000008e700000|  0%| F|  |TAMS 0x000000008e600000, 0x000000008e600000| Untracked 
| 231|0x000000008e700000, 0x000000008e700000, 0x000000008e800000|  0%| F|  |TAMS 0x000000008e700000, 0x000000008e700000| Untracked 
| 232|0x000000008e800000, 0x000000008e800000, 0x000000008e900000|  0%| F|  |TAMS 0x000000008e800000, 0x000000008e800000| Untracked 
| 233|0x000000008e900000, 0x000000008e900000, 0x000000008ea00000|  0%| F|  |TAMS 0x000000008e900000, 0x000000008e900000| Untracked 
| 234|0x000000008ea00000, 0x000000008ea00000, 0x000000008eb00000|  0%| F|  |TAMS 0x000000008ea00000, 0x000000008ea00000| Untracked 
| 235|0x000000008eb00000, 0x000000008eb00000, 0x000000008ec00000|  0%| F|  |TAMS 0x000000008eb00000, 0x000000008eb00000| Untracked 
| 236|0x000000008ec00000, 0x000000008ec00000, 0x000000008ed00000|  0%| F|  |TAMS 0x000000008ec00000, 0x000000008ec00000| Untracked 
| 237|0x000000008ed00000, 0x000000008ed00000, 0x000000008ee00000|  0%| F|  |TAMS 0x000000008ed00000, 0x000000008ed00000| Untracked 
| 238|0x000000008ee00000, 0x000000008ee00000, 0x000000008ef00000|  0%| F|  |TAMS 0x000000008ee00000, 0x000000008ee00000| Untracked 
| 239|0x000000008ef00000, 0x000000008ef00000, 0x000000008f000000|  0%| F|  |TAMS 0x000000008ef00000, 0x000000008ef00000| Untracked 
| 240|0x000000008f000000, 0x000000008f000000, 0x000000008f100000|  0%| F|  |TAMS 0x000000008f000000, 0x000000008f000000| Untracked 
| 241|0x000000008f100000, 0x000000008f100000, 0x000000008f200000|  0%| F|  |TAMS 0x000000008f100000, 0x000000008f100000| Untracked 
| 242|0x000000008f200000, 0x000000008f200000, 0x000000008f300000|  0%| F|  |TAMS 0x000000008f200000, 0x000000008f200000| Untracked 
| 243|0x000000008f300000, 0x000000008f300000, 0x000000008f400000|  0%| F|  |TAMS 0x000000008f300000, 0x000000008f300000| Untracked 
| 244|0x000000008f400000, 0x000000008f400000, 0x000000008f500000|  0%| F|  |TAMS 0x000000008f400000, 0x000000008f400000| Untracked 
| 245|0x000000008f500000, 0x000000008f500000, 0x000000008f600000|  0%| F|  |TAMS 0x000000008f500000, 0x000000008f500000| Untracked 
| 246|0x000000008f600000, 0x000000008f600000, 0x000000008f700000|  0%| F|  |TAMS 0x000000008f600000, 0x000000008f600000| Untracked 
| 247|0x000000008f700000, 0x000000008f700000, 0x000000008f800000|  0%| F|  |TAMS 0x000000008f700000, 0x000000008f700000| Untracked 

Card table byte_map: [0x000002b6202a0000,0x000002b6206a0000] _byte_map_base: 0x000002b61fea0000

Marking Bits (Prev, Next): (CMBitMap*) 0x000002b60b7d3730, (CMBitMap*) 0x000002b60b7d36f0
 Prev Bits: [0x000002b622aa0000, 0x000002b624aa0000)
 Next Bits: [0x000002b620aa0000, 0x000002b622aa0000)

Polling page: 0x000002b60b840000

Metaspace:

Usage:
  Non-class:     88.16 MB used.
      Class:     13.76 MB used.
       Both:    101.92 MB used.

Virtual space:
  Non-class space:       96.00 MB reserved,      88.56 MB ( 92%) committed,  12 nodes.
      Class space:        1.00 GB reserved,      14.12 MB (  1%) committed,  1 nodes.
             Both:        1.09 GB reserved,     102.69 MB (  9%) committed. 

Chunk freelists:
   Non-Class:  3.29 MB
       Class:  1.88 MB
        Both:  5.17 MB

MaxMetaspaceSize: unlimited
CompressedClassSpaceSize: 1.00 GB
Initial GC threshold: 21.00 MB
Current GC threshold: 126.69 MB
CDS: off
MetaspaceReclaimPolicy: balanced
 - commit_granule_bytes: 65536.
 - commit_granule_words: 8192.
 - virtual_space_node_default_size: 1048576.
 - enlarge_chunks_in_place: 1.
 - new_chunks_are_fully_committed: 0.
 - uncommit_free_chunks: 1.
 - use_allocation_guard: 0.
 - handle_deallocations: 1.


Internal statistics:

num_allocs_failed_limit: 6.
num_arena_births: 1142.
num_arena_deaths: 0.
num_vsnodes_births: 13.
num_vsnodes_deaths: 0.
num_space_committed: 1642.
num_space_uncommitted: 0.
num_chunks_returned_to_freelist: 6.
num_chunks_taken_from_freelist: 5066.
num_chunk_merges: 6.
num_chunk_splits: 3340.
num_chunks_enlarged: 2223.
num_purges: 0.
num_inconsistent_stats: 0.

CodeHeap 'non-profiled nmethods': size=120000Kb used=7641Kb max_used=7641Kb free=112358Kb
 bounds [0x000002b617f10000, 0x000002b618690000, 0x000002b61f440000]
CodeHeap 'profiled nmethods': size=120000Kb used=22990Kb max_used=22990Kb free=97009Kb
 bounds [0x000002b610440000, 0x000002b611ac0000, 0x000002b617970000]
CodeHeap 'non-nmethods': size=5760Kb used=2414Kb max_used=2499Kb free=3345Kb
 bounds [0x000002b617970000, 0x000002b617bf0000, 0x000002b617f10000]
 total_blobs=12560 nmethods=11620 adapters=852
 compilation: enabled
              stopped_count=0, restarted_count=0
 full_count=0

Compilation events (20 events):
Event: 14.024 Thread 0x000002b628021910 nmethod 13173 0x000002b611aaca10 code [0x000002b611aacda0, 0x000002b611aae158]
Event: 14.024 Thread 0x000002b628021910 13175       2       java.io.ObjectStreamClass::getVariantFor (51 bytes)
Event: 14.024 Thread 0x000002b628021910 nmethod 13175 0x000002b611aae910 code [0x000002b611aaeac0, 0x000002b611aaecf8]
Event: 14.024 Thread 0x000002b628021910 13176       2       java.io.ObjectStreamClass$ClassDataSlot::<init> (15 bytes)
Event: 14.024 Thread 0x000002b628021910 nmethod 13176 0x000002b611aaee10 code [0x000002b611aaefa0, 0x000002b611aaf0f8]
Event: 14.024 Thread 0x000002b628021910 13095       2       java.io.ObjectInputStream::readNull (27 bytes)
Event: 14.024 Thread 0x000002b628021910 nmethod 13095 0x000002b611aaf190 code [0x000002b611aaf360, 0x000002b611aaf608]
Event: 14.025 Thread 0x000002b628021910 13177       2       java.io.ObjectStreamClass::getLocalDesc (9 bytes)
Event: 14.025 Thread 0x000002b628021910 nmethod 13177 0x000002b611aaf790 code [0x000002b611aaf940, 0x000002b611aafb28]
Event: 14.026 Thread 0x000002b628021910 13178       2       java.util.LinkedHashMap::internalWriteEntries (34 bytes)
Event: 14.026 Thread 0x000002b628021910 nmethod 13178 0x000002b611aafc10 code [0x000002b611aafdc0, 0x000002b611aaff98]
Event: 14.027 Thread 0x000002b628021910 13179       2       java.io.ObjectStreamClass$FieldReflectorKey::<init> (76 bytes)
Event: 14.027 Thread 0x000002b628021910 nmethod 13179 0x000002b611ab0110 code [0x000002b611ab02e0, 0x000002b611ab07b8]
Event: 14.027 Thread 0x000002b628021910 13182       2       java.io.ObjectStreamClass::computeFieldOffsets (308 bytes)
Event: 14.028 Thread 0x000002b628021910 nmethod 13182 0x000002b611ab0a10 code [0x000002b611ab0c00, 0x000002b611ab1148]
Event: 14.028 Thread 0x000002b628021910 13183       2       java.io.ObjectStreamClass::getClassDataLayout0 (297 bytes)
Event: 14.030 Thread 0x000002b628021910 nmethod 13183 0x000002b611ab1410 code [0x000002b611ab1780, 0x000002b611ab2928]
Event: 14.030 Thread 0x000002b628021910 13184       2       java.io.ObjectStreamClass$FieldReflectorKey::equals (37 bytes)
Event: 14.030 Thread 0x000002b628021910 nmethod 13184 0x000002b611ab3410 code [0x000002b611ab35c0, 0x000002b611ab3788]
Event: 14.030 Thread 0x000002b628021910 13181       2       java.io.Bits::getLong (105 bytes)

GC Heap History (20 events):
Event: 6.629 GC heap after
{Heap after GC invocations=24 (full 0):
 garbage-first heap   total 126976K, used 62687K [0x0000000080000000, 0x0000000100000000)
  region size 1024K, 3 young (3072K), 3 survivors (3072K)
 Metaspace       used 70613K, committed 71232K, reserved 1114112K
  class space    used 9362K, committed 9664K, reserved 1048576K
}
Event: 6.963 GC heap before
{Heap before GC invocations=25 (full 0):
 garbage-first heap   total 126976K, used 96479K [0x0000000080000000, 0x0000000100000000)
  region size 1024K, 36 young (36864K), 3 survivors (3072K)
 Metaspace       used 74802K, committed 75392K, reserved 1114112K
  class space    used 9947K, committed 10240K, reserved 1048576K
}
Event: 6.967 GC heap after
{Heap after GC invocations=26 (full 0):
 garbage-first heap   total 126976K, used 65254K [0x0000000080000000, 0x0000000100000000)
  region size 1024K, 5 young (5120K), 5 survivors (5120K)
 Metaspace       used 74802K, committed 75392K, reserved 1114112K
  class space    used 9947K, committed 10240K, reserved 1048576K
}
Event: 7.281 GC heap before
{Heap before GC invocations=26 (full 0):
 garbage-first heap   total 126976K, used 99046K [0x0000000080000000, 0x0000000100000000)
  region size 1024K, 38 young (38912K), 5 survivors (5120K)
 Metaspace       used 77026K, committed 77568K, reserved 1122304K
  class space    used 10250K, committed 10496K, reserved 1048576K
}
Event: 7.289 GC heap after
{Heap after GC invocations=27 (full 0):
 garbage-first heap   total 253952K, used 68250K [0x0000000080000000, 0x0000000100000000)
  region size 1024K, 5 young (5120K), 5 survivors (5120K)
 Metaspace       used 77026K, committed 77568K, reserved 1122304K
  class space    used 10250K, committed 10496K, reserved 1048576K
}
Event: 8.479 GC heap before
{Heap before GC invocations=28 (full 0):
 garbage-first heap   total 239616K, used 179866K [0x0000000080000000, 0x0000000100000000)
  region size 1024K, 113 young (115712K), 5 survivors (5120K)
 Metaspace       used 85633K, committed 86272K, reserved 1130496K
  class space    used 11622K, committed 11904K, reserved 1048576K
}
Event: 8.493 GC heap after
{Heap after GC invocations=29 (full 0):
 garbage-first heap   total 239616K, used 77157K [0x0000000080000000, 0x0000000100000000)
  region size 1024K, 14 young (14336K), 14 survivors (14336K)
 Metaspace       used 85633K, committed 86272K, reserved 1130496K
  class space    used 11622K, committed 11904K, reserved 1048576K
}
Event: 8.496 GC heap before
{Heap before GC invocations=29 (full 0):
 garbage-first heap   total 239616K, used 78181K [0x0000000080000000, 0x0000000100000000)
  region size 1024K, 15 young (15360K), 14 survivors (14336K)
 Metaspace       used 85633K, committed 86272K, reserved 1130496K
  class space    used 11622K, committed 11904K, reserved 1048576K
}
Event: 8.506 GC heap after
{Heap after GC invocations=30 (full 0):
 garbage-first heap   total 239616K, used 78082K [0x0000000080000000, 0x0000000100000000)
  region size 1024K, 2 young (2048K), 2 survivors (2048K)
 Metaspace       used 85633K, committed 86272K, reserved 1130496K
  class space    used 11622K, committed 11904K, reserved 1048576K
}
Event: 9.660 GC heap before
{Heap before GC invocations=30 (full 0):
 garbage-first heap   total 239616K, used 180482K [0x0000000080000000, 0x0000000100000000)
  region size 1024K, 102 young (104448K), 2 survivors (2048K)
 Metaspace       used 94798K, committed 95488K, reserved 1138688K
  class space    used 12940K, committed 13248K, reserved 1048576K
}
Event: 9.669 GC heap after
{Heap after GC invocations=31 (full 0):
 garbage-first heap   total 239616K, used 85343K [0x0000000080000000, 0x0000000100000000)
  region size 1024K, 9 young (9216K), 9 survivors (9216K)
 Metaspace       used 94798K, committed 95488K, reserved 1138688K
  class space    used 12940K, committed 13248K, reserved 1048576K
}
Event: 10.517 GC heap before
{Heap before GC invocations=31 (full 0):
 garbage-first heap   total 239616K, used 185695K [0x0000000080000000, 0x0000000100000000)
  region size 1024K, 106 young (108544K), 9 survivors (9216K)
 Metaspace       used 99300K, committed 100032K, reserved 1138688K
  class space    used 13526K, committed 13824K, reserved 1048576K
}
Event: 10.533 GC heap after
{Heap after GC invocations=32 (full 0):
 garbage-first heap   total 239616K, used 99272K [0x0000000080000000, 0x0000000100000000)
  region size 1024K, 14 young (14336K), 14 survivors (14336K)
 Metaspace       used 99300K, committed 100032K, reserved 1138688K
  class space    used 13526K, committed 13824K, reserved 1048576K
}
Event: 11.031 GC heap before
{Heap before GC invocations=32 (full 0):
 garbage-first heap   total 239616K, used 185288K [0x0000000080000000, 0x0000000100000000)
  region size 1024K, 99 young (101376K), 14 survivors (14336K)
 Metaspace       used 100002K, committed 100736K, reserved 1138688K
  class space    used 13613K, committed 13952K, reserved 1048576K
}
Event: 11.044 GC heap after
{Heap after GC invocations=33 (full 0):
 garbage-first heap   total 239616K, used 107509K [0x0000000080000000, 0x0000000100000000)
  region size 1024K, 8 young (8192K), 8 survivors (8192K)
 Metaspace       used 100002K, committed 100736K, reserved 1138688K
  class space    used 13613K, committed 13952K, reserved 1048576K
}
Event: 12.592 GC heap before
{Heap before GC invocations=33 (full 0):
 garbage-first heap   total 239616K, used 197621K [0x0000000080000000, 0x0000000100000000)
  region size 1024K, 88 young (90112K), 8 survivors (8192K)
 Metaspace       used 103162K, committed 103936K, reserved 1138688K
  class space    used 13978K, committed 14336K, reserved 1048576K
}
Event: 12.615 GC heap after
{Heap after GC invocations=34 (full 0):
 garbage-first heap   total 239616K, used 131303K [0x0000000080000000, 0x0000000100000000)
  region size 1024K, 11 young (11264K), 11 survivors (11264K)
 Metaspace       used 103162K, committed 103936K, reserved 1138688K
  class space    used 13978K, committed 14336K, reserved 1048576K
}
Event: 13.509 GC heap before
{Heap before GC invocations=34 (full 0):
 garbage-first heap   total 239616K, used 190695K [0x0000000080000000, 0x0000000100000000)
  region size 1024K, 62 young (63488K), 11 survivors (11264K)
 Metaspace       used 103855K, committed 104640K, reserved 1146880K
  class space    used 14041K, committed 14400K, reserved 1048576K
}
Event: 13.527 GC heap after
{Heap after GC invocations=35 (full 0):
 garbage-first heap   total 239616K, used 142776K [0x0000000080000000, 0x0000000100000000)
  region size 1024K, 8 young (8192K), 8 survivors (8192K)
 Metaspace       used 103855K, committed 104640K, reserved 1146880K
  class space    used 14041K, committed 14400K, reserved 1048576K
}
Event: 14.031 GC heap before
{Heap before GC invocations=35 (full 0):
 garbage-first heap   total 239616K, used 212408K [0x0000000080000000, 0x0000000100000000)
  region size 1024K, 52 young (53248K), 8 survivors (8192K)
 Metaspace       used 104365K, committed 105152K, reserved 1146880K
  class space    used 14090K, committed 14464K, reserved 1048576K
}

Dll operation events (2 events):
Event: 0.005 Loaded shared library C:\Program Files\Android\Android Studio\jbr\bin\java.dll
Event: 0.352 Loaded shared library C:\Program Files\Android\Android Studio\jbr\bin\verify.dll

Deoptimization events (20 events):
Event: 13.927 Thread 0x000002b63413d390 DEOPT PACKING pc=0x000002b6184d94b8 sp=0x000000f82f1f99d0
Event: 13.927 Thread 0x000002b63413d390 DEOPT UNPACKING pc=0x000002b6179ca1a3 sp=0x000000f82f1f9978 mode 2
Event: 13.927 Thread 0x000002b63413d390 Uncommon trap: trap_request=0xffffffd6 fr.pc=0x000002b6184d94b8 relative=0x0000000000000918
Event: 13.927 Thread 0x000002b63413d390 Uncommon trap: reason=array_check action=maybe_recompile pc=0x000002b6184d94b8 method=java.util.TimSort.binarySort([Ljava/lang/Object;IIILjava/util/Comparator;)V @ 183 c2
Event: 13.927 Thread 0x000002b63413d390 DEOPT PACKING pc=0x000002b6184d94b8 sp=0x000000f82f1f99d0
Event: 13.927 Thread 0x000002b63413d390 DEOPT UNPACKING pc=0x000002b6179ca1a3 sp=0x000000f82f1f9978 mode 2
Event: 13.965 Thread 0x000002b62e64bc70 Uncommon trap: trap_request=0xffffff45 fr.pc=0x000002b6184d5224 relative=0x00000000000006a4
Event: 13.965 Thread 0x000002b62e64bc70 Uncommon trap: reason=unstable_if action=reinterpret pc=0x000002b6184d5224 method=org.gradle.tooling.internal.provider.runner.ClientBuildEventGenerator$Disabled.accept(Lorg/gradle/internal/operations/BuildOperationDescriptor;)Lorg/gradle/tooling/internal/
Event: 13.965 Thread 0x000002b62e64bc70 DEOPT PACKING pc=0x000002b6184d5224 sp=0x000000f82f7fe340
Event: 13.965 Thread 0x000002b62e64bc70 DEOPT UNPACKING pc=0x000002b6179ca1a3 sp=0x000000f82f7fe290 mode 2
Event: 13.965 Thread 0x000002b62e64bc70 Uncommon trap: trap_request=0xffffff45 fr.pc=0x000002b618402ab4 relative=0x0000000000000094
Event: 13.965 Thread 0x000002b62e64bc70 Uncommon trap: reason=unstable_if action=reinterpret pc=0x000002b618402ab4 method=org.gradle.tooling.internal.provider.runner.ClientBuildEventGenerator$Disabled.accept(Lorg/gradle/internal/operations/BuildOperationDescriptor;)Lorg/gradle/tooling/internal/
Event: 13.965 Thread 0x000002b62e64bc70 DEOPT PACKING pc=0x000002b618402ab4 sp=0x000000f82f7fe2d0
Event: 13.965 Thread 0x000002b62e64bc70 DEOPT UNPACKING pc=0x000002b6179ca1a3 sp=0x000000f82f7fe280 mode 2
Event: 13.989 Thread 0x000002b63413d390 DEOPT PACKING pc=0x000002b611a70537 sp=0x000000f82f1f9670
Event: 13.989 Thread 0x000002b63413d390 DEOPT UNPACKING pc=0x000002b6179cace3 sp=0x000000f82f1f8b18 mode 0
Event: 14.003 Thread 0x000002b62d8ec240 DEOPT PACKING pc=0x000002b611a84fd2 sp=0x000000f82f8fc250
Event: 14.003 Thread 0x000002b62d8ec240 DEOPT UNPACKING pc=0x000002b6179cace3 sp=0x000000f82f8fb730 mode 0
Event: 14.005 Thread 0x000002b62e64bc70 DEOPT PACKING pc=0x000002b611a7c0fa sp=0x000000f82f7fc2d0
Event: 14.005 Thread 0x000002b62e64bc70 DEOPT UNPACKING pc=0x000002b6179cace3 sp=0x000000f82f7fb7d0 mode 0

Classes unloaded (0 events):
No events

Classes redefined (0 events):
No events

Internal exceptions (20 events):
Event: 10.286 Thread 0x000002b62e1a9c50 Exception <a 'java/lang/NoSuchMethodError'{0x0000000089c02e68}: static Lcom/android/buildanalyzer/common/AndroidGradlePluginAttributionData$TaskCategoryInfo;.<clinit>()V> (0x0000000089c02e68) 
thrown [s\src\hotspot\share\prims\jni.cpp, line 1108]
Event: 10.485 Thread 0x000002b62d6f0f50 Exception <a 'java/lang/NoSuchMethodError'{0x00000000890146f8}: 'void java.lang.invoke.DirectMethodHandle$Holder.invokeStatic(java.lang.Object, java.lang.Object, java.lang.Object, java.lang.Object, int, java.lang.Object, java.lang.Object)'> (0x00000000890146f8) 
thrown [s\src\hotspot\share\interpreter\linkResolver.cpp, line 771]
Event: 10.512 Thread 0x000002b62e1a40e0 Exception <a 'java/lang/NoSuchMethodError'{0x0000000088907580}: 'java.lang.Object java.lang.invoke.DirectMethodHandle$Holder.invokeSpecialIFC(java.lang.Object, java.lang.Object, java.lang.Object)'> (0x0000000088907580) 
thrown [s\src\hotspot\share\interpreter\linkResolver.cpp, line 771]
Event: 10.512 Thread 0x000002b62dc488e0 Exception <a 'java/lang/NoSuchMethodError'{0x0000000088ae1bb0}: 'java.lang.Object java.lang.invoke.DirectMethodHandle$Holder.invokeSpecialIFC(java.lang.Object, java.lang.Object, java.lang.Object)'> (0x0000000088ae1bb0) 
thrown [s\src\hotspot\share\interpreter\linkResolver.cpp, line 771]
Event: 10.512 Thread 0x000002b62d77dc20 Exception <a 'java/lang/NoSuchMethodError'{0x000000008894e4c8}: 'java.lang.Object java.lang.invoke.DirectMethodHandle$Holder.invokeSpecialIFC(java.lang.Object, java.lang.Object, java.lang.Object)'> (0x000000008894e4c8) 
thrown [s\src\hotspot\share\interpreter\linkResolver.cpp, line 771]
Event: 10.512 Thread 0x000002b62e4988a0 Exception <a 'java/lang/NoSuchMethodError'{0x000000008891a7a0}: 'java.lang.Object java.lang.invoke.DirectMethodHandle$Holder.invokeSpecialIFC(java.lang.Object, java.lang.Object, java.lang.Object)'> (0x000000008891a7a0) 
thrown [s\src\hotspot\share\interpreter\linkResolver.cpp, line 771]
Event: 10.512 Thread 0x000002b62e49da70 Exception <a 'java/lang/NoSuchMethodError'{0x000000008892b830}: 'java.lang.Object java.lang.invoke.DirectMethodHandle$Holder.invokeSpecialIFC(java.lang.Object, java.lang.Object, java.lang.Object)'> (0x000000008892b830) 
thrown [s\src\hotspot\share\interpreter\linkResolver.cpp, line 771]
Event: 10.512 Thread 0x000002b62e49b8c0 Exception <a 'java/lang/NoSuchMethodError'{0x000000008893e348}: 'java.lang.Object java.lang.invoke.DirectMethodHandle$Holder.invokeSpecialIFC(java.lang.Object, java.lang.Object, java.lang.Object)'> (0x000000008893e348) 
thrown [s\src\hotspot\share\interpreter\linkResolver.cpp, line 771]
Event: 10.512 Thread 0x000002b62d6f0f50 Exception <a 'java/lang/NoSuchMethodError'{0x0000000088aec720}: 'java.lang.Object java.lang.invoke.DirectMethodHandle$Holder.invokeSpecialIFC(java.lang.Object, java.lang.Object, java.lang.Object)'> (0x0000000088aec720) 
thrown [s\src\hotspot\share\interpreter\linkResolver.cpp, line 771]
Event: 10.512 Thread 0x000002b62d77e5c0 Exception <a 'java/lang/NoSuchMethodError'{0x000000008895dc40}: 'java.lang.Object java.lang.invoke.DirectMethodHandle$Holder.invokeSpecialIFC(java.lang.Object, java.lang.Object, java.lang.Object)'> (0x000000008895dc40) 
thrown [s\src\hotspot\share\interpreter\linkResolver.cpp, line 771]
Event: 10.559 Thread 0x000002b62d77e5c0 Exception <a 'java/lang/NoSuchMethodError'{0x000000008e5692a0}: 'void java.lang.invoke.DirectMethodHandle$Holder.invokeVirtual(java.lang.Object, java.lang.Object)'> (0x000000008e5692a0) 
thrown [s\src\hotspot\share\interpreter\linkResolver.cpp, line 771]
Event: 10.783 Thread 0x000002b62e1a6760 Exception <a 'java/lang/NoSuchMethodError'{0x000000008bd29aa0}: static Lorg/jetbrains/kotlin/gradle/plugin/statistics/MetricContainer;.<clinit>()V> (0x000000008bd29aa0) 
thrown [s\src\hotspot\share\prims\jni.cpp, line 1108]
Event: 12.976 Thread 0x000002b63413d390 Implicit null exception at 0x000002b6185a6fd9 to 0x000002b6185a9268
Event: 13.869 Thread 0x000002b63413d390 Implicit null exception at 0x000002b618636aa8 to 0x000002b61863bfac
Event: 13.927 Thread 0x000002b63413d390 Exception <a 'java/lang/NoSuchMethodError'{0x000000008d4afc70}: static Lcom/android/ide/common/resources/CompileResourceRequest;.<clinit>()V> (0x000000008d4afc70) 
thrown [s\src\hotspot\share\prims\jni.cpp, line 1108]
Event: 13.928 Thread 0x000002b63413d390 Exception <a 'java/lang/NoSuchMethodError'{0x000000008d4c6658}: static Ljava/lang/Object;.<clinit>()V> (0x000000008d4c6658) 
thrown [s\src\hotspot\share\prims\jni.cpp, line 1108]
Event: 13.929 Thread 0x000002b63413d390 Exception <a 'java/lang/NoSuchMethodError'{0x000000008d4d7eb8}: static Ljava/lang/Object;.<clinit>()V> (0x000000008d4d7eb8) 
thrown [s\src\hotspot\share\prims\jni.cpp, line 1108]
Event: 13.930 Thread 0x000002b63413d390 Exception <a 'java/lang/NoSuchMethodError'{0x000000008d4e95a0}: static Ljava/lang/Object;.<clinit>()V> (0x000000008d4e95a0) 
thrown [s\src\hotspot\share\prims\jni.cpp, line 1108]
Event: 13.945 Thread 0x000002b63413d390 Exception <a 'java/lang/NoSuchMethodError'{0x000000008d26a670}: static Lkotlin/InitializedLazyImpl;.<clinit>()V> (0x000000008d26a670) 
thrown [s\src\hotspot\share\prims\jni.cpp, line 1108]
Event: 13.958 Thread 0x000002b63413d390 Exception <a 'java/lang/NoSuchMethodError'{0x000000008d02c870}: static [Ljava/lang/Object;.<clinit>()V> (0x000000008d02c870) 
thrown [s\src\hotspot\share\prims\jni.cpp, line 1108]

VM Operations (20 events):
Event: 11.679 Executing VM operation: ICBufferFull done
Event: 12.120 Executing VM operation: HandshakeAllThreads
Event: 12.120 Executing VM operation: HandshakeAllThreads done
Event: 12.136 Executing VM operation: ICBufferFull
Event: 12.136 Executing VM operation: ICBufferFull done
Event: 12.557 Executing VM operation: ICBufferFull
Event: 12.558 Executing VM operation: ICBufferFull done
Event: 12.592 Executing VM operation: G1CollectForAllocation
Event: 12.615 Executing VM operation: G1CollectForAllocation done
Event: 12.900 Executing VM operation: HandshakeAllThreads
Event: 12.900 Executing VM operation: HandshakeAllThreads done
Event: 12.979 Executing VM operation: HandshakeAllThreads
Event: 12.979 Executing VM operation: HandshakeAllThreads done
Event: 13.026 Executing VM operation: HandshakeAllThreads
Event: 13.026 Executing VM operation: HandshakeAllThreads done
Event: 13.227 Executing VM operation: ICBufferFull
Event: 13.227 Executing VM operation: ICBufferFull done
Event: 13.509 Executing VM operation: G1CollectForAllocation
Event: 13.527 Executing VM operation: G1CollectForAllocation done
Event: 14.030 Executing VM operation: G1CollectForAllocation

Events (20 events):
Event: 12.880 loading class java/util/concurrent/ConcurrentLinkedDeque
Event: 12.880 loading class java/util/concurrent/ConcurrentLinkedDeque done
Event: 12.881 loading class java/util/concurrent/ConcurrentLinkedDeque$Node
Event: 12.881 loading class java/util/concurrent/ConcurrentLinkedDeque$Node done
Event: 13.029 loading class org/w3c/dom/DOMImplementation
Event: 13.029 loading class org/w3c/dom/DOMImplementation done
Event: 13.030 loading class org/w3c/dom/ls/DOMImplementationLS
Event: 13.030 loading class org/w3c/dom/ls/DOMImplementationLS done
Event: 13.030 loading class org/w3c/dom/ls/LSSerializer
Event: 13.030 loading class org/w3c/dom/ls/LSSerializer done
Event: 13.031 loading class org/w3c/dom/ls/LSOutput
Event: 13.031 loading class org/w3c/dom/ls/LSOutput done
Event: 13.031 loading class org/w3c/dom/ls/LSParser
Event: 13.031 loading class org/w3c/dom/ls/LSParser done
Event: 13.031 loading class org/w3c/dom/ls/LSInput
Event: 13.031 loading class org/w3c/dom/ls/LSInput done
Event: 13.961 Thread 0x000002b62e64bc70 Thread added: 0x000002b62e64bc70
Event: 13.973 Thread 0x000002b62d8ec240 Thread added: 0x000002b62d8ec240
Event: 13.987 Thread 0x000002b62d8ecbe0 Thread added: 0x000002b62d8ecbe0
Event: 14.005 Thread 0x000002b6294a0b80 Thread added: 0x000002b6294a0b80


Dynamic libraries:
0x00007ff68cd10000 - 0x00007ff68cd1a000 	C:\Program Files\Android\Android Studio\jbr\bin\java.exe
0x00007ffee8830000 - 0x00007ffee8a28000 	C:\WINDOWS\SYSTEM32\ntdll.dll
0x00007ffee7880000 - 0x00007ffee793d000 	C:\WINDOWS\System32\KERNEL32.DLL
0x00007ffee6260000 - 0x00007ffee6556000 	C:\WINDOWS\System32\KERNELBASE.dll
0x00007ffee5f60000 - 0x00007ffee6060000 	C:\WINDOWS\System32\ucrtbase.dll
0x00007ffedafe0000 - 0x00007ffedaff7000 	C:\Program Files\Android\Android Studio\jbr\bin\jli.dll
0x00007ffededd0000 - 0x00007ffededeb000 	C:\Program Files\Android\Android Studio\jbr\bin\VCRUNTIME140.dll
0x00007ffee7d90000 - 0x00007ffee7f2e000 	C:\WINDOWS\System32\USER32.dll
0x00007ffee61a0000 - 0x00007ffee61c2000 	C:\WINDOWS\System32\win32u.dll
0x00007ffee77f0000 - 0x00007ffee781c000 	C:\WINDOWS\System32\GDI32.dll
0x00007ffebfa10000 - 0x00007ffebfcaa000 	C:\WINDOWS\WinSxS\amd64_microsoft.windows.common-controls_6595b64144ccf1df_6.0.19041.1110_none_60b5254171f9507e\COMCTL32.dll
0x00007ffee6610000 - 0x00007ffee672a000 	C:\WINDOWS\System32\gdi32full.dll
0x00007ffee7f50000 - 0x00007ffee7fee000 	C:\WINDOWS\System32\msvcrt.dll
0x00007ffee6090000 - 0x00007ffee612d000 	C:\WINDOWS\System32\msvcp_win.dll
0x00007ffee7c30000 - 0x00007ffee7c60000 	C:\WINDOWS\System32\IMM32.DLL
0x00007ffeded40000 - 0x00007ffeded4c000 	C:\Program Files\Android\Android Studio\jbr\bin\vcruntime140_1.dll
0x00007ffeaf2e0000 - 0x00007ffeaf36d000 	C:\Program Files\Android\Android Studio\jbr\bin\msvcp140.dll
0x00007ffea0630000 - 0x00007ffea129e000 	C:\Program Files\Android\Android Studio\jbr\bin\server\jvm.dll
0x00007ffee70f0000 - 0x00007ffee719e000 	C:\WINDOWS\System32\ADVAPI32.dll
0x00007ffee6970000 - 0x00007ffee6a0c000 	C:\WINDOWS\System32\sechost.dll
0x00007ffee7510000 - 0x00007ffee7636000 	C:\WINDOWS\System32\RPCRT4.dll
0x00007ffebfe10000 - 0x00007ffebfe19000 	C:\WINDOWS\SYSTEM32\WSOCK32.dll
0x00007ffee7770000 - 0x00007ffee77db000 	C:\WINDOWS\System32\WS2_32.dll
0x00007ffec49a0000 - 0x00007ffec49c7000 	C:\WINDOWS\SYSTEM32\WINMM.dll
0x00007ffeda1f0000 - 0x00007ffeda1fa000 	C:\WINDOWS\SYSTEM32\VERSION.dll
0x00007ffee4730000 - 0x00007ffee4742000 	C:\WINDOWS\SYSTEM32\kernel.appcore.dll
0x00007ffedeff0000 - 0x00007ffedeffa000 	C:\Program Files\Android\Android Studio\jbr\bin\jimage.dll
0x00007ffee3cc0000 - 0x00007ffee3ea4000 	C:\WINDOWS\SYSTEM32\DBGHELP.DLL
0x00007ffebf5c0000 - 0x00007ffebf5f4000 	C:\WINDOWS\SYSTEM32\dbgcore.DLL
0x00007ffee61d0000 - 0x00007ffee6252000 	C:\WINDOWS\System32\bcryptPrimitives.dll
0x00007ffedd7e0000 - 0x00007ffedd805000 	C:\Program Files\Android\Android Studio\jbr\bin\java.dll
0x00007ffedb420000 - 0x00007ffedb438000 	C:\Program Files\Android\Android Studio\jbr\bin\zip.dll
0x00007ffee80a0000 - 0x00007ffee87e4000 	C:\WINDOWS\System32\SHELL32.dll
0x00007ffee3eb0000 - 0x00007ffee464b000 	C:\WINDOWS\SYSTEM32\windows.storage.dll
0x00007ffee71a0000 - 0x00007ffee74f4000 	C:\WINDOWS\System32\combase.dll
0x00007ffee5950000 - 0x00007ffee597d000 	C:\WINDOWS\SYSTEM32\Wldp.dll
0x00007ffee76c0000 - 0x00007ffee776d000 	C:\WINDOWS\System32\SHCORE.dll
0x00007ffee7820000 - 0x00007ffee7875000 	C:\WINDOWS\System32\shlwapi.dll
0x00007ffee5e40000 - 0x00007ffee5e65000 	C:\WINDOWS\SYSTEM32\profapi.dll
0x00007ffedb400000 - 0x00007ffedb419000 	C:\Program Files\Android\Android Studio\jbr\bin\net.dll
0x00007ffedead0000 - 0x00007ffedebda000 	C:\WINDOWS\SYSTEM32\WINHTTP.dll
0x00007ffee56b0000 - 0x00007ffee571a000 	C:\WINDOWS\system32\mswsock.dll
0x00007ffedb3e0000 - 0x00007ffedb3f6000 	C:\Program Files\Android\Android Studio\jbr\bin\nio.dll
0x00007ffeddb50000 - 0x00007ffeddb60000 	C:\Program Files\Android\Android Studio\jbr\bin\verify.dll
0x00007ffeaf700000 - 0x00007ffeaf727000 	C:\Users\samuc\.gradle\native\68d5fa5c4cc2d200863cafc0d521ce42e7d3e7ee720ec0a83991735586a16f82\windows-amd64\native-platform.dll
0x00007ffea5fa0000 - 0x00007ffea60e4000 	C:\Users\samuc\.gradle\native\e376f236ea51e6404a007f0833ffe2c6e607c4080706a723a18a27aeea778392\windows-amd64\native-platform-file-events.dll
0x00007ffedd7d0000 - 0x00007ffedd7d9000 	C:\Program Files\Android\Android Studio\jbr\bin\management.dll
0x00007ffedb390000 - 0x00007ffedb39b000 	C:\Program Files\Android\Android Studio\jbr\bin\management_ext.dll
0x00007ffee77e0000 - 0x00007ffee77e8000 	C:\WINDOWS\System32\PSAPI.DLL
0x00007ffee58a0000 - 0x00007ffee58b8000 	C:\WINDOWS\SYSTEM32\CRYPTSP.dll
0x00007ffee4f50000 - 0x00007ffee4f84000 	C:\WINDOWS\system32\rsaenh.dll
0x00007ffee6060000 - 0x00007ffee6087000 	C:\WINDOWS\System32\bcrypt.dll
0x00007ffee5e00000 - 0x00007ffee5e2e000 	C:\WINDOWS\SYSTEM32\USERENV.dll
0x00007ffee58c0000 - 0x00007ffee58cc000 	C:\WINDOWS\SYSTEM32\CRYPTBASE.dll
0x00007ffee5350000 - 0x00007ffee538b000 	C:\WINDOWS\SYSTEM32\IPHLPAPI.DLL
0x00007ffee7bc0000 - 0x00007ffee7bc8000 	C:\WINDOWS\System32\NSI.dll
0x00007ffeda770000 - 0x00007ffeda787000 	C:\WINDOWS\SYSTEM32\dhcpcsvc6.DLL
0x00007ffeda820000 - 0x00007ffeda83d000 	C:\WINDOWS\SYSTEM32\dhcpcsvc.DLL
0x00007ffee5390000 - 0x00007ffee545a000 	C:\WINDOWS\SYSTEM32\DNSAPI.dll
0x00007ffedb330000 - 0x00007ffedb337000 	C:\WINDOWS\system32\wshunix.dll
0x00007ffedaf90000 - 0x00007ffedafa7000 	C:\WINDOWS\system32\napinsp.dll
0x00007ffed0f90000 - 0x00007ffed0fab000 	C:\WINDOWS\system32\pnrpnsp.dll
0x00007ffeafe50000 - 0x00007ffeafe65000 	C:\WINDOWS\system32\wshbth.dll
0x00007ffedece0000 - 0x00007ffedecfd000 	C:\WINDOWS\system32\NLAapi.dll
0x00007ffebfe70000 - 0x00007ffebfe82000 	C:\WINDOWS\System32\winrnr.dll
0x00007ffeda760000 - 0x00007ffeda76a000 	C:\Windows\System32\rasadhlp.dll
0x00007ffed59b0000 - 0x00007ffed5a32000 	C:\WINDOWS\System32\fwpuclnt.dll

dbghelp: loaded successfully - version: 4.0.5 - missing functions: none
symbol engine: initialized successfully - sym options: 0x614 - pdb path: .;C:\Program Files\Android\Android Studio\jbr\bin;C:\WINDOWS\SYSTEM32;C:\WINDOWS\WinSxS\amd64_microsoft.windows.common-controls_6595b64144ccf1df_6.0.19041.1110_none_60b5254171f9507e;C:\Program Files\Android\Android Studio\jbr\bin\server;C:\Users\samuc\.gradle\native\68d5fa5c4cc2d200863cafc0d521ce42e7d3e7ee720ec0a83991735586a16f82\windows-amd64;C:\Users\samuc\.gradle\native\e376f236ea51e6404a007f0833ffe2c6e607c4080706a723a18a27aeea778392\windows-amd64

VM Arguments:
jvm_args: --add-opens=java.base/java.util=ALL-UNNAMED --add-opens=java.base/java.lang=ALL-UNNAMED --add-opens=java.base/java.lang.invoke=ALL-UNNAMED --add-opens=java.prefs/java.util.prefs=ALL-UNNAMED --add-opens=java.base/java.nio.charset=ALL-UNNAMED --add-opens=java.base/java.net=ALL-UNNAMED --add-opens=java.base/java.util.concurrent.atomic=ALL-UNNAMED -Xmx2048m -Dfile.encoding=UTF-8 -Duser.country=US -Duser.language=en -Duser.variant 
java_command: org.gradle.launcher.daemon.bootstrap.GradleDaemon 8.0
java_class_path (initial): C:\Users\samuc\.gradle\wrapper\dists\gradle-8.0-bin\ca5e32bp14vu59qr306oxotwh\gradle-8.0\lib\gradle-launcher-8.0.jar
Launcher Type: SUN_STANDARD

[Global flags]
     intx CICompilerCount                          = 4                                         {product} {ergonomic}
     uint ConcGCThreads                            = 2                                         {product} {ergonomic}
     uint G1ConcRefinementThreads                  = 8                                         {product} {ergonomic}
   size_t G1HeapRegionSize                         = 1048576                                   {product} {ergonomic}
    uintx GCDrainStackTargetSize                   = 64                                        {product} {ergonomic}
   size_t InitialHeapSize                          = 132120576                                 {product} {ergonomic}
   size_t MarkStackSize                            = 4194304                                   {product} {ergonomic}
   size_t MaxHeapSize                              = 2147483648                                {product} {command line}
   size_t MaxNewSize                               = 1287651328                                {product} {ergonomic}
   size_t MinHeapDeltaBytes                        = 1048576                                   {product} {ergonomic}
   size_t MinHeapSize                              = 8388608                                   {product} {ergonomic}
    uintx NonNMethodCodeHeapSize                   = 5839372                                {pd product} {ergonomic}
    uintx NonProfiledCodeHeapSize                  = 122909434                              {pd product} {ergonomic}
    uintx ProfiledCodeHeapSize                     = 122909434                              {pd product} {ergonomic}
    uintx ReservedCodeCacheSize                    = 251658240                              {pd product} {ergonomic}
     bool SegmentedCodeCache                       = true                                      {product} {ergonomic}
   size_t SoftMaxHeapSize                          = 2147483648                             {manageable} {ergonomic}
     bool UseCompressedClassPointers               = true                           {product lp64_product} {ergonomic}
     bool UseCompressedOops                        = true                           {product lp64_product} {ergonomic}
     bool UseG1GC                                  = true                                      {product} {ergonomic}
     bool UseLargePagesIndividualAllocation        = false                                  {pd product} {ergonomic}

Logging:
Log output configuration:
 #0: stdout all=warning uptime,level,tags
 #1: stderr all=off uptime,level,tags

Environment Variables:
JAVA_HOME=C:\Program Files\Java\jdk1.8.0_202
PATH=C:\Program Files\Microsoft\jdk-11.0.16.101-hotspot\bin;C:\WINDOWS\system32;C:\WINDOWS;C:\WINDOWS\System32\Wbem;C:\WINDOWS\System32\WindowsPowerShell\v1.0\;C:\WINDOWS\System32\OpenSSH\;C:\ProgramData\chocolatey\bin;C:\Program Files\Git\cmd;C:\Gradle\gradle-8.2.1\bin;C:\Users\samuc\AppData\Local\Android\Sdk\platform-tools;C:\Users\samuc\AppData\Local\Android\Sdk\tools;C:\Program Files\Java\jdk1.8.0_202\bin;C:\Program Files\dotnet\;C:\Users\samuc\AppData\Local\Programs\Python\Python311\Scripts\;C:\Users\samuc\AppData\Local\Programs\Python\Python311\;C:\Users\samuc\AppData\Local\Microsoft\WindowsApps;C:\Users\samuc\AppData\Local\Programs\Microsoft VS Code\bin;C:\Users\samuc\AppData\Local\spicetify;C:\src\flutter\bin;C:\Program Files\Azure Data Studio\bin;;C:\Program Files\JetBrains\IntelliJ IDEA 2023.2.2\bin;;C:\Program Files\JetBrains\IntelliJ IDEA Community Edition 2023.2.2\bin;
USERNAME=samuc
OS=Windows_NT
PROCESSOR_IDENTIFIER=Intel64 Family 6 Model 140 Stepping 1, GenuineIntel
TMP=C:\Users\samuc\AppData\Local\Temp
TEMP=C:\Users\samuc\AppData\Local\Temp


JNI global refs:
JNI global refs: 27, weak refs: 5

JNI global refs memory usage: 843, weak refs: 841


---------------  S Y S T E M  ---------------

OS:
 Windows 10 , 64 bit Build 19041 (10.0.19041.3393)
OS uptime: 0 days 1:18 hours

CPU: total 8 (initial active 8) (4 cores per cpu, 2 threads per core) family 6 model 140 stepping 1 microcode 0x8a, cx8, cmov, fxsr, ht, mmx, 3dnowpref, sse, sse2, sse3, ssse3, sse4.1, sse4.2, popcnt, lzcnt, tsc, tscinvbit, avx, avx2, aes, erms, clmul, bmi1, bmi2, adx, avx512f, avx512dq, avx512cd, avx512bw, avx512vl, sha, fma, vzeroupper, avx512_vpopcntdq, avx512_vpclmulqdq, avx512_vaes, avx512_vnni, clflush, clflushopt, clwb, avx512_vbmi2, avx512_vbmi

Memory: 4k page, system-wide physical 7971M (2665M free)
TotalPageFile size 10019M (AvailPageFile size 230M)
current process WorkingSet (physical memory assigned to process): 343M, peak: 466M
current process commit charge ("private bytes"): 587M, peak: 938M

vm_info: OpenJDK 64-Bit Server VM (17.0.6+0-b2043.56-10027231) for windows-amd64 JRE (17.0.6+0-b2043.56-10027231), built on Apr 28 2023 00:43:19 by "androidbuild" with MS VC++ 16.10 / 16.11 (VS2019)

END.
