#
# There is insufficient memory for the Java Runtime Environment to continue.
# Native memory allocation (malloc) failed to allocate 1517840 bytes for Chunk::new
# Possible reasons:
#   The system is out of physical RAM or swap space
#   The process is running with CompressedOops enabled, and the Java Heap may be blocking the growth of the native heap
# Possible solutions:
#   Reduce memory load on the system
#   Increase physical memory or swap space
#   Check if swap backing store is full
#   Decrease Java heap size (-Xmx/-Xms)
#   Decrease number of Java threads
#   Decrease Java thread stack sizes (-Xss)
#   Set larger code cache with -XX:ReservedCodeCacheSize=
#   JVM is running with Unscaled Compressed Oops mode in which the Java heap is
#     placed in the first 4GB address space. The Java Heap base address is the
#     maximum limit for the native heap growth. Please use -XX:HeapBaseMinAddress
#     to set the Java Heap base and to place the Java Heap above 4GB virtual address.
# This output file may be truncated or incomplete.
#
#  Out of Memory Error (arena.cpp:189), pid=10172, tid=5900
#
# JRE version: OpenJDK Runtime Environment (17.0.6) (build 17.0.6+0-b2043.56-10027231)
# Java VM: OpenJDK 64-Bit Server VM (17.0.6+0-b2043.56-10027231, mixed mode, tiered, compressed oops, compressed class ptrs, g1 gc, windows-amd64)
# No core dump will be written. Minidumps are not enabled by default on client versions of Windows
#

---------------  S U M M A R Y ------------

Command Line: org.jetbrains.kotlin.cli.jvm.K2JVMCompiler @C:\Users\samuc\Desktop\BosquePanetteriaApp\app\build\20231005_792725765343983427.compiler.options

Host: 11th Gen Intel(R) Core(TM) i5-1135G7 @ 2.40GHz, 8 cores, 7G,  Windows 10 , 64 bit Build 19041 (10.0.19041.3393)
Time: Thu Oct  5 20:14:04 2023 E. South America Standard Time elapsed time: 4.856825 seconds (0d 0h 0m 4s)

---------------  T H R E A D  ---------------

Current thread (0x000001cf329d1120):  JavaThread "C2 CompilerThread1" daemon [_thread_in_native, id=5900, stack(0x0000000ab3000000,0x0000000ab3100000)]


Current CompileTask:
C2:   4856 6044       4       org.jetbrains.kotlin.types.TypeUtils::contains (301 bytes)

Stack: [0x0000000ab3000000,0x0000000ab3100000]
Native frames: (J=compiled Java code, j=interpreted, Vv=VM code, C=native code)
V  [jvm.dll+0x683c9a]
V  [jvm.dll+0x8427a4]
V  [jvm.dll+0x843f9e]
V  [jvm.dll+0x844603]
V  [jvm.dll+0x249b75]
V  [jvm.dll+0xabcac]
V  [jvm.dll+0xac27c]
V  [jvm.dll+0x368857]
V  [jvm.dll+0x332f31]
V  [jvm.dll+0x3323da]
V  [jvm.dll+0x21c201]
V  [jvm.dll+0x21b621]
V  [jvm.dll+0x1a4fdd]
V  [jvm.dll+0x22b098]
V  [jvm.dll+0x229159]
V  [jvm.dll+0x7f81ec]
V  [jvm.dll+0x7f274a]
V  [jvm.dll+0x682ad5]
C  [ucrtbase.dll+0x21bb2]
C  [KERNEL32.DLL+0x17344]
C  [ntdll.dll+0x526b1]


---------------  P R O C E S S  ---------------

Threads class SMR info:
_java_thread_list=0x000001cf33d6acf0, length=14, elements={
0x000001cf17f27c00, 0x000001cf31be5a20, 0x000001cf32400080, 0x000001cf31be80e0,
0x000001cf3242bff0, 0x000001cf324304e0, 0x000001cf324315b0, 0x000001cf32432660,
0x000001cf32433010, 0x000001cf32433910, 0x000001cf325b76a0, 0x000001cf325b4730,
0x000001cf329d1120, 0x000001cf359697d0
}

Java Threads: ( => current thread )
  0x000001cf17f27c00 JavaThread "main" [_thread_in_vm, id=4808, stack(0x0000000ab1d00000,0x0000000ab1e00000)]
  0x000001cf31be5a20 JavaThread "Reference Handler" daemon [_thread_blocked, id=9648, stack(0x0000000ab2400000,0x0000000ab2500000)]
  0x000001cf32400080 JavaThread "Finalizer" daemon [_thread_blocked, id=11236, stack(0x0000000ab2500000,0x0000000ab2600000)]
  0x000001cf31be80e0 JavaThread "Signal Dispatcher" daemon [_thread_blocked, id=4580, stack(0x0000000ab2600000,0x0000000ab2700000)]
  0x000001cf3242bff0 JavaThread "Attach Listener" daemon [_thread_blocked, id=1188, stack(0x0000000ab2700000,0x0000000ab2800000)]
  0x000001cf324304e0 JavaThread "Service Thread" daemon [_thread_blocked, id=1504, stack(0x0000000ab2800000,0x0000000ab2900000)]
  0x000001cf324315b0 JavaThread "Monitor Deflation Thread" daemon [_thread_blocked, id=3016, stack(0x0000000ab2900000,0x0000000ab2a00000)]
  0x000001cf32432660 JavaThread "C2 CompilerThread0" daemon [_thread_blocked, id=1544, stack(0x0000000ab2a00000,0x0000000ab2b00000)]
  0x000001cf32433010 JavaThread "C1 CompilerThread0" daemon [_thread_blocked, id=8248, stack(0x0000000ab2b00000,0x0000000ab2c00000)]
  0x000001cf32433910 JavaThread "Sweeper thread" daemon [_thread_blocked, id=8936, stack(0x0000000ab2c00000,0x0000000ab2d00000)]
  0x000001cf325b76a0 JavaThread "Notification Thread" daemon [_thread_blocked, id=2152, stack(0x0000000ab2d00000,0x0000000ab2e00000)]
  0x000001cf325b4730 JavaThread "Common-Cleaner" daemon [_thread_blocked, id=11900, stack(0x0000000ab2f00000,0x0000000ab3000000)]
=>0x000001cf329d1120 JavaThread "C2 CompilerThread1" daemon [_thread_in_native, id=5900, stack(0x0000000ab3000000,0x0000000ab3100000)]
  0x000001cf359697d0 JavaThread "C2 CompilerThread2" daemon [_thread_in_native, id=1740, stack(0x0000000ab3900000,0x0000000ab3a00000)]

Other Threads:
  0x000001cf31bc2f20 VMThread "VM Thread" [stack: 0x0000000ab2300000,0x0000000ab2400000] [id=8616]
  0x000001cf17fa8280 WatcherThread [stack: 0x0000000ab2e00000,0x0000000ab2f00000] [id=1528]
  0x000001cf17f86890 GCTaskThread "GC Thread#0" [stack: 0x0000000ab1e00000,0x0000000ab1f00000] [id=4260]
  0x000001cf32c831e0 GCTaskThread "GC Thread#1" [stack: 0x0000000ab3100000,0x0000000ab3200000] [id=1232]
  0x000001cf32b6c510 GCTaskThread "GC Thread#2" [stack: 0x0000000ab3200000,0x0000000ab3300000] [id=2616]
  0x000001cf32caaec0 GCTaskThread "GC Thread#3" [stack: 0x0000000ab3300000,0x0000000ab3400000] [id=3944]
  0x000001cf32cab170 GCTaskThread "GC Thread#4" [stack: 0x0000000ab3400000,0x0000000ab3500000] [id=3992]
  0x000001cf32efdc50 GCTaskThread "GC Thread#5" [stack: 0x0000000ab3500000,0x0000000ab3600000] [id=8484]
  0x000001cf32efdf00 GCTaskThread "GC Thread#6" [stack: 0x0000000ab3600000,0x0000000ab3700000] [id=4000]
  0x000001cf32efe1b0 GCTaskThread "GC Thread#7" [stack: 0x0000000ab3700000,0x0000000ab3800000] [id=5860]
  0x000001cf17f98030 ConcurrentGCThread "G1 Main Marker" [stack: 0x0000000ab1f00000,0x0000000ab2000000] [id=8364]
  0x000001cf17f98950 ConcurrentGCThread "G1 Conc#0" [stack: 0x0000000ab2000000,0x0000000ab2100000] [id=12052]
  0x000001cf32efd440 ConcurrentGCThread "G1 Conc#1" [stack: 0x0000000ab3800000,0x0000000ab3900000] [id=4852]
  0x000001cf31a224d0 ConcurrentGCThread "G1 Refine#0" [stack: 0x0000000ab2100000,0x0000000ab2200000] [id=11068]
  0x000001cf31a22e00 ConcurrentGCThread "G1 Service" [stack: 0x0000000ab2200000,0x0000000ab2300000] [id=4800]

Threads with active compile tasks:
C2 CompilerThread1     4873 6044       4       org.jetbrains.kotlin.types.TypeUtils::contains (301 bytes)
C2 CompilerThread2     4873 6151       4       org.jetbrains.org.objectweb.asm.ClassReader::readMethod (1061 bytes)

VM state: not at safepoint (normal execution)

VM Mutex/Monitor currently owned by a thread: None

Heap address: 0x0000000083600000, size: 1994 MB, Compressed Oops mode: 32-bit

CDS archive(s) not mapped
Compressed class space mapped at: 0x0000000100000000-0x0000000140000000, reserved size: 1073741824
Narrow klass base: 0x0000000000000000, Narrow klass shift: 3, Narrow klass range: 0x140000000

GC Precious Log:
 CPUs: 8 total, 8 available
 Memory: 7971M
 Large Page Support: Disabled
 NUMA Support: Disabled
 Compressed Oops: Enabled (32-bit)
 Heap Region Size: 1M
 Heap Min Capacity: 8M
 Heap Initial Capacity: 126M
 Heap Max Capacity: 1994M
 Pre-touch: Disabled
 Parallel Workers: 8
 Concurrent Workers: 2
 Concurrent Refinement Workers: 8
 Periodic GC: Disabled

Heap:
 garbage-first heap   total 156672K, used 53472K [0x0000000083600000, 0x0000000100000000)
  region size 1024K, 10 young (10240K), 1 survivors (1024K)
 Metaspace       used 54939K, committed 55232K, reserved 1105920K
  class space    used 6530K, committed 6656K, reserved 1048576K

Heap Regions: E=young(eden), S=young(survivor), O=old, HS=humongous(starts), HC=humongous(continues), CS=collection set, F=free, OA=open archive, CA=closed archive, TAMS=top-at-mark-start (previous, next)
|   0|0x0000000083600000, 0x0000000083700000, 0x0000000083700000|100%|HS|  |TAMS 0x0000000083700000, 0x0000000083600000| Complete 
|   1|0x0000000083700000, 0x0000000083800000, 0x0000000083800000|100%|HC|  |TAMS 0x0000000083800000, 0x0000000083700000| Complete 
|   2|0x0000000083800000, 0x0000000083900000, 0x0000000083900000|100%|HC|  |TAMS 0x0000000083900000, 0x0000000083800000| Complete 
|   3|0x0000000083900000, 0x0000000083a00000, 0x0000000083a00000|100%|HC|  |TAMS 0x0000000083a00000, 0x0000000083900000| Complete 
|   4|0x0000000083a00000, 0x0000000083b00000, 0x0000000083b00000|100%| O|  |TAMS 0x0000000083b00000, 0x0000000083a00000| Untracked 
|   5|0x0000000083b00000, 0x0000000083c00000, 0x0000000083c00000|100%| O|  |TAMS 0x0000000083c00000, 0x0000000083b00000| Untracked 
|   6|0x0000000083c00000, 0x0000000083d00000, 0x0000000083d00000|100%| O|  |TAMS 0x0000000083d00000, 0x0000000083c00000| Untracked 
|   7|0x0000000083d00000, 0x0000000083e00000, 0x0000000083e00000|100%| O|  |TAMS 0x0000000083e00000, 0x0000000083d00000| Untracked 
|   8|0x0000000083e00000, 0x0000000083f00000, 0x0000000083f00000|100%| O|  |TAMS 0x0000000083f00000, 0x0000000083e00000| Untracked 
|   9|0x0000000083f00000, 0x0000000083f00000, 0x0000000084000000|  0%| F|  |TAMS 0x0000000083f00000, 0x0000000083f00000| Untracked 
|  10|0x0000000084000000, 0x0000000084100000, 0x0000000084100000|100%| O|  |TAMS 0x0000000084100000, 0x0000000084000000| Untracked 
|  11|0x0000000084100000, 0x0000000084200000, 0x0000000084200000|100%| O|  |TAMS 0x0000000084200000, 0x0000000084100000| Untracked 
|  12|0x0000000084200000, 0x0000000084300000, 0x0000000084300000|100%|HS|  |TAMS 0x0000000084300000, 0x0000000084200000| Complete 
|  13|0x0000000084300000, 0x0000000084400000, 0x0000000084400000|100%|HC|  |TAMS 0x0000000084400000, 0x0000000084300000| Complete 
|  14|0x0000000084400000, 0x0000000084500000, 0x0000000084500000|100%| O|  |TAMS 0x0000000084500000, 0x0000000084400000| Untracked 
|  15|0x0000000084500000, 0x0000000084600000, 0x0000000084600000|100%| O|  |TAMS 0x0000000084600000, 0x0000000084500000| Untracked 
|  16|0x0000000084600000, 0x0000000084700000, 0x0000000084700000|100%| O|  |TAMS 0x0000000084700000, 0x0000000084600000| Untracked 
|  17|0x0000000084700000, 0x0000000084800000, 0x0000000084800000|100%| O|  |TAMS 0x0000000084800000, 0x0000000084700000| Untracked 
|  18|0x0000000084800000, 0x0000000084900000, 0x0000000084900000|100%| O|  |TAMS 0x0000000084900000, 0x0000000084800000| Untracked 
|  19|0x0000000084900000, 0x0000000084a00000, 0x0000000084a00000|100%| O|  |TAMS 0x0000000084a00000, 0x0000000084900000| Untracked 
|  20|0x0000000084a00000, 0x0000000084b00000, 0x0000000084b00000|100%| O|  |TAMS 0x0000000084b00000, 0x0000000084a00000| Untracked 
|  21|0x0000000084b00000, 0x0000000084c00000, 0x0000000084c00000|100%| O|  |TAMS 0x0000000084c00000, 0x0000000084b00000| Untracked 
|  22|0x0000000084c00000, 0x0000000084d00000, 0x0000000084d00000|100%| O|  |TAMS 0x0000000084d00000, 0x0000000084c00000| Untracked 
|  23|0x0000000084d00000, 0x0000000084e00000, 0x0000000084e00000|100%| O|  |TAMS 0x0000000084e00000, 0x0000000084d00000| Untracked 
|  24|0x0000000084e00000, 0x0000000084f00000, 0x0000000084f00000|100%| O|  |TAMS 0x0000000084f00000, 0x0000000084e00000| Untracked 
|  25|0x0000000084f00000, 0x0000000085000000, 0x0000000085000000|100%| O|  |TAMS 0x0000000085000000, 0x0000000084f00000| Untracked 
|  26|0x0000000085000000, 0x0000000085100000, 0x0000000085100000|100%| O|  |TAMS 0x0000000085100000, 0x0000000085000000| Untracked 
|  27|0x0000000085100000, 0x0000000085200000, 0x0000000085200000|100%| O|  |TAMS 0x0000000085200000, 0x0000000085100000| Untracked 
|  28|0x0000000085200000, 0x0000000085300000, 0x0000000085300000|100%| O|  |TAMS 0x0000000085300000, 0x0000000085200000| Untracked 
|  29|0x0000000085300000, 0x0000000085400000, 0x0000000085400000|100%| O|  |TAMS 0x0000000085400000, 0x0000000085300000| Untracked 
|  30|0x0000000085400000, 0x0000000085500000, 0x0000000085500000|100%| O|  |TAMS 0x0000000085500000, 0x0000000085400000| Untracked 
|  31|0x0000000085500000, 0x0000000085600000, 0x0000000085600000|100%| O|  |TAMS 0x0000000085600000, 0x0000000085500000| Untracked 
|  32|0x0000000085600000, 0x0000000085700000, 0x0000000085700000|100%| O|  |TAMS 0x0000000085700000, 0x0000000085600000| Untracked 
|  33|0x0000000085700000, 0x0000000085800000, 0x0000000085800000|100%| O|  |TAMS 0x0000000085800000, 0x0000000085700000| Untracked 
|  34|0x0000000085800000, 0x0000000085900000, 0x0000000085900000|100%| O|  |TAMS 0x0000000085900000, 0x0000000085800000| Untracked 
|  35|0x0000000085900000, 0x0000000085a00000, 0x0000000085a00000|100%| O|  |TAMS 0x0000000085a00000, 0x0000000085900000| Untracked 
|  36|0x0000000085a00000, 0x0000000085b00000, 0x0000000085b00000|100%| O|  |TAMS 0x0000000085b00000, 0x0000000085a00000| Untracked 
|  37|0x0000000085b00000, 0x0000000085c00000, 0x0000000085c00000|100%| O|  |TAMS 0x0000000085c00000, 0x0000000085b00000| Untracked 
|  38|0x0000000085c00000, 0x0000000085d00000, 0x0000000085d00000|100%| O|  |TAMS 0x0000000085d00000, 0x0000000085c00000| Untracked 
|  39|0x0000000085d00000, 0x0000000085e00000, 0x0000000085e00000|100%| O|  |TAMS 0x0000000085e00000, 0x0000000085d00000| Untracked 
|  40|0x0000000085e00000, 0x0000000085f00000, 0x0000000085f00000|100%| O|  |TAMS 0x0000000085f00000, 0x0000000085e00000| Untracked 
|  41|0x0000000085f00000, 0x0000000086000000, 0x0000000086000000|100%| O|  |TAMS 0x0000000085fd5e00, 0x0000000085f00000| Untracked 
|  42|0x0000000086000000, 0x0000000086100000, 0x0000000086100000|100%| O|  |TAMS 0x0000000086000000, 0x0000000086000000| Untracked 
|  43|0x0000000086100000, 0x0000000086200000, 0x0000000086200000|100%| O|  |TAMS 0x0000000086100000, 0x0000000086100000| Untracked 
|  44|0x0000000086200000, 0x00000000862f2800, 0x0000000086300000| 94%| O|  |TAMS 0x0000000086200000, 0x0000000086200000| Untracked 
|  45|0x0000000086300000, 0x0000000086300000, 0x0000000086400000|  0%| F|  |TAMS 0x0000000086300000, 0x0000000086300000| Untracked 
|  46|0x0000000086400000, 0x0000000086400000, 0x0000000086500000|  0%| F|  |TAMS 0x0000000086400000, 0x0000000086400000| Untracked 
|  47|0x0000000086500000, 0x0000000086500000, 0x0000000086600000|  0%| F|  |TAMS 0x0000000086500000, 0x0000000086500000| Untracked 
|  48|0x0000000086600000, 0x0000000086600000, 0x0000000086700000|  0%| F|  |TAMS 0x0000000086600000, 0x0000000086600000| Untracked 
|  49|0x0000000086700000, 0x0000000086700000, 0x0000000086800000|  0%| F|  |TAMS 0x0000000086700000, 0x0000000086700000| Untracked 
|  50|0x0000000086800000, 0x0000000086800000, 0x0000000086900000|  0%| F|  |TAMS 0x0000000086800000, 0x0000000086800000| Untracked 
|  51|0x0000000086900000, 0x0000000086900000, 0x0000000086a00000|  0%| F|  |TAMS 0x0000000086900000, 0x0000000086900000| Untracked 
|  52|0x0000000086a00000, 0x0000000086a00000, 0x0000000086b00000|  0%| F|  |TAMS 0x0000000086a00000, 0x0000000086a00000| Untracked 
|  53|0x0000000086b00000, 0x0000000086b00000, 0x0000000086c00000|  0%| F|  |TAMS 0x0000000086b00000, 0x0000000086b00000| Untracked 
|  54|0x0000000086c00000, 0x0000000086c00000, 0x0000000086d00000|  0%| F|  |TAMS 0x0000000086c00000, 0x0000000086c00000| Untracked 
|  55|0x0000000086d00000, 0x0000000086d00000, 0x0000000086e00000|  0%| F|  |TAMS 0x0000000086d00000, 0x0000000086d00000| Untracked 
|  56|0x0000000086e00000, 0x0000000086e00000, 0x0000000086f00000|  0%| F|  |TAMS 0x0000000086e00000, 0x0000000086e00000| Untracked 
|  57|0x0000000086f00000, 0x0000000086f00000, 0x0000000087000000|  0%| F|  |TAMS 0x0000000086f00000, 0x0000000086f00000| Untracked 
|  58|0x0000000087000000, 0x0000000087000000, 0x0000000087100000|  0%| F|  |TAMS 0x0000000087000000, 0x0000000087000000| Untracked 
|  59|0x0000000087100000, 0x0000000087100000, 0x0000000087200000|  0%| F|  |TAMS 0x0000000087100000, 0x0000000087100000| Untracked 
|  60|0x0000000087200000, 0x0000000087200000, 0x0000000087300000|  0%| F|  |TAMS 0x0000000087200000, 0x0000000087200000| Untracked 
|  61|0x0000000087300000, 0x0000000087300000, 0x0000000087400000|  0%| F|  |TAMS 0x0000000087300000, 0x0000000087300000| Untracked 
|  62|0x0000000087400000, 0x0000000087400000, 0x0000000087500000|  0%| F|  |TAMS 0x0000000087400000, 0x0000000087400000| Untracked 
|  63|0x0000000087500000, 0x0000000087500000, 0x0000000087600000|  0%| F|  |TAMS 0x0000000087500000, 0x0000000087500000| Untracked 
|  64|0x0000000087600000, 0x0000000087600000, 0x0000000087700000|  0%| F|  |TAMS 0x0000000087600000, 0x0000000087600000| Untracked 
|  65|0x0000000087700000, 0x0000000087700000, 0x0000000087800000|  0%| F|  |TAMS 0x0000000087700000, 0x0000000087700000| Untracked 
|  66|0x0000000087800000, 0x0000000087800000, 0x0000000087900000|  0%| F|  |TAMS 0x0000000087800000, 0x0000000087800000| Untracked 
|  67|0x0000000087900000, 0x0000000087900000, 0x0000000087a00000|  0%| F|  |TAMS 0x0000000087900000, 0x0000000087900000| Untracked 
|  68|0x0000000087a00000, 0x0000000087a00000, 0x0000000087b00000|  0%| F|  |TAMS 0x0000000087a00000, 0x0000000087a00000| Untracked 
|  69|0x0000000087b00000, 0x0000000087b00000, 0x0000000087c00000|  0%| F|  |TAMS 0x0000000087b00000, 0x0000000087b00000| Untracked 
|  70|0x0000000087c00000, 0x0000000087c00000, 0x0000000087d00000|  0%| F|  |TAMS 0x0000000087c00000, 0x0000000087c00000| Untracked 
|  71|0x0000000087d00000, 0x0000000087d00000, 0x0000000087e00000|  0%| F|  |TAMS 0x0000000087d00000, 0x0000000087d00000| Untracked 
|  72|0x0000000087e00000, 0x0000000087e00000, 0x0000000087f00000|  0%| F|  |TAMS 0x0000000087e00000, 0x0000000087e00000| Untracked 
|  73|0x0000000087f00000, 0x0000000087f00000, 0x0000000088000000|  0%| F|  |TAMS 0x0000000087f00000, 0x0000000087f00000| Untracked 
|  74|0x0000000088000000, 0x0000000088000000, 0x0000000088100000|  0%| F|  |TAMS 0x0000000088000000, 0x0000000088000000| Untracked 
|  75|0x0000000088100000, 0x0000000088100000, 0x0000000088200000|  0%| F|  |TAMS 0x0000000088100000, 0x0000000088100000| Untracked 
|  76|0x0000000088200000, 0x0000000088200000, 0x0000000088300000|  0%| F|  |TAMS 0x0000000088200000, 0x0000000088200000| Untracked 
|  77|0x0000000088300000, 0x0000000088300000, 0x0000000088400000|  0%| F|  |TAMS 0x0000000088300000, 0x0000000088300000| Untracked 
|  78|0x0000000088400000, 0x0000000088400000, 0x0000000088500000|  0%| F|  |TAMS 0x0000000088400000, 0x0000000088400000| Untracked 
|  79|0x0000000088500000, 0x0000000088500000, 0x0000000088600000|  0%| F|  |TAMS 0x0000000088500000, 0x0000000088500000| Untracked 
|  80|0x0000000088600000, 0x0000000088600000, 0x0000000088700000|  0%| F|  |TAMS 0x0000000088600000, 0x0000000088600000| Untracked 
|  81|0x0000000088700000, 0x0000000088700000, 0x0000000088800000|  0%| F|  |TAMS 0x0000000088700000, 0x0000000088700000| Untracked 
|  82|0x0000000088800000, 0x0000000088800000, 0x0000000088900000|  0%| F|  |TAMS 0x0000000088800000, 0x0000000088800000| Untracked 
|  83|0x0000000088900000, 0x0000000088900000, 0x0000000088a00000|  0%| F|  |TAMS 0x0000000088900000, 0x0000000088900000| Untracked 
|  84|0x0000000088a00000, 0x0000000088a00000, 0x0000000088b00000|  0%| F|  |TAMS 0x0000000088a00000, 0x0000000088a00000| Untracked 
|  85|0x0000000088b00000, 0x0000000088b00000, 0x0000000088c00000|  0%| F|  |TAMS 0x0000000088b00000, 0x0000000088b00000| Untracked 
|  86|0x0000000088c00000, 0x0000000088c00000, 0x0000000088d00000|  0%| F|  |TAMS 0x0000000088c00000, 0x0000000088c00000| Untracked 
|  87|0x0000000088d00000, 0x0000000088d00000, 0x0000000088e00000|  0%| F|  |TAMS 0x0000000088d00000, 0x0000000088d00000| Untracked 
|  88|0x0000000088e00000, 0x0000000088e00000, 0x0000000088f00000|  0%| F|  |TAMS 0x0000000088e00000, 0x0000000088e00000| Untracked 
|  89|0x0000000088f00000, 0x0000000088f00000, 0x0000000089000000|  0%| F|  |TAMS 0x0000000088f00000, 0x0000000088f00000| Untracked 
|  90|0x0000000089000000, 0x0000000089000000, 0x0000000089100000|  0%| F|  |TAMS 0x0000000089000000, 0x0000000089000000| Untracked 
|  91|0x0000000089100000, 0x0000000089100000, 0x0000000089200000|  0%| F|  |TAMS 0x0000000089100000, 0x0000000089100000| Untracked 
|  92|0x0000000089200000, 0x0000000089200000, 0x0000000089300000|  0%| F|  |TAMS 0x0000000089200000, 0x0000000089200000| Untracked 
|  93|0x0000000089300000, 0x0000000089300000, 0x0000000089400000|  0%| F|  |TAMS 0x0000000089300000, 0x0000000089300000| Untracked 
|  94|0x0000000089400000, 0x0000000089400000, 0x0000000089500000|  0%| F|  |TAMS 0x0000000089400000, 0x0000000089400000| Untracked 
|  95|0x0000000089500000, 0x0000000089500000, 0x0000000089600000|  0%| F|  |TAMS 0x0000000089500000, 0x0000000089500000| Untracked 
|  96|0x0000000089600000, 0x0000000089600000, 0x0000000089700000|  0%| F|  |TAMS 0x0000000089600000, 0x0000000089600000| Untracked 
|  97|0x0000000089700000, 0x0000000089700000, 0x0000000089800000|  0%| F|  |TAMS 0x0000000089700000, 0x0000000089700000| Untracked 
|  98|0x0000000089800000, 0x0000000089800000, 0x0000000089900000|  0%| F|  |TAMS 0x0000000089800000, 0x0000000089800000| Untracked 
|  99|0x0000000089900000, 0x0000000089900000, 0x0000000089a00000|  0%| F|  |TAMS 0x0000000089900000, 0x0000000089900000| Untracked 
| 100|0x0000000089a00000, 0x0000000089a00000, 0x0000000089b00000|  0%| F|  |TAMS 0x0000000089a00000, 0x0000000089a00000| Untracked 
| 101|0x0000000089b00000, 0x0000000089b00000, 0x0000000089c00000|  0%| F|  |TAMS 0x0000000089b00000, 0x0000000089b00000| Untracked 
| 102|0x0000000089c00000, 0x0000000089c45a10, 0x0000000089d00000| 27%| S|CS|TAMS 0x0000000089c00000, 0x0000000089c00000| Complete 
| 103|0x0000000089d00000, 0x0000000089d00000, 0x0000000089e00000|  0%| F|  |TAMS 0x0000000089d00000, 0x0000000089d00000| Untracked 
| 104|0x0000000089e00000, 0x0000000089e00000, 0x0000000089f00000|  0%| F|  |TAMS 0x0000000089e00000, 0x0000000089e00000| Untracked 
| 105|0x0000000089f00000, 0x0000000089f00000, 0x000000008a000000|  0%| F|  |TAMS 0x0000000089f00000, 0x0000000089f00000| Untracked 
| 106|0x000000008a000000, 0x000000008a000000, 0x000000008a100000|  0%| F|  |TAMS 0x000000008a000000, 0x000000008a000000| Untracked 
| 107|0x000000008a100000, 0x000000008a100000, 0x000000008a200000|  0%| F|  |TAMS 0x000000008a100000, 0x000000008a100000| Untracked 
| 108|0x000000008a200000, 0x000000008a200000, 0x000000008a300000|  0%| F|  |TAMS 0x000000008a200000, 0x000000008a200000| Untracked 
| 109|0x000000008a300000, 0x000000008a300000, 0x000000008a400000|  0%| F|  |TAMS 0x000000008a300000, 0x000000008a300000| Untracked 
| 110|0x000000008a400000, 0x000000008a400000, 0x000000008a500000|  0%| F|  |TAMS 0x000000008a400000, 0x000000008a400000| Untracked 
| 111|0x000000008a500000, 0x000000008a500000, 0x000000008a600000|  0%| F|  |TAMS 0x000000008a500000, 0x000000008a500000| Untracked 
| 112|0x000000008a600000, 0x000000008a600000, 0x000000008a700000|  0%| F|  |TAMS 0x000000008a600000, 0x000000008a600000| Untracked 
| 113|0x000000008a700000, 0x000000008a700000, 0x000000008a800000|  0%| F|  |TAMS 0x000000008a700000, 0x000000008a700000| Untracked 
| 114|0x000000008a800000, 0x000000008a800000, 0x000000008a900000|  0%| F|  |TAMS 0x000000008a800000, 0x000000008a800000| Untracked 
| 115|0x000000008a900000, 0x000000008a900000, 0x000000008aa00000|  0%| F|  |TAMS 0x000000008a900000, 0x000000008a900000| Untracked 
| 116|0x000000008aa00000, 0x000000008aa00000, 0x000000008ab00000|  0%| F|  |TAMS 0x000000008aa00000, 0x000000008aa00000| Untracked 
| 117|0x000000008ab00000, 0x000000008ab00000, 0x000000008ac00000|  0%| F|  |TAMS 0x000000008ab00000, 0x000000008ab00000| Untracked 
| 118|0x000000008ac00000, 0x000000008ac00000, 0x000000008ad00000|  0%| F|  |TAMS 0x000000008ac00000, 0x000000008ac00000| Untracked 
| 119|0x000000008ad00000, 0x000000008ad00000, 0x000000008ae00000|  0%| F|  |TAMS 0x000000008ad00000, 0x000000008ad00000| Untracked 
| 120|0x000000008ae00000, 0x000000008ae00000, 0x000000008af00000|  0%| F|  |TAMS 0x000000008ae00000, 0x000000008ae00000| Untracked 
| 121|0x000000008af00000, 0x000000008af00000, 0x000000008b000000|  0%| F|  |TAMS 0x000000008af00000, 0x000000008af00000| Untracked 
| 122|0x000000008b000000, 0x000000008b000000, 0x000000008b100000|  0%| F|  |TAMS 0x000000008b000000, 0x000000008b000000| Untracked 
| 123|0x000000008b100000, 0x000000008b100000, 0x000000008b200000|  0%| F|  |TAMS 0x000000008b100000, 0x000000008b100000| Untracked 
| 124|0x000000008b200000, 0x000000008b200000, 0x000000008b300000|  0%| F|  |TAMS 0x000000008b200000, 0x000000008b200000| Untracked 
| 125|0x000000008b300000, 0x000000008b300000, 0x000000008b400000|  0%| F|  |TAMS 0x000000008b300000, 0x000000008b300000| Untracked 
| 126|0x000000008b400000, 0x000000008b400000, 0x000000008b500000|  0%| F|  |TAMS 0x000000008b400000, 0x000000008b400000| Untracked 
| 127|0x000000008b500000, 0x000000008b500000, 0x000000008b600000|  0%| F|  |TAMS 0x000000008b500000, 0x000000008b500000| Untracked 
| 128|0x000000008b600000, 0x000000008b600000, 0x000000008b700000|  0%| F|  |TAMS 0x000000008b600000, 0x000000008b600000| Untracked 
| 129|0x000000008b700000, 0x000000008b700000, 0x000000008b800000|  0%| F|  |TAMS 0x000000008b700000, 0x000000008b700000| Untracked 
| 130|0x000000008b800000, 0x000000008b800000, 0x000000008b900000|  0%| F|  |TAMS 0x000000008b800000, 0x000000008b800000| Untracked 
| 131|0x000000008b900000, 0x000000008b900000, 0x000000008ba00000|  0%| F|  |TAMS 0x000000008b900000, 0x000000008b900000| Untracked 
| 132|0x000000008ba00000, 0x000000008ba00000, 0x000000008bb00000|  0%| F|  |TAMS 0x000000008ba00000, 0x000000008ba00000| Untracked 
| 133|0x000000008bb00000, 0x000000008bb00000, 0x000000008bc00000|  0%| F|  |TAMS 0x000000008bb00000, 0x000000008bb00000| Untracked 
| 134|0x000000008bc00000, 0x000000008bc00000, 0x000000008bd00000|  0%| F|  |TAMS 0x000000008bc00000, 0x000000008bc00000| Untracked 
| 135|0x000000008bd00000, 0x000000008bd00000, 0x000000008be00000|  0%| F|  |TAMS 0x000000008bd00000, 0x000000008bd00000| Untracked 
| 136|0x000000008be00000, 0x000000008be00000, 0x000000008bf00000|  0%| F|  |TAMS 0x000000008be00000, 0x000000008be00000| Untracked 
| 137|0x000000008bf00000, 0x000000008bf00000, 0x000000008c000000|  0%| F|  |TAMS 0x000000008bf00000, 0x000000008bf00000| Untracked 
| 138|0x000000008c000000, 0x000000008c000000, 0x000000008c100000|  0%| F|  |TAMS 0x000000008c000000, 0x000000008c000000| Untracked 
| 139|0x000000008c100000, 0x000000008c100000, 0x000000008c200000|  0%| F|  |TAMS 0x000000008c100000, 0x000000008c100000| Untracked 
| 140|0x000000008c200000, 0x000000008c200000, 0x000000008c300000|  0%| F|  |TAMS 0x000000008c200000, 0x000000008c200000| Untracked 
| 141|0x000000008c300000, 0x000000008c300000, 0x000000008c400000|  0%| F|  |TAMS 0x000000008c300000, 0x000000008c300000| Untracked 
| 142|0x000000008c400000, 0x000000008c400000, 0x000000008c500000|  0%| F|  |TAMS 0x000000008c400000, 0x000000008c400000| Untracked 
| 143|0x000000008c500000, 0x000000008c500000, 0x000000008c600000|  0%| F|  |TAMS 0x000000008c500000, 0x000000008c500000| Untracked 
| 144|0x000000008c600000, 0x000000008c681df8, 0x000000008c700000| 50%| E|  |TAMS 0x000000008c600000, 0x000000008c600000| Complete 
| 145|0x000000008c700000, 0x000000008c800000, 0x000000008c800000|100%| E|CS|TAMS 0x000000008c700000, 0x000000008c700000| Complete 
| 146|0x000000008c800000, 0x000000008c900000, 0x000000008c900000|100%| E|CS|TAMS 0x000000008c800000, 0x000000008c800000| Complete 
| 147|0x000000008c900000, 0x000000008ca00000, 0x000000008ca00000|100%| E|CS|TAMS 0x000000008c900000, 0x000000008c900000| Complete 
| 148|0x000000008ca00000, 0x000000008cb00000, 0x000000008cb00000|100%| E|CS|TAMS 0x000000008ca00000, 0x000000008ca00000| Complete 
| 149|0x000000008cb00000, 0x000000008cc00000, 0x000000008cc00000|100%| E|CS|TAMS 0x000000008cb00000, 0x000000008cb00000| Complete 
| 150|0x000000008cc00000, 0x000000008cd00000, 0x000000008cd00000|100%| E|CS|TAMS 0x000000008cc00000, 0x000000008cc00000| Complete 
| 151|0x000000008cd00000, 0x000000008ce00000, 0x000000008ce00000|100%| E|CS|TAMS 0x000000008cd00000, 0x000000008cd00000| Complete 
| 152|0x000000008ce00000, 0x000000008cf00000, 0x000000008cf00000|100%| E|CS|TAMS 0x000000008ce00000, 0x000000008ce00000| Complete 

Card table byte_map: [0x000001cf2ab20000,0x000001cf2af10000] _byte_map_base: 0x000001cf2a705000

Marking Bits (Prev, Next): (CMBitMap*) 0x000001cf17f87e00, (CMBitMap*) 0x000001cf17f87dc0
 Prev Bits: [0x000001cf2d230000, 0x000001cf2f158000)
 Next Bits: [0x000001cf2b300000, 0x000001cf2d228000)

Polling page: 0x000001cf15e60000

Metaspace:

Usage:
  Non-class:     47.29 MB used.
      Class:      6.38 MB used.
       Both:     53.67 MB used.

Virtual space:
  Non-class space:       56.00 MB reserved,      47.44 MB ( 85%) committed,  7 nodes.
      Class space:        1.00 GB reserved,       6.50 MB ( <1%) committed,  1 nodes.
             Both:        1.05 GB reserved,      53.94 MB (  5%) committed. 

Chunk freelists:
   Non-Class:  3.77 MB
       Class:  1.48 MB
        Both:  5.25 MB

MaxMetaspaceSize: unlimited
CompressedClassSpaceSize: 1.00 GB
Initial GC threshold: 21.00 MB
Current GC threshold: 85.00 MB
CDS: off
MetaspaceReclaimPolicy: balanced
 - commit_granule_bytes: 65536.
 - commit_granule_words: 8192.
 - virtual_space_node_default_size: 1048576.
 - enlarge_chunks_in_place: 1.
 - new_chunks_are_fully_committed: 0.
 - uncommit_free_chunks: 1.
 - use_allocation_guard: 0.
 - handle_deallocations: 1.


Internal statistics:

num_allocs_failed_limit: 3.
num_arena_births: 236.
num_arena_deaths: 0.
num_vsnodes_births: 8.
num_vsnodes_deaths: 0.
num_space_committed: 861.
num_space_uncommitted: 0.
num_chunks_returned_to_freelist: 3.
num_chunks_taken_from_freelist: 1887.
num_chunk_merges: 3.
num_chunk_splits: 1552.
num_chunks_enlarged: 1379.
num_purges: 0.
num_inconsistent_stats: 0.

CodeHeap 'non-profiled nmethods': size=120000Kb used=3145Kb max_used=3145Kb free=116855Kb
 bounds [0x000001cf22ed0000, 0x000001cf231f0000, 0x000001cf2a400000]
CodeHeap 'profiled nmethods': size=120000Kb used=12277Kb max_used=13693Kb free=107722Kb
 bounds [0x000001cf1b400000, 0x000001cf1c170000, 0x000001cf22930000]
CodeHeap 'non-nmethods': size=5760Kb used=1297Kb max_used=1357Kb free=4462Kb
 bounds [0x000001cf22930000, 0x000001cf22ba0000, 0x000001cf22ed0000]
 total_blobs=5874 nmethods=5277 adapters=508
 compilation: enabled
              stopped_count=0, restarted_count=0
 full_count=0

Compilation events (20 events):
Event: 4.839 Thread 0x000001cf32433010 6184   !   3       org.jetbrains.kotlin.util.PerformanceCounter::time (216 bytes)
Event: 4.841 Thread 0x000001cf32433010 nmethod 6184 0x000001cf1b509290 code [0x000001cf1b5096a0, 0x000001cf1b50b298]
Event: 4.841 Thread 0x000001cf32433010 6183       1       org.jetbrains.kotlin.resolve.calls.model.ResolvedAtom::getSubResolvedAtoms (5 bytes)
Event: 4.841 Thread 0x000001cf32433010 nmethod 6183 0x000001cf230ba790 code [0x000001cf230ba920, 0x000001cf230ba9f8]
Event: 4.841 Thread 0x000001cf32433010 6188       1       org.jetbrains.kotlin.resolve.scopes.LexicalScopeKind::getWithLocalDescriptors (5 bytes)
Event: 4.841 Thread 0x000001cf32433010 nmethod 6188 0x000001cf230ba490 code [0x000001cf230ba620, 0x000001cf230ba6f8]
Event: 4.844 Thread 0x000001cf32432660 nmethod 6036 0x000001cf22f7bf90 code [0x000001cf22f7c200, 0x000001cf22f7d9e8]
Event: 4.845 Thread 0x000001cf32432660 6034       4       org.jetbrains.kotlin.utils.SmartSet::add (216 bytes)
Event: 4.846 Thread 0x000001cf32433010 6189       3       org.jetbrains.kotlin.load.java.structure.impl.classFiles.BinaryJavaClass::isSealed (21 bytes)
Event: 4.846 Thread 0x000001cf32433010 nmethod 6189 0x000001cf1bca5190 code [0x000001cf1bca5340, 0x000001cf1bca55f8]
Event: 4.846 Thread 0x000001cf32433010 6190       3       org.jetbrains.kotlin.com.intellij.psi.impl.source.tree.CompositeElement::findChildByType (55 bytes)
Event: 4.847 Thread 0x000001cf32433010 nmethod 6190 0x000001cf1ba0d390 code [0x000001cf1ba0d5a0, 0x000001cf1ba0dbf8]
Event: 4.848 Thread 0x000001cf32433010 6191       3       org.jetbrains.kotlin.cli.jvm.index.SingleJavaFileRootsIndex::findJavaSourceClass (124 bytes)
Event: 4.850 Thread 0x000001cf32433010 nmethod 6191 0x000001cf1b990790 code [0x000001cf1b990a60, 0x000001cf1b9919c8]
Event: 4.851 Thread 0x000001cf32433010 6192       3       org.jetbrains.kotlin.types.typeUtil.TypeUtilsKt::contains (19 bytes)
Event: 4.853 Thread 0x000001cf32433010 nmethod 6192 0x000001cf1bd19890 code [0x000001cf1bd19b40, 0x000001cf1bd1a638]
Event: 4.853 Thread 0x000001cf32433010 6193       1       org.jetbrains.kotlin.resolve.calls.tower.NewResolvedCallImpl::getDispatchReceiver (5 bytes)
Event: 4.853 Thread 0x000001cf32433010 nmethod 6193 0x000001cf22f7bc90 code [0x000001cf22f7be20, 0x000001cf22f7bef8]
Event: 4.853 Thread 0x000001cf32433010 6194       3       org.jetbrains.kotlin.resolve.calls.tower.NewAbstractResolvedCall::getCall (8 bytes)
Event: 4.854 Thread 0x000001cf32433010 nmethod 6194 0x000001cf1b9d4e10 code [0x000001cf1b9d4fc0, 0x000001cf1b9d51a8]

GC Heap History (20 events):
Event: 2.116 GC heap before
{Heap before GC invocations=9 (full 0):
 garbage-first heap   total 68608K, used 49041K [0x0000000083600000, 0x0000000100000000)
  region size 1024K, 31 young (31744K), 2 survivors (2048K)
 Metaspace       used 41615K, committed 41856K, reserved 1089536K
  class space    used 5114K, committed 5248K, reserved 1048576K
}
Event: 2.122 GC heap after
{Heap after GC invocations=10 (full 0):
 garbage-first heap   total 68608K, used 21910K [0x0000000083600000, 0x0000000100000000)
  region size 1024K, 4 young (4096K), 4 survivors (4096K)
 Metaspace       used 41615K, committed 41856K, reserved 1089536K
  class space    used 5114K, committed 5248K, reserved 1048576K
}
Event: 2.660 GC heap before
{Heap before GC invocations=10 (full 0):
 garbage-first heap   total 68608K, used 53654K [0x0000000083600000, 0x0000000100000000)
  region size 1024K, 32 young (32768K), 4 survivors (4096K)
 Metaspace       used 47417K, committed 47680K, reserved 1097728K
  class space    used 5790K, committed 5888K, reserved 1048576K
}
Event: 2.674 GC heap after
{Heap after GC invocations=11 (full 0):
 garbage-first heap   total 68608K, used 27568K [0x0000000083600000, 0x0000000100000000)
  region size 1024K, 4 young (4096K), 4 survivors (4096K)
 Metaspace       used 47417K, committed 47680K, reserved 1097728K
  class space    used 5790K, committed 5888K, reserved 1048576K
}
Event: 2.869 GC heap before
{Heap before GC invocations=11 (full 0):
 garbage-first heap   total 68608K, used 51120K [0x0000000083600000, 0x0000000100000000)
  region size 1024K, 27 young (27648K), 4 survivors (4096K)
 Metaspace       used 48117K, committed 48320K, reserved 1097728K
  class space    used 5851K, committed 5952K, reserved 1048576K
}
Event: 2.878 GC heap after
{Heap after GC invocations=12 (full 0):
 garbage-first heap   total 68608K, used 29106K [0x0000000083600000, 0x0000000100000000)
  region size 1024K, 2 young (2048K), 2 survivors (2048K)
 Metaspace       used 48117K, committed 48320K, reserved 1097728K
  class space    used 5851K, committed 5952K, reserved 1048576K
}
Event: 3.211 GC heap before
{Heap before GC invocations=12 (full 0):
 garbage-first heap   total 68608K, used 51634K [0x0000000083600000, 0x0000000100000000)
  region size 1024K, 25 young (25600K), 2 survivors (2048K)
 Metaspace       used 49679K, committed 49984K, reserved 1097728K
  class space    used 6016K, committed 6144K, reserved 1048576K
}
Event: 3.222 GC heap after
{Heap after GC invocations=13 (full 0):
 garbage-first heap   total 68608K, used 32768K [0x0000000083600000, 0x0000000100000000)
  region size 1024K, 4 young (4096K), 4 survivors (4096K)
 Metaspace       used 49679K, committed 49984K, reserved 1097728K
  class space    used 6016K, committed 6144K, reserved 1048576K
}
Event: 3.781 GC heap before
{Heap before GC invocations=13 (full 0):
 garbage-first heap   total 68608K, used 53248K [0x0000000083600000, 0x0000000100000000)
  region size 1024K, 24 young (24576K), 4 survivors (4096K)
 Metaspace       used 51094K, committed 51328K, reserved 1097728K
  class space    used 6089K, committed 6208K, reserved 1048576K
}
Event: 3.794 GC heap after
{Heap after GC invocations=14 (full 0):
 garbage-first heap   total 87040K, used 36529K [0x0000000083600000, 0x0000000100000000)
  region size 1024K, 3 young (3072K), 3 survivors (3072K)
 Metaspace       used 51094K, committed 51328K, reserved 1097728K
  class space    used 6089K, committed 6208K, reserved 1048576K
}
Event: 4.186 GC heap before
{Heap before GC invocations=14 (full 0):
 garbage-first heap   total 87040K, used 65201K [0x0000000083600000, 0x0000000100000000)
  region size 1024K, 31 young (31744K), 3 survivors (3072K)
 Metaspace       used 51680K, committed 51904K, reserved 1097728K
  class space    used 6120K, committed 6208K, reserved 1048576K
}
Event: 4.207 GC heap after
{Heap after GC invocations=15 (full 0):
 garbage-first heap   total 87040K, used 42367K [0x0000000083600000, 0x0000000100000000)
  region size 1024K, 4 young (4096K), 4 survivors (4096K)
 Metaspace       used 51680K, committed 51904K, reserved 1097728K
  class space    used 6120K, committed 6208K, reserved 1048576K
}
Event: 4.394 GC heap before
{Heap before GC invocations=15 (full 0):
 garbage-first heap   total 87040K, used 65919K [0x0000000083600000, 0x0000000100000000)
  region size 1024K, 27 young (27648K), 4 survivors (4096K)
 Metaspace       used 51996K, committed 52224K, reserved 1097728K
  class space    used 6144K, committed 6272K, reserved 1048576K
}
Event: 4.405 GC heap after
{Heap after GC invocations=16 (full 0):
 garbage-first heap   total 87040K, used 45661K [0x0000000083600000, 0x0000000100000000)
  region size 1024K, 3 young (3072K), 3 survivors (3072K)
 Metaspace       used 51996K, committed 52224K, reserved 1097728K
  class space    used 6144K, committed 6272K, reserved 1048576K
}
Event: 4.453 GC heap before
{Heap before GC invocations=16 (full 0):
 garbage-first heap   total 87040K, used 68189K [0x0000000083600000, 0x0000000100000000)
  region size 1024K, 25 young (25600K), 3 survivors (3072K)
 Metaspace       used 52000K, committed 52224K, reserved 1097728K
  class space    used 6145K, committed 6272K, reserved 1048576K
}
Event: 4.458 GC heap after
{Heap after GC invocations=17 (full 0):
 garbage-first heap   total 87040K, used 46441K [0x0000000083600000, 0x0000000100000000)
  region size 1024K, 1 young (1024K), 1 survivors (1024K)
 Metaspace       used 52000K, committed 52224K, reserved 1097728K
  class space    used 6145K, committed 6272K, reserved 1048576K
}
Event: 4.576 GC heap before
{Heap before GC invocations=18 (full 0):
 garbage-first heap   total 109568K, used 68969K [0x0000000083600000, 0x0000000100000000)
  region size 1024K, 23 young (23552K), 1 survivors (1024K)
 Metaspace       used 52451K, committed 52672K, reserved 1097728K
  class space    used 6206K, committed 6336K, reserved 1048576K
}
Event: 4.577 GC heap after
{Heap after GC invocations=19 (full 0):
 garbage-first heap   total 109568K, used 46095K [0x0000000083600000, 0x0000000100000000)
  region size 1024K, 1 young (1024K), 1 survivors (1024K)
 Metaspace       used 52451K, committed 52672K, reserved 1097728K
  class space    used 6206K, committed 6336K, reserved 1048576K
}
Event: 4.669 GC heap before
{Heap before GC invocations=19 (full 0):
 garbage-first heap   total 109568K, used 50191K [0x0000000083600000, 0x0000000100000000)
  region size 1024K, 5 young (5120K), 1 survivors (1024K)
 Metaspace       used 53568K, committed 53760K, reserved 1097728K
  class space    used 6334K, committed 6400K, reserved 1048576K
}
Event: 4.671 GC heap after
{Heap after GC invocations=20 (full 0):
 garbage-first heap   total 156672K, used 45280K [0x0000000083600000, 0x0000000100000000)
  region size 1024K, 1 young (1024K), 1 survivors (1024K)
 Metaspace       used 53568K, committed 53760K, reserved 1097728K
  class space    used 6334K, committed 6400K, reserved 1048576K
}

Dll operation events (2 events):
Event: 0.005 Loaded shared library C:\Program Files\Android\Android Studio\jbr\bin\java.dll
Event: 1.097 Loaded shared library C:\Program Files\Android\Android Studio\jbr\bin\verify.dll

Deoptimization events (20 events):
Event: 4.801 Thread 0x000001cf17f27c00 Uncommon trap: trap_request=0xffffffc6 fr.pc=0x000001cf2317919c relative=0x000000000000059c
Event: 4.801 Thread 0x000001cf17f27c00 Uncommon trap: reason=bimorphic_or_optimized_type_check action=maybe_recompile pc=0x000001cf2317919c method=kotlin.sequences.FlatteningSequence$iterator$1.ensureItemIterator()Z @ 45 c2
Event: 4.801 Thread 0x000001cf17f27c00 DEOPT PACKING pc=0x000001cf2317919c sp=0x0000000ab1dfc3f0
Event: 4.801 Thread 0x000001cf17f27c00 DEOPT UNPACKING pc=0x000001cf2298a1a3 sp=0x0000000ab1dfc3b0 mode 2
Event: 4.805 Thread 0x000001cf17f27c00 Uncommon trap: trap_request=0xffffff76 fr.pc=0x000001cf22fe03a0 relative=0x0000000000001800
Event: 4.805 Thread 0x000001cf17f27c00 Uncommon trap: reason=predicate action=maybe_recompile pc=0x000001cf22fe03a0 method=org.jetbrains.kotlin.resolve.OverridingUtil.filterOverrides(Ljava/util/Set;ZLkotlin/jvm/functions/Function0;Lkotlin/jvm/functions/Function2;)Ljava/util/Set; @ 102 c2
Event: 4.805 Thread 0x000001cf17f27c00 DEOPT PACKING pc=0x000001cf22fe03a0 sp=0x0000000ab1dfce70
Event: 4.805 Thread 0x000001cf17f27c00 DEOPT UNPACKING pc=0x000001cf2298a1a3 sp=0x0000000ab1dfce70 mode 2
Event: 4.836 Thread 0x000001cf17f27c00 Uncommon trap: trap_request=0xffffff45 fr.pc=0x000001cf2314b714 relative=0x0000000000000074
Event: 4.836 Thread 0x000001cf17f27c00 Uncommon trap: reason=unstable_if action=reinterpret pc=0x000001cf2314b714 method=org.jetbrains.kotlin.types.error.ErrorUtils.isError(Lorg/jetbrains/kotlin/descriptors/DeclarationDescriptor;)Z @ 26 c2
Event: 4.836 Thread 0x000001cf17f27c00 DEOPT PACKING pc=0x000001cf2314b714 sp=0x0000000ab1dfbc30
Event: 4.836 Thread 0x000001cf17f27c00 DEOPT UNPACKING pc=0x000001cf2298a1a3 sp=0x0000000ab1dfbbd0 mode 2
Event: 4.838 Thread 0x000001cf17f27c00 Uncommon trap: trap_request=0xffffff45 fr.pc=0x000001cf2311ea30 relative=0x0000000000000090
Event: 4.838 Thread 0x000001cf17f27c00 Uncommon trap: reason=unstable_if action=reinterpret pc=0x000001cf2311ea30 method=org.jetbrains.kotlin.types.KotlinTypeKt.isError(Lorg/jetbrains/kotlin/types/KotlinType;)Z @ 17 c2
Event: 4.838 Thread 0x000001cf17f27c00 DEOPT PACKING pc=0x000001cf2311ea30 sp=0x0000000ab1dfbad0
Event: 4.838 Thread 0x000001cf17f27c00 DEOPT UNPACKING pc=0x000001cf2298a1a3 sp=0x0000000ab1dfba58 mode 2
Event: 4.852 Thread 0x000001cf17f27c00 Uncommon trap: trap_request=0xffffff45 fr.pc=0x000001cf2301383c relative=0x000000000000011c
Event: 4.852 Thread 0x000001cf17f27c00 Uncommon trap: reason=unstable_if action=reinterpret pc=0x000001cf2301383c method=org.jetbrains.kotlin.com.intellij.psi.tree.TokenSet.contains(Lorg/jetbrains/kotlin/com/intellij/psi/tree/IElementType;)Z @ 1 c2
Event: 4.852 Thread 0x000001cf17f27c00 DEOPT PACKING pc=0x000001cf2301383c sp=0x0000000ab1dfbbe0
Event: 4.852 Thread 0x000001cf17f27c00 DEOPT UNPACKING pc=0x000001cf2298a1a3 sp=0x0000000ab1dfbb98 mode 2

Classes unloaded (0 events):
No events

Classes redefined (0 events):
No events

Internal exceptions (20 events):
Event: 1.136 Thread 0x000001cf17f27c00 Exception <a 'java/lang/NoSuchMethodError'{0x0000000084969770}: 'void java.lang.invoke.DirectMethodHandle$Holder.invokeVirtual(java.lang.Object, java.lang.Object)'> (0x0000000084969770) 
thrown [s\src\hotspot\share\interpreter\linkResolver.cpp, line 771]
Event: 1.141 Thread 0x000001cf17f27c00 Exception <a 'java/lang/NoSuchMethodError'{0x00000000849b51c0}: 'int java.lang.invoke.DirectMethodHandle$Holder.invokeVirtual(java.lang.Object, java.lang.Object)'> (0x00000000849b51c0) 
thrown [s\src\hotspot\share\interpreter\linkResolver.cpp, line 771]
Event: 1.153 Thread 0x000001cf17f27c00 Exception <a 'java/lang/NoSuchMethodError'{0x000000008484e100}: 'java.lang.Object java.lang.invoke.Invokers$Holder.invokeExact_MT(java.lang.Object, java.lang.Object, java.lang.Object, java.lang.Object, java.lang.Object, java.lang.Object)'> (0x000000008484e100) 
thrown [s\src\hotspot\share\interpreter\linkResolver.cpp, line 771]
Event: 1.536 Thread 0x000001cf17f27c00 Implicit null exception at 0x000001cf22ee92f2 to 0x000001cf22ee9930
Event: 1.608 Thread 0x000001cf17f27c00 Implicit null exception at 0x000001cf22eea7f2 to 0x000001cf22eeae48
Event: 1.642 Thread 0x000001cf17f27c00 Exception <a 'java/lang/NoSuchMethodError'{0x000000008b33ea10}: 'java.lang.Object java.lang.invoke.DirectMethodHandle$Holder.invokeVirtual(java.lang.Object, java.lang.Object, java.lang.Object)'> (0x000000008b33ea10) 
thrown [s\src\hotspot\share\interpreter\linkResolver.cpp, line 771]
Event: 2.197 Thread 0x000001cf17f27c00 Implicit null exception at 0x000001cf23009864 to 0x000001cf230099ec
Event: 2.199 Thread 0x000001cf17f27c00 Implicit null exception at 0x000001cf2300c953 to 0x000001cf2300ca54
Event: 2.212 Thread 0x000001cf17f27c00 Exception <a 'java/lang/NoSuchMethodError'{0x0000000088dc9ca0}: 'java.lang.Object java.lang.invoke.DirectMethodHandle$Holder.newInvokeSpecial(java.lang.Object, java.lang.Object, int)'> (0x0000000088dc9ca0) 
thrown [s\src\hotspot\share\interpreter\linkResolver.cpp, line 771]
Event: 2.279 Thread 0x000001cf17f27c00 Exception <a 'java/lang/NoSuchMethodError'{0x00000000873e4688}: 'java.lang.Object java.lang.invoke.DirectMethodHandle$Holder.newInvokeSpecial(java.lang.Object, java.lang.Object, java.lang.Object, int)'> (0x00000000873e4688) 
thrown [s\src\hotspot\share\interpreter\linkResolver.cpp, line 771]
Event: 2.279 Thread 0x000001cf17f27c00 Exception <a 'java/lang/NoSuchMethodError'{0x00000000873e8d10}: 'java.lang.Object java.lang.invoke.DirectMethodHandle$Holder.invokeSpecial(java.lang.Object, java.lang.Object, java.lang.Object, java.lang.Object, int)'> (0x00000000873e8d10) 
thrown [s\src\hotspot\share\interpreter\linkResolver.cpp, line 771]
Event: 2.279 Thread 0x000001cf17f27c00 Exception <a 'java/lang/NoSuchMethodError'{0x00000000873ecb80}: 'java.lang.Object java.lang.invoke.Invokers$Holder.linkToTargetMethod(java.lang.Object, java.lang.Object, int, java.lang.Object)'> (0x00000000873ecb80) 
thrown [s\src\hotspot\share\interpreter\linkResolver.cpp, line 771]
Event: 3.320 Thread 0x000001cf17f27c00 Exception <a 'java/lang/NoSuchMethodError'{0x0000000088e89638}: 'java.lang.Object java.lang.invoke.DirectMethodHandle$Holder.newInvokeSpecial(java.lang.Object, java.lang.Object, java.lang.Object, java.lang.Object, java.lang.Object, java.lang.Object)'> (0x0000000088e89638) 
thrown [s\src\hotspot\share\interpreter\linkResolver.cpp, line 771]
Event: 3.400 Thread 0x000001cf17f27c00 Exception <a 'java/lang/NoSuchMethodError'{0x0000000087295400}: 'java.lang.Object java.lang.invoke.DirectMethodHandle$Holder.invokeStaticInit(java.lang.Object, java.lang.Object, java.lang.Object)'> (0x0000000087295400) 
thrown [s\src\hotspot\share\interpreter\linkResolver.cpp, line 771]
Event: 3.909 Thread 0x000001cf17f27c00 Implicit null exception at 0x000001cf22f2220e to 0x000001cf22f2246c
Event: 3.909 Thread 0x000001cf17f27c00 Implicit null exception at 0x000001cf22f3518f to 0x000001cf22f35205
Event: 3.995 Thread 0x000001cf17f27c00 Exception <a 'java/lang/NoSuchMethodError'{0x0000000087cbf958}: 'java.lang.Object java.lang.invoke.DirectMethodHandle$Holder.newInvokeSpecial(java.lang.Object, int, java.lang.Object)'> (0x0000000087cbf958) 
thrown [s\src\hotspot\share\interpreter\linkResolver.cpp, line 771]
Event: 3.996 Thread 0x000001cf17f27c00 Exception <a 'java/lang/NoSuchMethodError'{0x0000000087cc5fb8}: 'int java.lang.invoke.DirectMethodHandle$Holder.invokeInterface(java.lang.Object, java.lang.Object)'> (0x0000000087cc5fb8) 
thrown [s\src\hotspot\share\interpreter\linkResolver.cpp, line 771]
Event: 4.696 Thread 0x000001cf17f27c00 Implicit null exception at 0x000001cf231a12b7 to 0x000001cf231a2a00
Event: 4.852 Thread 0x000001cf17f27c00 Implicit null exception at 0x000001cf2301374c to 0x000001cf23013828

VM Operations (20 events):
Event: 4.552 Executing VM operation: HandshakeAllThreads
Event: 4.552 Executing VM operation: HandshakeAllThreads done
Event: 4.576 Executing VM operation: G1CollectForAllocation
Event: 4.577 Executing VM operation: G1CollectForAllocation done
Event: 4.596 Executing VM operation: HandshakeAllThreads
Event: 4.596 Executing VM operation: HandshakeAllThreads done
Event: 4.658 Executing VM operation: HandshakeAllThreads
Event: 4.658 Executing VM operation: HandshakeAllThreads done
Event: 4.669 Executing VM operation: G1CollectForAllocation
Event: 4.671 Executing VM operation: G1CollectForAllocation done
Event: 4.704 Executing VM operation: HandshakeAllThreads
Event: 4.704 Executing VM operation: HandshakeAllThreads done
Event: 4.755 Executing VM operation: HandshakeAllThreads
Event: 4.755 Executing VM operation: HandshakeAllThreads done
Event: 4.784 Executing VM operation: HandshakeAllThreads
Event: 4.784 Executing VM operation: HandshakeAllThreads done
Event: 4.837 Executing VM operation: HandshakeAllThreads
Event: 4.837 Executing VM operation: HandshakeAllThreads done
Event: 4.849 Executing VM operation: ICBufferFull
Event: 4.849 Executing VM operation: ICBufferFull done

Events (20 events):
Event: 4.267 Thread 0x000001cf32433910 flushing nmethod 0x000001cf1bdf9c10
Event: 4.267 Thread 0x000001cf32433910 flushing nmethod 0x000001cf1be00990
Event: 4.268 Thread 0x000001cf32433910 flushing nmethod 0x000001cf1be03510
Event: 4.268 Thread 0x000001cf32433910 flushing nmethod 0x000001cf1be0fa10
Event: 4.268 Thread 0x000001cf32433910 flushing nmethod 0x000001cf1be14490
Event: 4.268 Thread 0x000001cf32433910 flushing nmethod 0x000001cf1be2c390
Event: 4.268 Thread 0x000001cf32433910 flushing nmethod 0x000001cf1be31890
Event: 4.268 Thread 0x000001cf32433910 flushing nmethod 0x000001cf1be43990
Event: 4.268 Thread 0x000001cf32433910 flushing nmethod 0x000001cf1be91b90
Event: 4.268 Thread 0x000001cf32433910 flushing nmethod 0x000001cf1bea4e10
Event: 4.268 Thread 0x000001cf32433910 flushing nmethod 0x000001cf1beb2990
Event: 4.268 Thread 0x000001cf32433910 flushing nmethod 0x000001cf1bec3410
Event: 4.268 Thread 0x000001cf32433910 flushing nmethod 0x000001cf1bf0ca10
Event: 4.268 Thread 0x000001cf32433910 flushing nmethod 0x000001cf1bf15090
Event: 4.268 Thread 0x000001cf32433910 flushing nmethod 0x000001cf1bfb3410
Event: 4.269 Thread 0x000001cf32433910 flushing nmethod 0x000001cf1bfd0e90
Event: 4.269 Thread 0x000001cf32433910 flushing nmethod 0x000001cf1bfe5b10
Event: 4.269 Thread 0x000001cf32433910 flushing nmethod 0x000001cf1c079890
Event: 4.708 loading class java/security/CodeSigner
Event: 4.708 loading class java/security/CodeSigner done


Dynamic libraries:
0x00007ff68cd10000 - 0x00007ff68cd1a000 	C:\Program Files\Android\Android Studio\jbr\bin\java.exe
0x00007ffee8830000 - 0x00007ffee8a28000 	C:\WINDOWS\SYSTEM32\ntdll.dll
0x00007ffee7880000 - 0x00007ffee793d000 	C:\WINDOWS\System32\KERNEL32.DLL
0x00007ffee6260000 - 0x00007ffee6556000 	C:\WINDOWS\System32\KERNELBASE.dll
0x00007ffee5f60000 - 0x00007ffee6060000 	C:\WINDOWS\System32\ucrtbase.dll
0x00007ffedaf90000 - 0x00007ffedafa7000 	C:\Program Files\Android\Android Studio\jbr\bin\jli.dll
0x00007ffed0f90000 - 0x00007ffed0fab000 	C:\Program Files\Android\Android Studio\jbr\bin\VCRUNTIME140.dll
0x00007ffee7d90000 - 0x00007ffee7f2e000 	C:\WINDOWS\System32\USER32.dll
0x00007ffee61a0000 - 0x00007ffee61c2000 	C:\WINDOWS\System32\win32u.dll
0x00007ffee77f0000 - 0x00007ffee781c000 	C:\WINDOWS\System32\GDI32.dll
0x00007ffee6610000 - 0x00007ffee672a000 	C:\WINDOWS\System32\gdi32full.dll
0x00007ffebfa10000 - 0x00007ffebfcaa000 	C:\WINDOWS\WinSxS\amd64_microsoft.windows.common-controls_6595b64144ccf1df_6.0.19041.1110_none_60b5254171f9507e\COMCTL32.dll
0x00007ffee6090000 - 0x00007ffee612d000 	C:\WINDOWS\System32\msvcp_win.dll
0x00007ffee7f50000 - 0x00007ffee7fee000 	C:\WINDOWS\System32\msvcrt.dll
0x00007ffee7c30000 - 0x00007ffee7c60000 	C:\WINDOWS\System32\IMM32.DLL
0x00007ffec0b10000 - 0x00007ffec0b1c000 	C:\Program Files\Android\Android Studio\jbr\bin\vcruntime140_1.dll
0x00007ffeaf2e0000 - 0x00007ffeaf36d000 	C:\Program Files\Android\Android Studio\jbr\bin\msvcp140.dll
0x00007ffe87200000 - 0x00007ffe87e6e000 	C:\Program Files\Android\Android Studio\jbr\bin\server\jvm.dll
0x00007ffee70f0000 - 0x00007ffee719e000 	C:\WINDOWS\System32\ADVAPI32.dll
0x00007ffee6970000 - 0x00007ffee6a0c000 	C:\WINDOWS\System32\sechost.dll
0x00007ffee7510000 - 0x00007ffee7636000 	C:\WINDOWS\System32\RPCRT4.dll
0x00007ffec49a0000 - 0x00007ffec49c7000 	C:\WINDOWS\SYSTEM32\WINMM.dll
0x00007ffebfe10000 - 0x00007ffebfe19000 	C:\WINDOWS\SYSTEM32\WSOCK32.dll
0x00007ffeda1f0000 - 0x00007ffeda1fa000 	C:\WINDOWS\SYSTEM32\VERSION.dll
0x00007ffee7770000 - 0x00007ffee77db000 	C:\WINDOWS\System32\WS2_32.dll
0x00007ffee4730000 - 0x00007ffee4742000 	C:\WINDOWS\SYSTEM32\kernel.appcore.dll
0x00007ffeddb60000 - 0x00007ffeddb6a000 	C:\Program Files\Android\Android Studio\jbr\bin\jimage.dll
0x00007ffee3cc0000 - 0x00007ffee3ea4000 	C:\WINDOWS\SYSTEM32\DBGHELP.DLL
0x00007ffebf5c0000 - 0x00007ffebf5f4000 	C:\WINDOWS\SYSTEM32\dbgcore.DLL
0x00007ffee61d0000 - 0x00007ffee6252000 	C:\WINDOWS\System32\bcryptPrimitives.dll
0x00007ffeddb00000 - 0x00007ffeddb25000 	C:\Program Files\Android\Android Studio\jbr\bin\java.dll
0x00007ffeddae0000 - 0x00007ffeddaf8000 	C:\Program Files\Android\Android Studio\jbr\bin\zip.dll
0x00007ffee80a0000 - 0x00007ffee87e4000 	C:\WINDOWS\System32\SHELL32.dll
0x00007ffee3eb0000 - 0x00007ffee464b000 	C:\WINDOWS\SYSTEM32\windows.storage.dll
0x00007ffee71a0000 - 0x00007ffee74f4000 	C:\WINDOWS\System32\combase.dll
0x00007ffee5950000 - 0x00007ffee597d000 	C:\WINDOWS\SYSTEM32\Wldp.dll
0x00007ffee76c0000 - 0x00007ffee776d000 	C:\WINDOWS\System32\SHCORE.dll
0x00007ffee7820000 - 0x00007ffee7875000 	C:\WINDOWS\System32\shlwapi.dll
0x00007ffee5e40000 - 0x00007ffee5e65000 	C:\WINDOWS\SYSTEM32\profapi.dll
0x00007ffedd7f0000 - 0x00007ffedd809000 	C:\Program Files\Android\Android Studio\jbr\bin\net.dll
0x00007ffedead0000 - 0x00007ffedebda000 	C:\WINDOWS\SYSTEM32\WINHTTP.dll
0x00007ffee56b0000 - 0x00007ffee571a000 	C:\WINDOWS\system32\mswsock.dll
0x00007ffedd7d0000 - 0x00007ffedd7e6000 	C:\Program Files\Android\Android Studio\jbr\bin\nio.dll
0x00007ffeddb50000 - 0x00007ffeddb60000 	C:\Program Files\Android\Android Studio\jbr\bin\verify.dll

dbghelp: loaded successfully - version: 4.0.5 - missing functions: none
symbol engine: initialized successfully - sym options: 0x614 - pdb path: .;C:\Program Files\Android\Android Studio\jbr\bin;C:\WINDOWS\SYSTEM32;C:\WINDOWS\WinSxS\amd64_microsoft.windows.common-controls_6595b64144ccf1df_6.0.19041.1110_none_60b5254171f9507e;C:\Program Files\Android\Android Studio\jbr\bin\server

VM Arguments:
java_command: org.jetbrains.kotlin.cli.jvm.K2JVMCompiler @C:\Users\samuc\Desktop\BosquePanetteriaApp\app\build\20231005_792725765343983427.compiler.options
java_class_path (initial): C:\Users\samuc\.gradle\caches\modules-2\files-2.1\org.jetbrains.kotlin\kotlin-compiler-embeddable\1.9.0\2c8c3a7402becca891f12739b3e9fd2dc2adbd7a\kotlin-compiler-embeddable-1.9.0.jar;C:\Users\samuc\.gradle\caches\modules-2\files-2.1\org.jetbrains.kotlin\kotlin-stdlib\1.9.0\8ee15ef0c67dc83d874f412d84378d7f0eb50b63\kotlin-stdlib-1.9.0.jar;C:\Users\samuc\.gradle\caches\modules-2\files-2.1\org.jetbrains.kotlin\kotlin-script-runtime\1.9.0\4b3102cbbb7e1b58d9d1adf89563f00069ffa7d1\kotlin-script-runtime-1.9.0.jar;C:\Users\samuc\.gradle\caches\modules-2\files-2.1\org.jetbrains.kotlin\kotlin-reflect\1.6.10\1cbe9c92c12a94eea200d23c2bbaedaf3daf5132\kotlin-reflect-1.6.10.jar;C:\Users\samuc\.gradle\caches\modules-2\files-2.1\org.jetbrains.kotlin\kotlin-daemon-embeddable\1.9.0\186543f5e28cf8d9a0290fecc2cf34301c40a65c\kotlin-daemon-embeddable-1.9.0.jar;C:\Users\samuc\.gradle\caches\modules-2\files-2.1\org.jetbrains.intellij.deps\trove4j\1.0.20200330\3afb14d5f9ceb459d724e907a21145e8ff394f02\trove4j-1.0.20200330.jar;C:\Users\samuc\.gradle\caches\modules-2\files-2.1\org.jetbrains.kotlin\kotlin-stdlib-common\1.9.0\cd65c21cfd1eec4d44ef09f9f52b6d9f8a720636\kotlin-stdlib-common-1.9.0.jar;C:\Users\samuc\.gradle\caches\modules-2\files-2.1\org.jetbrains\annotations\13.0\919f0dfe192fb4e063e7dacadee7f8bb9a2672a9\annotations-13.0.jar
Launcher Type: SUN_STANDARD

[Global flags]
     intx CICompilerCount                          = 4                                         {product} {ergonomic}
     uint ConcGCThreads                            = 2                                         {product} {ergonomic}
     uint G1ConcRefinementThreads                  = 8                                         {product} {ergonomic}
   size_t G1HeapRegionSize                         = 1048576                                   {product} {ergonomic}
    uintx GCDrainStackTargetSize                   = 64                                        {product} {ergonomic}
   size_t InitialHeapSize                          = 132120576                                 {product} {ergonomic}
   size_t MarkStackSize                            = 4194304                                   {product} {ergonomic}
   size_t MaxHeapSize                              = 2090860544                                {product} {ergonomic}
   size_t MaxNewSize                               = 1254096896                                {product} {ergonomic}
   size_t MinHeapDeltaBytes                        = 1048576                                   {product} {ergonomic}
   size_t MinHeapSize                              = 8388608                                   {product} {ergonomic}
    uintx NonNMethodCodeHeapSize                   = 5839372                                {pd product} {ergonomic}
    uintx NonProfiledCodeHeapSize                  = 122909434                              {pd product} {ergonomic}
    uintx ProfiledCodeHeapSize                     = 122909434                              {pd product} {ergonomic}
    uintx ReservedCodeCacheSize                    = 251658240                              {pd product} {ergonomic}
     bool SegmentedCodeCache                       = true                                      {product} {ergonomic}
   size_t SoftMaxHeapSize                          = 2090860544                             {manageable} {ergonomic}
     bool UseCompressedClassPointers               = true                           {product lp64_product} {ergonomic}
     bool UseCompressedOops                        = true                           {product lp64_product} {ergonomic}
     bool UseG1GC                                  = true                                      {product} {ergonomic}
     bool UseLargePagesIndividualAllocation        = false                                  {pd product} {ergonomic}

Logging:
Log output configuration:
 #0: stdout all=warning uptime,level,tags
 #1: stderr all=off uptime,level,tags

Environment Variables:
JAVA_HOME=C:\Program Files\Java\jdk1.8.0_202
PATH=C:\Program Files\Microsoft\jdk-11.0.16.101-hotspot\bin;C:\WINDOWS\system32;C:\WINDOWS;C:\WINDOWS\System32\Wbem;C:\WINDOWS\System32\WindowsPowerShell\v1.0\;C:\WINDOWS\System32\OpenSSH\;C:\ProgramData\chocolatey\bin;C:\Program Files\Git\cmd;C:\Gradle\gradle-8.2.1\bin;C:\Users\samuc\AppData\Local\Android\Sdk\platform-tools;C:\Users\samuc\AppData\Local\Android\Sdk\tools;C:\Program Files\Java\jdk1.8.0_202\bin;C:\Program Files\dotnet\;C:\Users\samuc\AppData\Local\Programs\Python\Python311\Scripts\;C:\Users\samuc\AppData\Local\Programs\Python\Python311\;C:\Users\samuc\AppData\Local\Microsoft\WindowsApps;C:\Users\samuc\AppData\Local\Programs\Microsoft VS Code\bin;C:\Users\samuc\AppData\Local\spicetify;C:\src\flutter\bin;C:\Program Files\Azure Data Studio\bin;;C:\Program Files\JetBrains\IntelliJ IDEA 2023.2.2\bin;;C:\Program Files\JetBrains\IntelliJ IDEA Community Edition 2023.2.2\bin;
USERNAME=samuc
OS=Windows_NT
PROCESSOR_IDENTIFIER=Intel64 Family 6 Model 140 Stepping 1, GenuineIntel
TMP=C:\Users\samuc\AppData\Local\Temp
TEMP=C:\Users\samuc\AppData\Local\Temp


JNI global refs:
JNI global refs: 11, weak refs: 0

JNI global refs memory usage: 843, weak refs: 841


---------------  S Y S T E M  ---------------

OS:
 Windows 10 , 64 bit Build 19041 (10.0.19041.3393)
OS uptime: 0 days 0:25 hours

CPU: total 8 (initial active 8) (4 cores per cpu, 2 threads per core) family 6 model 140 stepping 1 microcode 0x8a, cx8, cmov, fxsr, ht, mmx, 3dnowpref, sse, sse2, sse3, ssse3, sse4.1, sse4.2, popcnt, lzcnt, tsc, tscinvbit, avx, avx2, aes, erms, clmul, bmi1, bmi2, adx, avx512f, avx512dq, avx512cd, avx512bw, avx512vl, sha, fma, vzeroupper, avx512_vpopcntdq, avx512_vpclmulqdq, avx512_vaes, avx512_vnni, clflush, clflushopt, clwb, avx512_vbmi2, avx512_vbmi

Memory: 4k page, system-wide physical 7971M (2392M free)
TotalPageFile size 10019M (AvailPageFile size 5M)
current process WorkingSet (physical memory assigned to process): 242M, peak: 242M
current process commit charge ("private bytes"): 369M, peak: 370M

vm_info: OpenJDK 64-Bit Server VM (17.0.6+0-b2043.56-10027231) for windows-amd64 JRE (17.0.6+0-b2043.56-10027231), built on Apr 28 2023 00:43:19 by "androidbuild" with MS VC++ 16.10 / 16.11 (VS2019)

END.
