#
# There is insufficient memory for the Java Runtime Environment to continue.
# Native memory allocation (mmap) failed to map 25165824 bytes for G1 virtual space
# Possible reasons:
#   The system is out of physical RAM or swap space
#   The process is running with CompressedOops enabled, and the Java Heap may be blocking the growth of the native heap
# Possible solutions:
#   Reduce memory load on the system
#   Increase physical memory or swap space
#   Check if swap backing store is full
#   Decrease Java heap size (-Xmx/-Xms)
#   Decrease number of Java threads
#   Decrease Java thread stack sizes (-Xss)
#   Set larger code cache with -XX:ReservedCodeCacheSize=
#   JVM is running with Unscaled Compressed Oops mode in which the Java heap is
#     placed in the first 4GB address space. The Java Heap base address is the
#     maximum limit for the native heap growth. Please use -XX:HeapBaseMinAddress
#     to set the Java Heap base and to place the Java Heap above 4GB virtual address.
# This output file may be truncated or incomplete.
#
#  Out of Memory Error (os_windows.cpp:3769), pid=7988, tid=2668
#
# JRE version: OpenJDK Runtime Environment (17.0.6) (build 17.0.6+0-b2043.56-10027231)
# Java VM: OpenJDK 64-Bit Server VM (17.0.6+0-b2043.56-10027231, mixed mode, tiered, compressed oops, compressed class ptrs, g1 gc, windows-amd64)
# No core dump will be written. Minidumps are not enabled by default on client versions of Windows
#

---------------  S U M M A R Y ------------

Command Line: --add-opens=java.base/java.util=ALL-UNNAMED --add-opens=java.base/java.lang=ALL-UNNAMED --add-opens=java.base/java.lang.invoke=ALL-UNNAMED --add-opens=java.prefs/java.util.prefs=ALL-UNNAMED --add-opens=java.base/java.nio.charset=ALL-UNNAMED --add-opens=java.base/java.net=ALL-UNNAMED --add-opens=java.base/java.util.concurrent.atomic=ALL-UNNAMED -Xmx2048m -Dfile.encoding=UTF-8 -Duser.country=US -Duser.language=en -Duser.variant org.gradle.launcher.daemon.bootstrap.GradleDaemon 8.0

Host: 11th Gen Intel(R) Core(TM) i5-1135G7 @ 2.40GHz, 8 cores, 7G,  Windows 10 , 64 bit Build 19041 (10.0.19041.3393)
Time: Thu Oct  5 20:12:22 2023 E. South America Standard Time elapsed time: 9.200006 seconds (0d 0h 0m 9s)

---------------  T H R E A D  ---------------

Current thread (0x00000167efad1020):  VMThread "VM Thread" [stack: 0x0000003055000000,0x0000003055100000] [id=2668]

Stack: [0x0000003055000000,0x0000003055100000]
Native frames: (J=compiled Java code, j=interpreted, Vv=VM code, C=native code)
V  [jvm.dll+0x683c9a]
V  [jvm.dll+0x8427a4]
V  [jvm.dll+0x843f9e]
V  [jvm.dll+0x844603]
V  [jvm.dll+0x249b75]
V  [jvm.dll+0x680b69]
V  [jvm.dll+0x67505a]
V  [jvm.dll+0x309acb]
V  [jvm.dll+0x310f86]
V  [jvm.dll+0x3608ee]
V  [jvm.dll+0x360b1f]
V  [jvm.dll+0x2dfbf8]
V  [jvm.dll+0x2ddec4]
V  [jvm.dll+0x2dd4cc]
V  [jvm.dll+0x321f3b]
V  [jvm.dll+0x848ccb]
V  [jvm.dll+0x849a04]
V  [jvm.dll+0x849f1d]
V  [jvm.dll+0x84a2f4]
V  [jvm.dll+0x84a3c0]
V  [jvm.dll+0x7f274a]
V  [jvm.dll+0x682ad5]
C  [ucrtbase.dll+0x21bb2]
C  [KERNEL32.DLL+0x17344]
C  [ntdll.dll+0x526b1]

VM_Operation (0x00000030569f3fc0): G1CollectForAllocation, mode: safepoint, requested by thread 0x00000167f2043440


---------------  P R O C E S S  ---------------

Threads class SMR info:
_java_thread_list=0x00000167f75e2300, length=128, elements={
0x00000167d5cda430, 0x00000167efb53630, 0x00000167efb540f0, 0x00000167efb3a910,
0x00000167efb3d2e0, 0x00000167efb3dba0, 0x00000167efb3e460, 0x00000167f051ced0,
0x00000167f051d7d0, 0x00000167f05220e0, 0x00000167f06a9250, 0x00000167f06a9cd0,
0x00000167f085c690, 0x00000167f1a189f0, 0x00000167f1bd67c0, 0x00000167f1c4b6d0,
0x00000167f1da1c50, 0x00000167f126d260, 0x00000167f377cbd0, 0x00000167f2043440,
0x00000167f2f6c210, 0x00000167f2ec1160, 0x00000167f2ec4650, 0x00000167f2ec24a0,
0x00000167f2ec2e40, 0x00000167f2ec3310, 0x00000167f2ec1b00, 0x00000167f2ec2970,
0x00000167f2ec1fd0, 0x00000167f2ec4b20, 0x00000167f2ec37e0, 0x00000167f2ec3cb0,
0x00000167f2e90d40, 0x00000167f2e8fa00, 0x00000167f2e94230, 0x00000167f2e95a40,
0x00000167f2e95570, 0x00000167f2e91210, 0x00000167f2e903a0, 0x00000167f2e92550,
0x00000167f2e92a20, 0x00000167f2e93890, 0x00000167f2e968b0, 0x00000167f2e950a0,
0x00000167f2e8f060, 0x00000167f9dc38b0, 0x00000167f9dbfef0, 0x00000167f9dc33e0,
0x00000167f9dc3d80, 0x00000167f9dc1230, 0x00000167f9dc2570, 0x00000167f9dc03c0,
0x00000167f9dc20a0, 0x00000167f9dc1700, 0x00000167f9dc2a40, 0x00000167f9dc0890,
0x00000167f9dc5a60, 0x00000167f9dc0d60, 0x00000167f9dc2f10, 0x00000167f9dc1bd0,
0x00000167f9dc4250, 0x00000167f9dc4720, 0x00000167f9dc4bf0, 0x00000167f9dc50c0,
0x00000167f9dc5f30, 0x00000167f9dc68d0, 0x00000167f9dc5590, 0x00000167f9dc6400,
0x00000167f9dc6da0, 0x00000167f9dc7270, 0x00000167f9dc7740, 0x00000167f0d03dc0,
0x00000167f0d04290, 0x00000167f0d01c10, 0x00000167f0d020e0, 0x00000167f0d02f50,
0x00000167f0d025b0, 0x00000167f0d02a80, 0x00000167f0d07780, 0x00000167f0d03420,
0x00000167f0d04760, 0x00000167f0d06910, 0x00000167f0d085f0, 0x00000167f0d05f70,
0x00000167f0d06440, 0x00000167f0d05100, 0x00000167f0d038f0, 0x00000167f0d01270,
0x00000167f0d04c30, 0x00000167f0d055d0, 0x00000167f0d05aa0, 0x00000167f0d01740,
0x00000167f0d06de0, 0x00000167f0d072b0, 0x00000167f0d07c50, 0x00000167f0d00da0,
0x00000167f0d08120, 0x00000167f4177b50, 0x00000167f417ab70, 0x00000167f417db90,
0x00000167f417e060, 0x00000167f4178020, 0x00000167f41784f0, 0x00000167f417a1d0,
0x00000167f417a6a0, 0x00000167f4178e90, 0x00000167f417beb0, 0x00000167f417b040,
0x00000167f4179830, 0x00000167f41789c0, 0x00000167f4179360, 0x00000167f4179d00,
0x00000167f417b510, 0x00000167f417b9e0, 0x00000167f417c380, 0x00000167f417c850,
0x00000167f417d1f0, 0x00000167f417cd20, 0x00000167f417d6c0, 0x00000167f4176810,
0x00000167f4176ce0, 0x00000167f41771b0, 0x00000167f4177680, 0x00000167f749a9c0,
0x00000167f7499b50, 0x00000167f749bd00, 0x00000167f6a93df0, 0x00000167f749c1d0
}

Java Threads: ( => current thread )
  0x00000167d5cda430 JavaThread "main" [_thread_blocked, id=3896, stack(0x0000003054a00000,0x0000003054b00000)]
  0x00000167efb53630 JavaThread "Reference Handler" daemon [_thread_blocked, id=5780, stack(0x0000003055100000,0x0000003055200000)]
  0x00000167efb540f0 JavaThread "Finalizer" daemon [_thread_blocked, id=6948, stack(0x0000003055200000,0x0000003055300000)]
  0x00000167efb3a910 JavaThread "Signal Dispatcher" daemon [_thread_blocked, id=3816, stack(0x0000003055300000,0x0000003055400000)]
  0x00000167efb3d2e0 JavaThread "Attach Listener" daemon [_thread_blocked, id=10128, stack(0x0000003055400000,0x0000003055500000)]
  0x00000167efb3dba0 JavaThread "Service Thread" daemon [_thread_blocked, id=7320, stack(0x0000003055500000,0x0000003055600000)]
  0x00000167efb3e460 JavaThread "Monitor Deflation Thread" daemon [_thread_blocked, id=9500, stack(0x0000003055600000,0x0000003055700000)]
  0x00000167f051ced0 JavaThread "C2 CompilerThread0" daemon [_thread_in_native, id=3060, stack(0x0000003055700000,0x0000003055800000)]
  0x00000167f051d7d0 JavaThread "C1 CompilerThread0" daemon [_thread_blocked, id=1788, stack(0x0000003055800000,0x0000003055900000)]
  0x00000167f05220e0 JavaThread "Sweeper thread" daemon [_thread_blocked, id=6868, stack(0x0000003055900000,0x0000003055a00000)]
  0x00000167f06a9250 JavaThread "Common-Cleaner" daemon [_thread_blocked, id=10676, stack(0x0000003055a00000,0x0000003055b00000)]
  0x00000167f06a9cd0 JavaThread "Notification Thread" daemon [_thread_blocked, id=2072, stack(0x0000003055b00000,0x0000003055c00000)]
  0x00000167f085c690 JavaThread "C2 CompilerThread1" daemon [_thread_blocked, id=11592, stack(0x0000003055d00000,0x0000003055e00000)]
  0x00000167f1a189f0 JavaThread "Daemon health stats" [_thread_blocked, id=9964, stack(0x0000003056300000,0x0000003056400000)]
  0x00000167f1bd67c0 JavaThread "Incoming local TCP Connector on port 50708" [_thread_in_native, id=6780, stack(0x0000003056400000,0x0000003056500000)]
  0x00000167f1c4b6d0 JavaThread "Daemon periodic checks" [_thread_blocked, id=9828, stack(0x0000003056500000,0x0000003056600000)]
  0x00000167f1da1c50 JavaThread "Daemon" [_thread_blocked, id=11384, stack(0x0000003056600000,0x0000003056700000)]
  0x00000167f126d260 JavaThread "Handler for socket connection from /127.0.0.1:50708 to /127.0.0.1:50709" [_thread_in_native, id=1576, stack(0x0000003056700000,0x0000003056800000)]
  0x00000167f377cbd0 JavaThread "Cancel handler" [_thread_blocked, id=3264, stack(0x0000003056800000,0x0000003056900000)]
  0x00000167f2043440 JavaThread "Daemon worker" [_thread_blocked, id=2744, stack(0x0000003056900000,0x0000003056a00000)]
  0x00000167f2f6c210 JavaThread "Asynchronous log dispatcher for DefaultDaemonConnection: socket connection from /127.0.0.1:50708 to /127.0.0.1:50709" [_thread_blocked, id=2696, stack(0x0000003056a00000,0x0000003056b00000)]
  0x00000167f2ec1160 JavaThread "Stdin handler" [_thread_blocked, id=9944, stack(0x0000003056b00000,0x0000003056c00000)]
  0x00000167f2ec4650 JavaThread "Daemon client event forwarder" [_thread_blocked, id=11144, stack(0x0000003056c00000,0x0000003056d00000)]
  0x00000167f2ec24a0 JavaThread "Cache worker for journal cache (C:\Users\samuc\.gradle\caches\journal-1)" [_thread_blocked, id=12112, stack(0x0000003057100000,0x0000003057200000)]
  0x00000167f2ec2e40 JavaThread "File lock request listener" [_thread_in_native, id=11084, stack(0x0000003057200000,0x0000003057300000)]
  0x00000167f2ec3310 JavaThread "Cache worker for file hash cache (C:\Users\samuc\.gradle\caches\8.0\fileHashes)" [_thread_blocked, id=4976, stack(0x0000003057300000,0x0000003057400000)]
  0x00000167f2ec1b00 JavaThread "File watcher server" daemon [_thread_in_native, id=6988, stack(0x0000003057400000,0x0000003057500000)]
  0x00000167f2ec2970 JavaThread "File watcher consumer" daemon [_thread_blocked, id=9212, stack(0x0000003057500000,0x0000003057600000)]
  0x00000167f2ec1fd0 JavaThread "Cache worker for checksums cache (C:\Users\samuc\Desktop\BosquePanetteriaApp\.gradle\8.0\checksums)" [_thread_blocked, id=9692, stack(0x0000003057600000,0x0000003057700000)]
  0x00000167f2ec4b20 JavaThread "Cache worker for cache directory md-rule (C:\Users\samuc\.gradle\caches\8.0\md-rule)" [_thread_blocked, id=10112, stack(0x0000003057700000,0x0000003057800000)]
  0x00000167f2ec37e0 JavaThread "Cache worker for file content cache (C:\Users\samuc\.gradle\caches\8.0\fileContent)" [_thread_blocked, id=9360, stack(0x0000003057800000,0x0000003057900000)]
  0x00000167f2ec3cb0 JavaThread "Cache worker for file hash cache (C:\Users\samuc\Desktop\BosquePanetteriaApp\.gradle\8.0\fileHashes)" [_thread_blocked, id=9208, stack(0x0000003057900000,0x0000003057a00000)]
  0x00000167f2e90d40 JavaThread "Cache worker for cache directory md-supplier (C:\Users\samuc\.gradle\caches\8.0\md-supplier)" [_thread_blocked, id=7380, stack(0x0000003057a00000,0x0000003057b00000)]
  0x00000167f2e8fa00 JavaThread "Cache worker for execution history cache (C:\Users\samuc\.gradle\caches\8.0\executionHistory)" [_thread_blocked, id=3132, stack(0x0000003057b00000,0x0000003057c00000)]
  0x00000167f2e94230 JavaThread "jar transforms" [_thread_blocked, id=9572, stack(0x0000003055e00000,0x0000003055f00000)]
  0x00000167f2e95a40 JavaThread "jar transforms Thread 2" [_thread_blocked, id=5652, stack(0x0000003057c00000,0x0000003057d00000)]
  0x00000167f2e95570 JavaThread "Cache worker for kotlin-dsl (C:\Users\samuc\.gradle\caches\8.0\kotlin-dsl)" [_thread_blocked, id=5792, stack(0x0000003057f00000,0x0000003058000000)]
  0x00000167f2e91210 JavaThread "jar transforms Thread 3" [_thread_blocked, id=8492, stack(0x0000003058000000,0x0000003058100000)]
  0x00000167f2e903a0 JavaThread "jar transforms Thread 4" [_thread_blocked, id=9388, stack(0x0000003058100000,0x0000003058200000)]
  0x00000167f2e92550 JavaThread "Cache worker for dependencies-accessors (C:\Users\samuc\Desktop\BosquePanetteriaApp\.gradle\8.0\dependencies-accessors)" [_thread_blocked, id=6664, stack(0x0000003058200000,0x0000003058300000)]
  0x00000167f2e92a20 JavaThread "Cache worker for Build Output Cleanup Cache (C:\Users\samuc\Desktop\BosquePanetteriaApp\.gradle\buildOutputCleanup)" [_thread_blocked, id=5004, stack(0x0000003057d00000,0x0000003057e00000)]
  0x00000167f2e93890 JavaThread "jar transforms Thread 5" [_thread_blocked, id=1504, stack(0x0000003058300000,0x0000003058400000)]
  0x00000167f2e968b0 JavaThread "Unconstrained build operations" [_thread_blocked, id=10828, stack(0x0000003058400000,0x0000003058500000)]
  0x00000167f2e950a0 JavaThread "Unconstrained build operations Thread 2" [_thread_blocked, id=8680, stack(0x0000003058500000,0x0000003058600000)]
  0x00000167f2e8f060 JavaThread "Unconstrained build operations Thread 3" [_thread_blocked, id=2152, stack(0x0000003058600000,0x0000003058700000)]
  0x00000167f9dc38b0 JavaThread "Unconstrained build operations Thread 4" [_thread_blocked, id=1348, stack(0x0000003058700000,0x0000003058800000)]
  0x00000167f9dbfef0 JavaThread "Unconstrained build operations Thread 5" [_thread_blocked, id=6328, stack(0x0000003058800000,0x0000003058900000)]
  0x00000167f9dc33e0 JavaThread "Unconstrained build operations Thread 6" [_thread_blocked, id=11824, stack(0x0000003058900000,0x0000003058a00000)]
  0x00000167f9dc3d80 JavaThread "Unconstrained build operations Thread 7" [_thread_blocked, id=6932, stack(0x0000003058a00000,0x0000003058b00000)]
  0x00000167f9dc1230 JavaThread "Unconstrained build operations Thread 8" [_thread_blocked, id=3400, stack(0x0000003058b00000,0x0000003058c00000)]
  0x00000167f9dc2570 JavaThread "Unconstrained build operations Thread 9" [_thread_blocked, id=2348, stack(0x0000003058c00000,0x0000003058d00000)]
  0x00000167f9dc03c0 JavaThread "Unconstrained build operations Thread 10" [_thread_blocked, id=1448, stack(0x0000003058d00000,0x0000003058e00000)]
  0x00000167f9dc20a0 JavaThread "Unconstrained build operations Thread 11" [_thread_blocked, id=1128, stack(0x0000003058e00000,0x0000003058f00000)]
  0x00000167f9dc1700 JavaThread "Unconstrained build operations Thread 12" [_thread_blocked, id=520, stack(0x0000003058f00000,0x0000003059000000)]
  0x00000167f9dc2a40 JavaThread "Unconstrained build operations Thread 13" [_thread_blocked, id=864, stack(0x0000003059000000,0x0000003059100000)]
  0x00000167f9dc0890 JavaThread "Unconstrained build operations Thread 14" [_thread_blocked, id=4680, stack(0x0000003059100000,0x0000003059200000)]
  0x00000167f9dc5a60 JavaThread "Unconstrained build operations Thread 15" [_thread_blocked, id=2456, stack(0x0000003059200000,0x0000003059300000)]
  0x00000167f9dc0d60 JavaThread "Unconstrained build operations Thread 16" [_thread_blocked, id=8596, stack(0x0000003059300000,0x0000003059400000)]
  0x00000167f9dc2f10 JavaThread "Unconstrained build operations Thread 17" [_thread_blocked, id=8620, stack(0x0000003059400000,0x0000003059500000)]
  0x00000167f9dc1bd0 JavaThread "Unconstrained build operations Thread 18" [_thread_blocked, id=4624, stack(0x0000003059500000,0x0000003059600000)]
  0x00000167f9dc4250 JavaThread "Unconstrained build operations Thread 19" [_thread_blocked, id=6088, stack(0x0000003059600000,0x0000003059700000)]
  0x00000167f9dc4720 JavaThread "Unconstrained build operations Thread 20" [_thread_blocked, id=1052, stack(0x0000003059700000,0x0000003059800000)]
  0x00000167f9dc4bf0 JavaThread "Unconstrained build operations Thread 21" [_thread_blocked, id=2112, stack(0x0000003059800000,0x0000003059900000)]
  0x00000167f9dc50c0 JavaThread "Unconstrained build operations Thread 22" [_thread_blocked, id=3740, stack(0x0000003059900000,0x0000003059a00000)]
  0x00000167f9dc5f30 JavaThread "Unconstrained build operations Thread 23" [_thread_blocked, id=11752, stack(0x0000003059a00000,0x0000003059b00000)]
  0x00000167f9dc68d0 JavaThread "Unconstrained build operations Thread 24" [_thread_blocked, id=2332, stack(0x0000003059b00000,0x0000003059c00000)]
  0x00000167f9dc5590 JavaThread "Unconstrained build operations Thread 25" [_thread_blocked, id=1816, stack(0x0000003059c00000,0x0000003059d00000)]
  0x00000167f9dc6400 JavaThread "Unconstrained build operations Thread 26" [_thread_blocked, id=4180, stack(0x0000003059d00000,0x0000003059e00000)]
  0x00000167f9dc6da0 JavaThread "Unconstrained build operations Thread 27" [_thread_blocked, id=12176, stack(0x0000003059e00000,0x0000003059f00000)]
  0x00000167f9dc7270 JavaThread "Unconstrained build operations Thread 28" [_thread_blocked, id=3804, stack(0x0000003059f00000,0x000000305a000000)]
  0x00000167f9dc7740 JavaThread "Unconstrained build operations Thread 29" [_thread_blocked, id=7076, stack(0x000000305a000000,0x000000305a100000)]
  0x00000167f0d03dc0 JavaThread "Unconstrained build operations Thread 30" [_thread_blocked, id=3988, stack(0x000000305a100000,0x000000305a200000)]
  0x00000167f0d04290 JavaThread "Unconstrained build operations Thread 31" [_thread_blocked, id=8420, stack(0x000000305a200000,0x000000305a300000)]
  0x00000167f0d01c10 JavaThread "Unconstrained build operations Thread 32" [_thread_blocked, id=3384, stack(0x000000305a300000,0x000000305a400000)]
  0x00000167f0d020e0 JavaThread "Unconstrained build operations Thread 33" [_thread_blocked, id=3088, stack(0x000000305a400000,0x000000305a500000)]
  0x00000167f0d02f50 JavaThread "Unconstrained build operations Thread 34" [_thread_blocked, id=7952, stack(0x000000305a500000,0x000000305a600000)]
  0x00000167f0d025b0 JavaThread "Unconstrained build operations Thread 35" [_thread_blocked, id=11056, stack(0x000000305a600000,0x000000305a700000)]
  0x00000167f0d02a80 JavaThread "Unconstrained build operations Thread 36" [_thread_blocked, id=9060, stack(0x000000305a700000,0x000000305a800000)]
  0x00000167f0d07780 JavaThread "Unconstrained build operations Thread 37" [_thread_blocked, id=4856, stack(0x000000305a800000,0x000000305a900000)]
  0x00000167f0d03420 JavaThread "Unconstrained build operations Thread 38" [_thread_blocked, id=5040, stack(0x000000305a900000,0x000000305aa00000)]
  0x00000167f0d04760 JavaThread "Unconstrained build operations Thread 39" [_thread_blocked, id=4488, stack(0x000000305aa00000,0x000000305ab00000)]
  0x00000167f0d06910 JavaThread "Unconstrained build operations Thread 40" [_thread_blocked, id=6032, stack(0x000000305ab00000,0x000000305ac00000)]
  0x00000167f0d085f0 JavaThread "Unconstrained build operations Thread 41" [_thread_blocked, id=11032, stack(0x000000305ac00000,0x000000305ad00000)]
  0x00000167f0d05f70 JavaThread "Unconstrained build operations Thread 42" [_thread_blocked, id=5312, stack(0x000000305ad00000,0x000000305ae00000)]
  0x00000167f0d06440 JavaThread "Unconstrained build operations Thread 43" [_thread_blocked, id=8612, stack(0x000000305ae00000,0x000000305af00000)]
  0x00000167f0d05100 JavaThread "Unconstrained build operations Thread 44" [_thread_blocked, id=3608, stack(0x000000305af00000,0x000000305b000000)]
  0x00000167f0d038f0 JavaThread "Unconstrained build operations Thread 45" [_thread_blocked, id=2580, stack(0x000000305b000000,0x000000305b100000)]
  0x00000167f0d01270 JavaThread "Unconstrained build operations Thread 46" [_thread_blocked, id=8744, stack(0x000000305b100000,0x000000305b200000)]
  0x00000167f0d04c30 JavaThread "Unconstrained build operations Thread 47" [_thread_blocked, id=2088, stack(0x000000305b200000,0x000000305b300000)]
  0x00000167f0d055d0 JavaThread "Unconstrained build operations Thread 48" [_thread_blocked, id=8512, stack(0x000000305b300000,0x000000305b400000)]
  0x00000167f0d05aa0 JavaThread "Unconstrained build operations Thread 49" [_thread_blocked, id=11504, stack(0x000000305b400000,0x000000305b500000)]
  0x00000167f0d01740 JavaThread "Unconstrained build operations Thread 50" [_thread_blocked, id=3852, stack(0x000000305b500000,0x000000305b600000)]
  0x00000167f0d06de0 JavaThread "Unconstrained build operations Thread 51" [_thread_blocked, id=4124, stack(0x000000305b600000,0x000000305b700000)]
  0x00000167f0d072b0 JavaThread "Unconstrained build operations Thread 52" [_thread_blocked, id=6440, stack(0x000000305b700000,0x000000305b800000)]
  0x00000167f0d07c50 JavaThread "Unconstrained build operations Thread 53" [_thread_blocked, id=2464, stack(0x000000305b800000,0x000000305b900000)]
  0x00000167f0d00da0 JavaThread "Unconstrained build operations Thread 54" [_thread_blocked, id=32, stack(0x000000305b900000,0x000000305ba00000)]
  0x00000167f0d08120 JavaThread "Unconstrained build operations Thread 55" [_thread_blocked, id=2764, stack(0x000000305ba00000,0x000000305bb00000)]
  0x00000167f4177b50 JavaThread "Unconstrained build operations Thread 56" [_thread_blocked, id=4768, stack(0x000000305bb00000,0x000000305bc00000)]
  0x00000167f417ab70 JavaThread "Unconstrained build operations Thread 57" [_thread_blocked, id=11088, stack(0x000000305bc00000,0x000000305bd00000)]
  0x00000167f417db90 JavaThread "Unconstrained build operations Thread 58" [_thread_blocked, id=4376, stack(0x000000305bd00000,0x000000305be00000)]
  0x00000167f417e060 JavaThread "Unconstrained build operations Thread 59" [_thread_blocked, id=3268, stack(0x000000305be00000,0x000000305bf00000)]
  0x00000167f4178020 JavaThread "Unconstrained build operations Thread 60" [_thread_blocked, id=9132, stack(0x000000305bf00000,0x000000305c000000)]
  0x00000167f41784f0 JavaThread "Unconstrained build operations Thread 61" [_thread_blocked, id=10688, stack(0x000000305c000000,0x000000305c100000)]
  0x00000167f417a1d0 JavaThread "Unconstrained build operations Thread 62" [_thread_blocked, id=11876, stack(0x000000305c100000,0x000000305c200000)]
  0x00000167f417a6a0 JavaThread "Unconstrained build operations Thread 63" [_thread_blocked, id=3004, stack(0x000000305c200000,0x000000305c300000)]
  0x00000167f4178e90 JavaThread "Unconstrained build operations Thread 64" [_thread_blocked, id=5432, stack(0x000000305c300000,0x000000305c400000)]
  0x00000167f417beb0 JavaThread "Unconstrained build operations Thread 65" [_thread_blocked, id=1316, stack(0x000000305c400000,0x000000305c500000)]
  0x00000167f417b040 JavaThread "Unconstrained build operations Thread 66" [_thread_blocked, id=3184, stack(0x000000305c500000,0x000000305c600000)]
  0x00000167f4179830 JavaThread "Unconstrained build operations Thread 67" [_thread_blocked, id=3404, stack(0x000000305c600000,0x000000305c700000)]
  0x00000167f41789c0 JavaThread "Unconstrained build operations Thread 68" [_thread_blocked, id=6272, stack(0x000000305c700000,0x000000305c800000)]
  0x00000167f4179360 JavaThread "Unconstrained build operations Thread 69" [_thread_blocked, id=8556, stack(0x000000305c800000,0x000000305c900000)]
  0x00000167f4179d00 JavaThread "Unconstrained build operations Thread 70" [_thread_blocked, id=9832, stack(0x000000305c900000,0x000000305ca00000)]
  0x00000167f417b510 JavaThread "Unconstrained build operations Thread 71" [_thread_blocked, id=10616, stack(0x000000305ca00000,0x000000305cb00000)]
  0x00000167f417b9e0 JavaThread "Unconstrained build operations Thread 72" [_thread_blocked, id=7412, stack(0x000000305cb00000,0x000000305cc00000)]
  0x00000167f417c380 JavaThread "Unconstrained build operations Thread 73" [_thread_blocked, id=2740, stack(0x000000305cc00000,0x000000305cd00000)]
  0x00000167f417c850 JavaThread "Unconstrained build operations Thread 74" [_thread_blocked, id=7896, stack(0x000000305cd00000,0x000000305ce00000)]
  0x00000167f417d1f0 JavaThread "Unconstrained build operations Thread 75" [_thread_blocked, id=608, stack(0x000000305ce00000,0x000000305cf00000)]
  0x00000167f417cd20 JavaThread "Unconstrained build operations Thread 76" [_thread_blocked, id=4256, stack(0x000000305cf00000,0x000000305d000000)]
  0x00000167f417d6c0 JavaThread "Unconstrained build operations Thread 77" [_thread_blocked, id=11040, stack(0x000000305d000000,0x000000305d100000)]
  0x00000167f4176810 JavaThread "Unconstrained build operations Thread 78" [_thread_blocked, id=8568, stack(0x000000305d100000,0x000000305d200000)]
  0x00000167f4176ce0 JavaThread "Unconstrained build operations Thread 79" [_thread_blocked, id=7200, stack(0x000000305d200000,0x000000305d300000)]
  0x00000167f41771b0 JavaThread "Unconstrained build operations Thread 80" [_thread_blocked, id=10564, stack(0x000000305d300000,0x000000305d400000)]
  0x00000167f4177680 JavaThread "jar transforms Thread 6" [_thread_blocked, id=720, stack(0x000000305d400000,0x000000305d500000)]
  0x00000167f749a9c0 JavaThread "jar transforms Thread 7" [_thread_blocked, id=6928, stack(0x000000305d500000,0x000000305d600000)]
  0x00000167f7499b50 JavaThread "jar transforms Thread 8" [_thread_blocked, id=636, stack(0x000000305d600000,0x000000305d700000)]
  0x00000167f749bd00 JavaThread "build event listener" [_thread_blocked, id=7096, stack(0x000000305d700000,0x000000305d800000)]
  0x00000167f6a93df0 JavaThread "C2 CompilerThread2" daemon [_thread_blocked, id=12212, stack(0x000000305d800000,0x000000305d900000)]
  0x00000167f749c1d0 JavaThread "Memory manager" [_thread_blocked, id=8124, stack(0x000000305d900000,0x000000305da00000)]

Other Threads:
=>0x00000167efad1020 VMThread "VM Thread" [stack: 0x0000003055000000,0x0000003055100000] [id=2668]
  0x00000167f06aa1a0 WatcherThread [stack: 0x0000003055c00000,0x0000003055d00000] [id=10680]
  0x00000167d5d37710 GCTaskThread "GC Thread#0" [stack: 0x0000003054b00000,0x0000003054c00000] [id=11848]
  0x00000167f14b7d10 GCTaskThread "GC Thread#1" [stack: 0x0000003055f00000,0x0000003056000000] [id=6244]
  0x00000167f14b7fc0 GCTaskThread "GC Thread#2" [stack: 0x0000003056000000,0x0000003056100000] [id=6252]
  0x00000167f1203040 GCTaskThread "GC Thread#3" [stack: 0x0000003056100000,0x0000003056200000] [id=6240]
  0x00000167f152c940 GCTaskThread "GC Thread#4" [stack: 0x0000003056200000,0x0000003056300000] [id=9884]
  0x00000167f11bec90 GCTaskThread "GC Thread#5" [stack: 0x0000003056d00000,0x0000003056e00000] [id=9492]
  0x00000167f2e62eb0 GCTaskThread "GC Thread#6" [stack: 0x0000003056e00000,0x0000003056f00000] [id=3244]
  0x00000167f1d5e4c0 GCTaskThread "GC Thread#7" [stack: 0x0000003056f00000,0x0000003057000000] [id=768]
  0x00000167d5d48560 ConcurrentGCThread "G1 Main Marker" [stack: 0x0000003054c00000,0x0000003054d00000] [id=7816]
  0x00000167d5d48e80 ConcurrentGCThread "G1 Conc#0" [stack: 0x0000003054d00000,0x0000003054e00000] [id=7216]
  0x00000167f20a0060 ConcurrentGCThread "G1 Conc#1" [stack: 0x0000003057000000,0x0000003057100000] [id=9916]
  0x00000167d5dae100 ConcurrentGCThread "G1 Refine#0" [stack: 0x0000003054e00000,0x0000003054f00000] [id=8488]
  0x00000167f2d6eec0 ConcurrentGCThread "G1 Refine#1" [stack: 0x0000003057e00000,0x0000003057f00000] [id=8184]
  0x00000167d5daea30 ConcurrentGCThread "G1 Service" [stack: 0x0000003054f00000,0x0000003055000000] [id=4824]

Threads with active compile tasks:
C2 CompilerThread0     9224 6657   !   4       jdk.internal.loader.Resource::getBytes (244 bytes)
C1 CompilerThread0     9224 6729       3       org.objectweb.asm.Type::getArgumentTypes (154 bytes)
C2 CompilerThread1     9224 6727 %     4       jdk.internal.org.objectweb.asm.ClassReader::<init> @ 110 (371 bytes)
C2 CompilerThread2     9224 6695       4       org.objectweb.asm.MethodWriter::computeAllFrames (510 bytes)

VM state: at safepoint (normal execution)

VM Mutex/Monitor currently owned by a thread:  ([mutex/lock_event])
[0x00000167d5cd6620] Threads_lock - owner thread: 0x00000167efad1020
[0x00000167d5cd5ae0] Heap_lock - owner thread: 0x00000167f2043440

Heap address: 0x0000000080000000, size: 2048 MB, Compressed Oops mode: 32-bit

CDS archive(s) not mapped
Compressed class space mapped at: 0x0000000100000000-0x0000000140000000, reserved size: 1073741824
Narrow klass base: 0x0000000000000000, Narrow klass shift: 3, Narrow klass range: 0x140000000

GC Precious Log:
 CPUs: 8 total, 8 available
 Memory: 7971M
 Large Page Support: Disabled
 NUMA Support: Disabled
 Compressed Oops: Enabled (32-bit)
 Heap Region Size: 1M
 Heap Min Capacity: 8M
 Heap Initial Capacity: 126M
 Heap Max Capacity: 2G
 Pre-touch: Disabled
 Parallel Workers: 8
 Concurrent Workers: 2
 Concurrent Refinement Workers: 8
 Periodic GC: Disabled

Heap:
 garbage-first heap   total 129024K, used 60626K [0x0000000080000000, 0x0000000100000000)
  region size 1024K, 1 young (1024K), 1 survivors (1024K)
 Metaspace       used 66582K, committed 67136K, reserved 1114112K
  class space    used 8799K, committed 9024K, reserved 1048576K

Heap Regions: E=young(eden), S=young(survivor), O=old, HS=humongous(starts), HC=humongous(continues), CS=collection set, F=free, OA=open archive, CA=closed archive, TAMS=top-at-mark-start (previous, next)
|   0|0x0000000080000000, 0x0000000080100000, 0x0000000080100000|100%|HS|  |TAMS 0x0000000080100000, 0x0000000080000000| Complete 
|   1|0x0000000080100000, 0x0000000080200000, 0x0000000080200000|100%|HC|  |TAMS 0x0000000080200000, 0x0000000080100000| Complete 
|   2|0x0000000080200000, 0x0000000080300000, 0x0000000080300000|100%|HC|  |TAMS 0x0000000080300000, 0x0000000080200000| Complete 
|   3|0x0000000080300000, 0x0000000080400000, 0x0000000080400000|100%|HC|  |TAMS 0x0000000080400000, 0x0000000080300000| Complete 
|   4|0x0000000080400000, 0x0000000080500000, 0x0000000080500000|100%| O|  |TAMS 0x0000000080500000, 0x0000000080400000| Untracked 
|   5|0x0000000080500000, 0x0000000080600000, 0x0000000080600000|100%| O|  |TAMS 0x0000000080600000, 0x0000000080500000| Untracked 
|   6|0x0000000080600000, 0x0000000080700000, 0x0000000080700000|100%| O|  |TAMS 0x0000000080700000, 0x0000000080600000| Untracked 
|   7|0x0000000080700000, 0x0000000080800000, 0x0000000080800000|100%| O|  |TAMS 0x0000000080800000, 0x0000000080700000| Untracked 
|   8|0x0000000080800000, 0x0000000080900000, 0x0000000080900000|100%| O|  |TAMS 0x0000000080900000, 0x0000000080800000| Untracked 
|   9|0x0000000080900000, 0x0000000080a00000, 0x0000000080a00000|100%| O|  |TAMS 0x0000000080a00000, 0x0000000080900000| Untracked 
|  10|0x0000000080a00000, 0x0000000080b00000, 0x0000000080b00000|100%| O|  |TAMS 0x0000000080b00000, 0x0000000080a00000| Untracked 
|  11|0x0000000080b00000, 0x0000000080b00000, 0x0000000080c00000|  0%| F|  |TAMS 0x0000000080b00000, 0x0000000080b00000| Untracked 
|  12|0x0000000080c00000, 0x0000000080d00000, 0x0000000080d00000|100%| O|  |TAMS 0x0000000080d00000, 0x0000000080c00000| Untracked 
|  13|0x0000000080d00000, 0x0000000080e00000, 0x0000000080e00000|100%| O|  |TAMS 0x0000000080e00000, 0x0000000080d00000| Untracked 
|  14|0x0000000080e00000, 0x0000000080f00000, 0x0000000080f00000|100%| O|  |TAMS 0x0000000080f00000, 0x0000000080e00000| Untracked 
|  15|0x0000000080f00000, 0x0000000081000000, 0x0000000081000000|100%| O|  |TAMS 0x0000000081000000, 0x0000000080f00000| Untracked 
|  16|0x0000000081000000, 0x0000000081100000, 0x0000000081100000|100%| O|  |TAMS 0x0000000081100000, 0x0000000081000000| Untracked 
|  17|0x0000000081100000, 0x0000000081200000, 0x0000000081200000|100%| O|  |TAMS 0x0000000081200000, 0x0000000081100000| Untracked 
|  18|0x0000000081200000, 0x0000000081300000, 0x0000000081300000|100%| O|  |TAMS 0x0000000081300000, 0x0000000081200000| Untracked 
|  19|0x0000000081300000, 0x0000000081400000, 0x0000000081400000|100%| O|  |TAMS 0x0000000081400000, 0x0000000081300000| Untracked 
|  20|0x0000000081400000, 0x0000000081500000, 0x0000000081500000|100%| O|  |TAMS 0x0000000081500000, 0x0000000081400000| Untracked 
|  21|0x0000000081500000, 0x0000000081600000, 0x0000000081600000|100%| O|  |TAMS 0x0000000081600000, 0x0000000081500000| Untracked 
|  22|0x0000000081600000, 0x0000000081700000, 0x0000000081700000|100%| O|  |TAMS 0x0000000081700000, 0x0000000081600000| Untracked 
|  23|0x0000000081700000, 0x0000000081800000, 0x0000000081800000|100%| O|  |TAMS 0x0000000081700000, 0x0000000081700000| Untracked 
|  24|0x0000000081800000, 0x0000000081900000, 0x0000000081900000|100%| O|  |TAMS 0x0000000081900000, 0x0000000081800000| Untracked 
|  25|0x0000000081900000, 0x0000000081a00000, 0x0000000081a00000|100%| O|  |TAMS 0x0000000081a00000, 0x0000000081900000| Untracked 
|  26|0x0000000081a00000, 0x0000000081b00000, 0x0000000081b00000|100%| O|  |TAMS 0x0000000081b00000, 0x0000000081a00000| Untracked 
|  27|0x0000000081b00000, 0x0000000081c00000, 0x0000000081c00000|100%| O|  |TAMS 0x0000000081c00000, 0x0000000081b00000| Untracked 
|  28|0x0000000081c00000, 0x0000000081d00000, 0x0000000081d00000|100%| O|  |TAMS 0x0000000081d00000, 0x0000000081c00000| Untracked 
|  29|0x0000000081d00000, 0x0000000081e00000, 0x0000000081e00000|100%| O|  |TAMS 0x0000000081e00000, 0x0000000081d00000| Untracked 
|  30|0x0000000081e00000, 0x0000000081f00000, 0x0000000081f00000|100%| O|  |TAMS 0x0000000081f00000, 0x0000000081e00000| Untracked 
|  31|0x0000000081f00000, 0x0000000082000000, 0x0000000082000000|100%| O|  |TAMS 0x0000000082000000, 0x0000000081f00000| Untracked 
|  32|0x0000000082000000, 0x0000000082100000, 0x0000000082100000|100%| O|  |TAMS 0x0000000082100000, 0x0000000082000000| Untracked 
|  33|0x0000000082100000, 0x0000000082200000, 0x0000000082200000|100%|HS|  |TAMS 0x0000000082200000, 0x0000000082100000| Complete 
|  34|0x0000000082200000, 0x0000000082300000, 0x0000000082300000|100%|HS|  |TAMS 0x0000000082300000, 0x0000000082200000| Complete 
|  35|0x0000000082300000, 0x0000000082400000, 0x0000000082400000|100%|HS|  |TAMS 0x0000000082400000, 0x0000000082300000| Complete 
|  36|0x0000000082400000, 0x0000000082500000, 0x0000000082500000|100%|HS|  |TAMS 0x0000000082500000, 0x0000000082400000| Complete 
|  37|0x0000000082500000, 0x0000000082600000, 0x0000000082600000|100%|HC|  |TAMS 0x0000000082600000, 0x0000000082500000| Complete 
|  38|0x0000000082600000, 0x0000000082700000, 0x0000000082700000|100%| O|  |TAMS 0x0000000082700000, 0x0000000082600000| Untracked 
|  39|0x0000000082700000, 0x0000000082800000, 0x0000000082800000|100%| O|  |TAMS 0x0000000082800000, 0x0000000082700000| Untracked 
|  40|0x0000000082800000, 0x0000000082900000, 0x0000000082900000|100%| O|  |TAMS 0x0000000082900000, 0x0000000082800000| Untracked 
|  41|0x0000000082900000, 0x0000000082a00000, 0x0000000082a00000|100%| O|  |TAMS 0x0000000082a00000, 0x0000000082900000| Untracked 
|  42|0x0000000082a00000, 0x0000000082b00000, 0x0000000082b00000|100%|HS|  |TAMS 0x0000000082b00000, 0x0000000082a00000| Complete 
|  43|0x0000000082b00000, 0x0000000082c00000, 0x0000000082c00000|100%|HC|  |TAMS 0x0000000082c00000, 0x0000000082b00000| Complete 
|  44|0x0000000082c00000, 0x0000000082d00000, 0x0000000082d00000|100%|HC|  |TAMS 0x0000000082d00000, 0x0000000082c00000| Complete 
|  45|0x0000000082d00000, 0x0000000082e00000, 0x0000000082e00000|100%|HC|  |TAMS 0x0000000082e00000, 0x0000000082d00000| Complete 
|  46|0x0000000082e00000, 0x0000000082f00000, 0x0000000082f00000|100%| O|  |TAMS 0x0000000082f00000, 0x0000000082e00000| Untracked 
|  47|0x0000000082f00000, 0x0000000083000000, 0x0000000083000000|100%| O|  |TAMS 0x0000000083000000, 0x0000000082f00000| Untracked 
|  48|0x0000000083000000, 0x0000000083100000, 0x0000000083100000|100%| O|  |TAMS 0x0000000083100000, 0x0000000083000000| Untracked 
|  49|0x0000000083100000, 0x0000000083200000, 0x0000000083200000|100%| O|  |TAMS 0x0000000083200000, 0x0000000083100000| Untracked 
|  50|0x0000000083200000, 0x0000000083300000, 0x0000000083300000|100%| O|  |TAMS 0x0000000083300000, 0x0000000083200000| Untracked 
|  51|0x0000000083300000, 0x0000000083400000, 0x0000000083400000|100%| O|  |TAMS 0x0000000083400000, 0x0000000083300000| Untracked 
|  52|0x0000000083400000, 0x0000000083500000, 0x0000000083500000|100%| O|  |TAMS 0x0000000083500000, 0x0000000083400000| Untracked 
|  53|0x0000000083500000, 0x0000000083600000, 0x0000000083600000|100%| O|  |TAMS 0x0000000083600000, 0x0000000083500000| Untracked 
|  54|0x0000000083600000, 0x0000000083700000, 0x0000000083700000|100%| O|  |TAMS 0x0000000083700000, 0x0000000083600000| Untracked 
|  55|0x0000000083700000, 0x0000000083800000, 0x0000000083800000|100%| O|  |TAMS 0x0000000083800000, 0x0000000083700000| Untracked 
|  56|0x0000000083800000, 0x0000000083900000, 0x0000000083900000|100%| O|  |TAMS 0x000000008384a800, 0x0000000083800000| Untracked 
|  57|0x0000000083900000, 0x0000000083a00000, 0x0000000083a00000|100%| O|  |TAMS 0x0000000083900000, 0x0000000083900000| Untracked 
|  58|0x0000000083a00000, 0x0000000083add200, 0x0000000083b00000| 86%| O|  |TAMS 0x0000000083a00000, 0x0000000083a00000| Untracked 
|  59|0x0000000083b00000, 0x0000000083b00000, 0x0000000083c00000|  0%| F|  |TAMS 0x0000000083b00000, 0x0000000083b00000| Untracked 
|  60|0x0000000083c00000, 0x0000000083c00000, 0x0000000083d00000|  0%| F|  |TAMS 0x0000000083c00000, 0x0000000083c00000| Untracked 
|  61|0x0000000083d00000, 0x0000000083d00000, 0x0000000083e00000|  0%| F|  |TAMS 0x0000000083d00000, 0x0000000083d00000| Untracked 
|  62|0x0000000083e00000, 0x0000000083f00000, 0x0000000083f00000|100%| O|  |TAMS 0x0000000083e00000, 0x0000000083e00000| Untracked 
|  63|0x0000000083f00000, 0x0000000083f00000, 0x0000000084000000|  0%| F|  |TAMS 0x0000000083f00000, 0x0000000083f00000| Untracked 
|  64|0x0000000084000000, 0x0000000084000000, 0x0000000084100000|  0%| F|  |TAMS 0x0000000084000000, 0x0000000084000000| Untracked 
|  65|0x0000000084100000, 0x0000000084100000, 0x0000000084200000|  0%| F|  |TAMS 0x0000000084100000, 0x0000000084100000| Untracked 
|  66|0x0000000084200000, 0x0000000084200000, 0x0000000084300000|  0%| F|  |TAMS 0x0000000084200000, 0x0000000084200000| Untracked 
|  67|0x0000000084300000, 0x0000000084300000, 0x0000000084400000|  0%| F|  |TAMS 0x0000000084300000, 0x0000000084300000| Untracked 
|  68|0x0000000084400000, 0x0000000084400000, 0x0000000084500000|  0%| F|  |TAMS 0x0000000084400000, 0x0000000084400000| Untracked 
|  69|0x0000000084500000, 0x0000000084500000, 0x0000000084600000|  0%| F|  |TAMS 0x0000000084500000, 0x0000000084500000| Untracked 
|  70|0x0000000084600000, 0x0000000084600000, 0x0000000084700000|  0%| F|  |TAMS 0x0000000084600000, 0x0000000084600000| Untracked 
|  71|0x0000000084700000, 0x0000000084700000, 0x0000000084800000|  0%| F|  |TAMS 0x0000000084700000, 0x0000000084700000| Untracked 
|  72|0x0000000084800000, 0x0000000084800000, 0x0000000084900000|  0%| F|  |TAMS 0x0000000084800000, 0x0000000084800000| Untracked 
|  73|0x0000000084900000, 0x0000000084900000, 0x0000000084a00000|  0%| F|  |TAMS 0x0000000084900000, 0x0000000084900000| Untracked 
|  74|0x0000000084a00000, 0x0000000084a00000, 0x0000000084b00000|  0%| F|  |TAMS 0x0000000084a00000, 0x0000000084a00000| Untracked 
|  75|0x0000000084b00000, 0x0000000084b00000, 0x0000000084c00000|  0%| F|  |TAMS 0x0000000084b00000, 0x0000000084b00000| Untracked 
|  76|0x0000000084c00000, 0x0000000084c00000, 0x0000000084d00000|  0%| F|  |TAMS 0x0000000084c00000, 0x0000000084c00000| Untracked 
|  77|0x0000000084d00000, 0x0000000084d00000, 0x0000000084e00000|  0%| F|  |TAMS 0x0000000084d00000, 0x0000000084d00000| Untracked 
|  78|0x0000000084e00000, 0x0000000084e00000, 0x0000000084f00000|  0%| F|  |TAMS 0x0000000084e00000, 0x0000000084e00000| Untracked 
|  79|0x0000000084f00000, 0x0000000084f00000, 0x0000000085000000|  0%| F|  |TAMS 0x0000000084f00000, 0x0000000084f00000| Untracked 
|  80|0x0000000085000000, 0x0000000085000000, 0x0000000085100000|  0%| F|  |TAMS 0x0000000085000000, 0x0000000085000000| Untracked 
|  81|0x0000000085100000, 0x0000000085100000, 0x0000000085200000|  0%| F|  |TAMS 0x0000000085100000, 0x0000000085100000| Untracked 
|  82|0x0000000085200000, 0x0000000085200000, 0x0000000085300000|  0%| F|  |TAMS 0x0000000085200000, 0x0000000085200000| Untracked 
|  83|0x0000000085300000, 0x0000000085300000, 0x0000000085400000|  0%| F|  |TAMS 0x0000000085300000, 0x0000000085300000| Untracked 
|  84|0x0000000085400000, 0x0000000085400000, 0x0000000085500000|  0%| F|  |TAMS 0x0000000085400000, 0x0000000085400000| Untracked 
|  85|0x0000000085500000, 0x0000000085500000, 0x0000000085600000|  0%| F|  |TAMS 0x0000000085500000, 0x0000000085500000| Untracked 
|  86|0x0000000085600000, 0x0000000085600000, 0x0000000085700000|  0%| F|  |TAMS 0x0000000085600000, 0x0000000085600000| Untracked 
|  87|0x0000000085700000, 0x0000000085700000, 0x0000000085800000|  0%| F|  |TAMS 0x0000000085700000, 0x0000000085700000| Untracked 
|  88|0x0000000085800000, 0x0000000085800000, 0x0000000085900000|  0%| F|  |TAMS 0x0000000085800000, 0x0000000085800000| Untracked 
|  89|0x0000000085900000, 0x0000000085900000, 0x0000000085a00000|  0%| F|  |TAMS 0x0000000085900000, 0x0000000085900000| Untracked 
|  90|0x0000000085a00000, 0x0000000085a00000, 0x0000000085b00000|  0%| F|  |TAMS 0x0000000085a00000, 0x0000000085a00000| Untracked 
|  91|0x0000000085b00000, 0x0000000085b00000, 0x0000000085c00000|  0%| F|  |TAMS 0x0000000085b00000, 0x0000000085b00000| Untracked 
|  92|0x0000000085c00000, 0x0000000085c00000, 0x0000000085d00000|  0%| F|  |TAMS 0x0000000085c00000, 0x0000000085c00000| Untracked 
|  93|0x0000000085d00000, 0x0000000085d00000, 0x0000000085e00000|  0%| F|  |TAMS 0x0000000085d00000, 0x0000000085d00000| Untracked 
|  94|0x0000000085e00000, 0x0000000085e00000, 0x0000000085f00000|  0%| F|  |TAMS 0x0000000085e00000, 0x0000000085e00000| Untracked 
|  95|0x0000000085f00000, 0x0000000085f00000, 0x0000000086000000|  0%| F|  |TAMS 0x0000000085f00000, 0x0000000085f00000| Untracked 
|  96|0x0000000086000000, 0x0000000086000000, 0x0000000086100000|  0%| F|  |TAMS 0x0000000086000000, 0x0000000086000000| Untracked 
|  97|0x0000000086100000, 0x0000000086100000, 0x0000000086200000|  0%| F|  |TAMS 0x0000000086100000, 0x0000000086100000| Untracked 
|  98|0x0000000086200000, 0x0000000086200000, 0x0000000086300000|  0%| F|  |TAMS 0x0000000086200000, 0x0000000086200000| Untracked 
|  99|0x0000000086300000, 0x0000000086300000, 0x0000000086400000|  0%| F|  |TAMS 0x0000000086300000, 0x0000000086300000| Untracked 
| 100|0x0000000086400000, 0x0000000086400000, 0x0000000086500000|  0%| F|  |TAMS 0x0000000086400000, 0x0000000086400000| Untracked 
| 101|0x0000000086500000, 0x0000000086500000, 0x0000000086600000|  0%| F|  |TAMS 0x0000000086500000, 0x0000000086500000| Untracked 
| 102|0x0000000086600000, 0x0000000086600000, 0x0000000086700000|  0%| F|  |TAMS 0x0000000086600000, 0x0000000086600000| Untracked 
| 103|0x0000000086700000, 0x0000000086700000, 0x0000000086800000|  0%| F|  |TAMS 0x0000000086700000, 0x0000000086700000| Untracked 
| 104|0x0000000086800000, 0x0000000086800000, 0x0000000086900000|  0%| F|  |TAMS 0x0000000086800000, 0x0000000086800000| Untracked 
| 105|0x0000000086900000, 0x0000000086900000, 0x0000000086a00000|  0%| F|  |TAMS 0x0000000086900000, 0x0000000086900000| Untracked 
| 106|0x0000000086a00000, 0x0000000086a00000, 0x0000000086b00000|  0%| F|  |TAMS 0x0000000086a00000, 0x0000000086a00000| Untracked 
| 107|0x0000000086b00000, 0x0000000086b00000, 0x0000000086c00000|  0%| F|  |TAMS 0x0000000086b00000, 0x0000000086b00000| Untracked 
| 108|0x0000000086c00000, 0x0000000086c00000, 0x0000000086d00000|  0%| F|  |TAMS 0x0000000086c00000, 0x0000000086c00000| Untracked 
| 109|0x0000000086d00000, 0x0000000086d00000, 0x0000000086e00000|  0%| F|  |TAMS 0x0000000086d00000, 0x0000000086d00000| Untracked 
| 110|0x0000000086e00000, 0x0000000086e00000, 0x0000000086f00000|  0%| F|  |TAMS 0x0000000086e00000, 0x0000000086e00000| Untracked 
| 111|0x0000000086f00000, 0x0000000086f00000, 0x0000000087000000|  0%| F|  |TAMS 0x0000000086f00000, 0x0000000086f00000| Untracked 
| 112|0x0000000087000000, 0x0000000087000000, 0x0000000087100000|  0%| F|  |TAMS 0x0000000087000000, 0x0000000087000000| Untracked 
| 113|0x0000000087100000, 0x0000000087100000, 0x0000000087200000|  0%| F|  |TAMS 0x0000000087100000, 0x0000000087100000| Untracked 
| 114|0x0000000087200000, 0x0000000087200000, 0x0000000087300000|  0%| F|  |TAMS 0x0000000087200000, 0x0000000087200000| Untracked 
| 115|0x0000000087300000, 0x0000000087300000, 0x0000000087400000|  0%| F|  |TAMS 0x0000000087300000, 0x0000000087300000| Untracked 
| 116|0x0000000087400000, 0x0000000087400000, 0x0000000087500000|  0%| F|  |TAMS 0x0000000087400000, 0x0000000087400000| Untracked 
| 117|0x0000000087500000, 0x0000000087500000, 0x0000000087600000|  0%| F|  |TAMS 0x0000000087500000, 0x0000000087500000| Untracked 
| 118|0x0000000087600000, 0x0000000087600000, 0x0000000087700000|  0%| F|  |TAMS 0x0000000087600000, 0x0000000087600000| Untracked 
| 119|0x0000000087700000, 0x0000000087700000, 0x0000000087800000|  0%| F|  |TAMS 0x0000000087700000, 0x0000000087700000| Untracked 
| 120|0x0000000087800000, 0x0000000087800000, 0x0000000087900000|  0%| F|  |TAMS 0x0000000087800000, 0x0000000087800000| Untracked 
| 121|0x0000000087900000, 0x0000000087957810, 0x0000000087a00000| 34%| S|CS|TAMS 0x0000000087900000, 0x0000000087900000| Complete 
| 122|0x0000000087a00000, 0x0000000087a00000, 0x0000000087b00000|  0%| F|  |TAMS 0x0000000087a00000, 0x0000000087a00000| Untracked 
| 123|0x0000000087b00000, 0x0000000087b00000, 0x0000000087c00000|  0%| F|  |TAMS 0x0000000087b00000, 0x0000000087b00000| Untracked 
| 124|0x0000000087c00000, 0x0000000087c00000, 0x0000000087d00000|  0%| F|  |TAMS 0x0000000087c00000, 0x0000000087c00000| Untracked 
| 125|0x0000000087d00000, 0x0000000087d00000, 0x0000000087e00000|  0%| F|  |TAMS 0x0000000087d00000, 0x0000000087d00000| Untracked 

Card table byte_map: [0x00000167e88e0000,0x00000167e8ce0000] _byte_map_base: 0x00000167e84e0000

Marking Bits (Prev, Next): (CMBitMap*) 0x00000167d5d37c70, (CMBitMap*) 0x00000167d5d37c30
 Prev Bits: [0x00000167eb0e0000, 0x00000167ed0e0000)
 Next Bits: [0x00000167e90e0000, 0x00000167eb0e0000)

Polling page: 0x00000167d3b50000

Metaspace:

Usage:
  Non-class:     56.43 MB used.
      Class:      8.59 MB used.
       Both:     65.02 MB used.

Virtual space:
  Non-class space:       64.00 MB reserved,      56.75 MB ( 89%) committed,  8 nodes.
      Class space:        1.00 GB reserved,       8.81 MB ( <1%) committed,  1 nodes.
             Both:        1.06 GB reserved,      65.56 MB (  6%) committed. 

Chunk freelists:
   Non-Class:  3.23 MB
       Class:  3.20 MB
        Both:  6.44 MB

MaxMetaspaceSize: unlimited
CompressedClassSpaceSize: 1.00 GB
Initial GC threshold: 21.00 MB
Current GC threshold: 107.31 MB
CDS: off
MetaspaceReclaimPolicy: balanced
 - commit_granule_bytes: 65536.
 - commit_granule_words: 8192.
 - virtual_space_node_default_size: 1048576.
 - enlarge_chunks_in_place: 1.
 - new_chunks_are_fully_committed: 0.
 - uncommit_free_chunks: 1.
 - use_allocation_guard: 0.
 - handle_deallocations: 1.


Internal statistics:

num_allocs_failed_limit: 6.
num_arena_births: 706.
num_arena_deaths: 0.
num_vsnodes_births: 9.
num_vsnodes_deaths: 0.
num_space_committed: 1049.
num_space_uncommitted: 0.
num_chunks_returned_to_freelist: 6.
num_chunks_taken_from_freelist: 2894.
num_chunk_merges: 6.
num_chunk_splits: 1930.
num_chunks_enlarged: 1321.
num_purges: 0.
num_inconsistent_stats: 0.

CodeHeap 'non-profiled nmethods': size=120000Kb used=3296Kb max_used=3432Kb free=116703Kb
 bounds [0x00000167e0c80000, 0x00000167e0fe0000, 0x00000167e81b0000]
CodeHeap 'profiled nmethods': size=120000Kb used=10993Kb max_used=11359Kb free=109006Kb
 bounds [0x00000167d91b0000, 0x00000167d9cd0000, 0x00000167e06e0000]
CodeHeap 'non-nmethods': size=5760Kb used=2365Kb max_used=2414Kb free=3394Kb
 bounds [0x00000167e06e0000, 0x00000167e0950000, 0x00000167e0c80000]
 total_blobs=6771 nmethods=5892 adapters=791
 compilation: enabled
              stopped_count=0, restarted_count=0
 full_count=0

Compilation events (20 events):
Event: 9.176 Thread 0x00000167f085c690 nmethod 6716 0x00000167e0cde710 code [0x00000167e0cde880, 0x00000167e0cde8f8]
Event: 9.177 Thread 0x00000167f051d7d0 nmethod 6718 0x00000167d92fe690 code [0x00000167d92fe860, 0x00000167d92fedc8]
Event: 9.177 Thread 0x00000167f051d7d0 6719       1       org.objectweb.asm.commons.Method::getName (5 bytes)
Event: 9.177 Thread 0x00000167f051d7d0 nmethod 6719 0x00000167e0cde410 code [0x00000167e0cde5a0, 0x00000167e0cde678]
Event: 9.177 Thread 0x00000167f051d7d0 6720       1       org.objectweb.asm.commons.Method::getDescriptor (5 bytes)
Event: 9.177 Thread 0x00000167f051d7d0 nmethod 6720 0x00000167e0cde110 code [0x00000167e0cde2a0, 0x00000167e0cde378]
Event: 9.177 Thread 0x00000167f051d7d0 6721       1       com.android.build.gradle.internal.dsl.decorator.DslDecorator$ManagedProperty::getSupportedPropertyType (5 bytes)
Event: 9.177 Thread 0x00000167f051d7d0 nmethod 6721 0x00000167e0cdde10 code [0x00000167e0cddfa0, 0x00000167e0cde078]
Event: 9.177 Thread 0x00000167f085c690 6722       4       java.util.LinkedHashMap$LinkedValues::iterator (12 bytes)
Event: 9.179 Thread 0x00000167f085c690 nmethod 6722 0x00000167e0cdd990 code [0x00000167e0cddb20, 0x00000167e0cddcf8]
Event: 9.179 Thread 0x00000167f051d7d0 6723       3       org.objectweb.asm.Frame::execute (2318 bytes)
Event: 9.184 Thread 0x00000167f085c690 6727 %     4       jdk.internal.org.objectweb.asm.ClassReader::<init> @ 110 (371 bytes)
Event: 9.185 Thread 0x00000167f051d7d0 nmethod 6723 0x00000167d928b210 code [0x00000167d928c140, 0x00000167d9292c78]
Event: 9.185 Thread 0x00000167f051d7d0 6724       3       org.objectweb.asm.SymbolTable::put (150 bytes)
Event: 9.186 Thread 0x00000167f051d7d0 nmethod 6724 0x00000167d92fd990 code [0x00000167d92fdb80, 0x00000167d92fe3d8]
Event: 9.186 Thread 0x00000167f051d7d0 6725       3       org.objectweb.asm.ByteVector::putByte (39 bytes)
Event: 9.186 Thread 0x00000167f051d7d0 nmethod 6725 0x00000167d928ad10 code [0x00000167d928aec0, 0x00000167d928b0a8]
Event: 9.186 Thread 0x00000167f051d7d0 6726       1       org.objectweb.asm.SymbolTable::getMajorVersion (5 bytes)
Event: 9.186 Thread 0x00000167f051d7d0 nmethod 6726 0x00000167e0cdd690 code [0x00000167e0cdd820, 0x00000167e0cdd8f8]
Event: 9.191 Thread 0x00000167f051d7d0 6729       3       org.objectweb.asm.Type::getArgumentTypes (154 bytes)

GC Heap History (20 events):
Event: 5.398 GC heap after
{Heap after GC invocations=11 (full 0):
 garbage-first heap   total 86016K, used 33168K [0x0000000080000000, 0x0000000100000000)
  region size 1024K, 5 young (5120K), 5 survivors (5120K)
 Metaspace       used 46989K, committed 47424K, reserved 1097728K
  class space    used 6193K, committed 6400K, reserved 1048576K
}
Event: 6.301 GC heap before
{Heap before GC invocations=11 (full 0):
 garbage-first heap   total 86016K, used 64912K [0x0000000080000000, 0x0000000100000000)
  region size 1024K, 36 young (36864K), 5 survivors (5120K)
 Metaspace       used 51353K, committed 51776K, reserved 1097728K
  class space    used 6878K, committed 7104K, reserved 1048576K
}
Event: 6.308 GC heap after
{Heap after GC invocations=12 (full 0):
 garbage-first heap   total 86016K, used 34691K [0x0000000080000000, 0x0000000100000000)
  region size 1024K, 4 young (4096K), 4 survivors (4096K)
 Metaspace       used 51353K, committed 51776K, reserved 1097728K
  class space    used 6878K, committed 7104K, reserved 1048576K
}
Event: 7.307 GC heap before
{Heap before GC invocations=12 (full 0):
 garbage-first heap   total 86016K, used 66435K [0x0000000080000000, 0x0000000100000000)
  region size 1024K, 35 young (35840K), 4 survivors (4096K)
 Metaspace       used 53168K, committed 53632K, reserved 1097728K
  class space    used 7105K, committed 7296K, reserved 1048576K
}
Event: 7.314 GC heap after
{Heap after GC invocations=13 (full 0):
 garbage-first heap   total 86016K, used 37959K [0x0000000080000000, 0x0000000100000000)
  region size 1024K, 5 young (5120K), 5 survivors (5120K)
 Metaspace       used 53168K, committed 53632K, reserved 1097728K
  class space    used 7105K, committed 7296K, reserved 1048576K
}
Event: 7.715 GC heap before
{Heap before GC invocations=13 (full 0):
 garbage-first heap   total 86016K, used 59463K [0x0000000080000000, 0x0000000100000000)
  region size 1024K, 23 young (23552K), 5 survivors (5120K)
 Metaspace       used 53610K, committed 54080K, reserved 1097728K
  class space    used 7154K, committed 7360K, reserved 1048576K
}
Event: 7.725 GC heap after
{Heap after GC invocations=14 (full 0):
 garbage-first heap   total 86016K, used 47270K [0x0000000080000000, 0x0000000100000000)
  region size 1024K, 5 young (5120K), 5 survivors (5120K)
 Metaspace       used 53610K, committed 54080K, reserved 1097728K
  class space    used 7154K, committed 7360K, reserved 1048576K
}
Event: 8.031 GC heap before
{Heap before GC invocations=15 (full 0):
 garbage-first heap   total 94208K, used 69798K [0x0000000080000000, 0x0000000100000000)
  region size 1024K, 23 young (23552K), 5 survivors (5120K)
 Metaspace       used 55552K, committed 56000K, reserved 1097728K
  class space    used 7422K, committed 7616K, reserved 1048576K
}
Event: 8.035 GC heap after
{Heap after GC invocations=16 (full 0):
 garbage-first heap   total 94208K, used 54772K [0x0000000080000000, 0x0000000100000000)
  region size 1024K, 3 young (3072K), 3 survivors (3072K)
 Metaspace       used 55552K, committed 56000K, reserved 1097728K
  class space    used 7422K, committed 7616K, reserved 1048576K
}
Event: 8.283 GC heap before
{Heap before GC invocations=16 (full 0):
 garbage-first heap   total 94208K, used 72180K [0x0000000080000000, 0x0000000100000000)
  region size 1024K, 20 young (20480K), 3 survivors (3072K)
 Metaspace       used 58383K, committed 58944K, reserved 1105920K
  class space    used 7762K, committed 8000K, reserved 1048576K
}
Event: 8.285 GC heap after
{Heap after GC invocations=17 (full 0):
 garbage-first heap   total 94208K, used 56128K [0x0000000080000000, 0x0000000100000000)
  region size 1024K, 1 young (1024K), 1 survivors (1024K)
 Metaspace       used 58383K, committed 58944K, reserved 1105920K
  class space    used 7762K, committed 8000K, reserved 1048576K
}
Event: 8.580 GC heap before
{Heap before GC invocations=18 (full 0):
 garbage-first heap   total 99328K, used 73536K [0x0000000080000000, 0x0000000100000000)
  region size 1024K, 18 young (18432K), 1 survivors (1024K)
 Metaspace       used 61167K, committed 61696K, reserved 1105920K
  class space    used 8068K, committed 8320K, reserved 1048576K
}
Event: 8.582 GC heap after
{Heap after GC invocations=19 (full 0):
 garbage-first heap   total 99328K, used 56878K [0x0000000080000000, 0x0000000100000000)
  region size 1024K, 2 young (2048K), 2 survivors (2048K)
 Metaspace       used 61167K, committed 61696K, reserved 1105920K
  class space    used 8068K, committed 8320K, reserved 1048576K
}
Event: 8.606 GC heap before
{Heap before GC invocations=19 (full 0):
 garbage-first heap   total 99328K, used 58926K [0x0000000080000000, 0x0000000100000000)
  region size 1024K, 4 young (4096K), 2 survivors (2048K)
 Metaspace       used 61470K, committed 62016K, reserved 1105920K
  class space    used 8127K, committed 8384K, reserved 1048576K
}
Event: 8.609 GC heap after
{Heap after GC invocations=20 (full 0):
 garbage-first heap   total 99328K, used 56345K [0x0000000080000000, 0x0000000100000000)
  region size 1024K, 1 young (1024K), 1 survivors (1024K)
 Metaspace       used 61470K, committed 62016K, reserved 1105920K
  class space    used 8127K, committed 8384K, reserved 1048576K
}
Event: 8.943 GC heap before
{Heap before GC invocations=20 (full 0):
 garbage-first heap   total 99328K, used 73753K [0x0000000080000000, 0x0000000100000000)
  region size 1024K, 19 young (19456K), 1 survivors (1024K)
 Metaspace       used 65358K, committed 65920K, reserved 1105920K
  class space    used 8636K, committed 8896K, reserved 1048576K
}
Event: 8.946 GC heap after
{Heap after GC invocations=21 (full 0):
 garbage-first heap   total 99328K, used 58279K [0x0000000080000000, 0x0000000100000000)
  region size 1024K, 3 young (3072K), 3 survivors (3072K)
 Metaspace       used 65358K, committed 65920K, reserved 1105920K
  class space    used 8636K, committed 8896K, reserved 1048576K
}
Event: 9.132 GC heap before
{Heap before GC invocations=22 (full 0):
 garbage-first heap   total 128000K, used 83879K [0x0000000080000000, 0x0000000100000000)
  region size 1024K, 22 young (22528K), 3 survivors (3072K)
 Metaspace       used 66267K, committed 66816K, reserved 1114112K
  class space    used 8763K, committed 9024K, reserved 1048576K
}
Event: 9.136 GC heap after
{Heap after GC invocations=23 (full 0):
 garbage-first heap   total 128000K, used 60532K [0x0000000080000000, 0x0000000100000000)
  region size 1024K, 3 young (3072K), 3 survivors (3072K)
 Metaspace       used 66267K, committed 66816K, reserved 1114112K
  class space    used 8763K, committed 9024K, reserved 1048576K
}
Event: 9.192 GC heap before
{Heap before GC invocations=23 (full 0):
 garbage-first heap   total 128000K, used 63604K [0x0000000080000000, 0x0000000100000000)
  region size 1024K, 6 young (6144K), 3 survivors (3072K)
 Metaspace       used 66582K, committed 67136K, reserved 1114112K
  class space    used 8799K, committed 9024K, reserved 1048576K
}

Dll operation events (2 events):
Event: 0.006 Loaded shared library C:\Program Files\Android\Android Studio\jbr\bin\java.dll
Event: 0.336 Loaded shared library C:\Program Files\Android\Android Studio\jbr\bin\verify.dll

Deoptimization events (20 events):
Event: 9.030 Thread 0x00000167f2043440 Uncommon trap: trap_request=0xffffff45 fr.pc=0x00000167e0ea7b84 relative=0x0000000000000264
Event: 9.030 Thread 0x00000167f2043440 Uncommon trap: reason=unstable_if action=reinterpret pc=0x00000167e0ea7b84 method=java.util.jar.JarFile.maybeInstantiateVerifier()V @ 4 c2
Event: 9.030 Thread 0x00000167f2043440 DEOPT PACKING pc=0x00000167e0ea7b84 sp=0x00000030569f2c50
Event: 9.030 Thread 0x00000167f2043440 DEOPT UNPACKING pc=0x00000167e073a1a3 sp=0x00000030569f2b48 mode 2
Event: 9.030 Thread 0x00000167f2043440 Uncommon trap: trap_request=0xffffff45 fr.pc=0x00000167e0ec4c0c relative=0x00000000000000ec
Event: 9.030 Thread 0x00000167f2043440 Uncommon trap: reason=unstable_if action=reinterpret pc=0x00000167e0ec4c0c method=java.util.jar.JarFile.maybeInstantiateVerifier()V @ 4 c2
Event: 9.030 Thread 0x00000167f2043440 DEOPT PACKING pc=0x00000167e0ec4c0c sp=0x00000030569f2c80
Event: 9.030 Thread 0x00000167f2043440 DEOPT UNPACKING pc=0x00000167e073a1a3 sp=0x00000030569f2b58 mode 2
Event: 9.032 Thread 0x00000167f2043440 Uncommon trap: trap_request=0xffffff45 fr.pc=0x00000167e0e84c94 relative=0x00000000000001f4
Event: 9.032 Thread 0x00000167f2043440 Uncommon trap: reason=unstable_if action=reinterpret pc=0x00000167e0e84c94 method=java.util.jar.JarFile.maybeInstantiateVerifier()V @ 4 c2
Event: 9.032 Thread 0x00000167f2043440 DEOPT PACKING pc=0x00000167e0e84c94 sp=0x00000030569f0fb0
Event: 9.032 Thread 0x00000167f2043440 DEOPT UNPACKING pc=0x00000167e073a1a3 sp=0x00000030569f0f08 mode 2
Event: 9.032 Thread 0x00000167f2043440 Uncommon trap: trap_request=0xffffff45 fr.pc=0x00000167e0f9d1bc relative=0x000000000000009c
Event: 9.032 Thread 0x00000167f2043440 Uncommon trap: reason=unstable_if action=reinterpret pc=0x00000167e0f9d1bc method=java.security.CodeSource.matchCerts(Ljava/security/CodeSource;Z)Z @ 11 c2
Event: 9.032 Thread 0x00000167f2043440 DEOPT PACKING pc=0x00000167e0f9d1bc sp=0x00000030569f0e00
Event: 9.032 Thread 0x00000167f2043440 DEOPT UNPACKING pc=0x00000167e073a1a3 sp=0x00000030569f0d98 mode 2
Event: 9.101 Thread 0x00000167f2043440 Uncommon trap: trap_request=0xffffff45 fr.pc=0x00000167e0f6be10 relative=0x0000000000002e90
Event: 9.101 Thread 0x00000167f2043440 Uncommon trap: reason=unstable_if action=reinterpret pc=0x00000167e0f6be10 method=java.util.regex.Pattern.has(I)Z @ 6 c2
Event: 9.101 Thread 0x00000167f2043440 DEOPT PACKING pc=0x00000167e0f6be10 sp=0x00000030569f5d00
Event: 9.101 Thread 0x00000167f2043440 DEOPT UNPACKING pc=0x00000167e073a1a3 sp=0x00000030569f5c80 mode 2

Classes unloaded (0 events):
No events

Classes redefined (0 events):
No events

Internal exceptions (20 events):
Event: 7.419 Thread 0x00000167f2ec4650 Exception <a 'java/lang/NoSuchMethodError'{0x0000000084e1d398}: static Lorg/gradle/internal/build/event/types/DefaultProjectConfigurationSuccessResult;.<clinit>()V> (0x0000000084e1d398) 
thrown [s\src\hotspot\share\prims\jni.cpp, line 1108]
Event: 7.419 Thread 0x00000167f2ec4650 Exception <a 'java/lang/NoSuchMethodError'{0x0000000084e1e690}: static Lorg/gradle/internal/build/event/types/AbstractProjectConfigurationResult;.<clinit>()V> (0x0000000084e1e690) 
thrown [s\src\hotspot\share\prims\jni.cpp, line 1108]
Event: 7.419 Thread 0x00000167f2ec4650 Exception <a 'java/lang/NoSuchMethodError'{0x0000000084e1fb90}: static Lorg/gradle/internal/build/event/types/AbstractOperationResult;.<clinit>()V> (0x0000000084e1fb90) 
thrown [s\src\hotspot\share\prims\jni.cpp, line 1108]
Event: 7.419 Thread 0x00000167f2ec4650 Exception <a 'java/lang/NoSuchMethodError'{0x0000000084e20dd8}: static Lorg/gradle/internal/build/event/types/AbstractResult;.<clinit>()V> (0x0000000084e20dd8) 
thrown [s\src\hotspot\share\prims\jni.cpp, line 1108]
Event: 7.421 Thread 0x00000167f2ec4650 Exception <a 'java/lang/NoSuchMethodError'{0x0000000084e36a60}: static Lorg/gradle/internal/build/event/types/DefaultPluginApplicationResult;.<clinit>()V> (0x0000000084e36a60) 
thrown [s\src\hotspot\share\prims\jni.cpp, line 1108]
Event: 7.422 Thread 0x00000167f2ec4650 Exception <a 'java/lang/NoSuchMethodError'{0x0000000084e41fe0}: static Lorg/gradle/internal/build/event/types/DefaultBinaryPluginIdentifier;.<clinit>()V> (0x0000000084e41fe0) 
thrown [s\src\hotspot\share\prims\jni.cpp, line 1108]
Event: 7.424 Thread 0x00000167f2ec4650 Exception <a 'java/lang/NoSuchMethodError'{0x0000000084e5a9e8}: static Lorg/gradle/internal/build/event/types/DefaultScriptPluginIdentifier;.<clinit>()V> (0x0000000084e5a9e8) 
thrown [s\src\hotspot\share\prims\jni.cpp, line 1108]
Event: 7.573 Thread 0x00000167f2043440 Implicit null exception at 0x00000167e0f70412 to 0x00000167e0f70af0
Event: 7.573 Thread 0x00000167f2043440 Implicit null exception at 0x00000167e0f6f494 to 0x00000167e0f6fb60
Event: 7.798 Thread 0x00000167f2043440 Exception <a 'java/lang/ClassNotFoundException'{0x000000008596ae98}: org/gradle/api/internal/plugins/DefaultObjectConfigurationActionBeanInfo> (0x000000008596ae98) 
thrown [s\src\hotspot\share\classfile\systemDictionary.cpp, line 256]
Event: 7.799 Thread 0x00000167f2043440 Exception <a 'java/lang/ClassNotFoundException'{0x000000008597edf0}: org/gradle/api/internal/plugins/DefaultObjectConfigurationActionCustomizer> (0x000000008597edf0) 
thrown [s\src\hotspot\share\classfile\systemDictionary.cpp, line 256]
Event: 7.974 Thread 0x00000167f2043440 Exception <a 'java/lang/NoSuchMethodError'{0x0000000084c33458}: 'java.lang.Object java.lang.invoke.DirectMethodHandle$Holder.newInvokeSpecial(java.lang.Object, java.lang.Object, java.lang.Object, java.lang.Object, int)'> (0x0000000084c33458) 
thrown [s\src\hotspot\share\interpreter\linkResolver.cpp, line 771]
Event: 7.975 Thread 0x00000167f2043440 Exception <a 'java/lang/NoSuchMethodError'{0x0000000084c388a0}: 'java.lang.Object java.lang.invoke.DirectMethodHandle$Holder.invokeSpecial(java.lang.Object, java.lang.Object, java.lang.Object, java.lang.Object, java.lang.Object, int)'> (0x0000000084c388a0) 
thrown [s\src\hotspot\share\interpreter\linkResolver.cpp, line 771]
Event: 7.975 Thread 0x00000167f2043440 Exception <a 'java/lang/NoSuchMethodError'{0x0000000084c3d620}: 'java.lang.Object java.lang.invoke.Invokers$Holder.linkToTargetMethod(java.lang.Object, java.lang.Object, java.lang.Object, int, java.lang.Object)'> (0x0000000084c3d620) 
thrown [s\src\hotspot\share\interpreter\linkResolver.cpp, line 771]
Event: 8.191 Thread 0x00000167f2043440 Exception <a 'java/lang/NoSuchMethodError'{0x00000000852619c8}: 'int java.lang.invoke.DirectMethodHandle$Holder.invokeInterface(java.lang.Object, java.lang.Object, java.lang.Object, java.lang.Object)'> (0x00000000852619c8) 
thrown [s\src\hotspot\share\interpreter\linkResolver.cpp, line 771]
Event: 8.697 Thread 0x00000167f2043440 Exception <a 'java/lang/IncompatibleClassChangeError'{0x0000000085bab7c8}: Found class java.lang.Object, but interface was expected> (0x0000000085bab7c8) 
thrown [s\src\hotspot\share\interpreter\linkResolver.cpp, line 838]
Event: 8.738 Thread 0x00000167f2043440 Implicit null exception at 0x00000167e0ecda54 to 0x00000167e0ecdbfc
Event: 8.738 Thread 0x00000167f2043440 Implicit null exception at 0x00000167e0ecf69e to 0x00000167e0ed05b4
Event: 8.889 Thread 0x00000167f2043440 Implicit null exception at 0x00000167e0e4410c to 0x00000167e0e44242
Event: 9.035 Thread 0x00000167f2043440 Exception <a 'sun/nio/fs/WindowsException'{0x0000000087ac6760}> (0x0000000087ac6760) 
thrown [s\src\hotspot\share\prims\jni.cpp, line 517]

VM Operations (20 events):
Event: 8.319 Executing VM operation: G1Concurrent done
Event: 8.334 Executing VM operation: G1Concurrent
Event: 8.335 Executing VM operation: G1Concurrent done
Event: 8.580 Executing VM operation: G1CollectForAllocation
Event: 8.583 Executing VM operation: G1CollectForAllocation done
Event: 8.606 Executing VM operation: G1CollectForAllocation
Event: 8.609 Executing VM operation: G1CollectForAllocation done
Event: 8.857 Executing VM operation: HandshakeAllThreads
Event: 8.858 Executing VM operation: HandshakeAllThreads done
Event: 8.897 Executing VM operation: HandshakeAllThreads
Event: 8.898 Executing VM operation: HandshakeAllThreads done
Event: 8.943 Executing VM operation: G1TryInitiateConcMark
Event: 8.946 Executing VM operation: G1TryInitiateConcMark done
Event: 8.993 Executing VM operation: G1Concurrent
Event: 8.996 Executing VM operation: G1Concurrent done
Event: 9.019 Executing VM operation: G1Concurrent
Event: 9.019 Executing VM operation: G1Concurrent done
Event: 9.131 Executing VM operation: G1CollectForAllocation
Event: 9.136 Executing VM operation: G1CollectForAllocation done
Event: 9.192 Executing VM operation: G1CollectForAllocation

Events (20 events):
Event: 8.921 loading class java/security/cert/CertPathValidatorException$Reason done
Event: 8.921 loading class java/security/cert/CertPathValidatorException$BasicReason done
Event: 8.921 loading class java/security/SignatureException
Event: 8.921 loading class java/security/SignatureException done
Event: 8.924 loading class sun/security/rsa/RSASignature$SHA256withRSA
Event: 8.924 loading class sun/security/rsa/RSASignature$SHA256withRSA done
Event: 8.925 loading class sun/security/provider/DSA$SHA256withDSA
Event: 8.925 loading class sun/security/provider/DSA$SHA256withDSA done
Event: 8.936 loading class java/util/Base64
Event: 8.936 loading class java/util/Base64 done
Event: 8.936 loading class java/util/Base64$Decoder
Event: 8.936 loading class java/util/Base64$Decoder done
Event: 8.936 loading class java/util/Base64$Encoder
Event: 8.937 loading class java/util/Base64$Encoder done
Event: 8.938 loading class java/util/jar/JarVerifier$VerifierStream
Event: 8.938 loading class java/util/jar/JarVerifier$VerifierStream done
Event: 8.938 loading class sun/security/util/ManifestEntryVerifier$SunProviderHolder
Event: 8.938 loading class sun/security/util/ManifestEntryVerifier$SunProviderHolder done
Event: 9.034 loading class sun/nio/fs/WindowsException
Event: 9.035 loading class sun/nio/fs/WindowsException done


Dynamic libraries:
0x00007ff68cd10000 - 0x00007ff68cd1a000 	C:\Program Files\Android\Android Studio\jbr\bin\java.exe
0x00007ffee8830000 - 0x00007ffee8a28000 	C:\WINDOWS\SYSTEM32\ntdll.dll
0x00007ffee7880000 - 0x00007ffee793d000 	C:\WINDOWS\System32\KERNEL32.DLL
0x00007ffee6260000 - 0x00007ffee6556000 	C:\WINDOWS\System32\KERNELBASE.dll
0x00007ffee5f60000 - 0x00007ffee6060000 	C:\WINDOWS\System32\ucrtbase.dll
0x00007ffedaf90000 - 0x00007ffedafa7000 	C:\Program Files\Android\Android Studio\jbr\bin\jli.dll
0x00007ffea92d0000 - 0x00007ffea92eb000 	C:\Program Files\Android\Android Studio\jbr\bin\VCRUNTIME140.dll
0x00007ffee7d90000 - 0x00007ffee7f2e000 	C:\WINDOWS\System32\USER32.dll
0x00007ffee61a0000 - 0x00007ffee61c2000 	C:\WINDOWS\System32\win32u.dll
0x00007ffee77f0000 - 0x00007ffee781c000 	C:\WINDOWS\System32\GDI32.dll
0x00007ffee6610000 - 0x00007ffee672a000 	C:\WINDOWS\System32\gdi32full.dll
0x00007ffebfa10000 - 0x00007ffebfcaa000 	C:\WINDOWS\WinSxS\amd64_microsoft.windows.common-controls_6595b64144ccf1df_6.0.19041.1110_none_60b5254171f9507e\COMCTL32.dll
0x00007ffee6090000 - 0x00007ffee612d000 	C:\WINDOWS\System32\msvcp_win.dll
0x00007ffee7f50000 - 0x00007ffee7fee000 	C:\WINDOWS\System32\msvcrt.dll
0x00007ffee7c30000 - 0x00007ffee7c60000 	C:\WINDOWS\System32\IMM32.DLL
0x00007ffec0ae0000 - 0x00007ffec0aec000 	C:\Program Files\Android\Android Studio\jbr\bin\vcruntime140_1.dll
0x00007ffea5640000 - 0x00007ffea56cd000 	C:\Program Files\Android\Android Studio\jbr\bin\msvcp140.dll
0x00007ffe87200000 - 0x00007ffe87e6e000 	C:\Program Files\Android\Android Studio\jbr\bin\server\jvm.dll
0x00007ffee70f0000 - 0x00007ffee719e000 	C:\WINDOWS\System32\ADVAPI32.dll
0x00007ffee6970000 - 0x00007ffee6a0c000 	C:\WINDOWS\System32\sechost.dll
0x00007ffee7510000 - 0x00007ffee7636000 	C:\WINDOWS\System32\RPCRT4.dll
0x00007ffec49a0000 - 0x00007ffec49c7000 	C:\WINDOWS\SYSTEM32\WINMM.dll
0x00007ffeda1f0000 - 0x00007ffeda1fa000 	C:\WINDOWS\SYSTEM32\VERSION.dll
0x00007ffebfe10000 - 0x00007ffebfe19000 	C:\WINDOWS\SYSTEM32\WSOCK32.dll
0x00007ffee7770000 - 0x00007ffee77db000 	C:\WINDOWS\System32\WS2_32.dll
0x00007ffee4730000 - 0x00007ffee4742000 	C:\WINDOWS\SYSTEM32\kernel.appcore.dll
0x00007ffeddb60000 - 0x00007ffeddb6a000 	C:\Program Files\Android\Android Studio\jbr\bin\jimage.dll
0x00007ffee3cc0000 - 0x00007ffee3ea4000 	C:\WINDOWS\SYSTEM32\DBGHELP.DLL
0x00007ffebf5c0000 - 0x00007ffebf5f4000 	C:\WINDOWS\SYSTEM32\dbgcore.DLL
0x00007ffee61d0000 - 0x00007ffee6252000 	C:\WINDOWS\System32\bcryptPrimitives.dll
0x00007ffeddb00000 - 0x00007ffeddb25000 	C:\Program Files\Android\Android Studio\jbr\bin\java.dll
0x00007ffeddae0000 - 0x00007ffeddaf8000 	C:\Program Files\Android\Android Studio\jbr\bin\zip.dll
0x00007ffee80a0000 - 0x00007ffee87e4000 	C:\WINDOWS\System32\SHELL32.dll
0x00007ffee3eb0000 - 0x00007ffee464b000 	C:\WINDOWS\SYSTEM32\windows.storage.dll
0x00007ffee71a0000 - 0x00007ffee74f4000 	C:\WINDOWS\System32\combase.dll
0x00007ffee5950000 - 0x00007ffee597d000 	C:\WINDOWS\SYSTEM32\Wldp.dll
0x00007ffee76c0000 - 0x00007ffee776d000 	C:\WINDOWS\System32\SHCORE.dll
0x00007ffee7820000 - 0x00007ffee7875000 	C:\WINDOWS\System32\shlwapi.dll
0x00007ffee5e40000 - 0x00007ffee5e65000 	C:\WINDOWS\SYSTEM32\profapi.dll
0x00007ffedd7f0000 - 0x00007ffedd809000 	C:\Program Files\Android\Android Studio\jbr\bin\net.dll
0x00007ffedead0000 - 0x00007ffedebda000 	C:\WINDOWS\SYSTEM32\WINHTTP.dll
0x00007ffee56b0000 - 0x00007ffee571a000 	C:\WINDOWS\system32\mswsock.dll
0x00007ffedd7d0000 - 0x00007ffedd7e6000 	C:\Program Files\Android\Android Studio\jbr\bin\nio.dll
0x00007ffeddb50000 - 0x00007ffeddb60000 	C:\Program Files\Android\Android Studio\jbr\bin\verify.dll
0x00007ffeaf700000 - 0x00007ffeaf727000 	C:\Users\samuc\.gradle\native\68d5fa5c4cc2d200863cafc0d521ce42e7d3e7ee720ec0a83991735586a16f82\windows-amd64\native-platform.dll
0x00007ffea3a40000 - 0x00007ffea3b84000 	C:\Users\samuc\.gradle\native\e376f236ea51e6404a007f0833ffe2c6e607c4080706a723a18a27aeea778392\windows-amd64\native-platform-file-events.dll
0x00007ffedb290000 - 0x00007ffedb299000 	C:\Program Files\Android\Android Studio\jbr\bin\management.dll
0x00007ffedb280000 - 0x00007ffedb28b000 	C:\Program Files\Android\Android Studio\jbr\bin\management_ext.dll
0x00007ffee77e0000 - 0x00007ffee77e8000 	C:\WINDOWS\System32\PSAPI.DLL
0x00007ffee58a0000 - 0x00007ffee58b8000 	C:\WINDOWS\SYSTEM32\CRYPTSP.dll
0x00007ffee4f50000 - 0x00007ffee4f84000 	C:\WINDOWS\system32\rsaenh.dll
0x00007ffee6060000 - 0x00007ffee6087000 	C:\WINDOWS\System32\bcrypt.dll
0x00007ffee5e00000 - 0x00007ffee5e2e000 	C:\WINDOWS\SYSTEM32\USERENV.dll
0x00007ffee58c0000 - 0x00007ffee58cc000 	C:\WINDOWS\SYSTEM32\CRYPTBASE.dll
0x00007ffee5350000 - 0x00007ffee538b000 	C:\WINDOWS\SYSTEM32\IPHLPAPI.DLL
0x00007ffee7bc0000 - 0x00007ffee7bc8000 	C:\WINDOWS\System32\NSI.dll
0x00007ffeda770000 - 0x00007ffeda787000 	C:\WINDOWS\SYSTEM32\dhcpcsvc6.DLL
0x00007ffeda820000 - 0x00007ffeda83d000 	C:\WINDOWS\SYSTEM32\dhcpcsvc.DLL
0x00007ffee5390000 - 0x00007ffee545a000 	C:\WINDOWS\SYSTEM32\DNSAPI.dll
0x00007ffedb270000 - 0x00007ffedb277000 	C:\WINDOWS\system32\wshunix.dll

dbghelp: loaded successfully - version: 4.0.5 - missing functions: none
symbol engine: initialized successfully - sym options: 0x614 - pdb path: .;C:\Program Files\Android\Android Studio\jbr\bin;C:\WINDOWS\SYSTEM32;C:\WINDOWS\WinSxS\amd64_microsoft.windows.common-controls_6595b64144ccf1df_6.0.19041.1110_none_60b5254171f9507e;C:\Program Files\Android\Android Studio\jbr\bin\server;C:\Users\samuc\.gradle\native\68d5fa5c4cc2d200863cafc0d521ce42e7d3e7ee720ec0a83991735586a16f82\windows-amd64;C:\Users\samuc\.gradle\native\e376f236ea51e6404a007f0833ffe2c6e607c4080706a723a18a27aeea778392\windows-amd64

VM Arguments:
jvm_args: --add-opens=java.base/java.util=ALL-UNNAMED --add-opens=java.base/java.lang=ALL-UNNAMED --add-opens=java.base/java.lang.invoke=ALL-UNNAMED --add-opens=java.prefs/java.util.prefs=ALL-UNNAMED --add-opens=java.base/java.nio.charset=ALL-UNNAMED --add-opens=java.base/java.net=ALL-UNNAMED --add-opens=java.base/java.util.concurrent.atomic=ALL-UNNAMED -Xmx2048m -Dfile.encoding=UTF-8 -Duser.country=US -Duser.language=en -Duser.variant 
java_command: org.gradle.launcher.daemon.bootstrap.GradleDaemon 8.0
java_class_path (initial): C:\Users\samuc\.gradle\wrapper\dists\gradle-8.0-bin\ca5e32bp14vu59qr306oxotwh\gradle-8.0\lib\gradle-launcher-8.0.jar
Launcher Type: SUN_STANDARD

[Global flags]
     intx CICompilerCount                          = 4                                         {product} {ergonomic}
     uint ConcGCThreads                            = 2                                         {product} {ergonomic}
     uint G1ConcRefinementThreads                  = 8                                         {product} {ergonomic}
   size_t G1HeapRegionSize                         = 1048576                                   {product} {ergonomic}
    uintx GCDrainStackTargetSize                   = 64                                        {product} {ergonomic}
   size_t InitialHeapSize                          = 132120576                                 {product} {ergonomic}
   size_t MarkStackSize                            = 4194304                                   {product} {ergonomic}
   size_t MaxHeapSize                              = 2147483648                                {product} {command line}
   size_t MaxNewSize                               = 1287651328                                {product} {ergonomic}
   size_t MinHeapDeltaBytes                        = 1048576                                   {product} {ergonomic}
   size_t MinHeapSize                              = 8388608                                   {product} {ergonomic}
    uintx NonNMethodCodeHeapSize                   = 5839372                                {pd product} {ergonomic}
    uintx NonProfiledCodeHeapSize                  = 122909434                              {pd product} {ergonomic}
    uintx ProfiledCodeHeapSize                     = 122909434                              {pd product} {ergonomic}
    uintx ReservedCodeCacheSize                    = 251658240                              {pd product} {ergonomic}
     bool SegmentedCodeCache                       = true                                      {product} {ergonomic}
   size_t SoftMaxHeapSize                          = 2147483648                             {manageable} {ergonomic}
     bool UseCompressedClassPointers               = true                           {product lp64_product} {ergonomic}
     bool UseCompressedOops                        = true                           {product lp64_product} {ergonomic}
     bool UseG1GC                                  = true                                      {product} {ergonomic}
     bool UseLargePagesIndividualAllocation        = false                                  {pd product} {ergonomic}

Logging:
Log output configuration:
 #0: stdout all=warning uptime,level,tags
 #1: stderr all=off uptime,level,tags

Environment Variables:
JAVA_HOME=C:\Program Files\Java\jdk1.8.0_202
PATH=C:\Program Files\Microsoft\jdk-11.0.16.101-hotspot\bin;C:\WINDOWS\system32;C:\WINDOWS;C:\WINDOWS\System32\Wbem;C:\WINDOWS\System32\WindowsPowerShell\v1.0\;C:\WINDOWS\System32\OpenSSH\;C:\ProgramData\chocolatey\bin;C:\Program Files\Git\cmd;C:\Gradle\gradle-8.2.1\bin;C:\Users\samuc\AppData\Local\Android\Sdk\platform-tools;C:\Users\samuc\AppData\Local\Android\Sdk\tools;C:\Program Files\Java\jdk1.8.0_202\bin;C:\Program Files\dotnet\;C:\Users\samuc\AppData\Local\Programs\Python\Python311\Scripts\;C:\Users\samuc\AppData\Local\Programs\Python\Python311\;C:\Users\samuc\AppData\Local\Microsoft\WindowsApps;C:\Users\samuc\AppData\Local\Programs\Microsoft VS Code\bin;C:\Users\samuc\AppData\Local\spicetify;C:\src\flutter\bin;C:\Program Files\Azure Data Studio\bin;;C:\Program Files\JetBrains\IntelliJ IDEA 2023.2.2\bin;;C:\Program Files\JetBrains\IntelliJ IDEA Community Edition 2023.2.2\bin;
USERNAME=samuc
OS=Windows_NT
PROCESSOR_IDENTIFIER=Intel64 Family 6 Model 140 Stepping 1, GenuineIntel
TMP=C:\Users\samuc\AppData\Local\Temp
TEMP=C:\Users\samuc\AppData\Local\Temp


JNI global refs:
JNI global refs: 26, weak refs: 3

JNI global refs memory usage: 843, weak refs: 841


---------------  S Y S T E M  ---------------

OS:
 Windows 10 , 64 bit Build 19041 (10.0.19041.3393)
OS uptime: 0 days 0:23 hours

CPU: total 8 (initial active 8) (4 cores per cpu, 2 threads per core) family 6 model 140 stepping 1 microcode 0x8a, cx8, cmov, fxsr, ht, mmx, 3dnowpref, sse, sse2, sse3, ssse3, sse4.1, sse4.2, popcnt, lzcnt, tsc, tscinvbit, avx, avx2, aes, erms, clmul, bmi1, bmi2, adx, avx512f, avx512dq, avx512cd, avx512bw, avx512vl, sha, fma, vzeroupper, avx512_vpopcntdq, avx512_vpclmulqdq, avx512_vaes, avx512_vnni, clflush, clflushopt, clwb, avx512_vbmi2, avx512_vbmi

Memory: 4k page, system-wide physical 7971M (1589M free)
TotalPageFile size 10019M (AvailPageFile size 24M)
current process WorkingSet (physical memory assigned to process): 244M, peak: 262M
current process commit charge ("private bytes"): 390M, peak: 411M

vm_info: OpenJDK 64-Bit Server VM (17.0.6+0-b2043.56-10027231) for windows-amd64 JRE (17.0.6+0-b2043.56-10027231), built on Apr 28 2023 00:43:19 by "androidbuild" with MS VC++ 16.10 / 16.11 (VS2019)

END.
