#
# There is insufficient memory for the Java Runtime Environment to continue.
# Native memory allocation (mmap) failed to map 2424832 bytes for G1 virtual space
# Possible reasons:
#   The system is out of physical RAM or swap space
#   The process is running with CompressedOops enabled, and the Java Heap may be blocking the growth of the native heap
# Possible solutions:
#   Reduce memory load on the system
#   Increase physical memory or swap space
#   Check if swap backing store is full
#   Decrease Java heap size (-Xmx/-Xms)
#   Decrease number of Java threads
#   Decrease Java thread stack sizes (-Xss)
#   Set larger code cache with -XX:ReservedCodeCacheSize=
#   JVM is running with Unscaled Compressed Oops mode in which the Java heap is
#     placed in the first 4GB address space. The Java Heap base address is the
#     maximum limit for the native heap growth. Please use -XX:HeapBaseMinAddress
#     to set the Java Heap base and to place the Java Heap above 4GB virtual address.
# This output file may be truncated or incomplete.
#
#  Out of Memory Error (os_windows.cpp:3769), pid=15028, tid=9756
#
# JRE version: OpenJDK Runtime Environment (17.0.6) (build 17.0.6+0-b2043.56-10027231)
# Java VM: OpenJDK 64-Bit Server VM (17.0.6+0-b2043.56-10027231, mixed mode, tiered, compressed oops, compressed class ptrs, g1 gc, windows-amd64)
# No core dump will be written. Minidumps are not enabled by default on client versions of Windows
#

---------------  S U M M A R Y ------------

Command Line: org.jetbrains.kotlin.cli.jvm.K2JVMCompiler @C:\Users\samuc\Desktop\BosquePanetteriaApp\app\build\20231009_5588905956699708353.compiler.options

Host: 11th Gen Intel(R) Core(TM) i5-1135G7 @ 2.40GHz, 8 cores, 7G,  Windows 10 , 64 bit Build 19041 (10.0.19041.3393)
Time: Mon Oct  9 20:30:21 2023 E. South America Standard Time elapsed time: 10.138922 seconds (0d 0h 0m 10s)

---------------  T H R E A D  ---------------

Current thread (0x000001be41d90530):  VMThread "VM Thread" [stack: 0x00000046d5a00000,0x00000046d5b00000] [id=9756]

Stack: [0x00000046d5a00000,0x00000046d5b00000]
Native frames: (J=compiled Java code, j=interpreted, Vv=VM code, C=native code)
V  [jvm.dll+0x683c9a]
V  [jvm.dll+0x8427a4]
V  [jvm.dll+0x843f9e]
V  [jvm.dll+0x844603]
V  [jvm.dll+0x249b75]
V  [jvm.dll+0x680b69]
V  [jvm.dll+0x67505a]
V  [jvm.dll+0x309acb]
V  [jvm.dll+0x310f86]
V  [jvm.dll+0x360903]
V  [jvm.dll+0x360b1f]
V  [jvm.dll+0x2dfbf8]
V  [jvm.dll+0x2ddec4]
V  [jvm.dll+0x2dd4cc]
V  [jvm.dll+0x321f3b]
V  [jvm.dll+0x848ccb]
V  [jvm.dll+0x849a04]
V  [jvm.dll+0x849f1d]
V  [jvm.dll+0x84a2f4]
V  [jvm.dll+0x84a3c0]
V  [jvm.dll+0x7f274a]
V  [jvm.dll+0x682ad5]
C  [ucrtbase.dll+0x21bb2]
C  [KERNEL32.DLL+0x17344]
C  [ntdll.dll+0x526b1]

VM_Operation (0x00000046d54fc9b0): G1CollectForAllocation, mode: safepoint, requested by thread 0x000001be2811ad40


---------------  P R O C E S S  ---------------

Threads class SMR info:
_java_thread_list=0x000001be44a83b30, length=14, elements={
0x000001be2811ad40, 0x000001be41dc9260, 0x000001be41d91e90, 0x000001be41dce500,
0x000001be4282eea0, 0x000001be42832780, 0x000001be42833130, 0x000001be42833ec0,
0x000001be42838e50, 0x000001be42844c80, 0x000001be429b7f40, 0x000001be429bedf0,
0x000001be42b20fa0, 0x000001be462e78b0
}

Java Threads: ( => current thread )
  0x000001be2811ad40 JavaThread "main" [_thread_blocked, id=7296, stack(0x00000046d5400000,0x00000046d5500000)]
  0x000001be41dc9260 JavaThread "Reference Handler" daemon [_thread_blocked, id=8412, stack(0x00000046d5b00000,0x00000046d5c00000)]
  0x000001be41d91e90 JavaThread "Finalizer" daemon [_thread_blocked, id=15120, stack(0x00000046d5c00000,0x00000046d5d00000)]
  0x000001be41dce500 JavaThread "Signal Dispatcher" daemon [_thread_blocked, id=13340, stack(0x00000046d5d00000,0x00000046d5e00000)]
  0x000001be4282eea0 JavaThread "Attach Listener" daemon [_thread_blocked, id=9772, stack(0x00000046d5e00000,0x00000046d5f00000)]
  0x000001be42832780 JavaThread "Service Thread" daemon [_thread_blocked, id=1916, stack(0x00000046d5f00000,0x00000046d6000000)]
  0x000001be42833130 JavaThread "Monitor Deflation Thread" daemon [_thread_blocked, id=6632, stack(0x00000046d6000000,0x00000046d6100000)]
  0x000001be42833ec0 JavaThread "C2 CompilerThread0" daemon [_thread_blocked, id=15236, stack(0x00000046d6100000,0x00000046d6200000)]
  0x000001be42838e50 JavaThread "C1 CompilerThread0" daemon [_thread_blocked, id=4892, stack(0x00000046d6200000,0x00000046d6300000)]
  0x000001be42844c80 JavaThread "Sweeper thread" daemon [_thread_blocked, id=9556, stack(0x00000046d6300000,0x00000046d6400000)]
  0x000001be429b7f40 JavaThread "Notification Thread" daemon [_thread_blocked, id=10776, stack(0x00000046d6400000,0x00000046d6500000)]
  0x000001be429bedf0 JavaThread "Common-Cleaner" daemon [_thread_blocked, id=7892, stack(0x00000046d6600000,0x00000046d6700000)]
  0x000001be42b20fa0 JavaThread "C2 CompilerThread1" daemon [_thread_in_native, id=6864, stack(0x00000046d6700000,0x00000046d6800000)]
  0x000001be462e78b0 JavaThread "C2 CompilerThread2" daemon [_thread_blocked, id=15152, stack(0x00000046d7000000,0x00000046d7100000)]

Other Threads:
=>0x000001be41d90530 VMThread "VM Thread" [stack: 0x00000046d5a00000,0x00000046d5b00000] [id=9756]
  0x000001be281a1940 WatcherThread [stack: 0x00000046d6500000,0x00000046d6600000] [id=2636]
  0x000001be28179eb0 GCTaskThread "GC Thread#0" [stack: 0x00000046d5500000,0x00000046d5600000] [id=7724]
  0x000001be429c44b0 GCTaskThread "GC Thread#1" [stack: 0x00000046d6800000,0x00000046d6900000] [id=13456]
  0x000001be42f75990 GCTaskThread "GC Thread#2" [stack: 0x00000046d6900000,0x00000046d6a00000] [id=2452]
  0x000001be42f76450 GCTaskThread "GC Thread#3" [stack: 0x00000046d6a00000,0x00000046d6b00000] [id=1392]
  0x000001be42f76f10 GCTaskThread "GC Thread#4" [stack: 0x00000046d6b00000,0x00000046d6c00000] [id=10208]
  0x000001be42f77720 GCTaskThread "GC Thread#5" [stack: 0x00000046d6c00000,0x00000046d6d00000] [id=14664]
  0x000001be42f76700 GCTaskThread "GC Thread#6" [stack: 0x00000046d6d00000,0x00000046d6e00000] [id=788]
  0x000001be42f78490 GCTaskThread "GC Thread#7" [stack: 0x00000046d6e00000,0x00000046d6f00000] [id=6416]
  0x000001be2818a730 ConcurrentGCThread "G1 Main Marker" [stack: 0x00000046d5600000,0x00000046d5700000] [id=13992]
  0x000001be2818b8e0 ConcurrentGCThread "G1 Conc#0" [stack: 0x00000046d5700000,0x00000046d5800000] [id=4872]
  0x000001be42f789f0 ConcurrentGCThread "G1 Conc#1" [stack: 0x00000046d6f00000,0x00000046d7000000] [id=8064]
  0x000001be281eebf0 ConcurrentGCThread "G1 Refine#0" [stack: 0x00000046d5800000,0x00000046d5900000] [id=12508]
  0x000001be47c48cc0 ConcurrentGCThread "G1 Refine#1" [stack: 0x00000046d7100000,0x00000046d7200000] [id=13336]
  0x000001be47c48700 ConcurrentGCThread "G1 Refine#2" [stack: 0x00000046d7200000,0x00000046d7300000] [id=2000]
  0x000001be47c46760 ConcurrentGCThread "G1 Refine#3" [stack: 0x00000046d7300000,0x00000046d7400000] [id=1648]
  0x000001be41bf4710 ConcurrentGCThread "G1 Service" [stack: 0x00000046d5900000,0x00000046d5a00000] [id=13844]

Threads with active compile tasks:
C2 CompilerThread0    10149 13102       4       org.jetbrains.kotlin.backend.jvm.lower.BridgeLowering::createBridges (1016 bytes)
C2 CompilerThread1    10149 13381       4       org.jetbrains.kotlin.ir.util.IrFakeOverrideUtilsKt::resolveFakeOverrideOrNull (240 bytes)
C2 CompilerThread2    10149 13379       4       org.jetbrains.kotlin.ir.util.IrFakeOverrideUtilsKt::resolveFakeOverride (74 bytes)

VM state: at safepoint (normal execution)

VM Mutex/Monitor currently owned by a thread:  ([mutex/lock_event])
[0x000001be28116a70] Threads_lock - owner thread: 0x000001be41d90530
[0x000001be281182a0] Heap_lock - owner thread: 0x000001be2811ad40

Heap address: 0x0000000083600000, size: 1994 MB, Compressed Oops mode: 32-bit

CDS archive(s) not mapped
Compressed class space mapped at: 0x0000000100000000-0x0000000140000000, reserved size: 1073741824
Narrow klass base: 0x0000000000000000, Narrow klass shift: 3, Narrow klass range: 0x140000000

GC Precious Log:
 CPUs: 8 total, 8 available
 Memory: 7971M
 Large Page Support: Disabled
 NUMA Support: Disabled
 Compressed Oops: Enabled (32-bit)
 Heap Region Size: 1M
 Heap Min Capacity: 8M
 Heap Initial Capacity: 126M
 Heap Max Capacity: 1994M
 Pre-touch: Disabled
 Parallel Workers: 8
 Concurrent Workers: 2
 Concurrent Refinement Workers: 8
 Periodic GC: Disabled

Heap:
 garbage-first heap   total 159744K, used 79994K [0x0000000083600000, 0x0000000100000000)
  region size 1024K, 3 young (3072K), 3 survivors (3072K)
 Metaspace       used 80009K, committed 80320K, reserved 1122304K
  class space    used 8805K, committed 8960K, reserved 1048576K

Heap Regions: E=young(eden), S=young(survivor), O=old, HS=humongous(starts), HC=humongous(continues), CS=collection set, F=free, OA=open archive, CA=closed archive, TAMS=top-at-mark-start (previous, next)
|   0|0x0000000083600000, 0x0000000083700000, 0x0000000083700000|100%|HS|  |TAMS 0x0000000083700000, 0x0000000083700000| Complete 
|   1|0x0000000083700000, 0x0000000083800000, 0x0000000083800000|100%|HC|  |TAMS 0x0000000083800000, 0x0000000083800000| Complete 
|   2|0x0000000083800000, 0x0000000083900000, 0x0000000083900000|100%|HC|  |TAMS 0x0000000083900000, 0x0000000083900000| Complete 
|   3|0x0000000083900000, 0x0000000083a00000, 0x0000000083a00000|100%|HC|  |TAMS 0x0000000083a00000, 0x0000000083a00000| Complete 
|   4|0x0000000083a00000, 0x0000000083b00000, 0x0000000083b00000|100%| O|  |TAMS 0x0000000083b00000, 0x0000000083b00000| Untracked 
|   5|0x0000000083b00000, 0x0000000083c00000, 0x0000000083c00000|100%| O|  |TAMS 0x0000000083c00000, 0x0000000083c00000| Untracked 
|   6|0x0000000083c00000, 0x0000000083d00000, 0x0000000083d00000|100%| O|  |TAMS 0x0000000083d00000, 0x0000000083d00000| Untracked 
|   7|0x0000000083d00000, 0x0000000083e00000, 0x0000000083e00000|100%| O|  |TAMS 0x0000000083e00000, 0x0000000083e00000| Untracked 
|   8|0x0000000083e00000, 0x0000000083f00000, 0x0000000083f00000|100%| O|  |TAMS 0x0000000083f00000, 0x0000000083f00000| Untracked 
|   9|0x0000000083f00000, 0x0000000084000000, 0x0000000084000000|100%| O|  |TAMS 0x0000000083f00000, 0x0000000084000000| Untracked 
|  10|0x0000000084000000, 0x0000000084100000, 0x0000000084100000|100%| O|  |TAMS 0x0000000084100000, 0x0000000084100000| Untracked 
|  11|0x0000000084100000, 0x0000000084200000, 0x0000000084200000|100%| O|  |TAMS 0x0000000084200000, 0x0000000084200000| Untracked 
|  12|0x0000000084200000, 0x0000000084300000, 0x0000000084300000|100%| O|  |TAMS 0x0000000084300000, 0x0000000084300000| Untracked 
|  13|0x0000000084300000, 0x0000000084400000, 0x0000000084400000|100%| O|  |TAMS 0x0000000084400000, 0x0000000084400000| Untracked 
|  14|0x0000000084400000, 0x0000000084500000, 0x0000000084500000|100%| O|  |TAMS 0x0000000084500000, 0x0000000084500000| Untracked 
|  15|0x0000000084500000, 0x0000000084600000, 0x0000000084600000|100%| O|  |TAMS 0x0000000084600000, 0x0000000084600000| Untracked 
|  16|0x0000000084600000, 0x0000000084700000, 0x0000000084700000|100%| O|  |TAMS 0x0000000084700000, 0x0000000084700000| Untracked 
|  17|0x0000000084700000, 0x0000000084800000, 0x0000000084800000|100%|HS|  |TAMS 0x0000000084800000, 0x0000000084800000| Complete 
|  18|0x0000000084800000, 0x0000000084900000, 0x0000000084900000|100%|HC|  |TAMS 0x0000000084900000, 0x0000000084900000| Complete 
|  19|0x0000000084900000, 0x0000000084a00000, 0x0000000084a00000|100%| O|  |TAMS 0x0000000084a00000, 0x0000000084a00000| Untracked 
|  20|0x0000000084a00000, 0x0000000084b00000, 0x0000000084b00000|100%| O|  |TAMS 0x0000000084b00000, 0x0000000084b00000| Untracked 
|  21|0x0000000084b00000, 0x0000000084c00000, 0x0000000084c00000|100%| O|  |TAMS 0x0000000084c00000, 0x0000000084c00000| Untracked 
|  22|0x0000000084c00000, 0x0000000084d00000, 0x0000000084d00000|100%| O|  |TAMS 0x0000000084d00000, 0x0000000084d00000| Untracked 
|  23|0x0000000084d00000, 0x0000000084e00000, 0x0000000084e00000|100%| O|  |TAMS 0x0000000084e00000, 0x0000000084e00000| Untracked 
|  24|0x0000000084e00000, 0x0000000084f00000, 0x0000000084f00000|100%| O|  |TAMS 0x0000000084f00000, 0x0000000084f00000| Untracked 
|  25|0x0000000084f00000, 0x0000000085000000, 0x0000000085000000|100%| O|  |TAMS 0x0000000085000000, 0x0000000085000000| Untracked 
|  26|0x0000000085000000, 0x0000000085100000, 0x0000000085100000|100%| O|  |TAMS 0x0000000085100000, 0x0000000085100000| Untracked 
|  27|0x0000000085100000, 0x0000000085200000, 0x0000000085200000|100%| O|  |TAMS 0x0000000085100000, 0x0000000085200000| Untracked 
|  28|0x0000000085200000, 0x0000000085300000, 0x0000000085300000|100%| O|  |TAMS 0x0000000085300000, 0x0000000085300000| Untracked 
|  29|0x0000000085300000, 0x0000000085400000, 0x0000000085400000|100%| O|  |TAMS 0x0000000085400000, 0x0000000085400000| Untracked 
|  30|0x0000000085400000, 0x0000000085500000, 0x0000000085500000|100%| O|  |TAMS 0x0000000085500000, 0x0000000085500000| Untracked 
|  31|0x0000000085500000, 0x0000000085600000, 0x0000000085600000|100%| O|  |TAMS 0x0000000085600000, 0x0000000085600000| Untracked 
|  32|0x0000000085600000, 0x0000000085700000, 0x0000000085700000|100%| O|  |TAMS 0x0000000085700000, 0x0000000085700000| Untracked 
|  33|0x0000000085700000, 0x0000000085800000, 0x0000000085800000|100%| O|  |TAMS 0x0000000085800000, 0x0000000085800000| Untracked 
|  34|0x0000000085800000, 0x0000000085900000, 0x0000000085900000|100%| O|  |TAMS 0x0000000085900000, 0x0000000085900000| Untracked 
|  35|0x0000000085900000, 0x0000000085a00000, 0x0000000085a00000|100%| O|  |TAMS 0x0000000085a00000, 0x0000000085a00000| Untracked 
|  36|0x0000000085a00000, 0x0000000085b00000, 0x0000000085b00000|100%| O|  |TAMS 0x0000000085b00000, 0x0000000085b00000| Untracked 
|  37|0x0000000085b00000, 0x0000000085c00000, 0x0000000085c00000|100%| O|  |TAMS 0x0000000085c00000, 0x0000000085c00000| Untracked 
|  38|0x0000000085c00000, 0x0000000085d00000, 0x0000000085d00000|100%| O|  |TAMS 0x0000000085d00000, 0x0000000085d00000| Untracked 
|  39|0x0000000085d00000, 0x0000000085e00000, 0x0000000085e00000|100%| O|  |TAMS 0x0000000085e00000, 0x0000000085e00000| Untracked 
|  40|0x0000000085e00000, 0x0000000085f00000, 0x0000000085f00000|100%| O|  |TAMS 0x0000000085f00000, 0x0000000085f00000| Untracked 
|  41|0x0000000085f00000, 0x0000000086000000, 0x0000000086000000|100%| O|  |TAMS 0x0000000086000000, 0x0000000086000000| Untracked 
|  42|0x0000000086000000, 0x0000000086100000, 0x0000000086100000|100%| O|  |TAMS 0x0000000086100000, 0x0000000086100000| Untracked 
|  43|0x0000000086100000, 0x0000000086200000, 0x0000000086200000|100%| O|  |TAMS 0x0000000086200000, 0x0000000086200000| Untracked 
|  44|0x0000000086200000, 0x0000000086300000, 0x0000000086300000|100%| O|  |TAMS 0x0000000086300000, 0x0000000086300000| Untracked 
|  45|0x0000000086300000, 0x0000000086400000, 0x0000000086400000|100%| O|  |TAMS 0x0000000086400000, 0x0000000086400000| Untracked 
|  46|0x0000000086400000, 0x0000000086500000, 0x0000000086500000|100%| O|  |TAMS 0x0000000086500000, 0x0000000086500000| Untracked 
|  47|0x0000000086500000, 0x0000000086600000, 0x0000000086600000|100%| O|  |TAMS 0x0000000086600000, 0x0000000086600000| Untracked 
|  48|0x0000000086600000, 0x0000000086700000, 0x0000000086700000|100%| O|  |TAMS 0x0000000086600000, 0x0000000086700000| Untracked 
|  49|0x0000000086700000, 0x0000000086800000, 0x0000000086800000|100%| O|  |TAMS 0x0000000086700000, 0x0000000086800000| Untracked 
|  50|0x0000000086800000, 0x0000000086900000, 0x0000000086900000|100%| O|  |TAMS 0x0000000086800000, 0x0000000086900000| Untracked 
|  51|0x0000000086900000, 0x0000000086a00000, 0x0000000086a00000|100%| O|  |TAMS 0x0000000086900000, 0x0000000086a00000| Untracked 
|  52|0x0000000086a00000, 0x0000000086b00000, 0x0000000086b00000|100%| O|  |TAMS 0x0000000086a00000, 0x0000000086b00000| Untracked 
|  53|0x0000000086b00000, 0x0000000086c00000, 0x0000000086c00000|100%| O|  |TAMS 0x0000000086b00000, 0x0000000086c00000| Untracked 
|  54|0x0000000086c00000, 0x0000000086d00000, 0x0000000086d00000|100%| O|  |TAMS 0x0000000086c00000, 0x0000000086d00000| Untracked 
|  55|0x0000000086d00000, 0x0000000086e00000, 0x0000000086e00000|100%| O|  |TAMS 0x0000000086d00000, 0x0000000086e00000| Untracked 
|  56|0x0000000086e00000, 0x0000000086f00000, 0x0000000086f00000|100%| O|  |TAMS 0x0000000086e00000, 0x0000000086f00000| Untracked 
|  57|0x0000000086f00000, 0x0000000087000000, 0x0000000087000000|100%| O|  |TAMS 0x0000000086f00000, 0x0000000087000000| Untracked 
|  58|0x0000000087000000, 0x0000000087100000, 0x0000000087100000|100%| O|  |TAMS 0x0000000087000000, 0x0000000087100000| Untracked 
|  59|0x0000000087100000, 0x0000000087200000, 0x0000000087200000|100%| O|  |TAMS 0x0000000087100000, 0x0000000087200000| Untracked 
|  60|0x0000000087200000, 0x0000000087300000, 0x0000000087300000|100%| O|  |TAMS 0x0000000087200000, 0x0000000087300000| Untracked 
|  61|0x0000000087300000, 0x0000000087400000, 0x0000000087400000|100%| O|  |TAMS 0x0000000087300000, 0x0000000087400000| Untracked 
|  62|0x0000000087400000, 0x0000000087500000, 0x0000000087500000|100%| O|  |TAMS 0x0000000087400000, 0x0000000087500000| Untracked 
|  63|0x0000000087500000, 0x0000000087600000, 0x0000000087600000|100%| O|  |TAMS 0x0000000087500000, 0x0000000087600000| Untracked 
|  64|0x0000000087600000, 0x0000000087700000, 0x0000000087700000|100%| O|  |TAMS 0x0000000087600000, 0x0000000087700000| Untracked 
|  65|0x0000000087700000, 0x0000000087800000, 0x0000000087800000|100%| O|  |TAMS 0x0000000087700000, 0x0000000087800000| Untracked 
|  66|0x0000000087800000, 0x0000000087900000, 0x0000000087900000|100%| O|  |TAMS 0x0000000087800000, 0x0000000087900000| Untracked 
|  67|0x0000000087900000, 0x0000000087a00000, 0x0000000087a00000|100%| O|  |TAMS 0x0000000087900000, 0x0000000087a00000| Untracked 
|  68|0x0000000087a00000, 0x0000000087b00000, 0x0000000087b00000|100%| O|  |TAMS 0x0000000087a00000, 0x0000000087b00000| Untracked 
|  69|0x0000000087b00000, 0x0000000087c00000, 0x0000000087c00000|100%| O|  |TAMS 0x0000000087b00000, 0x0000000087c00000| Untracked 
|  70|0x0000000087c00000, 0x0000000087d00000, 0x0000000087d00000|100%| O|  |TAMS 0x0000000087c00000, 0x0000000087d00000| Untracked 
|  71|0x0000000087d00000, 0x0000000087e00000, 0x0000000087e00000|100%| O|  |TAMS 0x0000000087d00000, 0x0000000087e00000| Untracked 
|  72|0x0000000087e00000, 0x0000000087f00000, 0x0000000087f00000|100%| O|  |TAMS 0x0000000087e00000, 0x0000000087f00000| Untracked 
|  73|0x0000000087f00000, 0x0000000088000000, 0x0000000088000000|100%| O|  |TAMS 0x0000000087f00000, 0x0000000088000000| Untracked 
|  74|0x0000000088000000, 0x0000000088100000, 0x0000000088100000|100%| O|  |TAMS 0x0000000088000000, 0x0000000088100000| Untracked 
|  75|0x0000000088100000, 0x00000000881d5a00, 0x0000000088200000| 83%| O|  |TAMS 0x0000000088100000, 0x00000000881d5a00| Untracked 
|  76|0x0000000088200000, 0x0000000088200000, 0x0000000088300000|  0%| F|  |TAMS 0x0000000088200000, 0x0000000088200000| Untracked 
|  77|0x0000000088300000, 0x0000000088300000, 0x0000000088400000|  0%| F|  |TAMS 0x0000000088300000, 0x0000000088300000| Untracked 
|  78|0x0000000088400000, 0x0000000088400000, 0x0000000088500000|  0%| F|  |TAMS 0x0000000088400000, 0x0000000088400000| Untracked 
|  79|0x0000000088500000, 0x0000000088500000, 0x0000000088600000|  0%| F|  |TAMS 0x0000000088500000, 0x0000000088500000| Untracked 
|  80|0x0000000088600000, 0x0000000088600000, 0x0000000088700000|  0%| F|  |TAMS 0x0000000088600000, 0x0000000088600000| Untracked 
|  81|0x0000000088700000, 0x0000000088700000, 0x0000000088800000|  0%| F|  |TAMS 0x0000000088700000, 0x0000000088700000| Untracked 
|  82|0x0000000088800000, 0x0000000088800000, 0x0000000088900000|  0%| F|  |TAMS 0x0000000088800000, 0x0000000088800000| Untracked 
|  83|0x0000000088900000, 0x0000000088900000, 0x0000000088a00000|  0%| F|  |TAMS 0x0000000088900000, 0x0000000088900000| Untracked 
|  84|0x0000000088a00000, 0x0000000088a00000, 0x0000000088b00000|  0%| F|  |TAMS 0x0000000088a00000, 0x0000000088a00000| Untracked 
|  85|0x0000000088b00000, 0x0000000088b00000, 0x0000000088c00000|  0%| F|  |TAMS 0x0000000088b00000, 0x0000000088b00000| Untracked 
|  86|0x0000000088c00000, 0x0000000088c00000, 0x0000000088d00000|  0%| F|  |TAMS 0x0000000088c00000, 0x0000000088c00000| Untracked 
|  87|0x0000000088d00000, 0x0000000088d00000, 0x0000000088e00000|  0%| F|  |TAMS 0x0000000088d00000, 0x0000000088d00000| Untracked 
|  88|0x0000000088e00000, 0x0000000088e00000, 0x0000000088f00000|  0%| F|  |TAMS 0x0000000088e00000, 0x0000000088e00000| Untracked 
|  89|0x0000000088f00000, 0x0000000088f00000, 0x0000000089000000|  0%| F|  |TAMS 0x0000000088f00000, 0x0000000088f00000| Untracked 
|  90|0x0000000089000000, 0x0000000089000000, 0x0000000089100000|  0%| F|  |TAMS 0x0000000089000000, 0x0000000089000000| Untracked 
|  91|0x0000000089100000, 0x0000000089100000, 0x0000000089200000|  0%| F|  |TAMS 0x0000000089100000, 0x0000000089100000| Untracked 
|  92|0x0000000089200000, 0x0000000089200000, 0x0000000089300000|  0%| F|  |TAMS 0x0000000089200000, 0x0000000089200000| Untracked 
|  93|0x0000000089300000, 0x0000000089300000, 0x0000000089400000|  0%| F|  |TAMS 0x0000000089300000, 0x0000000089300000| Untracked 
|  94|0x0000000089400000, 0x0000000089400000, 0x0000000089500000|  0%| F|  |TAMS 0x0000000089400000, 0x0000000089400000| Untracked 
|  95|0x0000000089500000, 0x0000000089500000, 0x0000000089600000|  0%| F|  |TAMS 0x0000000089500000, 0x0000000089500000| Untracked 
|  96|0x0000000089600000, 0x0000000089600000, 0x0000000089700000|  0%| F|  |TAMS 0x0000000089600000, 0x0000000089600000| Untracked 
|  97|0x0000000089700000, 0x0000000089700000, 0x0000000089800000|  0%| F|  |TAMS 0x0000000089700000, 0x0000000089700000| Untracked 
|  98|0x0000000089800000, 0x0000000089800000, 0x0000000089900000|  0%| F|  |TAMS 0x0000000089800000, 0x0000000089800000| Untracked 
|  99|0x0000000089900000, 0x0000000089900000, 0x0000000089a00000|  0%| F|  |TAMS 0x0000000089900000, 0x0000000089900000| Untracked 
| 100|0x0000000089a00000, 0x0000000089a00000, 0x0000000089b00000|  0%| F|  |TAMS 0x0000000089a00000, 0x0000000089a00000| Untracked 
| 101|0x0000000089b00000, 0x0000000089b00000, 0x0000000089c00000|  0%| F|  |TAMS 0x0000000089b00000, 0x0000000089b00000| Untracked 
| 102|0x0000000089c00000, 0x0000000089c00000, 0x0000000089d00000|  0%| F|  |TAMS 0x0000000089c00000, 0x0000000089c00000| Untracked 
| 103|0x0000000089d00000, 0x0000000089d49170, 0x0000000089e00000| 28%| S|CS|TAMS 0x0000000089d00000, 0x0000000089d00000| Complete 
| 104|0x0000000089e00000, 0x0000000089f00000, 0x0000000089f00000|100%| S|CS|TAMS 0x0000000089e00000, 0x0000000089e00000| Complete 
| 105|0x0000000089f00000, 0x000000008a000000, 0x000000008a000000|100%| S|CS|TAMS 0x0000000089f00000, 0x0000000089f00000| Complete 
| 106|0x000000008a000000, 0x000000008a000000, 0x000000008a100000|  0%| F|  |TAMS 0x000000008a000000, 0x000000008a000000| Untracked 
| 107|0x000000008a100000, 0x000000008a100000, 0x000000008a200000|  0%| F|  |TAMS 0x000000008a100000, 0x000000008a100000| Untracked 
| 108|0x000000008a200000, 0x000000008a200000, 0x000000008a300000|  0%| F|  |TAMS 0x000000008a200000, 0x000000008a200000| Untracked 
| 109|0x000000008a300000, 0x000000008a300000, 0x000000008a400000|  0%| F|  |TAMS 0x000000008a300000, 0x000000008a300000| Untracked 
| 110|0x000000008a400000, 0x000000008a400000, 0x000000008a500000|  0%| F|  |TAMS 0x000000008a400000, 0x000000008a400000| Untracked 
| 111|0x000000008a500000, 0x000000008a500000, 0x000000008a600000|  0%| F|  |TAMS 0x000000008a500000, 0x000000008a500000| Untracked 
| 112|0x000000008a600000, 0x000000008a600000, 0x000000008a700000|  0%| F|  |TAMS 0x000000008a600000, 0x000000008a600000| Untracked 
| 113|0x000000008a700000, 0x000000008a700000, 0x000000008a800000|  0%| F|  |TAMS 0x000000008a700000, 0x000000008a700000| Untracked 
| 114|0x000000008a800000, 0x000000008a800000, 0x000000008a900000|  0%| F|  |TAMS 0x000000008a800000, 0x000000008a800000| Untracked 
| 115|0x000000008a900000, 0x000000008a900000, 0x000000008aa00000|  0%| F|  |TAMS 0x000000008a900000, 0x000000008a900000| Untracked 
| 116|0x000000008aa00000, 0x000000008aa00000, 0x000000008ab00000|  0%| F|  |TAMS 0x000000008aa00000, 0x000000008aa00000| Untracked 
| 117|0x000000008ab00000, 0x000000008ab00000, 0x000000008ac00000|  0%| F|  |TAMS 0x000000008ab00000, 0x000000008ab00000| Untracked 
| 118|0x000000008ac00000, 0x000000008ac00000, 0x000000008ad00000|  0%| F|  |TAMS 0x000000008ac00000, 0x000000008ac00000| Untracked 
| 119|0x000000008ad00000, 0x000000008ad00000, 0x000000008ae00000|  0%| F|  |TAMS 0x000000008ad00000, 0x000000008ad00000| Untracked 
| 120|0x000000008ae00000, 0x000000008ae00000, 0x000000008af00000|  0%| F|  |TAMS 0x000000008ae00000, 0x000000008ae00000| Untracked 
| 121|0x000000008af00000, 0x000000008af00000, 0x000000008b000000|  0%| F|  |TAMS 0x000000008af00000, 0x000000008af00000| Untracked 
| 122|0x000000008b000000, 0x000000008b000000, 0x000000008b100000|  0%| F|  |TAMS 0x000000008b000000, 0x000000008b000000| Untracked 
| 123|0x000000008b100000, 0x000000008b100000, 0x000000008b200000|  0%| F|  |TAMS 0x000000008b100000, 0x000000008b100000| Untracked 
| 124|0x000000008b200000, 0x000000008b200000, 0x000000008b300000|  0%| F|  |TAMS 0x000000008b200000, 0x000000008b200000| Untracked 
| 125|0x000000008b300000, 0x000000008b300000, 0x000000008b400000|  0%| F|  |TAMS 0x000000008b300000, 0x000000008b300000| Untracked 
| 126|0x000000008b400000, 0x000000008b400000, 0x000000008b500000|  0%| F|  |TAMS 0x000000008b400000, 0x000000008b400000| Untracked 
| 127|0x000000008b500000, 0x000000008b500000, 0x000000008b600000|  0%| F|  |TAMS 0x000000008b500000, 0x000000008b500000| Untracked 
| 128|0x000000008b600000, 0x000000008b600000, 0x000000008b700000|  0%| F|  |TAMS 0x000000008b600000, 0x000000008b600000| Untracked 
| 129|0x000000008b700000, 0x000000008b700000, 0x000000008b800000|  0%| F|  |TAMS 0x000000008b700000, 0x000000008b700000| Untracked 
| 130|0x000000008b800000, 0x000000008b800000, 0x000000008b900000|  0%| F|  |TAMS 0x000000008b800000, 0x000000008b800000| Untracked 
| 131|0x000000008b900000, 0x000000008b900000, 0x000000008ba00000|  0%| F|  |TAMS 0x000000008b900000, 0x000000008b900000| Untracked 
| 132|0x000000008ba00000, 0x000000008ba00000, 0x000000008bb00000|  0%| F|  |TAMS 0x000000008ba00000, 0x000000008ba00000| Untracked 
| 133|0x000000008bb00000, 0x000000008bb00000, 0x000000008bc00000|  0%| F|  |TAMS 0x000000008bb00000, 0x000000008bb00000| Untracked 
| 134|0x000000008bc00000, 0x000000008bc00000, 0x000000008bd00000|  0%| F|  |TAMS 0x000000008bc00000, 0x000000008bc00000| Untracked 
| 135|0x000000008bd00000, 0x000000008bd00000, 0x000000008be00000|  0%| F|  |TAMS 0x000000008bd00000, 0x000000008bd00000| Untracked 
| 136|0x000000008be00000, 0x000000008be00000, 0x000000008bf00000|  0%| F|  |TAMS 0x000000008be00000, 0x000000008be00000| Untracked 
| 137|0x000000008bf00000, 0x000000008bf00000, 0x000000008c000000|  0%| F|  |TAMS 0x000000008bf00000, 0x000000008bf00000| Untracked 
| 138|0x000000008c000000, 0x000000008c000000, 0x000000008c100000|  0%| F|  |TAMS 0x000000008c000000, 0x000000008c000000| Untracked 
| 139|0x000000008c100000, 0x000000008c100000, 0x000000008c200000|  0%| F|  |TAMS 0x000000008c100000, 0x000000008c100000| Untracked 
| 140|0x000000008c200000, 0x000000008c200000, 0x000000008c300000|  0%| F|  |TAMS 0x000000008c200000, 0x000000008c200000| Untracked 
| 141|0x000000008c300000, 0x000000008c300000, 0x000000008c400000|  0%| F|  |TAMS 0x000000008c300000, 0x000000008c300000| Untracked 
| 142|0x000000008c400000, 0x000000008c400000, 0x000000008c500000|  0%| F|  |TAMS 0x000000008c400000, 0x000000008c400000| Untracked 
| 143|0x000000008c500000, 0x000000008c500000, 0x000000008c600000|  0%| F|  |TAMS 0x000000008c500000, 0x000000008c500000| Untracked 
| 144|0x000000008c600000, 0x000000008c600000, 0x000000008c700000|  0%| F|  |TAMS 0x000000008c600000, 0x000000008c600000| Untracked 
| 145|0x000000008c700000, 0x000000008c700000, 0x000000008c800000|  0%| F|  |TAMS 0x000000008c700000, 0x000000008c700000| Untracked 
| 146|0x000000008c800000, 0x000000008c800000, 0x000000008c900000|  0%| F|  |TAMS 0x000000008c800000, 0x000000008c800000| Untracked 
| 147|0x000000008c900000, 0x000000008c900000, 0x000000008ca00000|  0%| F|  |TAMS 0x000000008c900000, 0x000000008c900000| Untracked 
| 148|0x000000008ca00000, 0x000000008ca00000, 0x000000008cb00000|  0%| F|  |TAMS 0x000000008ca00000, 0x000000008ca00000| Untracked 
| 149|0x000000008cb00000, 0x000000008cb00000, 0x000000008cc00000|  0%| F|  |TAMS 0x000000008cb00000, 0x000000008cb00000| Untracked 
| 150|0x000000008cc00000, 0x000000008cc00000, 0x000000008cd00000|  0%| F|  |TAMS 0x000000008cc00000, 0x000000008cc00000| Untracked 
| 151|0x000000008cd00000, 0x000000008cd00000, 0x000000008ce00000|  0%| F|  |TAMS 0x000000008cd00000, 0x000000008cd00000| Untracked 
| 152|0x000000008ce00000, 0x000000008ce00000, 0x000000008cf00000|  0%| F|  |TAMS 0x000000008ce00000, 0x000000008ce00000| Untracked 
| 153|0x000000008cf00000, 0x000000008cf00000, 0x000000008d000000|  0%| F|  |TAMS 0x000000008cf00000, 0x000000008cf00000| Untracked 
| 154|0x000000008d000000, 0x000000008d000000, 0x000000008d100000|  0%| F|  |TAMS 0x000000008d000000, 0x000000008d000000| Untracked 
| 155|0x000000008d100000, 0x000000008d100000, 0x000000008d200000|  0%| F|  |TAMS 0x000000008d100000, 0x000000008d100000| Untracked 

Card table byte_map: [0x000001be3ad10000,0x000001be3b100000] _byte_map_base: 0x000001be3a8f5000

Marking Bits (Prev, Next): (CMBitMap*) 0x000001be2817a4c0, (CMBitMap*) 0x000001be2817a500
 Prev Bits: [0x000001be3b4f0000, 0x000001be3d418000)
 Next Bits: [0x000001be3d420000, 0x000001be3f348000)

Polling page: 0x000001be260d0000

Metaspace:

Usage:
  Non-class:     69.54 MB used.
      Class:      8.60 MB used.
       Both:     78.13 MB used.

Virtual space:
  Non-class space:       72.00 MB reserved,      69.69 MB ( 97%) committed,  9 nodes.
      Class space:        1.00 GB reserved,       8.75 MB ( <1%) committed,  1 nodes.
             Both:        1.07 GB reserved,      78.44 MB (  7%) committed. 

Chunk freelists:
   Non-Class:  1.84 MB
       Class:  3.27 MB
        Both:  5.11 MB

MaxMetaspaceSize: unlimited
CompressedClassSpaceSize: 1.00 GB
Initial GC threshold: 21.00 MB
Current GC threshold: 91.56 MB
CDS: off
MetaspaceReclaimPolicy: balanced
 - commit_granule_bytes: 65536.
 - commit_granule_words: 8192.
 - virtual_space_node_default_size: 1048576.
 - enlarge_chunks_in_place: 1.
 - new_chunks_are_fully_committed: 0.
 - uncommit_free_chunks: 1.
 - use_allocation_guard: 0.
 - handle_deallocations: 1.


Internal statistics:

num_allocs_failed_limit: 9.
num_arena_births: 326.
num_arena_deaths: 0.
num_vsnodes_births: 10.
num_vsnodes_deaths: 0.
num_space_committed: 1253.
num_space_uncommitted: 0.
num_chunks_returned_to_freelist: 9.
num_chunks_taken_from_freelist: 2863.
num_chunk_merges: 9.
num_chunk_splits: 2384.
num_chunks_enlarged: 2133.
num_purges: 0.
num_inconsistent_stats: 0.

CodeHeap 'non-profiled nmethods': size=120000Kb used=6098Kb max_used=6563Kb free=113901Kb
 bounds [0x000001be330c0000, 0x000001be33730000, 0x000001be3a5f0000]
CodeHeap 'profiled nmethods': size=120000Kb used=33550Kb max_used=34704Kb free=86449Kb
 bounds [0x000001be2b5f0000, 0x000001be2d7e0000, 0x000001be32b20000]
CodeHeap 'non-nmethods': size=5760Kb used=1406Kb max_used=1488Kb free=4353Kb
 bounds [0x000001be32b20000, 0x000001be32d90000, 0x000001be330c0000]
 total_blobs=11971 nmethods=11251 adapters=629
 compilation: enabled
              stopped_count=0, restarted_count=0
 full_count=0

Compilation events (20 events):
Event: 10.064 Thread 0x000001be42838e50 13441       2       org.jetbrains.kotlin.ir.visitors.IrElementTransformer$DefaultImpls::visitVariable (18 bytes)
Event: 10.064 Thread 0x000001be42838e50 nmethod 13441 0x000001be2d7d4290 code [0x000001be2d7d4480, 0x000001be2d7d4748]
Event: 10.064 Thread 0x000001be42838e50 13442       2       org.jetbrains.kotlin.ir.visitors.IrElementTransformer$DefaultImpls::visitBlock (18 bytes)
Event: 10.064 Thread 0x000001be42838e50 nmethod 13442 0x000001be2d7d4910 code [0x000001be2d7d4b00, 0x000001be2d7d4dc8]
Event: 10.064 Thread 0x000001be42838e50 13443       2       org.jetbrains.kotlin.backend.jvm.MultifileFacadesKt::isMultifileBridge (45 bytes)
Event: 10.064 Thread 0x000001be42838e50 nmethod 13443 0x000001be2d7d4f90 code [0x000001be2d7d51a0, 0x000001be2d7d5548]
Event: 10.093 Thread 0x000001be462e78b0 nmethod 13382 0x000001be335e9790 code [0x000001be335e9a40, 0x000001be335eb3f0]
Event: 10.093 Thread 0x000001be462e78b0 13380       4       org.jetbrains.kotlin.ir.util.IrFakeOverrideUtilsKt::collectRealOverrides (172 bytes)
Event: 10.114 Thread 0x000001be462e78b0 nmethod 13380 0x000001be332eac10 code [0x000001be332eae20, 0x000001be332ebf68]
Event: 10.115 Thread 0x000001be462e78b0 13430       4       org.jetbrains.kotlin.ir.visitors.IrElementTransformer$DefaultImpls::visitSimpleFunction (18 bytes)
Event: 10.115 Thread 0x000001be462e78b0 nmethod 13430 0x000001be333c4d10 code [0x000001be333c4e80, 0x000001be333c4f18]
Event: 10.115 Thread 0x000001be462e78b0 13429       4       org.jetbrains.kotlin.ir.visitors.IrElementTransformer$DefaultImpls::visitFunction (18 bytes)
Event: 10.116 Thread 0x000001be462e78b0 nmethod 13429 0x000001be33262f90 code [0x000001be33263100, 0x000001be33263198]
Event: 10.116 Thread 0x000001be462e78b0 13431       4       org.jetbrains.kotlin.ir.visitors.IrElementTransformer$DefaultImpls::visitValueParameter (18 bytes)
Event: 10.116 Thread 0x000001be462e78b0 nmethod 13431 0x000001be33345f10 code [0x000001be33346080, 0x000001be33346118]
Event: 10.116 Thread 0x000001be462e78b0 13379       4       org.jetbrains.kotlin.ir.util.IrFakeOverrideUtilsKt::resolveFakeOverride (74 bytes)
Event: 10.127 Thread 0x000001be42838e50 13453       3       org.jetbrains.kotlin.backend.jvm.mapping.IrTypeMapper::getClassInternalName (24 bytes)
Event: 10.127 Thread 0x000001be42838e50 nmethod 13453 0x000001be2c42ad10 code [0x000001be2c42af60, 0x000001be2c42b7d8]
Event: 10.128 Thread 0x000001be42838e50 13454       3       org.jetbrains.kotlin.backend.jvm.mapping.IrTypeMapper::classInternalName (101 bytes)
Event: 10.129 Thread 0x000001be42838e50 nmethod 13454 0x000001be2d014e10 code [0x000001be2d0151c0, 0x000001be2d016748]

GC Heap History (20 events):
Event: 3.600 GC heap after
{Heap after GC invocations=15 (full 0):
 garbage-first heap   total 103424K, used 44785K [0x0000000083600000, 0x0000000100000000)
  region size 1024K, 6 young (6144K), 6 survivors (6144K)
 Metaspace       used 51502K, committed 51712K, reserved 1097728K
  class space    used 6111K, committed 6208K, reserved 1048576K
}
Event: 3.800 GC heap before
{Heap before GC invocations=15 (full 0):
 garbage-first heap   total 103424K, used 77553K [0x0000000083600000, 0x0000000100000000)
  region size 1024K, 38 young (38912K), 6 survivors (6144K)
 Metaspace       used 51919K, committed 52160K, reserved 1097728K
  class space    used 6145K, committed 6272K, reserved 1048576K
}
Event: 3.813 GC heap after
{Heap after GC invocations=16 (full 0):
 garbage-first heap   total 103424K, used 49152K [0x0000000083600000, 0x0000000100000000)
  region size 1024K, 4 young (4096K), 4 survivors (4096K)
 Metaspace       used 51919K, committed 52160K, reserved 1097728K
  class space    used 6145K, committed 6272K, reserved 1048576K
}
Event: 3.864 GC heap before
{Heap before GC invocations=16 (full 0):
 garbage-first heap   total 103424K, used 78848K [0x0000000083600000, 0x0000000100000000)
  region size 1024K, 33 young (33792K), 4 survivors (4096K)
 Metaspace       used 51924K, committed 52160K, reserved 1097728K
  class space    used 6146K, committed 6272K, reserved 1048576K
}
Event: 3.869 GC heap after
{Heap after GC invocations=17 (full 0):
 garbage-first heap   total 103424K, used 49937K [0x0000000083600000, 0x0000000100000000)
  region size 1024K, 1 young (1024K), 1 survivors (1024K)
 Metaspace       used 51924K, committed 52160K, reserved 1097728K
  class space    used 6146K, committed 6272K, reserved 1048576K
}
Event: 4.305 GC heap before
{Heap before GC invocations=17 (full 0):
 garbage-first heap   total 103424K, used 81681K [0x0000000083600000, 0x0000000100000000)
  region size 1024K, 32 young (32768K), 1 survivors (1024K)
 Metaspace       used 55820K, committed 56064K, reserved 1105920K
  class space    used 6617K, committed 6720K, reserved 1048576K
}
Event: 4.313 GC heap after
{Heap after GC invocations=18 (full 0):
 garbage-first heap   total 159744K, used 52094K [0x0000000083600000, 0x0000000100000000)
  region size 1024K, 3 young (3072K), 3 survivors (3072K)
 Metaspace       used 55820K, committed 56064K, reserved 1105920K
  class space    used 6617K, committed 6720K, reserved 1048576K
}
Event: 6.446 GC heap before
{Heap before GC invocations=19 (full 0):
 garbage-first heap   total 159744K, used 121726K [0x0000000083600000, 0x0000000100000000)
  region size 1024K, 71 young (72704K), 3 survivors (3072K)
 Metaspace       used 60927K, committed 61184K, reserved 1105920K
  class space    used 6995K, committed 7104K, reserved 1048576K
}
Event: 6.463 GC heap after
{Heap after GC invocations=20 (full 0):
 garbage-first heap   total 159744K, used 60054K [0x0000000083600000, 0x0000000100000000)
  region size 1024K, 9 young (9216K), 9 survivors (9216K)
 Metaspace       used 60927K, committed 61184K, reserved 1105920K
  class space    used 6995K, committed 7104K, reserved 1048576K
}
Event: 6.502 GC heap before
{Heap before GC invocations=20 (full 0):
 garbage-first heap   total 159744K, used 61078K [0x0000000083600000, 0x0000000100000000)
  region size 1024K, 10 young (10240K), 9 survivors (9216K)
 Metaspace       used 60945K, committed 61184K, reserved 1105920K
  class space    used 6995K, committed 7104K, reserved 1048576K
}
Event: 6.515 GC heap after
{Heap after GC invocations=21 (full 0):
 garbage-first heap   total 159744K, used 60266K [0x0000000083600000, 0x0000000100000000)
  region size 1024K, 1 young (1024K), 1 survivors (1024K)
 Metaspace       used 60945K, committed 61184K, reserved 1105920K
  class space    used 6995K, committed 7104K, reserved 1048576K
}
Event: 7.863 GC heap before
{Heap before GC invocations=21 (full 0):
 garbage-first heap   total 159744K, used 117610K [0x0000000083600000, 0x0000000100000000)
  region size 1024K, 57 young (58368K), 1 survivors (1024K)
 Metaspace       used 66857K, committed 67136K, reserved 1114112K
  class space    used 7547K, committed 7680K, reserved 1048576K
}
Event: 7.876 GC heap after
{Heap after GC invocations=22 (full 0):
 garbage-first heap   total 159744K, used 64242K [0x0000000083600000, 0x0000000100000000)
  region size 1024K, 5 young (5120K), 5 survivors (5120K)
 Metaspace       used 66857K, committed 67136K, reserved 1114112K
  class space    used 7547K, committed 7680K, reserved 1048576K
}
Event: 8.879 GC heap before
{Heap before GC invocations=22 (full 0):
 garbage-first heap   total 159744K, used 121586K [0x0000000083600000, 0x0000000100000000)
  region size 1024K, 61 young (62464K), 5 survivors (5120K)
 Metaspace       used 71699K, committed 72000K, reserved 1114112K
  class space    used 8021K, committed 8192K, reserved 1048576K
}
Event: 8.896 GC heap after
{Heap after GC invocations=23 (full 0):
 garbage-first heap   total 159744K, used 72205K [0x0000000083600000, 0x0000000100000000)
  region size 1024K, 8 young (8192K), 8 survivors (8192K)
 Metaspace       used 71699K, committed 72000K, reserved 1114112K
  class space    used 8021K, committed 8192K, reserved 1048576K
}
Event: 9.473 GC heap before
{Heap before GC invocations=23 (full 0):
 garbage-first heap   total 159744K, used 123405K [0x0000000083600000, 0x0000000100000000)
  region size 1024K, 58 young (59392K), 8 survivors (8192K)
 Metaspace       used 77567K, committed 77888K, reserved 1122304K
  class space    used 8611K, committed 8768K, reserved 1048576K
}
Event: 9.484 GC heap after
{Heap after GC invocations=24 (full 0):
 garbage-first heap   total 159744K, used 77679K [0x0000000083600000, 0x0000000100000000)
  region size 1024K, 6 young (6144K), 6 survivors (6144K)
 Metaspace       used 77567K, committed 77888K, reserved 1122304K
  class space    used 8611K, committed 8768K, reserved 1048576K
}
Event: 9.820 GC heap before
{Heap before GC invocations=24 (full 0):
 garbage-first heap   total 159744K, used 125807K [0x0000000083600000, 0x0000000100000000)
  region size 1024K, 53 young (54272K), 6 survivors (6144K)
 Metaspace       used 78661K, committed 78976K, reserved 1122304K
  class space    used 8715K, committed 8896K, reserved 1048576K
}
Event: 9.833 GC heap after
{Heap after GC invocations=25 (full 0):
 garbage-first heap   total 159744K, used 79413K [0x0000000083600000, 0x0000000100000000)
  region size 1024K, 2 young (2048K), 2 survivors (2048K)
 Metaspace       used 78661K, committed 78976K, reserved 1122304K
  class space    used 8715K, committed 8896K, reserved 1048576K
}
Event: 10.129 GC heap before
{Heap before GC invocations=25 (full 0):
 garbage-first heap   total 159744K, used 128565K [0x0000000083600000, 0x0000000100000000)
  region size 1024K, 50 young (51200K), 2 survivors (2048K)
 Metaspace       used 80009K, committed 80320K, reserved 1122304K
  class space    used 8805K, committed 8960K, reserved 1048576K
}

Dll operation events (2 events):
Event: 0.004 Loaded shared library C:\Program Files\Android\Android Studio\jbr\bin\java.dll
Event: 0.990 Loaded shared library C:\Program Files\Android\Android Studio\jbr\bin\verify.dll

Deoptimization events (20 events):
Event: 10.113 Thread 0x000001be2811ad40 Uncommon trap: trap_request=0xffffffc6 fr.pc=0x000001be334896cc relative=0x0000000000000e8c
Event: 10.113 Thread 0x000001be2811ad40 Uncommon trap: reason=bimorphic_or_optimized_type_check action=maybe_recompile pc=0x000001be334896cc method=gnu.trove.TObjectHash.insertionIndex(Ljava/lang/Object;)I @ 13 c2
Event: 10.113 Thread 0x000001be2811ad40 DEOPT PACKING pc=0x000001be334896cc sp=0x00000046d54fd7a0
Event: 10.113 Thread 0x000001be2811ad40 DEOPT UNPACKING pc=0x000001be32b7a1a3 sp=0x00000046d54fd750 mode 2
Event: 10.113 Thread 0x000001be2811ad40 Uncommon trap: trap_request=0xffffffc6 fr.pc=0x000001be334896cc relative=0x0000000000000e8c
Event: 10.113 Thread 0x000001be2811ad40 Uncommon trap: reason=bimorphic_or_optimized_type_check action=maybe_recompile pc=0x000001be334896cc method=gnu.trove.TObjectHash.insertionIndex(Ljava/lang/Object;)I @ 13 c2
Event: 10.113 Thread 0x000001be2811ad40 DEOPT PACKING pc=0x000001be334896cc sp=0x00000046d54fd7a0
Event: 10.113 Thread 0x000001be2811ad40 DEOPT UNPACKING pc=0x000001be32b7a1a3 sp=0x00000046d54fd750 mode 2
Event: 10.113 Thread 0x000001be2811ad40 Uncommon trap: trap_request=0xffffffde fr.pc=0x000001be33638d28 relative=0x0000000000000268
Event: 10.113 Thread 0x000001be2811ad40 Uncommon trap: reason=class_check action=maybe_recompile pc=0x000001be33638d28 method=org.jetbrains.kotlin.utils.ThreadLocalDelegate.getValue(Ljava/lang/Object;Lkotlin/reflect/KProperty;)Ljava/lang/Object; @ 42 c2
Event: 10.113 Thread 0x000001be2811ad40 DEOPT PACKING pc=0x000001be33638d28 sp=0x00000046d54fd970
Event: 10.113 Thread 0x000001be2811ad40 DEOPT UNPACKING pc=0x000001be32b7a1a3 sp=0x00000046d54fd900 mode 2
Event: 10.113 Thread 0x000001be2811ad40 Uncommon trap: trap_request=0xffffffde fr.pc=0x000001be33638d28 relative=0x0000000000000268
Event: 10.113 Thread 0x000001be2811ad40 Uncommon trap: reason=class_check action=maybe_recompile pc=0x000001be33638d28 method=org.jetbrains.kotlin.utils.ThreadLocalDelegate.getValue(Ljava/lang/Object;Lkotlin/reflect/KProperty;)Ljava/lang/Object; @ 42 c2
Event: 10.113 Thread 0x000001be2811ad40 DEOPT PACKING pc=0x000001be33638d28 sp=0x00000046d54fd970
Event: 10.113 Thread 0x000001be2811ad40 DEOPT UNPACKING pc=0x000001be32b7a1a3 sp=0x00000046d54fd900 mode 2
Event: 10.129 Thread 0x000001be2811ad40 Uncommon trap: trap_request=0xffffff45 fr.pc=0x000001be3336fddc relative=0x000000000000005c
Event: 10.129 Thread 0x000001be2811ad40 Uncommon trap: reason=unstable_if action=reinterpret pc=0x000001be3336fddc method=org.jetbrains.org.objectweb.asm.MethodVisitor.visitEnd()V @ 4 c2
Event: 10.129 Thread 0x000001be2811ad40 DEOPT PACKING pc=0x000001be3336fddc sp=0x00000046d54fda80
Event: 10.129 Thread 0x000001be2811ad40 DEOPT UNPACKING pc=0x000001be32b7a1a3 sp=0x00000046d54fda20 mode 2

Classes unloaded (0 events):
No events

Classes redefined (0 events):
No events

Internal exceptions (20 events):
Event: 4.141 Thread 0x000001be2811ad40 Implicit null exception at 0x000001be331f37cc to 0x000001be331f38a8
Event: 4.206 Thread 0x000001be2811ad40 Exception <a 'java/lang/NoSuchMethodError'{0x0000000087f3ff30}: 'java.lang.Object java.lang.invoke.DirectMethodHandle$Holder.newInvokeSpecial(java.lang.Object, java.lang.Object, java.lang.Object, java.lang.Object, java.lang.Object, java.lang.Object, java.lang.Object)'> (0x0000000087f3ff30) 
thrown [s\src\hotspot\share\interpreter\linkResolver.cpp, line 771]
Event: 4.206 Thread 0x000001be2811ad40 Exception <a 'java/lang/NoSuchMethodError'{0x0000000087f44d90}: 'java.lang.Object java.lang.invoke.Invokers$Holder.linkToTargetMethod(java.lang.Object, java.lang.Object, java.lang.Object, java.lang.Object, java.lang.Object, java.lang.Object, java.lang.Object)'> (0x0000000087f44d90) 
thrown [s\src\hotspot\share\interpreter\linkResolver.cpp, line 771]
Event: 4.209 Thread 0x000001be2811ad40 Implicit null exception at 0x000001be3335dc76 to 0x000001be3335f6dc
Event: 4.225 Thread 0x000001be2811ad40 Implicit null exception at 0x000001be333484bc to 0x000001be33348d6c
Event: 4.268 Thread 0x000001be2811ad40 Implicit null exception at 0x000001be3335636b to 0x000001be3335797c
Event: 4.735 Thread 0x000001be2811ad40 Exception <a 'java/lang/NoSuchMethodError'{0x000000008c7c4db8}: 'java.lang.Object java.lang.invoke.DirectMethodHandle$Holder.newInvokeSpecial(java.lang.Object, int, java.lang.Object, java.lang.Object)'> (0x000000008c7c4db8) 
thrown [s\src\hotspot\share\interpreter\linkResolver.cpp, line 771]
Event: 4.809 Thread 0x000001be2811ad40 Exception <a 'java/lang/NoSuchMethodError'{0x000000008c35fc10}: 'java.lang.Object java.lang.invoke.DirectMethodHandle$Holder.invokeInterface(java.lang.Object, java.lang.Object, java.lang.Object)'> (0x000000008c35fc10) 
thrown [s\src\hotspot\share\interpreter\linkResolver.cpp, line 771]
Event: 4.810 Thread 0x000001be2811ad40 Exception <a 'java/lang/IncompatibleClassChangeError'{0x000000008c363580}: Found class java.lang.Object, but interface was expected> (0x000000008c363580) 
thrown [s\src\hotspot\share\interpreter\linkResolver.cpp, line 838]
Event: 5.651 Thread 0x000001be2811ad40 Implicit null exception at 0x000001be33136ad8 to 0x000001be33136b6a
Event: 5.758 Thread 0x000001be2811ad40 Exception <a 'java/lang/NoSuchMethodError'{0x000000008a10d788}: 'java.lang.Object java.lang.invoke.DirectMethodHandle$Holder.invokeStatic(java.lang.Object, int, java.lang.Object)'> (0x000000008a10d788) 
thrown [s\src\hotspot\share\interpreter\linkResolver.cpp, line 771]
Event: 5.783 Thread 0x000001be2811ad40 Exception <a 'java/lang/NoSuchMethodError'{0x000000008a1d8fc8}: 'int java.lang.invoke.DirectMethodHandle$Holder.invokeStaticInit(java.lang.Object, int)'> (0x000000008a1d8fc8) 
thrown [s\src\hotspot\share\interpreter\linkResolver.cpp, line 771]
Event: 5.859 Thread 0x000001be2811ad40 Implicit null exception at 0x000001be33341f74 to 0x000001be33343368
Event: 7.403 Thread 0x000001be2811ad40 Implicit null exception at 0x000001be3315d160 to 0x000001be3315d478
Event: 7.537 Thread 0x000001be2811ad40 Exception <a 'java/lang/NoSuchMethodError'{0x000000008ac774b0}: 'java.lang.Object java.lang.invoke.DirectMethodHandle$Holder.invokeStaticInit(java.lang.Object, java.lang.Object, java.lang.Object, java.lang.Object)'> (0x000000008ac774b0) 
thrown [s\src\hotspot\share\interpreter\linkResolver.cpp, line 771]
Event: 7.710 Thread 0x000001be2811ad40 Exception <a 'java/lang/NoSuchMethodError'{0x0000000089d2c7d8}: 'java.lang.Object java.lang.invoke.DirectMethodHandle$Holder.newInvokeSpecial(java.lang.Object, java.lang.Object, java.lang.Object, int, int)'> (0x0000000089d2c7d8) 
thrown [s\src\hotspot\share\interpreter\linkResolver.cpp, line 771]
Event: 7.711 Thread 0x000001be2811ad40 Exception <a 'java/lang/NoSuchMethodError'{0x0000000089d30618}: 'java.lang.Object java.lang.invoke.DirectMethodHandle$Holder.invokeSpecial(java.lang.Object, java.lang.Object, java.lang.Object, java.lang.Object, int, int)'> (0x0000000089d30618) 
thrown [s\src\hotspot\share\interpreter\linkResolver.cpp, line 771]
Event: 7.739 Thread 0x000001be2811ad40 Exception <a 'java/lang/NoSuchMethodError'{0x0000000089c929b0}: 'java.lang.Object java.lang.invoke.Invokers$Holder.linkToTargetMethod(java.lang.Object, java.lang.Object, int, int, java.lang.Object, java.lang.Object, java.lang.Object, java.lang.Object, java.lang.Object)'> (0x0000000089c929b0) 
thrown [s\src\hotspot\share\interpreter\linkResolver.cpp, line 771]
Event: 7.772 Thread 0x000001be2811ad40 Implicit null exception at 0x000001be33128610 to 0x000001be331288c8
Event: 9.730 Thread 0x000001be2811ad40 Implicit null exception at 0x000001be332659b9 to 0x000001be33265fc4

VM Operations (20 events):
Event: 9.626 Executing VM operation: ICBufferFull done
Event: 9.715 Executing VM operation: ICBufferFull
Event: 9.715 Executing VM operation: ICBufferFull done
Event: 9.820 Executing VM operation: G1CollectForAllocation
Event: 9.833 Executing VM operation: G1CollectForAllocation done
Event: 9.965 Executing VM operation: ICBufferFull
Event: 9.965 Executing VM operation: ICBufferFull done
Event: 10.072 Executing VM operation: HandshakeAllThreads
Event: 10.073 Executing VM operation: HandshakeAllThreads done
Event: 10.073 Executing VM operation: HandshakeAllThreads
Event: 10.073 Executing VM operation: HandshakeAllThreads done
Event: 10.083 Executing VM operation: HandshakeAllThreads
Event: 10.083 Executing VM operation: HandshakeAllThreads done
Event: 10.090 Executing VM operation: HandshakeAllThreads
Event: 10.090 Executing VM operation: HandshakeAllThreads done
Event: 10.092 Executing VM operation: HandshakeAllThreads
Event: 10.092 Executing VM operation: HandshakeAllThreads done
Event: 10.114 Executing VM operation: HandshakeAllThreads
Event: 10.115 Executing VM operation: HandshakeAllThreads done
Event: 10.129 Executing VM operation: G1CollectForAllocation

Events (20 events):
Event: 10.126 Thread 0x000001be42844c80 flushing nmethod 0x000001be2c3fed10
Event: 10.126 Thread 0x000001be42844c80 flushing nmethod 0x000001be2c42ad10
Event: 10.126 Thread 0x000001be42844c80 flushing nmethod 0x000001be2c49a690
Event: 10.126 Thread 0x000001be42844c80 flushing nmethod 0x000001be2c49ab10
Event: 10.127 Thread 0x000001be42844c80 flushing nmethod 0x000001be2c577810
Event: 10.127 Thread 0x000001be42844c80 flushing nmethod 0x000001be2c597410
Event: 10.127 Thread 0x000001be42844c80 flushing nmethod 0x000001be2c5bab10
Event: 10.127 Thread 0x000001be42844c80 flushing nmethod 0x000001be2c5ec410
Event: 10.127 Thread 0x000001be42844c80 flushing nmethod 0x000001be2c5f1d90
Event: 10.127 Thread 0x000001be42844c80 flushing nmethod 0x000001be2c62f510
Event: 10.128 Thread 0x000001be42844c80 flushing nmethod 0x000001be2c640d90
Event: 10.128 Thread 0x000001be42844c80 flushing nmethod 0x000001be2c71de90
Event: 10.128 Thread 0x000001be42844c80 flushing nmethod 0x000001be2c722a90
Event: 10.128 Thread 0x000001be42844c80 flushing nmethod 0x000001be2c722e90
Event: 10.128 Thread 0x000001be42844c80 flushing nmethod 0x000001be2c767f90
Event: 10.128 Thread 0x000001be42844c80 flushing nmethod 0x000001be2c799090
Event: 10.128 Thread 0x000001be42844c80 flushing nmethod 0x000001be2c7ac310
Event: 10.128 Thread 0x000001be42844c80 flushing nmethod 0x000001be2c7c1c90
Event: 10.128 Thread 0x000001be42844c80 flushing nmethod 0x000001be2c7c4e90
Event: 10.129 Thread 0x000001be42844c80 flushing nmethod 0x000001be2c82b490


Dynamic libraries:
0x00007ff719d90000 - 0x00007ff719d9a000 	C:\Program Files\Android\Android Studio\jbr\bin\java.exe
0x00007ffb1d750000 - 0x00007ffb1d948000 	C:\WINDOWS\SYSTEM32\ntdll.dll
0x00007ffb1d210000 - 0x00007ffb1d2cd000 	C:\WINDOWS\System32\KERNEL32.DLL
0x00007ffb1b2f0000 - 0x00007ffb1b5e6000 	C:\WINDOWS\System32\KERNELBASE.dll
0x00007ffb1b1f0000 - 0x00007ffb1b2f0000 	C:\WINDOWS\System32\ucrtbase.dll
0x00007ffae8d90000 - 0x00007ffae8da7000 	C:\Program Files\Android\Android Studio\jbr\bin\jli.dll
0x00007ffae2330000 - 0x00007ffae234b000 	C:\Program Files\Android\Android Studio\jbr\bin\VCRUNTIME140.dll
0x00007ffb1cc50000 - 0x00007ffb1cdee000 	C:\WINDOWS\System32\USER32.dll
0x00007ffb1b680000 - 0x00007ffb1b6a2000 	C:\WINDOWS\System32\win32u.dll
0x00007ffb1cf20000 - 0x00007ffb1cf4c000 	C:\WINDOWS\System32\GDI32.dll
0x00007ffaf3f10000 - 0x00007ffaf41aa000 	C:\WINDOWS\WinSxS\amd64_microsoft.windows.common-controls_6595b64144ccf1df_6.0.19041.1110_none_60b5254171f9507e\COMCTL32.dll
0x00007ffb1ae30000 - 0x00007ffb1af4a000 	C:\WINDOWS\System32\gdi32full.dll
0x00007ffb1b940000 - 0x00007ffb1b9de000 	C:\WINDOWS\System32\msvcrt.dll
0x00007ffb1af50000 - 0x00007ffb1afed000 	C:\WINDOWS\System32\msvcp_win.dll
0x00007ffb1d2d0000 - 0x00007ffb1d300000 	C:\WINDOWS\System32\IMM32.DLL
0x00007ffaf41b0000 - 0x00007ffaf41bc000 	C:\Program Files\Android\Android Studio\jbr\bin\vcruntime140_1.dll
0x00007ffad8660000 - 0x00007ffad86ed000 	C:\Program Files\Android\Android Studio\jbr\bin\msvcp140.dll
0x00007ffae2890000 - 0x00007ffae34fe000 	C:\Program Files\Android\Android Studio\jbr\bin\server\jvm.dll
0x00007ffb1ca70000 - 0x00007ffb1cb1e000 	C:\WINDOWS\System32\ADVAPI32.dll
0x00007ffb1b810000 - 0x00007ffb1b8ac000 	C:\WINDOWS\System32\sechost.dll
0x00007ffb1c1e0000 - 0x00007ffb1c306000 	C:\WINDOWS\System32\RPCRT4.dll
0x00007ffb11da0000 - 0x00007ffb11da9000 	C:\WINDOWS\SYSTEM32\WSOCK32.dll
0x00007ffaf98b0000 - 0x00007ffaf98d7000 	C:\WINDOWS\SYSTEM32\WINMM.dll
0x00007ffb0e850000 - 0x00007ffb0e85a000 	C:\WINDOWS\SYSTEM32\VERSION.dll
0x00007ffb1c9a0000 - 0x00007ffb1ca0b000 	C:\WINDOWS\System32\WS2_32.dll
0x00007ffb19660000 - 0x00007ffb19672000 	C:\WINDOWS\SYSTEM32\kernel.appcore.dll
0x00007ffb115a0000 - 0x00007ffb115aa000 	C:\Program Files\Android\Android Studio\jbr\bin\jimage.dll
0x00007ffb18910000 - 0x00007ffb18af4000 	C:\WINDOWS\SYSTEM32\DBGHELP.DLL
0x00007ffaf2cd0000 - 0x00007ffaf2d04000 	C:\WINDOWS\SYSTEM32\dbgcore.DLL
0x00007ffb1b5f0000 - 0x00007ffb1b672000 	C:\WINDOWS\System32\bcryptPrimitives.dll
0x00007ffb07ff0000 - 0x00007ffb08015000 	C:\Program Files\Android\Android Studio\jbr\bin\java.dll
0x00007ffaf6690000 - 0x00007ffaf66a8000 	C:\Program Files\Android\Android Studio\jbr\bin\zip.dll
0x00007ffb1b9e0000 - 0x00007ffb1c124000 	C:\WINDOWS\System32\SHELL32.dll
0x00007ffb18eb0000 - 0x00007ffb1964b000 	C:\WINDOWS\SYSTEM32\windows.storage.dll
0x00007ffb1d3b0000 - 0x00007ffb1d704000 	C:\WINDOWS\System32\combase.dll
0x00007ffb1a870000 - 0x00007ffb1a89d000 	C:\WINDOWS\SYSTEM32\Wldp.dll
0x00007ffb1cfb0000 - 0x00007ffb1d05d000 	C:\WINDOWS\System32\SHCORE.dll
0x00007ffb1ca10000 - 0x00007ffb1ca65000 	C:\WINDOWS\System32\shlwapi.dll
0x00007ffb1ad60000 - 0x00007ffb1ad85000 	C:\WINDOWS\SYSTEM32\profapi.dll
0x00007ffaefcf0000 - 0x00007ffaefd09000 	C:\Program Files\Android\Android Studio\jbr\bin\net.dll
0x00007ffb13630000 - 0x00007ffb1373a000 	C:\WINDOWS\SYSTEM32\WINHTTP.dll
0x00007ffb1a5d0000 - 0x00007ffb1a63a000 	C:\WINDOWS\system32\mswsock.dll
0x00007ffaecc00000 - 0x00007ffaecc16000 	C:\Program Files\Android\Android Studio\jbr\bin\nio.dll
0x00007ffb11550000 - 0x00007ffb11560000 	C:\Program Files\Android\Android Studio\jbr\bin\verify.dll

dbghelp: loaded successfully - version: 4.0.5 - missing functions: none
symbol engine: initialized successfully - sym options: 0x614 - pdb path: .;C:\Program Files\Android\Android Studio\jbr\bin;C:\WINDOWS\SYSTEM32;C:\WINDOWS\WinSxS\amd64_microsoft.windows.common-controls_6595b64144ccf1df_6.0.19041.1110_none_60b5254171f9507e;C:\Program Files\Android\Android Studio\jbr\bin\server

VM Arguments:
java_command: org.jetbrains.kotlin.cli.jvm.K2JVMCompiler @C:\Users\samuc\Desktop\BosquePanetteriaApp\app\build\20231009_5588905956699708353.compiler.options
java_class_path (initial): C:\Users\samuc\.gradle\caches\modules-2\files-2.1\org.jetbrains.kotlin\kotlin-compiler-embeddable\1.9.0\2c8c3a7402becca891f12739b3e9fd2dc2adbd7a\kotlin-compiler-embeddable-1.9.0.jar;C:\Users\samuc\.gradle\caches\modules-2\files-2.1\org.jetbrains.kotlin\kotlin-stdlib\1.9.0\8ee15ef0c67dc83d874f412d84378d7f0eb50b63\kotlin-stdlib-1.9.0.jar;C:\Users\samuc\.gradle\caches\modules-2\files-2.1\org.jetbrains.kotlin\kotlin-script-runtime\1.9.0\4b3102cbbb7e1b58d9d1adf89563f00069ffa7d1\kotlin-script-runtime-1.9.0.jar;C:\Users\samuc\.gradle\caches\modules-2\files-2.1\org.jetbrains.kotlin\kotlin-reflect\1.6.10\1cbe9c92c12a94eea200d23c2bbaedaf3daf5132\kotlin-reflect-1.6.10.jar;C:\Users\samuc\.gradle\caches\modules-2\files-2.1\org.jetbrains.kotlin\kotlin-daemon-embeddable\1.9.0\186543f5e28cf8d9a0290fecc2cf34301c40a65c\kotlin-daemon-embeddable-1.9.0.jar;C:\Users\samuc\.gradle\caches\modules-2\files-2.1\org.jetbrains.intellij.deps\trove4j\1.0.20200330\3afb14d5f9ceb459d724e907a21145e8ff394f02\trove4j-1.0.20200330.jar;C:\Users\samuc\.gradle\caches\modules-2\files-2.1\org.jetbrains.kotlin\kotlin-stdlib-common\1.9.0\cd65c21cfd1eec4d44ef09f9f52b6d9f8a720636\kotlin-stdlib-common-1.9.0.jar;C:\Users\samuc\.gradle\caches\modules-2\files-2.1\org.jetbrains\annotations\13.0\919f0dfe192fb4e063e7dacadee7f8bb9a2672a9\annotations-13.0.jar
Launcher Type: SUN_STANDARD

[Global flags]
     intx CICompilerCount                          = 4                                         {product} {ergonomic}
     uint ConcGCThreads                            = 2                                         {product} {ergonomic}
     uint G1ConcRefinementThreads                  = 8                                         {product} {ergonomic}
   size_t G1HeapRegionSize                         = 1048576                                   {product} {ergonomic}
    uintx GCDrainStackTargetSize                   = 64                                        {product} {ergonomic}
   size_t InitialHeapSize                          = 132120576                                 {product} {ergonomic}
   size_t MarkStackSize                            = 4194304                                   {product} {ergonomic}
   size_t MaxHeapSize                              = 2090860544                                {product} {ergonomic}
   size_t MaxNewSize                               = 1254096896                                {product} {ergonomic}
   size_t MinHeapDeltaBytes                        = 1048576                                   {product} {ergonomic}
   size_t MinHeapSize                              = 8388608                                   {product} {ergonomic}
    uintx NonNMethodCodeHeapSize                   = 5839372                                {pd product} {ergonomic}
    uintx NonProfiledCodeHeapSize                  = 122909434                              {pd product} {ergonomic}
    uintx ProfiledCodeHeapSize                     = 122909434                              {pd product} {ergonomic}
    uintx ReservedCodeCacheSize                    = 251658240                              {pd product} {ergonomic}
     bool SegmentedCodeCache                       = true                                      {product} {ergonomic}
   size_t SoftMaxHeapSize                          = 2090860544                             {manageable} {ergonomic}
     bool UseCompressedClassPointers               = true                           {product lp64_product} {ergonomic}
     bool UseCompressedOops                        = true                           {product lp64_product} {ergonomic}
     bool UseG1GC                                  = true                                      {product} {ergonomic}
     bool UseLargePagesIndividualAllocation        = false                                  {pd product} {ergonomic}

Logging:
Log output configuration:
 #0: stdout all=warning uptime,level,tags
 #1: stderr all=off uptime,level,tags

Environment Variables:
JAVA_HOME=C:\Program Files\Java\jdk1.8.0_202
PATH=C:\Program Files\Microsoft\jdk-11.0.16.101-hotspot\bin;C:\WINDOWS\system32;C:\WINDOWS;C:\WINDOWS\System32\Wbem;C:\WINDOWS\System32\WindowsPowerShell\v1.0\;C:\WINDOWS\System32\OpenSSH\;C:\ProgramData\chocolatey\bin;C:\Program Files\Git\cmd;C:\Gradle\gradle-8.2.1\bin;C:\Users\samuc\AppData\Local\Android\Sdk\platform-tools;C:\Users\samuc\AppData\Local\Android\Sdk\tools;C:\Program Files\Java\jdk1.8.0_202\bin;C:\Program Files\dotnet\;C:\Users\samuc\AppData\Local\Programs\Python\Python311\Scripts\;C:\Users\samuc\AppData\Local\Programs\Python\Python311\;C:\Users\samuc\AppData\Local\Microsoft\WindowsApps;C:\Users\samuc\AppData\Local\Programs\Microsoft VS Code\bin;C:\Users\samuc\AppData\Local\spicetify;C:\src\flutter\bin;C:\Program Files\Azure Data Studio\bin;;C:\Program Files\JetBrains\IntelliJ IDEA 2023.2.2\bin;;C:\Program Files\JetBrains\IntelliJ IDEA Community Edition 2023.2.2\bin;
USERNAME=samuc
OS=Windows_NT
PROCESSOR_IDENTIFIER=Intel64 Family 6 Model 140 Stepping 1, GenuineIntel
TMP=C:\Users\samuc\AppData\Local\Temp
TEMP=C:\Users\samuc\AppData\Local\Temp


JNI global refs:
JNI global refs: 12, weak refs: 2

JNI global refs memory usage: 843, weak refs: 841


---------------  S Y S T E M  ---------------

OS:
 Windows 10 , 64 bit Build 19041 (10.0.19041.3393)
OS uptime: 0 days 10:49 hours

CPU: total 8 (initial active 8) (4 cores per cpu, 2 threads per core) family 6 model 140 stepping 1 microcode 0x8a, cx8, cmov, fxsr, ht, mmx, 3dnowpref, sse, sse2, sse3, ssse3, sse4.1, sse4.2, popcnt, lzcnt, tsc, tscinvbit, avx, avx2, aes, erms, clmul, bmi1, bmi2, adx, avx512f, avx512dq, avx512cd, avx512bw, avx512vl, sha, fma, vzeroupper, avx512_vpopcntdq, avx512_vpclmulqdq, avx512_vaes, avx512_vnni, clflush, clflushopt, clwb, avx512_vbmi2, avx512_vbmi

Memory: 4k page, system-wide physical 7971M (2557M free)
TotalPageFile size 10019M (AvailPageFile size 7M)
current process WorkingSet (physical memory assigned to process): 316M, peak: 340M
current process commit charge ("private bytes"): 583M, peak: 588M

vm_info: OpenJDK 64-Bit Server VM (17.0.6+0-b2043.56-10027231) for windows-amd64 JRE (17.0.6+0-b2043.56-10027231), built on Apr 28 2023 00:43:19 by "androidbuild" with MS VC++ 16.10 / 16.11 (VS2019)

END.
