#
# There is insufficient memory for the Java Runtime Environment to continue.
# Native memory allocation (mmap) failed to map 303038464 bytes for G1 virtual space
# Possible reasons:
#   The system is out of physical RAM or swap space
#   The process is running with CompressedOops enabled, and the Java Heap may be blocking the growth of the native heap
# Possible solutions:
#   Reduce memory load on the system
#   Increase physical memory or swap space
#   Check if swap backing store is full
#   Decrease Java heap size (-Xmx/-Xms)
#   Decrease number of Java threads
#   Decrease Java thread stack sizes (-Xss)
#   Set larger code cache with -XX:ReservedCodeCacheSize=
#   JVM is running with Unscaled Compressed Oops mode in which the Java heap is
#     placed in the first 4GB address space. The Java Heap base address is the
#     maximum limit for the native heap growth. Please use -XX:HeapBaseMinAddress
#     to set the Java Heap base and to place the Java Heap above 4GB virtual address.
# This output file may be truncated or incomplete.
#
#  Out of Memory Error (os_windows.cpp:3769), pid=12204, tid=9360
#
# JRE version: OpenJDK Runtime Environment (17.0.6) (build 17.0.6+0-b2043.56-10027231)
# Java VM: OpenJDK 64-Bit Server VM (17.0.6+0-b2043.56-10027231, mixed mode, tiered, compressed oops, compressed class ptrs, g1 gc, windows-amd64)
# No core dump will be written. Minidumps are not enabled by default on client versions of Windows
#

---------------  S U M M A R Y ------------

Command Line: --add-opens=java.base/java.util=ALL-UNNAMED --add-opens=java.base/java.lang=ALL-UNNAMED --add-opens=java.base/java.lang.invoke=ALL-UNNAMED --add-opens=java.prefs/java.util.prefs=ALL-UNNAMED --add-opens=java.base/java.nio.charset=ALL-UNNAMED --add-opens=java.base/java.net=ALL-UNNAMED --add-opens=java.base/java.util.concurrent.atomic=ALL-UNNAMED -Xmx2048m -Dfile.encoding=UTF-8 -Duser.country=US -Duser.language=en -Duser.variant org.gradle.launcher.daemon.bootstrap.GradleDaemon 8.0

Host: 11th Gen Intel(R) Core(TM) i5-1135G7 @ 2.40GHz, 8 cores, 7G,  Windows 10 , 64 bit Build 19041 (10.0.19041.3393)
Time: Thu Oct  5 21:06:10 2023 E. South America Standard Time elapsed time: 16.423188 seconds (0d 0h 0m 16s)

---------------  T H R E A D  ---------------

Current thread (0x000001cb24a74090):  VMThread "VM Thread" [stack: 0x000000566d900000,0x000000566da00000] [id=9360]

Stack: [0x000000566d900000,0x000000566da00000]
Native frames: (J=compiled Java code, j=interpreted, Vv=VM code, C=native code)
V  [jvm.dll+0x683c9a]
V  [jvm.dll+0x8427a4]
V  [jvm.dll+0x843f9e]
V  [jvm.dll+0x844603]
V  [jvm.dll+0x249b75]
V  [jvm.dll+0x680b69]
V  [jvm.dll+0x67505a]
V  [jvm.dll+0x309acb]
V  [jvm.dll+0x310f86]
V  [jvm.dll+0x3608ee]
V  [jvm.dll+0x360b1f]
V  [jvm.dll+0x2dfbf8]
V  [jvm.dll+0x2ddec4]
V  [jvm.dll+0x2dd4cc]
V  [jvm.dll+0x321f3b]
V  [jvm.dll+0x848ccb]
V  [jvm.dll+0x849a04]
V  [jvm.dll+0x849f1d]
V  [jvm.dll+0x84a2f4]
V  [jvm.dll+0x84a3c0]
V  [jvm.dll+0x7f274a]
V  [jvm.dll+0x682ad5]
C  [ucrtbase.dll+0x21bb2]
C  [KERNEL32.DLL+0x17344]
C  [ntdll.dll+0x526b1]

VM_Operation (0x0000005676afa280): G1CollectForAllocation, mode: safepoint, requested by thread 0x000001cb2c76ad90


---------------  P R O C E S S  ---------------

Threads class SMR info:
_java_thread_list=0x000001cb294fd760, length=141, elements={
0x000001cb0ac1b0d0, 0x000001cb2543e260, 0x000001cb24ab3fd0, 0x000001cb24ab92d0,
0x000001cb2545a110, 0x000001cb2545c9e0, 0x000001cb2545d2a0, 0x000001cb2545de90,
0x000001cb25466850, 0x000001cb2546d920, 0x000001cb255e53d0, 0x000001cb255f0870,
0x000001cb27cff520, 0x000001cb27be8db0, 0x000001cb26393e60, 0x000001cb27cfcba0,
0x000001cb27eb7db0, 0x000001cb284c7db0, 0x000001cb26d16430, 0x000001cb26229ee0,
0x000001cb2622a880, 0x000001cb26229070, 0x000001cb26229540, 0x000001cb2622a3b0,
0x000001cb26229a10, 0x000001cb2a9b05c0, 0x000001cb2a9b5790, 0x000001cb2a9b52c0,
0x000001cb2a9b5c60, 0x000001cb2a9b1dd0, 0x000001cb2a9b6130, 0x000001cb2a9b4450,
0x000001cb2a9b6600, 0x000001cb2a9b2770, 0x000001cb2a9b0a90, 0x000001cb2a9b6ad0,
0x000001cb2a9b6fa0, 0x000001cb2a9b4df0, 0x000001cb2a9b7940, 0x000001cb2a9b00f0,
0x000001cb2a9b7470, 0x000001cb2a9b22a0, 0x000001cb2a9b4920, 0x000001cb2a9b2c40,
0x000001cb2a9b3110, 0x000001cb2a9b35e0, 0x000001cb2a9b3ab0, 0x000001cb2a9b3f80,
0x000001cb2bb04700, 0x000001cb2bb050a0, 0x000001cb2bb05570, 0x000001cb2bb05a40,
0x000001cb2bb05f10, 0x000001cb2bb08f30, 0x000001cb2bb04230, 0x000001cb2bb09da0,
0x000001cb2bb080c0, 0x000001cb2bb0a270, 0x000001cb2bb04bd0, 0x000001cb2bb063e0,
0x000001cb2bb07250, 0x000001cb2bb0a740, 0x000001cb2bb09400, 0x000001cb2bb098d0,
0x000001cb2bb033c0, 0x000001cb2bb068b0, 0x000001cb2bb07bf0, 0x000001cb2bb0ac10,
0x000001cb2bb08590, 0x000001cb2bb06d80, 0x000001cb2bb03890, 0x000001cb2bb07720,
0x000001cb2bb03d60, 0x000001cb2bb08a60, 0x000001cb2b656330, 0x000001cb2b654180,
0x000001cb2b6537e0, 0x000001cb2b654650, 0x000001cb2b657b40, 0x000001cb2b6502f0,
0x000001cb2b652970, 0x000001cb2b654ff0, 0x000001cb2b654b20, 0x000001cb2b6554c0,
0x000001cb2b6507c0, 0x000001cb2b651160, 0x000001cb2b6571a0, 0x000001cb2b655990,
0x000001cb2b650c90, 0x000001cb2b652e40, 0x000001cb2b653310, 0x000001cb2b651630,
0x000001cb2b653cb0, 0x000001cb2b655e60, 0x000001cb2b651b00, 0x000001cb2b656cd0,
0x000001cb2b651fd0, 0x000001cb2b6524a0, 0x000001cb2b657670, 0x000001cb2b656800,
0x000001cb2b58c400, 0x000001cb2b58e5b0, 0x000001cb2b58c8d0, 0x000001cb2b58d740,
0x000001cb2b58ea80, 0x000001cb2b5898b0, 0x000001cb2b58a720, 0x000001cb2b58dc10,
0x000001cb2b589d80, 0x000001cb2b58b0c0, 0x000001cb2b58e0e0, 0x000001cb2b58ef50,
0x000001cb2b5880a0, 0x000001cb2b58f420, 0x000001cb2b58f8f0, 0x000001cb2b588570,
0x000001cb2b5893e0, 0x000001cb2b58abf0, 0x000001cb2b588a40, 0x000001cb2b58cda0,
0x000001cb2b58d270, 0x000001cb2b588f10, 0x000001cb2b58a250, 0x000001cb2b58b590,
0x000001cb2b58ba60, 0x000001cb2b58bf30, 0x000001cb2c7678a0, 0x000001cb2c766090,
0x000001cb2c43a3c0, 0x000001cb2c76d8e0, 0x000001cb2c766a30, 0x000001cb2c766f00,
0x000001cb2c76a3f0, 0x000001cb2c76a8c0, 0x000001cb2c76ad90, 0x000001cb2c768710,
0x000001cb2c76bc00, 0x000001cb2c768be0, 0x000001cb2c7690b0, 0x000001cb3338d760,
0x000001cb2c4399a0
}

Java Threads: ( => current thread )
  0x000001cb0ac1b0d0 JavaThread "main" [_thread_blocked, id=6024, stack(0x000000566d300000,0x000000566d400000)]
  0x000001cb2543e260 JavaThread "Reference Handler" daemon [_thread_blocked, id=9400, stack(0x000000566da00000,0x000000566db00000)]
  0x000001cb24ab3fd0 JavaThread "Finalizer" daemon [_thread_blocked, id=5700, stack(0x000000566db00000,0x000000566dc00000)]
  0x000001cb24ab92d0 JavaThread "Signal Dispatcher" daemon [_thread_blocked, id=9288, stack(0x000000566dc00000,0x000000566dd00000)]
  0x000001cb2545a110 JavaThread "Attach Listener" daemon [_thread_blocked, id=12772, stack(0x000000566dd00000,0x000000566de00000)]
  0x000001cb2545c9e0 JavaThread "Service Thread" daemon [_thread_blocked, id=10028, stack(0x000000566de00000,0x000000566df00000)]
  0x000001cb2545d2a0 JavaThread "Monitor Deflation Thread" daemon [_thread_blocked, id=7648, stack(0x000000566df00000,0x000000566e000000)]
  0x000001cb2545de90 JavaThread "C2 CompilerThread0" daemon [_thread_in_native, id=11628, stack(0x000000566e000000,0x000000566e100000)]
  0x000001cb25466850 JavaThread "C1 CompilerThread0" daemon [_thread_blocked, id=12240, stack(0x000000566e100000,0x000000566e200000)]
  0x000001cb2546d920 JavaThread "Sweeper thread" daemon [_thread_blocked, id=11080, stack(0x000000566e200000,0x000000566e300000)]
  0x000001cb255e53d0 JavaThread "Common-Cleaner" daemon [_thread_blocked, id=9332, stack(0x000000566e300000,0x000000566e400000)]
  0x000001cb255f0870 JavaThread "Notification Thread" daemon [_thread_blocked, id=7764, stack(0x000000566e400000,0x000000566e500000)]
  0x000001cb27cff520 JavaThread "Daemon health stats" [_thread_blocked, id=12128, stack(0x000000566eb00000,0x000000566ec00000)]
  0x000001cb27be8db0 JavaThread "Incoming local TCP Connector on port 52562" [_thread_in_native, id=12556, stack(0x000000566ed00000,0x000000566ee00000)]
  0x000001cb26393e60 JavaThread "Daemon periodic checks" [_thread_blocked, id=1648, stack(0x000000566ee00000,0x000000566ef00000)]
  0x000001cb27cfcba0 JavaThread "Daemon" [_thread_blocked, id=8424, stack(0x000000566ef00000,0x000000566f000000)]
  0x000001cb27eb7db0 JavaThread "Handler for socket connection from /127.0.0.1:52562 to /127.0.0.1:52563" [_thread_in_native, id=11440, stack(0x000000566f000000,0x000000566f100000)]
  0x000001cb284c7db0 JavaThread "Cancel handler" [_thread_blocked, id=8168, stack(0x000000566f100000,0x000000566f200000)]
  0x000001cb26d16430 JavaThread "Daemon worker" [_thread_blocked, id=5776, stack(0x000000566f200000,0x000000566f300000)]
  0x000001cb26229ee0 JavaThread "Asynchronous log dispatcher for DefaultDaemonConnection: socket connection from /127.0.0.1:52562 to /127.0.0.1:52563" [_thread_blocked, id=716, stack(0x000000566f300000,0x000000566f400000)]
  0x000001cb2622a880 JavaThread "Stdin handler" [_thread_blocked, id=12736, stack(0x000000566f400000,0x000000566f500000)]
  0x000001cb26229070 JavaThread "Daemon client event forwarder" [_thread_blocked, id=7180, stack(0x000000566f500000,0x000000566f600000)]
  0x000001cb26229540 JavaThread "Cache worker for journal cache (C:\Users\samuc\.gradle\caches\journal-1)" [_thread_blocked, id=7872, stack(0x000000566fa00000,0x000000566fb00000)]
  0x000001cb2622a3b0 JavaThread "File lock request listener" [_thread_in_native, id=6560, stack(0x000000566fb00000,0x000000566fc00000)]
  0x000001cb26229a10 JavaThread "Cache worker for file hash cache (C:\Users\samuc\.gradle\caches\8.0\fileHashes)" [_thread_blocked, id=10804, stack(0x000000566fc00000,0x000000566fd00000)]
  0x000001cb2a9b05c0 JavaThread "File watcher server" daemon [_thread_blocked, id=3148, stack(0x000000566fd00000,0x000000566fe00000)]
  0x000001cb2a9b5790 JavaThread "File watcher consumer" daemon [_thread_blocked, id=13240, stack(0x000000566fe00000,0x000000566ff00000)]
  0x000001cb2a9b52c0 JavaThread "Cache worker for checksums cache (C:\Users\samuc\Desktop\BosquePanetteriaApp\.gradle\8.0\checksums)" [_thread_blocked, id=7248, stack(0x000000566ff00000,0x0000005670000000)]
  0x000001cb2a9b5c60 JavaThread "Cache worker for cache directory md-rule (C:\Users\samuc\.gradle\caches\8.0\md-rule)" [_thread_blocked, id=13208, stack(0x0000005670000000,0x0000005670100000)]
  0x000001cb2a9b1dd0 JavaThread "Cache worker for file content cache (C:\Users\samuc\.gradle\caches\8.0\fileContent)" [_thread_blocked, id=13032, stack(0x0000005670100000,0x0000005670200000)]
  0x000001cb2a9b6130 JavaThread "Cache worker for file hash cache (C:\Users\samuc\Desktop\BosquePanetteriaApp\.gradle\8.0\fileHashes)" [_thread_blocked, id=9592, stack(0x0000005670200000,0x0000005670300000)]
  0x000001cb2a9b4450 JavaThread "Cache worker for cache directory md-supplier (C:\Users\samuc\.gradle\caches\8.0\md-supplier)" [_thread_blocked, id=3852, stack(0x0000005670300000,0x0000005670400000)]
  0x000001cb2a9b6600 JavaThread "Cache worker for execution history cache (C:\Users\samuc\.gradle\caches\8.0\executionHistory)" [_thread_blocked, id=9548, stack(0x0000005670400000,0x0000005670500000)]
  0x000001cb2a9b2770 JavaThread "jar transforms" [_thread_blocked, id=7044, stack(0x0000005670500000,0x0000005670600000)]
  0x000001cb2a9b0a90 JavaThread "jar transforms Thread 2" [_thread_blocked, id=12436, stack(0x0000005670600000,0x0000005670700000)]
  0x000001cb2a9b6ad0 JavaThread "Cache worker for kotlin-dsl (C:\Users\samuc\.gradle\caches\8.0\kotlin-dsl)" [_thread_blocked, id=13228, stack(0x0000005670800000,0x0000005670900000)]
  0x000001cb2a9b6fa0 JavaThread "jar transforms Thread 3" [_thread_blocked, id=10936, stack(0x0000005670900000,0x0000005670a00000)]
  0x000001cb2a9b4df0 JavaThread "jar transforms Thread 4" [_thread_blocked, id=5716, stack(0x0000005670a00000,0x0000005670b00000)]
  0x000001cb2a9b7940 JavaThread "Cache worker for dependencies-accessors (C:\Users\samuc\Desktop\BosquePanetteriaApp\.gradle\8.0\dependencies-accessors)" [_thread_blocked, id=11472, stack(0x0000005670b00000,0x0000005670c00000)]
  0x000001cb2a9b00f0 JavaThread "Cache worker for Build Output Cleanup Cache (C:\Users\samuc\Desktop\BosquePanetteriaApp\.gradle\buildOutputCleanup)" [_thread_blocked, id=12756, stack(0x0000005670c00000,0x0000005670d00000)]
  0x000001cb2a9b7470 JavaThread "jar transforms Thread 5" [_thread_blocked, id=3380, stack(0x0000005670d00000,0x0000005670e00000)]
  0x000001cb2a9b22a0 JavaThread "Unconstrained build operations" [_thread_blocked, id=11008, stack(0x0000005670e00000,0x0000005670f00000)]
  0x000001cb2a9b4920 JavaThread "Unconstrained build operations Thread 2" [_thread_blocked, id=11516, stack(0x0000005670f00000,0x0000005671000000)]
  0x000001cb2a9b2c40 JavaThread "Unconstrained build operations Thread 3" [_thread_blocked, id=12900, stack(0x0000005671000000,0x0000005671100000)]
  0x000001cb2a9b3110 JavaThread "Unconstrained build operations Thread 4" [_thread_blocked, id=7520, stack(0x0000005671100000,0x0000005671200000)]
  0x000001cb2a9b35e0 JavaThread "Unconstrained build operations Thread 5" [_thread_blocked, id=8984, stack(0x0000005671200000,0x0000005671300000)]
  0x000001cb2a9b3ab0 JavaThread "Unconstrained build operations Thread 6" [_thread_blocked, id=2640, stack(0x0000005671300000,0x0000005671400000)]
  0x000001cb2a9b3f80 JavaThread "Unconstrained build operations Thread 7" [_thread_blocked, id=10900, stack(0x0000005671400000,0x0000005671500000)]
  0x000001cb2bb04700 JavaThread "Unconstrained build operations Thread 8" [_thread_blocked, id=10924, stack(0x0000005671500000,0x0000005671600000)]
  0x000001cb2bb050a0 JavaThread "Unconstrained build operations Thread 9" [_thread_blocked, id=9656, stack(0x0000005671600000,0x0000005671700000)]
  0x000001cb2bb05570 JavaThread "Unconstrained build operations Thread 10" [_thread_blocked, id=2592, stack(0x0000005671700000,0x0000005671800000)]
  0x000001cb2bb05a40 JavaThread "Unconstrained build operations Thread 11" [_thread_blocked, id=5368, stack(0x0000005671800000,0x0000005671900000)]
  0x000001cb2bb05f10 JavaThread "Unconstrained build operations Thread 12" [_thread_blocked, id=10680, stack(0x0000005671900000,0x0000005671a00000)]
  0x000001cb2bb08f30 JavaThread "Unconstrained build operations Thread 13" [_thread_blocked, id=1020, stack(0x0000005671a00000,0x0000005671b00000)]
  0x000001cb2bb04230 JavaThread "Unconstrained build operations Thread 14" [_thread_blocked, id=11508, stack(0x0000005671b00000,0x0000005671c00000)]
  0x000001cb2bb09da0 JavaThread "Unconstrained build operations Thread 15" [_thread_blocked, id=12668, stack(0x0000005671c00000,0x0000005671d00000)]
  0x000001cb2bb080c0 JavaThread "Unconstrained build operations Thread 16" [_thread_blocked, id=12852, stack(0x0000005671d00000,0x0000005671e00000)]
  0x000001cb2bb0a270 JavaThread "Unconstrained build operations Thread 17" [_thread_blocked, id=212, stack(0x0000005671e00000,0x0000005671f00000)]
  0x000001cb2bb04bd0 JavaThread "Unconstrained build operations Thread 18" [_thread_blocked, id=6004, stack(0x0000005671f00000,0x0000005672000000)]
  0x000001cb2bb063e0 JavaThread "Unconstrained build operations Thread 19" [_thread_blocked, id=2320, stack(0x0000005672000000,0x0000005672100000)]
  0x000001cb2bb07250 JavaThread "Unconstrained build operations Thread 20" [_thread_blocked, id=11748, stack(0x0000005672100000,0x0000005672200000)]
  0x000001cb2bb0a740 JavaThread "Unconstrained build operations Thread 21" [_thread_blocked, id=13260, stack(0x0000005672200000,0x0000005672300000)]
  0x000001cb2bb09400 JavaThread "Unconstrained build operations Thread 22" [_thread_blocked, id=5832, stack(0x0000005672300000,0x0000005672400000)]
  0x000001cb2bb098d0 JavaThread "Unconstrained build operations Thread 23" [_thread_blocked, id=12612, stack(0x0000005672400000,0x0000005672500000)]
  0x000001cb2bb033c0 JavaThread "Unconstrained build operations Thread 24" [_thread_blocked, id=12260, stack(0x0000005672500000,0x0000005672600000)]
  0x000001cb2bb068b0 JavaThread "Unconstrained build operations Thread 25" [_thread_blocked, id=2508, stack(0x0000005672600000,0x0000005672700000)]
  0x000001cb2bb07bf0 JavaThread "Unconstrained build operations Thread 26" [_thread_blocked, id=12576, stack(0x0000005672700000,0x0000005672800000)]
  0x000001cb2bb0ac10 JavaThread "Unconstrained build operations Thread 27" [_thread_blocked, id=7116, stack(0x0000005672800000,0x0000005672900000)]
  0x000001cb2bb08590 JavaThread "Unconstrained build operations Thread 28" [_thread_blocked, id=7876, stack(0x0000005672900000,0x0000005672a00000)]
  0x000001cb2bb06d80 JavaThread "Unconstrained build operations Thread 29" [_thread_blocked, id=12624, stack(0x0000005672a00000,0x0000005672b00000)]
  0x000001cb2bb03890 JavaThread "Unconstrained build operations Thread 30" [_thread_blocked, id=8456, stack(0x0000005672b00000,0x0000005672c00000)]
  0x000001cb2bb07720 JavaThread "Unconstrained build operations Thread 31" [_thread_blocked, id=3992, stack(0x0000005672c00000,0x0000005672d00000)]
  0x000001cb2bb03d60 JavaThread "Unconstrained build operations Thread 32" [_thread_blocked, id=9156, stack(0x0000005672d00000,0x0000005672e00000)]
  0x000001cb2bb08a60 JavaThread "Unconstrained build operations Thread 33" [_thread_blocked, id=2392, stack(0x0000005672e00000,0x0000005672f00000)]
  0x000001cb2b656330 JavaThread "Unconstrained build operations Thread 34" [_thread_blocked, id=8684, stack(0x0000005672f00000,0x0000005673000000)]
  0x000001cb2b654180 JavaThread "Unconstrained build operations Thread 35" [_thread_blocked, id=11232, stack(0x0000005673000000,0x0000005673100000)]
  0x000001cb2b6537e0 JavaThread "Unconstrained build operations Thread 36" [_thread_blocked, id=3456, stack(0x0000005673100000,0x0000005673200000)]
  0x000001cb2b654650 JavaThread "Unconstrained build operations Thread 37" [_thread_blocked, id=1468, stack(0x0000005673200000,0x0000005673300000)]
  0x000001cb2b657b40 JavaThread "Unconstrained build operations Thread 38" [_thread_blocked, id=8220, stack(0x0000005673300000,0x0000005673400000)]
  0x000001cb2b6502f0 JavaThread "Unconstrained build operations Thread 39" [_thread_blocked, id=10996, stack(0x0000005673400000,0x0000005673500000)]
  0x000001cb2b652970 JavaThread "Unconstrained build operations Thread 40" [_thread_blocked, id=11988, stack(0x0000005673500000,0x0000005673600000)]
  0x000001cb2b654ff0 JavaThread "Unconstrained build operations Thread 41" [_thread_blocked, id=240, stack(0x0000005673600000,0x0000005673700000)]
  0x000001cb2b654b20 JavaThread "Unconstrained build operations Thread 42" [_thread_blocked, id=12968, stack(0x0000005673700000,0x0000005673800000)]
  0x000001cb2b6554c0 JavaThread "Unconstrained build operations Thread 43" [_thread_blocked, id=10704, stack(0x0000005673800000,0x0000005673900000)]
  0x000001cb2b6507c0 JavaThread "Unconstrained build operations Thread 44" [_thread_blocked, id=5908, stack(0x0000005673900000,0x0000005673a00000)]
  0x000001cb2b651160 JavaThread "Unconstrained build operations Thread 45" [_thread_blocked, id=11356, stack(0x0000005673a00000,0x0000005673b00000)]
  0x000001cb2b6571a0 JavaThread "Unconstrained build operations Thread 46" [_thread_blocked, id=1700, stack(0x0000005673b00000,0x0000005673c00000)]
  0x000001cb2b655990 JavaThread "Unconstrained build operations Thread 47" [_thread_blocked, id=6120, stack(0x0000005673c00000,0x0000005673d00000)]
  0x000001cb2b650c90 JavaThread "Unconstrained build operations Thread 48" [_thread_blocked, id=10012, stack(0x0000005673d00000,0x0000005673e00000)]
  0x000001cb2b652e40 JavaThread "Unconstrained build operations Thread 49" [_thread_blocked, id=11912, stack(0x0000005673e00000,0x0000005673f00000)]
  0x000001cb2b653310 JavaThread "Unconstrained build operations Thread 50" [_thread_blocked, id=3780, stack(0x0000005673f00000,0x0000005674000000)]
  0x000001cb2b651630 JavaThread "Unconstrained build operations Thread 51" [_thread_blocked, id=6600, stack(0x0000005674000000,0x0000005674100000)]
  0x000001cb2b653cb0 JavaThread "Unconstrained build operations Thread 52" [_thread_blocked, id=10992, stack(0x0000005674100000,0x0000005674200000)]
  0x000001cb2b655e60 JavaThread "Unconstrained build operations Thread 53" [_thread_blocked, id=8612, stack(0x0000005674200000,0x0000005674300000)]
  0x000001cb2b651b00 JavaThread "Unconstrained build operations Thread 54" [_thread_blocked, id=632, stack(0x0000005674300000,0x0000005674400000)]
  0x000001cb2b656cd0 JavaThread "Unconstrained build operations Thread 55" [_thread_blocked, id=6348, stack(0x0000005674400000,0x0000005674500000)]
  0x000001cb2b651fd0 JavaThread "Unconstrained build operations Thread 56" [_thread_blocked, id=5876, stack(0x0000005674500000,0x0000005674600000)]
  0x000001cb2b6524a0 JavaThread "Unconstrained build operations Thread 57" [_thread_blocked, id=4368, stack(0x0000005674600000,0x0000005674700000)]
  0x000001cb2b657670 JavaThread "Unconstrained build operations Thread 58" [_thread_blocked, id=11708, stack(0x0000005674700000,0x0000005674800000)]
  0x000001cb2b656800 JavaThread "Unconstrained build operations Thread 59" [_thread_blocked, id=7072, stack(0x0000005674800000,0x0000005674900000)]
  0x000001cb2b58c400 JavaThread "Unconstrained build operations Thread 60" [_thread_blocked, id=2764, stack(0x0000005674900000,0x0000005674a00000)]
  0x000001cb2b58e5b0 JavaThread "Unconstrained build operations Thread 61" [_thread_blocked, id=2948, stack(0x0000005674a00000,0x0000005674b00000)]
  0x000001cb2b58c8d0 JavaThread "Unconstrained build operations Thread 62" [_thread_blocked, id=6992, stack(0x0000005674b00000,0x0000005674c00000)]
  0x000001cb2b58d740 JavaThread "Unconstrained build operations Thread 63" [_thread_blocked, id=4528, stack(0x0000005674c00000,0x0000005674d00000)]
  0x000001cb2b58ea80 JavaThread "Unconstrained build operations Thread 64" [_thread_blocked, id=12444, stack(0x0000005674d00000,0x0000005674e00000)]
  0x000001cb2b5898b0 JavaThread "Unconstrained build operations Thread 65" [_thread_blocked, id=4384, stack(0x0000005674e00000,0x0000005674f00000)]
  0x000001cb2b58a720 JavaThread "Unconstrained build operations Thread 66" [_thread_blocked, id=8320, stack(0x0000005674f00000,0x0000005675000000)]
  0x000001cb2b58dc10 JavaThread "Unconstrained build operations Thread 67" [_thread_blocked, id=6320, stack(0x0000005675000000,0x0000005675100000)]
  0x000001cb2b589d80 JavaThread "Unconstrained build operations Thread 68" [_thread_blocked, id=10032, stack(0x0000005675100000,0x0000005675200000)]
  0x000001cb2b58b0c0 JavaThread "Unconstrained build operations Thread 69" [_thread_blocked, id=2772, stack(0x0000005675200000,0x0000005675300000)]
  0x000001cb2b58e0e0 JavaThread "Unconstrained build operations Thread 70" [_thread_blocked, id=3984, stack(0x0000005675300000,0x0000005675400000)]
  0x000001cb2b58ef50 JavaThread "Unconstrained build operations Thread 71" [_thread_blocked, id=10960, stack(0x0000005675400000,0x0000005675500000)]
  0x000001cb2b5880a0 JavaThread "Unconstrained build operations Thread 72" [_thread_blocked, id=12644, stack(0x0000005675500000,0x0000005675600000)]
  0x000001cb2b58f420 JavaThread "Unconstrained build operations Thread 73" [_thread_blocked, id=7476, stack(0x0000005675600000,0x0000005675700000)]
  0x000001cb2b58f8f0 JavaThread "Unconstrained build operations Thread 74" [_thread_blocked, id=3704, stack(0x0000005675700000,0x0000005675800000)]
  0x000001cb2b588570 JavaThread "Unconstrained build operations Thread 75" [_thread_blocked, id=10444, stack(0x0000005675800000,0x0000005675900000)]
  0x000001cb2b5893e0 JavaThread "Unconstrained build operations Thread 76" [_thread_blocked, id=10144, stack(0x0000005675900000,0x0000005675a00000)]
  0x000001cb2b58abf0 JavaThread "Unconstrained build operations Thread 77" [_thread_blocked, id=12312, stack(0x0000005675a00000,0x0000005675b00000)]
  0x000001cb2b588a40 JavaThread "Unconstrained build operations Thread 78" [_thread_blocked, id=9860, stack(0x0000005675b00000,0x0000005675c00000)]
  0x000001cb2b58cda0 JavaThread "Unconstrained build operations Thread 79" [_thread_blocked, id=13016, stack(0x0000005675c00000,0x0000005675d00000)]
  0x000001cb2b58d270 JavaThread "Unconstrained build operations Thread 80" [_thread_blocked, id=13128, stack(0x0000005675d00000,0x0000005675e00000)]
  0x000001cb2b588f10 JavaThread "jar transforms Thread 6" [_thread_blocked, id=12524, stack(0x0000005675e00000,0x0000005675f00000)]
  0x000001cb2b58a250 JavaThread "jar transforms Thread 7" [_thread_blocked, id=9280, stack(0x0000005675f00000,0x0000005676000000)]
  0x000001cb2b58b590 JavaThread "jar transforms Thread 8" [_thread_blocked, id=12264, stack(0x0000005676000000,0x0000005676100000)]
  0x000001cb2b58ba60 JavaThread "build event listener" [_thread_blocked, id=12528, stack(0x0000005676100000,0x0000005676200000)]
  0x000001cb2b58bf30 JavaThread "Memory manager" [_thread_blocked, id=11092, stack(0x0000005676200000,0x0000005676300000)]
  0x000001cb2c7678a0 JavaThread "build event listener" [_thread_blocked, id=1444, stack(0x0000005676300000,0x0000005676400000)]
  0x000001cb2c766090 JavaThread "build event listener" [_thread_blocked, id=10688, stack(0x0000005676400000,0x0000005676500000)]
  0x000001cb2c43a3c0 JavaThread "C2 CompilerThread1" daemon [_thread_blocked, id=9376, stack(0x000000566e600000,0x000000566e700000)]
  0x000001cb2c76d8e0 JavaThread "pool-3-thread-1" [_thread_blocked, id=5052, stack(0x0000005676500000,0x0000005676600000)]
  0x000001cb2c766a30 JavaThread "build event listener" [_thread_blocked, id=10236, stack(0x0000005676600000,0x0000005676700000)]
  0x000001cb2c766f00 JavaThread "included builds" [_thread_blocked, id=2268, stack(0x0000005676700000,0x0000005676800000)]
  0x000001cb2c76a3f0 JavaThread "Execution worker" [_thread_blocked, id=4436, stack(0x0000005676800000,0x0000005676900000)]
  0x000001cb2c76a8c0 JavaThread "Execution worker Thread 2" [_thread_blocked, id=12820, stack(0x0000005676900000,0x0000005676a00000)]
  0x000001cb2c76ad90 JavaThread "Execution worker Thread 3" [_thread_blocked, id=10524, stack(0x0000005676a00000,0x0000005676b00000)]
  0x000001cb2c768710 JavaThread "Execution worker Thread 4" [_thread_blocked, id=2072, stack(0x0000005676b00000,0x0000005676c00000)]
  0x000001cb2c76bc00 JavaThread "Execution worker Thread 5" [_thread_blocked, id=3312, stack(0x0000005676c00000,0x0000005676d00000)]
  0x000001cb2c768be0 JavaThread "Execution worker Thread 6" [_thread_blocked, id=12024, stack(0x0000005676d00000,0x0000005676e00000)]
  0x000001cb2c7690b0 JavaThread "Execution worker Thread 7" [_thread_blocked, id=10076, stack(0x0000005676e00000,0x0000005676f00000)]
  0x000001cb3338d760 JavaThread "Cache worker for execution history cache (C:\Users\samuc\Desktop\BosquePanetteriaApp\.gradle\8.0\executionHistory)" [_thread_blocked, id=5676, stack(0x0000005676f00000,0x0000005677000000)]
  0x000001cb2c4399a0 JavaThread "C2 CompilerThread2" daemon [_thread_in_native, id=12052, stack(0x000000566ec00000,0x000000566ed00000)]

Other Threads:
=>0x000001cb24a74090 VMThread "VM Thread" [stack: 0x000000566d900000,0x000000566da00000] [id=9360]
  0x000001cb255f1350 WatcherThread [stack: 0x000000566e500000,0x000000566e600000] [id=1168]
  0x000001cb0ac7a270 GCTaskThread "GC Thread#0" [stack: 0x000000566d400000,0x000000566d500000] [id=10940]
  0x000001cb266f19e0 GCTaskThread "GC Thread#1" [stack: 0x000000566e700000,0x000000566e800000] [id=10972]
  0x000001cb257f8830 GCTaskThread "GC Thread#2" [stack: 0x000000566e800000,0x000000566e900000] [id=8308]
  0x000001cb26570830 GCTaskThread "GC Thread#3" [stack: 0x000000566e900000,0x000000566ea00000] [id=13216]
  0x000001cb26e5aad0 GCTaskThread "GC Thread#4" [stack: 0x000000566ea00000,0x000000566eb00000] [id=10212]
  0x000001cb27cf8570 GCTaskThread "GC Thread#5" [stack: 0x000000566f600000,0x000000566f700000] [id=8488]
  0x000001cb27cf92e0 GCTaskThread "GC Thread#6" [stack: 0x000000566f700000,0x000000566f800000] [id=8528]
  0x000001cb27cf8d80 GCTaskThread "GC Thread#7" [stack: 0x000000566f800000,0x000000566f900000] [id=5316]
  0x000001cb0ac8b0c0 ConcurrentGCThread "G1 Main Marker" [stack: 0x000000566d500000,0x000000566d600000] [id=7716]
  0x000001cb0ac8b9e0 ConcurrentGCThread "G1 Conc#0" [stack: 0x000000566d600000,0x000000566d700000] [id=12720]
  0x000001cb27cf7ab0 ConcurrentGCThread "G1 Conc#1" [stack: 0x000000566f900000,0x000000566fa00000] [id=652]
  0x000001cb0acee800 ConcurrentGCThread "G1 Refine#0" [stack: 0x000000566d700000,0x000000566d800000] [id=1196]
  0x000001cb28e563d0 ConcurrentGCThread "G1 Refine#1" [stack: 0x0000005670700000,0x0000005670800000] [id=11796]
  0x000001cb24925ff0 ConcurrentGCThread "G1 Service" [stack: 0x000000566d800000,0x000000566d900000] [id=11488]

Threads with active compile tasks:
C2 CompilerThread0    16455 12149 % !   4       com.android.ide.common.resources.DataMerger::mergeData @ 247 (611 bytes)
C2 CompilerThread1    16455 12307       4       com.android.ide.common.resources.NodeUtils::duplicateNode (315 bytes)
C2 CompilerThread2    16455 12295       4       com.android.ide.common.resources.NodeUtils::updateNamespace (167 bytes)

VM state: at safepoint (normal execution)

VM Mutex/Monitor currently owned by a thread:  ([mutex/lock_event])
[0x000001cb0ac17080] Threads_lock - owner thread: 0x000001cb24a74090
[0x000001cb0ac16420] Heap_lock - owner thread: 0x000001cb2c76ad90

Heap address: 0x0000000080000000, size: 2048 MB, Compressed Oops mode: 32-bit

CDS archive(s) not mapped
Compressed class space mapped at: 0x0000000100000000-0x0000000140000000, reserved size: 1073741824
Narrow klass base: 0x0000000000000000, Narrow klass shift: 3, Narrow klass range: 0x140000000

GC Precious Log:
 CPUs: 8 total, 8 available
 Memory: 7971M
 Large Page Support: Disabled
 NUMA Support: Disabled
 Compressed Oops: Enabled (32-bit)
 Heap Region Size: 1M
 Heap Min Capacity: 8M
 Heap Initial Capacity: 126M
 Heap Max Capacity: 2G
 Pre-touch: Disabled
 Parallel Workers: 8
 Concurrent Workers: 2
 Concurrent Refinement Workers: 8
 Periodic GC: Disabled

Heap:
 garbage-first heap   total 199680K, used 141179K [0x0000000080000000, 0x0000000100000000)
  region size 1024K, 6 young (6144K), 6 survivors (6144K)
 Metaspace       used 103430K, committed 104192K, reserved 1146880K
  class space    used 14063K, committed 14464K, reserved 1048576K

Heap Regions: E=young(eden), S=young(survivor), O=old, HS=humongous(starts), HC=humongous(continues), CS=collection set, F=free, OA=open archive, CA=closed archive, TAMS=top-at-mark-start (previous, next)
|   0|0x0000000080000000, 0x0000000080100000, 0x0000000080100000|100%|HS|  |TAMS 0x0000000080100000, 0x0000000080100000| Complete 
|   1|0x0000000080100000, 0x0000000080200000, 0x0000000080200000|100%|HC|  |TAMS 0x0000000080200000, 0x0000000080200000| Complete 
|   2|0x0000000080200000, 0x0000000080300000, 0x0000000080300000|100%|HC|  |TAMS 0x0000000080300000, 0x0000000080300000| Complete 
|   3|0x0000000080300000, 0x0000000080400000, 0x0000000080400000|100%|HC|  |TAMS 0x0000000080400000, 0x0000000080400000| Complete 
|   4|0x0000000080400000, 0x0000000080500000, 0x0000000080500000|100%| O|  |TAMS 0x0000000080500000, 0x0000000080500000| Untracked 
|   5|0x0000000080500000, 0x0000000080600000, 0x0000000080600000|100%| O|  |TAMS 0x0000000080600000, 0x0000000080600000| Untracked 
|   6|0x0000000080600000, 0x0000000080700000, 0x0000000080700000|100%| O|  |TAMS 0x0000000080700000, 0x0000000080700000| Untracked 
|   7|0x0000000080700000, 0x0000000080800000, 0x0000000080800000|100%| O|  |TAMS 0x0000000080800000, 0x0000000080800000| Untracked 
|   8|0x0000000080800000, 0x0000000080900000, 0x0000000080900000|100%| O|  |TAMS 0x0000000080900000, 0x0000000080900000| Untracked 
|   9|0x0000000080900000, 0x0000000080a00000, 0x0000000080a00000|100%| O|  |TAMS 0x0000000080a00000, 0x0000000080a00000| Untracked 
|  10|0x0000000080a00000, 0x0000000080b00000, 0x0000000080b00000|100%| O|  |TAMS 0x0000000080b00000, 0x0000000080b00000| Untracked 
|  11|0x0000000080b00000, 0x0000000080bad000, 0x0000000080c00000| 67%| O|  |TAMS 0x0000000080bad000, 0x0000000080bad000| Untracked 
|  12|0x0000000080c00000, 0x0000000080d00000, 0x0000000080d00000|100%| O|  |TAMS 0x0000000080d00000, 0x0000000080d00000| Untracked 
|  13|0x0000000080d00000, 0x0000000080e00000, 0x0000000080e00000|100%| O|  |TAMS 0x0000000080e00000, 0x0000000080e00000| Untracked 
|  14|0x0000000080e00000, 0x0000000080f00000, 0x0000000080f00000|100%| O|  |TAMS 0x0000000080f00000, 0x0000000080f00000| Untracked 
|  15|0x0000000080f00000, 0x0000000081000000, 0x0000000081000000|100%| O|  |TAMS 0x0000000081000000, 0x0000000081000000| Untracked 
|  16|0x0000000081000000, 0x0000000081100000, 0x0000000081100000|100%| O|  |TAMS 0x0000000081100000, 0x0000000081100000| Untracked 
|  17|0x0000000081100000, 0x0000000081200000, 0x0000000081200000|100%| O|  |TAMS 0x0000000081200000, 0x0000000081200000| Untracked 
|  18|0x0000000081200000, 0x0000000081300000, 0x0000000081300000|100%| O|  |TAMS 0x0000000081300000, 0x0000000081300000| Untracked 
|  19|0x0000000081300000, 0x0000000081400000, 0x0000000081400000|100%| O|  |TAMS 0x0000000081400000, 0x0000000081400000| Untracked 
|  20|0x0000000081400000, 0x0000000081500000, 0x0000000081500000|100%| O|  |TAMS 0x0000000081500000, 0x0000000081500000| Untracked 
|  21|0x0000000081500000, 0x0000000081600000, 0x0000000081600000|100%| O|  |TAMS 0x0000000081600000, 0x0000000081600000| Untracked 
|  22|0x0000000081600000, 0x0000000081700000, 0x0000000081700000|100%| O|  |TAMS 0x0000000081700000, 0x0000000081700000| Untracked 
|  23|0x0000000081700000, 0x0000000081800000, 0x0000000081800000|100%| O|  |TAMS 0x0000000081800000, 0x0000000081800000| Untracked 
|  24|0x0000000081800000, 0x0000000081900000, 0x0000000081900000|100%| O|  |TAMS 0x0000000081900000, 0x0000000081900000| Untracked 
|  25|0x0000000081900000, 0x0000000081a00000, 0x0000000081a00000|100%| O|  |TAMS 0x0000000081a00000, 0x0000000081a00000| Untracked 
|  26|0x0000000081a00000, 0x0000000081b00000, 0x0000000081b00000|100%| O|  |TAMS 0x0000000081b00000, 0x0000000081b00000| Untracked 
|  27|0x0000000081b00000, 0x0000000081c00000, 0x0000000081c00000|100%| O|  |TAMS 0x0000000081c00000, 0x0000000081c00000| Untracked 
|  28|0x0000000081c00000, 0x0000000081d00000, 0x0000000081d00000|100%| O|  |TAMS 0x0000000081d00000, 0x0000000081d00000| Untracked 
|  29|0x0000000081d00000, 0x0000000081e00000, 0x0000000081e00000|100%| O|  |TAMS 0x0000000081e00000, 0x0000000081e00000| Untracked 
|  30|0x0000000081e00000, 0x0000000081f00000, 0x0000000081f00000|100%| O|  |TAMS 0x0000000081e00000, 0x0000000081f00000| Untracked 
|  31|0x0000000081f00000, 0x0000000082000000, 0x0000000082000000|100%|HS|  |TAMS 0x0000000082000000, 0x0000000082000000| Complete 
|  32|0x0000000082000000, 0x0000000082100000, 0x0000000082100000|100%|HS|  |TAMS 0x0000000082100000, 0x0000000082100000| Complete 
|  33|0x0000000082100000, 0x0000000082200000, 0x0000000082200000|100%|HS|  |TAMS 0x0000000082200000, 0x0000000082200000| Complete 
|  34|0x0000000082200000, 0x0000000082300000, 0x0000000082300000|100%|HS|  |TAMS 0x0000000082300000, 0x0000000082300000| Complete 
|  35|0x0000000082300000, 0x0000000082400000, 0x0000000082400000|100%|HC|  |TAMS 0x0000000082400000, 0x0000000082400000| Complete 
|  36|0x0000000082400000, 0x0000000082500000, 0x0000000082500000|100%| O|  |TAMS 0x0000000082500000, 0x0000000082500000| Untracked 
|  37|0x0000000082500000, 0x0000000082600000, 0x0000000082600000|100%| O|  |TAMS 0x0000000082600000, 0x0000000082600000| Untracked 
|  38|0x0000000082600000, 0x0000000082600000, 0x0000000082700000|  0%| F|  |TAMS 0x0000000082600000, 0x0000000082600000| Untracked 
|  39|0x0000000082700000, 0x0000000082800000, 0x0000000082800000|100%| O|  |TAMS 0x0000000082800000, 0x0000000082800000| Untracked 
|  40|0x0000000082800000, 0x0000000082900000, 0x0000000082900000|100%| O|  |TAMS 0x0000000082900000, 0x0000000082900000| Untracked 
|  41|0x0000000082900000, 0x0000000082a00000, 0x0000000082a00000|100%|HS|  |TAMS 0x0000000082a00000, 0x0000000082a00000| Complete 
|  42|0x0000000082a00000, 0x0000000082b00000, 0x0000000082b00000|100%|HC|  |TAMS 0x0000000082b00000, 0x0000000082b00000| Complete 
|  43|0x0000000082b00000, 0x0000000082c00000, 0x0000000082c00000|100%|HC|  |TAMS 0x0000000082c00000, 0x0000000082c00000| Complete 
|  44|0x0000000082c00000, 0x0000000082d00000, 0x0000000082d00000|100%|HC|  |TAMS 0x0000000082d00000, 0x0000000082d00000| Complete 
|  45|0x0000000082d00000, 0x0000000082e00000, 0x0000000082e00000|100%| O|  |TAMS 0x0000000082e00000, 0x0000000082e00000| Untracked 
|  46|0x0000000082e00000, 0x0000000082f00000, 0x0000000082f00000|100%| O|  |TAMS 0x0000000082f00000, 0x0000000082f00000| Untracked 
|  47|0x0000000082f00000, 0x0000000083000000, 0x0000000083000000|100%| O|  |TAMS 0x0000000083000000, 0x0000000083000000| Untracked 
|  48|0x0000000083000000, 0x0000000083100000, 0x0000000083100000|100%| O|  |TAMS 0x0000000083100000, 0x0000000083100000| Untracked 
|  49|0x0000000083100000, 0x0000000083200000, 0x0000000083200000|100%| O|  |TAMS 0x0000000083200000, 0x0000000083200000| Untracked 
|  50|0x0000000083200000, 0x0000000083300000, 0x0000000083300000|100%| O|  |TAMS 0x0000000083300000, 0x0000000083300000| Untracked 
|  51|0x0000000083300000, 0x0000000083400000, 0x0000000083400000|100%| O|  |TAMS 0x0000000083400000, 0x0000000083400000| Untracked 
|  52|0x0000000083400000, 0x0000000083500000, 0x0000000083500000|100%| O|  |TAMS 0x0000000083500000, 0x0000000083500000| Untracked 
|  53|0x0000000083500000, 0x0000000083600000, 0x0000000083600000|100%| O|  |TAMS 0x0000000083600000, 0x0000000083600000| Untracked 
|  54|0x0000000083600000, 0x0000000083700000, 0x0000000083700000|100%| O|  |TAMS 0x0000000083700000, 0x0000000083700000| Untracked 
|  55|0x0000000083700000, 0x0000000083800000, 0x0000000083800000|100%| O|  |TAMS 0x0000000083800000, 0x0000000083800000| Untracked 
|  56|0x0000000083800000, 0x0000000083900000, 0x0000000083900000|100%| O|  |TAMS 0x0000000083900000, 0x0000000083900000| Untracked 
|  57|0x0000000083900000, 0x0000000083a00000, 0x0000000083a00000|100%| O|  |TAMS 0x0000000083a00000, 0x0000000083a00000| Untracked 
|  58|0x0000000083a00000, 0x0000000083b00000, 0x0000000083b00000|100%| O|  |TAMS 0x0000000083b00000, 0x0000000083b00000| Untracked 
|  59|0x0000000083b00000, 0x0000000083c00000, 0x0000000083c00000|100%| O|  |TAMS 0x0000000083c00000, 0x0000000083c00000| Untracked 
|  60|0x0000000083c00000, 0x0000000083d00000, 0x0000000083d00000|100%| O|  |TAMS 0x0000000083d00000, 0x0000000083d00000| Untracked 
|  61|0x0000000083d00000, 0x0000000083e00000, 0x0000000083e00000|100%| O|  |TAMS 0x0000000083e00000, 0x0000000083e00000| Untracked 
|  62|0x0000000083e00000, 0x0000000083f00000, 0x0000000083f00000|100%| O|  |TAMS 0x0000000083f00000, 0x0000000083f00000| Untracked 
|  63|0x0000000083f00000, 0x0000000084000000, 0x0000000084000000|100%| O|  |TAMS 0x0000000084000000, 0x0000000084000000| Untracked 
|  64|0x0000000084000000, 0x0000000084100000, 0x0000000084100000|100%| O|  |TAMS 0x0000000084100000, 0x0000000084100000| Untracked 
|  65|0x0000000084100000, 0x0000000084200000, 0x0000000084200000|100%| O|  |TAMS 0x0000000084200000, 0x0000000084200000| Untracked 
|  66|0x0000000084200000, 0x0000000084300000, 0x0000000084300000|100%| O|  |TAMS 0x0000000084300000, 0x0000000084300000| Untracked 
|  67|0x0000000084300000, 0x0000000084400000, 0x0000000084400000|100%| O|  |TAMS 0x0000000084300000, 0x0000000084300000| Untracked 
|  68|0x0000000084400000, 0x0000000084500000, 0x0000000084500000|100%| O|  |TAMS 0x0000000084500000, 0x0000000084500000| Untracked 
|  69|0x0000000084500000, 0x0000000084600000, 0x0000000084600000|100%| O|  |TAMS 0x0000000084600000, 0x0000000084600000| Untracked 
|  70|0x0000000084600000, 0x0000000084700000, 0x0000000084700000|100%| O|  |TAMS 0x0000000084700000, 0x0000000084700000| Untracked 
|  71|0x0000000084700000, 0x0000000084800000, 0x0000000084800000|100%| O|  |TAMS 0x0000000084800000, 0x0000000084800000| Untracked 
|  72|0x0000000084800000, 0x0000000084900000, 0x0000000084900000|100%| O|  |TAMS 0x0000000084900000, 0x0000000084900000| Untracked 
|  73|0x0000000084900000, 0x0000000084a00000, 0x0000000084a00000|100%| O|  |TAMS 0x0000000084a00000, 0x0000000084a00000| Untracked 
|  74|0x0000000084a00000, 0x0000000084b00000, 0x0000000084b00000|100%| O|  |TAMS 0x0000000084b00000, 0x0000000084b00000| Untracked 
|  75|0x0000000084b00000, 0x0000000084c00000, 0x0000000084c00000|100%| O|  |TAMS 0x0000000084c00000, 0x0000000084c00000| Untracked 
|  76|0x0000000084c00000, 0x0000000084d00000, 0x0000000084d00000|100%| O|  |TAMS 0x0000000084d00000, 0x0000000084d00000| Untracked 
|  77|0x0000000084d00000, 0x0000000084e00000, 0x0000000084e00000|100%| O|  |TAMS 0x0000000084e00000, 0x0000000084e00000| Untracked 
|  78|0x0000000084e00000, 0x0000000084f00000, 0x0000000084f00000|100%| O|  |TAMS 0x0000000084f00000, 0x0000000084f00000| Untracked 
|  79|0x0000000084f00000, 0x0000000085000000, 0x0000000085000000|100%| O|  |TAMS 0x0000000085000000, 0x0000000085000000| Untracked 
|  80|0x0000000085000000, 0x0000000085100000, 0x0000000085100000|100%| O|  |TAMS 0x0000000085100000, 0x0000000085100000| Untracked 
|  81|0x0000000085100000, 0x0000000085200000, 0x0000000085200000|100%| O|  |TAMS 0x0000000085200000, 0x0000000085200000| Untracked 
|  82|0x0000000085200000, 0x0000000085300000, 0x0000000085300000|100%| O|  |TAMS 0x0000000085300000, 0x0000000085300000| Untracked 
|  83|0x0000000085300000, 0x0000000085400000, 0x0000000085400000|100%| O|  |TAMS 0x0000000085400000, 0x0000000085400000| Untracked 
|  84|0x0000000085400000, 0x0000000085500000, 0x0000000085500000|100%| O|  |TAMS 0x0000000085500000, 0x0000000085500000| Untracked 
|  85|0x0000000085500000, 0x0000000085600000, 0x0000000085600000|100%| O|  |TAMS 0x0000000085600000, 0x0000000085600000| Untracked 
|  86|0x0000000085600000, 0x0000000085700000, 0x0000000085700000|100%| O|  |TAMS 0x0000000085700000, 0x0000000085700000| Untracked 
|  87|0x0000000085700000, 0x0000000085800000, 0x0000000085800000|100%| O|  |TAMS 0x0000000085800000, 0x0000000085800000| Untracked 
|  88|0x0000000085800000, 0x0000000085900000, 0x0000000085900000|100%| O|  |TAMS 0x0000000085900000, 0x0000000085900000| Untracked 
|  89|0x0000000085900000, 0x0000000085a00000, 0x0000000085a00000|100%| O|  |TAMS 0x0000000085900000, 0x0000000085a00000| Untracked 
|  90|0x0000000085a00000, 0x0000000085b00000, 0x0000000085b00000|100%| O|  |TAMS 0x0000000085a00000, 0x0000000085b00000| Untracked 
|  91|0x0000000085b00000, 0x0000000085c00000, 0x0000000085c00000|100%| O|  |TAMS 0x0000000085b00000, 0x0000000085c00000| Untracked 
|  92|0x0000000085c00000, 0x0000000085d00000, 0x0000000085d00000|100%| O|  |TAMS 0x0000000085c00000, 0x0000000085d00000| Untracked 
|  93|0x0000000085d00000, 0x0000000085e00000, 0x0000000085e00000|100%| O|  |TAMS 0x0000000085d00000, 0x0000000085e00000| Untracked 
|  94|0x0000000085e00000, 0x0000000085f00000, 0x0000000085f00000|100%| O|  |TAMS 0x0000000085e00000, 0x0000000085f00000| Untracked 
|  95|0x0000000085f00000, 0x0000000086000000, 0x0000000086000000|100%| O|  |TAMS 0x0000000085f00000, 0x0000000086000000| Untracked 
|  96|0x0000000086000000, 0x0000000086100000, 0x0000000086100000|100%| O|  |TAMS 0x0000000086000000, 0x0000000086100000| Untracked 
|  97|0x0000000086100000, 0x0000000086200000, 0x0000000086200000|100%| O|  |TAMS 0x0000000086100000, 0x0000000086200000| Untracked 
|  98|0x0000000086200000, 0x0000000086300000, 0x0000000086300000|100%|HS|  |TAMS 0x0000000086200000, 0x0000000086300000| Complete 
|  99|0x0000000086300000, 0x0000000086400000, 0x0000000086400000|100%|HC|  |TAMS 0x0000000086300000, 0x0000000086400000| Complete 
| 100|0x0000000086400000, 0x0000000086500000, 0x0000000086500000|100%|HC|  |TAMS 0x0000000086400000, 0x0000000086500000| Complete 
| 101|0x0000000086500000, 0x0000000086600000, 0x0000000086600000|100%| O|  |TAMS 0x0000000086500000, 0x0000000086600000| Untracked 
| 102|0x0000000086600000, 0x0000000086700000, 0x0000000086700000|100%| O|  |TAMS 0x0000000086600000, 0x0000000086700000| Untracked 
| 103|0x0000000086700000, 0x0000000086800000, 0x0000000086800000|100%| O|  |TAMS 0x0000000086700000, 0x0000000086800000| Untracked 
| 104|0x0000000086800000, 0x0000000086900000, 0x0000000086900000|100%| O|  |TAMS 0x0000000086800000, 0x0000000086900000| Untracked 
| 105|0x0000000086900000, 0x0000000086a00000, 0x0000000086a00000|100%| O|  |TAMS 0x0000000086900000, 0x0000000086a00000| Untracked 
| 106|0x0000000086a00000, 0x0000000086b00000, 0x0000000086b00000|100%| O|  |TAMS 0x0000000086a00000, 0x0000000086b00000| Untracked 
| 107|0x0000000086b00000, 0x0000000086c00000, 0x0000000086c00000|100%| O|  |TAMS 0x0000000086b00000, 0x0000000086c00000| Untracked 
| 108|0x0000000086c00000, 0x0000000086d00000, 0x0000000086d00000|100%| O|  |TAMS 0x0000000086c00000, 0x0000000086d00000| Untracked 
| 109|0x0000000086d00000, 0x0000000086e00000, 0x0000000086e00000|100%| O|  |TAMS 0x0000000086d00000, 0x0000000086e00000| Untracked 
| 110|0x0000000086e00000, 0x0000000086f00000, 0x0000000086f00000|100%| O|  |TAMS 0x0000000086e00000, 0x0000000086f00000| Untracked 
| 111|0x0000000086f00000, 0x0000000087000000, 0x0000000087000000|100%| O|  |TAMS 0x0000000086f00000, 0x0000000087000000| Untracked 
| 112|0x0000000087000000, 0x0000000087100000, 0x0000000087100000|100%| O|  |TAMS 0x0000000087000000, 0x0000000087100000| Untracked 
| 113|0x0000000087100000, 0x0000000087200000, 0x0000000087200000|100%| O|  |TAMS 0x0000000087100000, 0x0000000087200000| Untracked 
| 114|0x0000000087200000, 0x0000000087300000, 0x0000000087300000|100%| O|  |TAMS 0x0000000087200000, 0x000000008721e400| Untracked 
| 115|0x0000000087300000, 0x0000000087300000, 0x0000000087400000|  0%| F|  |TAMS 0x0000000087300000, 0x0000000087300000| Untracked 
| 116|0x0000000087400000, 0x0000000087400000, 0x0000000087500000|  0%| F|  |TAMS 0x0000000087400000, 0x0000000087400000| Untracked 
| 117|0x0000000087500000, 0x0000000087600000, 0x0000000087600000|100%|HS|  |TAMS 0x0000000087500000, 0x0000000087600000| Complete 
| 118|0x0000000087600000, 0x0000000087700000, 0x0000000087700000|100%|HC|  |TAMS 0x0000000087600000, 0x0000000087700000| Complete 
| 119|0x0000000087700000, 0x0000000087800000, 0x0000000087800000|100%|HC|  |TAMS 0x0000000087700000, 0x0000000087800000| Complete 
| 120|0x0000000087800000, 0x0000000087900000, 0x0000000087900000|100%|HC|  |TAMS 0x0000000087800000, 0x0000000087900000| Complete 
| 121|0x0000000087900000, 0x0000000087a00000, 0x0000000087a00000|100%| O|  |TAMS 0x0000000087900000, 0x0000000087900000| Untracked 
| 122|0x0000000087a00000, 0x0000000087b00000, 0x0000000087b00000|100%| O|  |TAMS 0x0000000087a00000, 0x0000000087a00000| Untracked 
| 123|0x0000000087b00000, 0x0000000087c00000, 0x0000000087c00000|100%| O|  |TAMS 0x0000000087b00000, 0x0000000087b00000| Untracked 
| 124|0x0000000087c00000, 0x0000000087d00000, 0x0000000087d00000|100%| O|  |TAMS 0x0000000087c00000, 0x0000000087c00000| Untracked 
| 125|0x0000000087d00000, 0x0000000087e00000, 0x0000000087e00000|100%| O|  |TAMS 0x0000000087d00000, 0x0000000087d00000| Untracked 
| 126|0x0000000087e00000, 0x0000000087f00000, 0x0000000087f00000|100%| O|  |TAMS 0x0000000087e00000, 0x0000000087e00000| Untracked 
| 127|0x0000000087f00000, 0x0000000088000000, 0x0000000088000000|100%| O|  |TAMS 0x0000000087f00000, 0x0000000087f00000| Untracked 
| 128|0x0000000088000000, 0x0000000088100000, 0x0000000088100000|100%| O|  |TAMS 0x0000000088000000, 0x0000000088000000| Untracked 
| 129|0x0000000088100000, 0x0000000088200000, 0x0000000088200000|100%| O|  |TAMS 0x0000000088100000, 0x0000000088100000| Untracked 
| 130|0x0000000088200000, 0x0000000088300000, 0x0000000088300000|100%| O|  |TAMS 0x0000000088200000, 0x0000000088200000| Untracked 
| 131|0x0000000088300000, 0x0000000088400000, 0x0000000088400000|100%| O|  |TAMS 0x0000000088300000, 0x0000000088300000| Untracked 
| 132|0x0000000088400000, 0x0000000088500000, 0x0000000088500000|100%| O|  |TAMS 0x0000000088400000, 0x0000000088400000| Untracked 
| 133|0x0000000088500000, 0x0000000088600000, 0x0000000088600000|100%| O|  |TAMS 0x0000000088500000, 0x0000000088500000| Untracked 
| 134|0x0000000088600000, 0x0000000088700000, 0x0000000088700000|100%| O|  |TAMS 0x0000000088600000, 0x0000000088600000| Untracked 
| 135|0x0000000088700000, 0x0000000088731c00, 0x0000000088800000| 19%| O|  |TAMS 0x0000000088700000, 0x0000000088700000| Untracked 
| 136|0x0000000088800000, 0x0000000088800000, 0x0000000088900000|  0%| F|  |TAMS 0x0000000088800000, 0x0000000088800000| Untracked 
| 137|0x0000000088900000, 0x0000000088900000, 0x0000000088a00000|  0%| F|  |TAMS 0x0000000088900000, 0x0000000088900000| Untracked 
| 138|0x0000000088a00000, 0x0000000088a00000, 0x0000000088b00000|  0%| F|  |TAMS 0x0000000088a00000, 0x0000000088a00000| Untracked 
| 139|0x0000000088b00000, 0x0000000088b00000, 0x0000000088c00000|  0%| F|  |TAMS 0x0000000088b00000, 0x0000000088b00000| Untracked 
| 140|0x0000000088c00000, 0x0000000088c00000, 0x0000000088d00000|  0%| F|  |TAMS 0x0000000088c00000, 0x0000000088c00000| Untracked 
| 141|0x0000000088d00000, 0x0000000088d00000, 0x0000000088e00000|  0%| F|  |TAMS 0x0000000088d00000, 0x0000000088d00000| Untracked 
| 142|0x0000000088e00000, 0x0000000088e00000, 0x0000000088f00000|  0%| F|  |TAMS 0x0000000088e00000, 0x0000000088e00000| Untracked 
| 143|0x0000000088f00000, 0x0000000088f00000, 0x0000000089000000|  0%| F|  |TAMS 0x0000000088f00000, 0x0000000088f00000| Untracked 
| 144|0x0000000089000000, 0x0000000089100000, 0x0000000089100000|100%| S|CS|TAMS 0x0000000089000000, 0x0000000089000000| Complete 
| 145|0x0000000089100000, 0x0000000089200000, 0x0000000089200000|100%| S|CS|TAMS 0x0000000089100000, 0x0000000089100000| Complete 
| 146|0x0000000089200000, 0x0000000089300000, 0x0000000089300000|100%| S|CS|TAMS 0x0000000089200000, 0x0000000089200000| Complete 
| 147|0x0000000089300000, 0x0000000089400000, 0x0000000089400000|100%| S|CS|TAMS 0x0000000089300000, 0x0000000089300000| Complete 
| 148|0x0000000089400000, 0x0000000089500000, 0x0000000089500000|100%| S|CS|TAMS 0x0000000089400000, 0x0000000089400000| Complete 
| 149|0x0000000089500000, 0x0000000089600000, 0x0000000089600000|100%| S|CS|TAMS 0x0000000089500000, 0x0000000089500000| Complete 
| 150|0x0000000089600000, 0x0000000089600000, 0x0000000089700000|  0%| F|  |TAMS 0x0000000089600000, 0x0000000089600000| Untracked 
| 151|0x0000000089700000, 0x0000000089700000, 0x0000000089800000|  0%| F|  |TAMS 0x0000000089700000, 0x0000000089700000| Untracked 
| 152|0x0000000089800000, 0x0000000089800000, 0x0000000089900000|  0%| F|  |TAMS 0x0000000089800000, 0x0000000089800000| Untracked 
| 153|0x0000000089900000, 0x0000000089900000, 0x0000000089a00000|  0%| F|  |TAMS 0x0000000089900000, 0x0000000089900000| Untracked 
| 154|0x0000000089a00000, 0x0000000089a00000, 0x0000000089b00000|  0%| F|  |TAMS 0x0000000089a00000, 0x0000000089a00000| Untracked 
| 155|0x0000000089b00000, 0x0000000089b00000, 0x0000000089c00000|  0%| F|  |TAMS 0x0000000089b00000, 0x0000000089b00000| Untracked 
| 156|0x0000000089c00000, 0x0000000089c00000, 0x0000000089d00000|  0%| F|  |TAMS 0x0000000089c00000, 0x0000000089c00000| Untracked 
| 157|0x0000000089d00000, 0x0000000089d00000, 0x0000000089e00000|  0%| F|  |TAMS 0x0000000089d00000, 0x0000000089d00000| Untracked 
| 158|0x0000000089e00000, 0x0000000089e00000, 0x0000000089f00000|  0%| F|  |TAMS 0x0000000089e00000, 0x0000000089e00000| Untracked 
| 159|0x0000000089f00000, 0x0000000089f00000, 0x000000008a000000|  0%| F|  |TAMS 0x0000000089f00000, 0x0000000089f00000| Untracked 
| 160|0x000000008a000000, 0x000000008a000000, 0x000000008a100000|  0%| F|  |TAMS 0x000000008a000000, 0x000000008a000000| Untracked 
| 161|0x000000008a100000, 0x000000008a100000, 0x000000008a200000|  0%| F|  |TAMS 0x000000008a100000, 0x000000008a100000| Untracked 
| 162|0x000000008a200000, 0x000000008a200000, 0x000000008a300000|  0%| F|  |TAMS 0x000000008a200000, 0x000000008a200000| Untracked 
| 163|0x000000008a300000, 0x000000008a300000, 0x000000008a400000|  0%| F|  |TAMS 0x000000008a300000, 0x000000008a300000| Untracked 
| 164|0x000000008a400000, 0x000000008a400000, 0x000000008a500000|  0%| F|  |TAMS 0x000000008a400000, 0x000000008a400000| Untracked 
| 165|0x000000008a500000, 0x000000008a500000, 0x000000008a600000|  0%| F|  |TAMS 0x000000008a500000, 0x000000008a500000| Untracked 
| 166|0x000000008a600000, 0x000000008a600000, 0x000000008a700000|  0%| F|  |TAMS 0x000000008a600000, 0x000000008a600000| Untracked 
| 167|0x000000008a700000, 0x000000008a700000, 0x000000008a800000|  0%| F|  |TAMS 0x000000008a700000, 0x000000008a700000| Untracked 
| 168|0x000000008a800000, 0x000000008a800000, 0x000000008a900000|  0%| F|  |TAMS 0x000000008a800000, 0x000000008a800000| Untracked 
| 169|0x000000008a900000, 0x000000008a900000, 0x000000008aa00000|  0%| F|  |TAMS 0x000000008a900000, 0x000000008a900000| Untracked 
| 170|0x000000008aa00000, 0x000000008aa00000, 0x000000008ab00000|  0%| F|  |TAMS 0x000000008aa00000, 0x000000008aa00000| Untracked 
| 171|0x000000008ab00000, 0x000000008ab00000, 0x000000008ac00000|  0%| F|  |TAMS 0x000000008ab00000, 0x000000008ab00000| Untracked 
| 172|0x000000008ac00000, 0x000000008ac00000, 0x000000008ad00000|  0%| F|  |TAMS 0x000000008ac00000, 0x000000008ac00000| Untracked 
| 173|0x000000008ad00000, 0x000000008ad00000, 0x000000008ae00000|  0%| F|  |TAMS 0x000000008ad00000, 0x000000008ad00000| Untracked 
| 174|0x000000008ae00000, 0x000000008ae00000, 0x000000008af00000|  0%| F|  |TAMS 0x000000008ae00000, 0x000000008ae00000| Untracked 
| 175|0x000000008af00000, 0x000000008af00000, 0x000000008b000000|  0%| F|  |TAMS 0x000000008af00000, 0x000000008af00000| Untracked 
| 176|0x000000008b000000, 0x000000008b000000, 0x000000008b100000|  0%| F|  |TAMS 0x000000008b000000, 0x000000008b000000| Untracked 
| 177|0x000000008b100000, 0x000000008b100000, 0x000000008b200000|  0%| F|  |TAMS 0x000000008b100000, 0x000000008b100000| Untracked 
| 178|0x000000008b200000, 0x000000008b200000, 0x000000008b300000|  0%| F|  |TAMS 0x000000008b200000, 0x000000008b200000| Untracked 
| 179|0x000000008b300000, 0x000000008b300000, 0x000000008b400000|  0%| F|  |TAMS 0x000000008b300000, 0x000000008b300000| Untracked 
| 180|0x000000008b400000, 0x000000008b400000, 0x000000008b500000|  0%| F|  |TAMS 0x000000008b400000, 0x000000008b400000| Untracked 
| 181|0x000000008b500000, 0x000000008b500000, 0x000000008b600000|  0%| F|  |TAMS 0x000000008b500000, 0x000000008b500000| Untracked 
| 182|0x000000008b600000, 0x000000008b600000, 0x000000008b700000|  0%| F|  |TAMS 0x000000008b600000, 0x000000008b600000| Untracked 
| 183|0x000000008b700000, 0x000000008b700000, 0x000000008b800000|  0%| F|  |TAMS 0x000000008b700000, 0x000000008b700000| Untracked 
| 184|0x000000008b800000, 0x000000008b800000, 0x000000008b900000|  0%| F|  |TAMS 0x000000008b800000, 0x000000008b800000| Untracked 
| 185|0x000000008b900000, 0x000000008b900000, 0x000000008ba00000|  0%| F|  |TAMS 0x000000008b900000, 0x000000008b900000| Untracked 
| 186|0x000000008ba00000, 0x000000008ba00000, 0x000000008bb00000|  0%| F|  |TAMS 0x000000008ba00000, 0x000000008ba00000| Untracked 
| 187|0x000000008bb00000, 0x000000008bb00000, 0x000000008bc00000|  0%| F|  |TAMS 0x000000008bb00000, 0x000000008bb00000| Untracked 
| 188|0x000000008bc00000, 0x000000008bc00000, 0x000000008bd00000|  0%| F|  |TAMS 0x000000008bc00000, 0x000000008bc00000| Untracked 
| 189|0x000000008bd00000, 0x000000008bd00000, 0x000000008be00000|  0%| F|  |TAMS 0x000000008bd00000, 0x000000008bd00000| Untracked 
| 190|0x000000008be00000, 0x000000008be00000, 0x000000008bf00000|  0%| F|  |TAMS 0x000000008be00000, 0x000000008be00000| Untracked 
| 191|0x000000008bf00000, 0x000000008bf00000, 0x000000008c000000|  0%| F|  |TAMS 0x000000008bf00000, 0x000000008bf00000| Untracked 
| 192|0x000000008c000000, 0x000000008c000000, 0x000000008c100000|  0%| F|  |TAMS 0x000000008c000000, 0x000000008c000000| Untracked 
| 193|0x000000008c100000, 0x000000008c100000, 0x000000008c200000|  0%| F|  |TAMS 0x000000008c100000, 0x000000008c100000| Untracked 
| 194|0x000000008c200000, 0x000000008c200000, 0x000000008c300000|  0%| F|  |TAMS 0x000000008c200000, 0x000000008c200000| Untracked 

Card table byte_map: [0x000001cb1d830000,0x000001cb1dc30000] _byte_map_base: 0x000001cb1d430000

Marking Bits (Prev, Next): (CMBitMap*) 0x000001cb0ac7a790, (CMBitMap*) 0x000001cb0ac7a7d0
 Prev Bits: [0x000001cb1e030000, 0x000001cb20030000)
 Next Bits: [0x000001cb20030000, 0x000001cb22030000)

Polling page: 0x000001cb0a3f0000

Metaspace:

Usage:
  Non-class:     87.27 MB used.
      Class:     13.73 MB used.
       Both:    101.01 MB used.

Virtual space:
  Non-class space:       96.00 MB reserved,      87.62 MB ( 91%) committed,  12 nodes.
      Class space:        1.00 GB reserved,      14.12 MB (  1%) committed,  1 nodes.
             Both:        1.09 GB reserved,     101.75 MB (  9%) committed. 

Chunk freelists:
   Non-Class:  3.94 MB
       Class:  1.91 MB
        Both:  5.84 MB

MaxMetaspaceSize: unlimited
CompressedClassSpaceSize: 1.00 GB
Initial GC threshold: 21.00 MB
Current GC threshold: 163.69 MB
CDS: off
MetaspaceReclaimPolicy: balanced
 - commit_granule_bytes: 65536.
 - commit_granule_words: 8192.
 - virtual_space_node_default_size: 1048576.
 - enlarge_chunks_in_place: 1.
 - new_chunks_are_fully_committed: 0.
 - uncommit_free_chunks: 1.
 - use_allocation_guard: 0.
 - handle_deallocations: 1.


Internal statistics:

num_allocs_failed_limit: 6.
num_arena_births: 1096.
num_arena_deaths: 0.
num_vsnodes_births: 13.
num_vsnodes_deaths: 0.
num_space_committed: 1627.
num_space_uncommitted: 0.
num_chunks_returned_to_freelist: 6.
num_chunks_taken_from_freelist: 4960.
num_chunk_merges: 6.
num_chunk_splits: 3289.
num_chunks_enlarged: 2229.
num_purges: 0.
num_inconsistent_stats: 0.

CodeHeap 'non-profiled nmethods': size=120000Kb used=6455Kb max_used=6455Kb free=113544Kb
 bounds [0x000001cb15bc0000, 0x000001cb16210000, 0x000001cb1d0f0000]
CodeHeap 'profiled nmethods': size=120000Kb used=21023Kb max_used=21023Kb free=98976Kb
 bounds [0x000001cb0e0f0000, 0x000001cb0f580000, 0x000001cb15620000]
CodeHeap 'non-nmethods': size=5760Kb used=2409Kb max_used=2485Kb free=3350Kb
 bounds [0x000001cb15620000, 0x000001cb158b0000, 0x000001cb15bc0000]
 total_blobs=11650 nmethods=10713 adapters=849
 compilation: enabled
              stopped_count=0, restarted_count=0
 full_count=0

Compilation events (20 events):
Event: 16.348 Thread 0x000001cb25466850 12319 %     3       com.android.utils.XmlUtils::toXmlTextValue @ 7 (65 bytes)
Event: 16.349 Thread 0x000001cb2c43a3c0 nmethod 12303 0x000001cb1620c910 code [0x000001cb1620cae0, 0x000001cb1620d728]
Event: 16.349 Thread 0x000001cb2c43a3c0 12307       4       com.android.ide.common.resources.NodeUtils::duplicateNode (315 bytes)
Event: 16.349 Thread 0x000001cb25466850 nmethod 12319% 0x000001cb0f569a10 code [0x000001cb0f569ce0, 0x000001cb0f56ab78]
Event: 16.350 Thread 0x000001cb25466850 12320       3       com.android.utils.XmlUtils::toXmlTextValue (65 bytes)
Event: 16.351 Thread 0x000001cb25466850 nmethod 12320 0x000001cb0f56b190 code [0x000001cb0f56b460, 0x000001cb0f56c258]
Event: 16.351 Thread 0x000001cb25466850 12321 %     3       java.lang.StringUTF16::lastIndexOf @ 17 (47 bytes)
Event: 16.351 Thread 0x000001cb25466850 nmethod 12321% 0x000001cb0f56c890 code [0x000001cb0f56ca60, 0x000001cb0f56ce08]
Event: 16.353 Thread 0x000001cb25466850 12322       3       java.lang.StringUTF16::lastIndexOf (47 bytes)
Event: 16.353 Thread 0x000001cb25466850 nmethod 12322 0x000001cb0f56cf90 code [0x000001cb0f56d160, 0x000001cb0f56d4a8]
Event: 16.354 Thread 0x000001cb25466850 12323       2       com.google.common.base.CharMatcher::countIn (39 bytes)
Event: 16.354 Thread 0x000001cb25466850 nmethod 12323 0x000001cb0f56d610 code [0x000001cb0f56d7c0, 0x000001cb0f56d9e8]
Event: 16.362 Thread 0x000001cb25466850 12326 %     3       com.google.common.base.CharMatcher::countIn @ 4 (39 bytes)
Event: 16.363 Thread 0x000001cb25466850 nmethod 12326% 0x000001cb0f56db10 code [0x000001cb0f56dce0, 0x000001cb0f56e1c8]
Event: 16.363 Thread 0x000001cb25466850 12327 %     3       com.android.utils.XmlUtils::append @ 348 (597 bytes)
Event: 16.368 Thread 0x000001cb25466850 nmethod 12327% 0x000001cb0f56e310 code [0x000001cb0f56e960, 0x000001cb0f571cf8]
Event: 16.372 Thread 0x000001cb25466850 12328       3       com.android.utils.XmlUtils::append (597 bytes)
Event: 16.376 Thread 0x000001cb25466850 nmethod 12328 0x000001cb0f573010 code [0x000001cb0f573640, 0x000001cb0f5765b8]
Event: 16.381 Thread 0x000001cb25466850 12329       3       com.google.common.base.CharMatcher::countIn (39 bytes)
Event: 16.382 Thread 0x000001cb25466850 nmethod 12329 0x000001cb0f577790 code [0x000001cb0f577960, 0x000001cb0f577dc8]

GC Heap History (20 events):
Event: 10.703 GC heap after
{Heap after GC invocations=32 (full 0):
 garbage-first heap   total 133120K, used 74351K [0x0000000080000000, 0x0000000100000000)
  region size 1024K, 4 young (4096K), 4 survivors (4096K)
 Metaspace       used 82846K, committed 83456K, reserved 1122304K
  class space    used 11219K, committed 11520K, reserved 1048576K
}
Event: 10.736 GC heap before
{Heap before GC invocations=32 (full 0):
 garbage-first heap   total 133120K, used 76399K [0x0000000080000000, 0x0000000100000000)
  region size 1024K, 6 young (6144K), 4 survivors (4096K)
 Metaspace       used 83087K, committed 83712K, reserved 1122304K
  class space    used 11269K, committed 11520K, reserved 1048576K
}
Event: 10.741 GC heap after
{Heap after GC invocations=33 (full 0):
 garbage-first heap   total 133120K, used 74056K [0x0000000080000000, 0x0000000100000000)
  region size 1024K, 1 young (1024K), 1 survivors (1024K)
 Metaspace       used 83087K, committed 83712K, reserved 1122304K
  class space    used 11269K, committed 11520K, reserved 1048576K
}
Event: 11.256 GC heap before
{Heap before GC invocations=33 (full 0):
 garbage-first heap   total 133120K, used 106824K [0x0000000080000000, 0x0000000100000000)
  region size 1024K, 33 young (33792K), 1 survivors (1024K)
 Metaspace       used 85453K, committed 86144K, reserved 1130496K
  class space    used 11596K, committed 11904K, reserved 1048576K
}
Event: 11.260 GC heap after
{Heap after GC invocations=34 (full 0):
 garbage-first heap   total 196608K, used 76093K [0x0000000080000000, 0x0000000100000000)
  region size 1024K, 3 young (3072K), 3 survivors (3072K)
 Metaspace       used 85453K, committed 86144K, reserved 1130496K
  class space    used 11596K, committed 11904K, reserved 1048576K
}
Event: 12.426 GC heap before
{Heap before GC invocations=35 (full 0):
 garbage-first heap   total 196608K, used 150845K [0x0000000080000000, 0x0000000100000000)
  region size 1024K, 76 young (77824K), 3 survivors (3072K)
 Metaspace       used 90952K, committed 91584K, reserved 1130496K
  class space    used 12450K, committed 12736K, reserved 1048576K
}
Event: 12.433 GC heap after
{Heap after GC invocations=36 (full 0):
 garbage-first heap   total 196608K, used 81718K [0x0000000080000000, 0x0000000100000000)
  region size 1024K, 8 young (8192K), 8 survivors (8192K)
 Metaspace       used 90952K, committed 91584K, reserved 1130496K
  class space    used 12450K, committed 12736K, reserved 1048576K
}
Event: 12.447 GC heap before
{Heap before GC invocations=36 (full 0):
 garbage-first heap   total 196608K, used 82742K [0x0000000080000000, 0x0000000100000000)
  region size 1024K, 9 young (9216K), 8 survivors (8192K)
 Metaspace       used 91066K, committed 91648K, reserved 1130496K
  class space    used 12475K, committed 12736K, reserved 1048576K
}
Event: 12.455 GC heap after
{Heap after GC invocations=37 (full 0):
 garbage-first heap   total 196608K, used 82319K [0x0000000080000000, 0x0000000100000000)
  region size 1024K, 2 young (2048K), 2 survivors (2048K)
 Metaspace       used 91066K, committed 91648K, reserved 1130496K
  class space    used 12475K, committed 12736K, reserved 1048576K
}
Event: 13.518 GC heap before
{Heap before GC invocations=37 (full 0):
 garbage-first heap   total 196608K, used 151951K [0x0000000080000000, 0x0000000100000000)
  region size 1024K, 70 young (71680K), 2 survivors (2048K)
 Metaspace       used 95768K, committed 96448K, reserved 1138688K
  class space    used 13081K, committed 13376K, reserved 1048576K
}
Event: 13.526 GC heap after
{Heap after GC invocations=38 (full 0):
 garbage-first heap   total 196608K, used 89324K [0x0000000080000000, 0x0000000100000000)
  region size 1024K, 8 young (8192K), 8 survivors (8192K)
 Metaspace       used 95768K, committed 96448K, reserved 1138688K
  class space    used 13081K, committed 13376K, reserved 1048576K
}
Event: 14.345 GC heap before
{Heap before GC invocations=38 (full 0):
 garbage-first heap   total 196608K, used 155884K [0x0000000080000000, 0x0000000100000000)
  region size 1024K, 72 young (73728K), 8 survivors (8192K)
 Metaspace       used 99455K, committed 100224K, reserved 1138688K
  class space    used 13561K, committed 13888K, reserved 1048576K
}
Event: 14.358 GC heap after
{Heap after GC invocations=39 (full 0):
 garbage-first heap   total 196608K, used 98996K [0x0000000080000000, 0x0000000100000000)
  region size 1024K, 9 young (9216K), 9 survivors (9216K)
 Metaspace       used 99455K, committed 100224K, reserved 1138688K
  class space    used 13561K, committed 13888K, reserved 1048576K
}
Event: 14.656 GC heap before
{Heap before GC invocations=39 (full 0):
 garbage-first heap   total 196608K, used 154292K [0x0000000080000000, 0x0000000100000000)
  region size 1024K, 64 young (65536K), 9 survivors (9216K)
 Metaspace       used 99774K, committed 100480K, reserved 1138688K
  class space    used 13585K, committed 13888K, reserved 1048576K
}
Event: 14.667 GC heap after
{Heap after GC invocations=40 (full 0):
 garbage-first heap   total 196608K, used 105078K [0x0000000080000000, 0x0000000100000000)
  region size 1024K, 6 young (6144K), 6 survivors (6144K)
 Metaspace       used 99774K, committed 100480K, reserved 1138688K
  class space    used 13585K, committed 13888K, reserved 1048576K
}
Event: 15.524 GC heap before
{Heap before GC invocations=41 (full 0):
 garbage-first heap   total 199680K, used 159350K [0x0000000080000000, 0x0000000100000000)
  region size 1024K, 57 young (58368K), 6 survivors (6144K)
 Metaspace       used 102014K, committed 102784K, reserved 1138688K
  class space    used 13916K, committed 14272K, reserved 1048576K
}
Event: 15.539 GC heap after
{Heap after GC invocations=42 (full 0):
 garbage-first heap   total 199680K, used 115187K [0x0000000080000000, 0x0000000100000000)
  region size 1024K, 8 young (8192K), 8 survivors (8192K)
 Metaspace       used 102014K, committed 102784K, reserved 1138688K
  class space    used 13916K, committed 14272K, reserved 1048576K
}
Event: 15.551 GC heap before
{Heap before GC invocations=42 (full 0):
 garbage-first heap   total 199680K, used 116211K [0x0000000080000000, 0x0000000100000000)
  region size 1024K, 9 young (9216K), 8 survivors (8192K)
 Metaspace       used 102014K, committed 102784K, reserved 1138688K
  class space    used 13916K, committed 14272K, reserved 1048576K
}
Event: 15.560 GC heap after
{Heap after GC invocations=43 (full 0):
 garbage-first heap   total 199680K, used 116063K [0x0000000080000000, 0x0000000100000000)
  region size 1024K, 2 young (2048K), 2 survivors (2048K)
 Metaspace       used 102014K, committed 102784K, reserved 1138688K
  class space    used 13916K, committed 14272K, reserved 1048576K
}
Event: 16.405 GC heap before
{Heap before GC invocations=43 (full 0):
 garbage-first heap   total 199680K, used 167263K [0x0000000080000000, 0x0000000100000000)
  region size 1024K, 45 young (46080K), 2 survivors (2048K)
 Metaspace       used 103430K, committed 104192K, reserved 1146880K
  class space    used 14063K, committed 14464K, reserved 1048576K
}

Dll operation events (2 events):
Event: 0.005 Loaded shared library C:\Program Files\Android\Android Studio\jbr\bin\java.dll
Event: 0.366 Loaded shared library C:\Program Files\Android\Android Studio\jbr\bin\verify.dll

Deoptimization events (20 events):
Event: 16.176 Thread 0x000001cb2c76ad90 DEOPT PACKING pc=0x000001cb161b428c sp=0x0000005676afa9a0
Event: 16.176 Thread 0x000001cb2c76ad90 DEOPT UNPACKING pc=0x000001cb1567a1a3 sp=0x0000005676afa928 mode 2
Event: 16.177 Thread 0x000001cb2c76ad90 Uncommon trap: trap_request=0xffffff45 fr.pc=0x000001cb161ced00 relative=0x0000000000000f60
Event: 16.177 Thread 0x000001cb2c76ad90 Uncommon trap: reason=unstable_if action=reinterpret pc=0x000001cb161ced00 method=org.apache.xerces.dom.DeferredDocumentImpl.clearChunkIndex([[III)I @ 3 c2
Event: 16.177 Thread 0x000001cb2c76ad90 DEOPT PACKING pc=0x000001cb161ced00 sp=0x0000005676afa870
Event: 16.177 Thread 0x000001cb2c76ad90 DEOPT UNPACKING pc=0x000001cb1567a1a3 sp=0x0000005676afa6c0 mode 2
Event: 16.261 Thread 0x000001cb2c76ad90 Uncommon trap: trap_request=0xffffff76 fr.pc=0x000001cb161cd4f0 relative=0x00000000000004d0
Event: 16.261 Thread 0x000001cb2c76ad90 Uncommon trap: reason=predicate action=maybe_recompile pc=0x000001cb161cd4f0 method=org.apache.xerces.dom.NamedNodeMapImpl.findNamePoint(Ljava/lang/String;Ljava/lang/String;)I @ 126 c2
Event: 16.261 Thread 0x000001cb2c76ad90 DEOPT PACKING pc=0x000001cb161cd4f0 sp=0x0000005676afaa60
Event: 16.261 Thread 0x000001cb2c76ad90 DEOPT UNPACKING pc=0x000001cb1567a1a3 sp=0x0000005676afaa00 mode 2
Event: 16.328 Thread 0x000001cb2c76ad90 DEOPT PACKING pc=0x000001cb0f55029b sp=0x0000005676afa7f0
Event: 16.328 Thread 0x000001cb2c76ad90 DEOPT UNPACKING pc=0x000001cb1567ace3 sp=0x0000005676af9cb0 mode 0
Event: 16.345 Thread 0x000001cb2c76ad90 DEOPT PACKING pc=0x000001cb0f562460 sp=0x0000005676afa650
Event: 16.345 Thread 0x000001cb2c76ad90 DEOPT UNPACKING pc=0x000001cb1567ace3 sp=0x0000005676af9b60 mode 0
Event: 16.346 Thread 0x000001cb2c76ad90 DEOPT PACKING pc=0x000001cb0f562460 sp=0x0000005676afa780
Event: 16.346 Thread 0x000001cb2c76ad90 DEOPT UNPACKING pc=0x000001cb1567ace3 sp=0x0000005676af9c90 mode 0
Event: 16.350 Thread 0x000001cb2c76ad90 DEOPT PACKING pc=0x000001cb0f567540 sp=0x0000005676afa520
Event: 16.350 Thread 0x000001cb2c76ad90 DEOPT UNPACKING pc=0x000001cb1567ace3 sp=0x0000005676af9a30 mode 0
Event: 16.353 Thread 0x000001cb2c76ad90 DEOPT PACKING pc=0x000001cb0f5680e9 sp=0x0000005676afa4e0
Event: 16.353 Thread 0x000001cb2c76ad90 DEOPT UNPACKING pc=0x000001cb1567ace3 sp=0x0000005676af9978 mode 0

Classes unloaded (0 events):
No events

Classes redefined (0 events):
No events

Internal exceptions (20 events):
Event: 14.057 Thread 0x000001cb2b58ba60 Exception <a 'java/lang/NoSuchMethodError'{0x0000000089305220}: static [Ljava/lang/String;.<clinit>()V> (0x0000000089305220) 
thrown [s\src\hotspot\share\prims\jni.cpp, line 1108]
Event: 14.058 Thread 0x000001cb2b58ba60 Exception <a 'java/lang/NoSuchMethodError'{0x00000000893630e0}: static Lcom/android/buildanalyzer/common/AndroidGradlePluginAttributionData$TaskInfo;.<clinit>()V> (0x00000000893630e0) 
thrown [s\src\hotspot\share\prims\jni.cpp, line 1108]
Event: 14.060 Thread 0x000001cb2b58ba60 Exception <a 'java/lang/NoSuchMethodError'{0x000000008936fd78}: static Lcom/android/buildanalyzer/common/AndroidGradlePluginAttributionData$TaskCategoryInfo;.<clinit>()V> (0x000000008936fd78) 
thrown [s\src\hotspot\share\prims\jni.cpp, line 1108]
Event: 14.303 Thread 0x000001cb2c76ad90 Exception <a 'java/lang/NoSuchMethodError'{0x0000000088745e70}: 'void java.lang.invoke.DirectMethodHandle$Holder.invokeStatic(java.lang.Object, java.lang.Object, java.lang.Object, java.lang.Object, int, java.lang.Object, java.lang.Object)'> (0x0000000088745e70) 
thrown [s\src\hotspot\share\interpreter\linkResolver.cpp, line 771]
Event: 14.311 Thread 0x000001cb2b650c90 Implicit null exception at 0x000001cb15ddde0e to 0x000001cb15dde7c8
Event: 14.328 Thread 0x000001cb2b653cb0 Exception <a 'java/lang/NoSuchMethodError'{0x0000000088261e00}: 'java.lang.Object java.lang.invoke.DirectMethodHandle$Holder.invokeSpecialIFC(java.lang.Object, java.lang.Object, java.lang.Object)'> (0x0000000088261e00) 
thrown [s\src\hotspot\share\interpreter\linkResolver.cpp, line 771]
Event: 14.328 Thread 0x000001cb2b6554c0 Exception <a 'java/lang/NoSuchMethodError'{0x0000000088251968}: 'java.lang.Object java.lang.invoke.DirectMethodHandle$Holder.invokeSpecialIFC(java.lang.Object, java.lang.Object, java.lang.Object)'> (0x0000000088251968) 
thrown [s\src\hotspot\share\interpreter\linkResolver.cpp, line 771]
Event: 14.328 Thread 0x000001cb2bb033c0 Exception <a 'java/lang/NoSuchMethodError'{0x000000008826c168}: 'java.lang.Object java.lang.invoke.DirectMethodHandle$Holder.invokeSpecialIFC(java.lang.Object, java.lang.Object, java.lang.Object)'> (0x000000008826c168) 
thrown [s\src\hotspot\share\interpreter\linkResolver.cpp, line 771]
Event: 14.328 Thread 0x000001cb2c76ad90 Exception <a 'java/lang/NoSuchMethodError'{0x000000008827f8d0}: 'java.lang.Object java.lang.invoke.DirectMethodHandle$Holder.invokeSpecialIFC(java.lang.Object, java.lang.Object, java.lang.Object)'> (0x000000008827f8d0) 
thrown [s\src\hotspot\share\interpreter\linkResolver.cpp, line 771]
Event: 14.328 Thread 0x000001cb2b58dc10 Exception <a 'java/lang/NoSuchMethodError'{0x0000000088279da0}: 'java.lang.Object java.lang.invoke.DirectMethodHandle$Holder.invokeSpecialIFC(java.lang.Object, java.lang.Object, java.lang.Object)'> (0x0000000088279da0) 
thrown [s\src\hotspot\share\interpreter\linkResolver.cpp, line 771]
Event: 14.328 Thread 0x000001cb2bb04700 Exception <a 'java/lang/NoSuchMethodError'{0x00000000882dc940}: 'java.lang.Object java.lang.invoke.DirectMethodHandle$Holder.invokeSpecialIFC(java.lang.Object, java.lang.Object, java.lang.Object)'> (0x00000000882dc940) 
thrown [s\src\hotspot\share\interpreter\linkResolver.cpp, line 771]
Event: 14.328 Thread 0x000001cb2b651630 Exception <a 'java/lang/NoSuchMethodError'{0x00000000882ceb38}: 'java.lang.Object java.lang.invoke.DirectMethodHandle$Holder.invokeSpecialIFC(java.lang.Object, java.lang.Object, java.lang.Object)'> (0x00000000882ceb38) 
thrown [s\src\hotspot\share\interpreter\linkResolver.cpp, line 771]
Event: 14.329 Thread 0x000001cb2b650c90 Exception <a 'java/lang/NoSuchMethodError'{0x00000000882fd030}: 'java.lang.Object java.lang.invoke.DirectMethodHandle$Holder.invokeSpecialIFC(java.lang.Object, java.lang.Object, java.lang.Object)'> (0x00000000882fd030) 
thrown [s\src\hotspot\share\interpreter\linkResolver.cpp, line 771]
Event: 14.394 Thread 0x000001cb2b58dc10 Exception <a 'java/lang/NoSuchMethodError'{0x000000008bab2270}: 'void java.lang.invoke.DirectMethodHandle$Holder.invokeVirtual(java.lang.Object, java.lang.Object)'> (0x000000008bab2270) 
thrown [s\src\hotspot\share\interpreter\linkResolver.cpp, line 771]
Event: 14.394 Thread 0x000001cb2bb04700 Exception <a 'java/lang/NoSuchMethodError'{0x000000008bb8b428}: 'void java.lang.invoke.DirectMethodHandle$Holder.invokeVirtual(java.lang.Object, java.lang.Object)'> (0x000000008bb8b428) 
thrown [s\src\hotspot\share\interpreter\linkResolver.cpp, line 771]
Event: 14.520 Thread 0x000001cb2c766090 Exception <a 'java/lang/NoSuchMethodError'{0x000000008a5bc5b8}: static Lorg/jetbrains/kotlin/gradle/plugin/statistics/MetricContainer;.<clinit>()V> (0x000000008a5bc5b8) 
thrown [s\src\hotspot\share\prims\jni.cpp, line 1108]
Event: 15.039 Thread 0x000001cb2c76ad90 Exception <a 'sun/nio/fs/WindowsException'{0x000000008a270b38}> (0x000000008a270b38) 
thrown [s\src\hotspot\share\prims\jni.cpp, line 517]
Event: 15.039 Thread 0x000001cb2c76ad90 Exception <a 'sun/nio/fs/WindowsException'{0x000000008a270ee8}> (0x000000008a270ee8) 
thrown [s\src\hotspot\share\prims\jni.cpp, line 517]
Event: 15.085 Thread 0x000001cb26229070 Exception <a 'java/lang/NoSuchMethodError'{0x000000008a0fa2f8}: static [Ljava/lang/Object;.<clinit>()V> (0x000000008a0fa2f8) 
thrown [s\src\hotspot\share\prims\jni.cpp, line 1108]
Event: 16.177 Thread 0x000001cb2c76ad90 Implicit null exception at 0x000001cb161ce243 to 0x000001cb161cecd4

VM Operations (20 events):
Event: 15.074 Executing VM operation: HandshakeAllThreads done
Event: 15.078 Executing VM operation: HandshakeAllThreads
Event: 15.078 Executing VM operation: HandshakeAllThreads done
Event: 15.080 Executing VM operation: ICBufferFull
Event: 15.081 Executing VM operation: ICBufferFull done
Event: 15.523 Executing VM operation: G1CollectForAllocation
Event: 15.539 Executing VM operation: G1CollectForAllocation done
Event: 15.551 Executing VM operation: G1CollectForAllocation
Event: 15.560 Executing VM operation: G1CollectForAllocation done
Event: 15.605 Executing VM operation: HandshakeAllThreads
Event: 15.605 Executing VM operation: HandshakeAllThreads done
Event: 15.814 Executing VM operation: HandshakeAllThreads
Event: 15.815 Executing VM operation: HandshakeAllThreads done
Event: 15.815 Executing VM operation: HandshakeAllThreads
Event: 15.815 Executing VM operation: HandshakeAllThreads done
Event: 15.984 Executing VM operation: HandshakeAllThreads
Event: 15.985 Executing VM operation: HandshakeAllThreads done
Event: 16.011 Executing VM operation: ICBufferFull
Event: 16.012 Executing VM operation: ICBufferFull done
Event: 16.405 Executing VM operation: G1CollectForAllocation

Events (20 events):
Event: 15.326 loading class org/w3c/dom/ranges/Range
Event: 15.326 loading class org/w3c/dom/ranges/Range done
Event: 15.326 loading class org/w3c/dom/events/EventException
Event: 15.326 loading class org/w3c/dom/events/EventException done
Event: 15.426 Thread 0x000001cb2c4399a0 Thread added: 0x000001cb2c4399a0
Event: 15.811 loading class java/util/stream/Nodes$IntFixedNodeBuilder
Event: 15.811 loading class java/util/stream/Node$Builder$OfInt
Event: 15.811 loading class java/util/stream/Node$Builder$OfInt done
Event: 15.811 loading class java/util/stream/Nodes$IntArrayNode
Event: 15.811 loading class java/util/stream/Nodes$IntArrayNode done
Event: 15.811 loading class java/util/stream/Nodes$IntFixedNodeBuilder done
Event: 15.816 Thread 0x000001cb2546d920 flushing nmethod 0x000001cb15c97d90
Event: 15.838 Thread 0x000001cb2546d920 flushing nmethod 0x000001cb0ebc5310
Event: 15.842 Thread 0x000001cb2546d920 flushing nmethod 0x000001cb0ee82290
Event: 15.842 Thread 0x000001cb2546d920 flushing nmethod 0x000001cb0eeb4d90
Event: 15.846 Thread 0x000001cb2546d920 flushing nmethod 0x000001cb0f1a1e90
Event: 15.943 loading class java/util/concurrent/ConcurrentLinkedDeque
Event: 15.944 loading class java/util/concurrent/ConcurrentLinkedDeque done
Event: 15.944 loading class java/util/concurrent/ConcurrentLinkedDeque$Node
Event: 15.944 loading class java/util/concurrent/ConcurrentLinkedDeque$Node done


Dynamic libraries:
0x00007ff68cd10000 - 0x00007ff68cd1a000 	C:\Program Files\Android\Android Studio\jbr\bin\java.exe
0x00007ffee8830000 - 0x00007ffee8a28000 	C:\WINDOWS\SYSTEM32\ntdll.dll
0x00007ffee7880000 - 0x00007ffee793d000 	C:\WINDOWS\System32\KERNEL32.DLL
0x00007ffee6260000 - 0x00007ffee6556000 	C:\WINDOWS\System32\KERNELBASE.dll
0x00007ffee5f60000 - 0x00007ffee6060000 	C:\WINDOWS\System32\ucrtbase.dll
0x00007ffedafe0000 - 0x00007ffedaff7000 	C:\Program Files\Android\Android Studio\jbr\bin\jli.dll
0x00007ffee7d90000 - 0x00007ffee7f2e000 	C:\WINDOWS\System32\USER32.dll
0x00007ffee61a0000 - 0x00007ffee61c2000 	C:\WINDOWS\System32\win32u.dll
0x00007ffee77f0000 - 0x00007ffee781c000 	C:\WINDOWS\System32\GDI32.dll
0x00007ffebfa10000 - 0x00007ffebfcaa000 	C:\WINDOWS\WinSxS\amd64_microsoft.windows.common-controls_6595b64144ccf1df_6.0.19041.1110_none_60b5254171f9507e\COMCTL32.dll
0x00007ffededf0000 - 0x00007ffedee0b000 	C:\Program Files\Android\Android Studio\jbr\bin\VCRUNTIME140.dll
0x00007ffee6610000 - 0x00007ffee672a000 	C:\WINDOWS\System32\gdi32full.dll
0x00007ffee7f50000 - 0x00007ffee7fee000 	C:\WINDOWS\System32\msvcrt.dll
0x00007ffee6090000 - 0x00007ffee612d000 	C:\WINDOWS\System32\msvcp_win.dll
0x00007ffee7c30000 - 0x00007ffee7c60000 	C:\WINDOWS\System32\IMM32.DLL
0x00007ffedede0000 - 0x00007ffededec000 	C:\Program Files\Android\Android Studio\jbr\bin\vcruntime140_1.dll
0x00007ffeaf2e0000 - 0x00007ffeaf36d000 	C:\Program Files\Android\Android Studio\jbr\bin\msvcp140.dll
0x00007ffea0630000 - 0x00007ffea129e000 	C:\Program Files\Android\Android Studio\jbr\bin\server\jvm.dll
0x00007ffee70f0000 - 0x00007ffee719e000 	C:\WINDOWS\System32\ADVAPI32.dll
0x00007ffee6970000 - 0x00007ffee6a0c000 	C:\WINDOWS\System32\sechost.dll
0x00007ffee7510000 - 0x00007ffee7636000 	C:\WINDOWS\System32\RPCRT4.dll
0x00007ffebfe10000 - 0x00007ffebfe19000 	C:\WINDOWS\SYSTEM32\WSOCK32.dll
0x00007ffeda1f0000 - 0x00007ffeda1fa000 	C:\WINDOWS\SYSTEM32\VERSION.dll
0x00007ffee7770000 - 0x00007ffee77db000 	C:\WINDOWS\System32\WS2_32.dll
0x00007ffec49a0000 - 0x00007ffec49c7000 	C:\WINDOWS\SYSTEM32\WINMM.dll
0x00007ffee4730000 - 0x00007ffee4742000 	C:\WINDOWS\SYSTEM32\kernel.appcore.dll
0x00007ffedeff0000 - 0x00007ffedeffa000 	C:\Program Files\Android\Android Studio\jbr\bin\jimage.dll
0x00007ffee3cc0000 - 0x00007ffee3ea4000 	C:\WINDOWS\SYSTEM32\DBGHELP.DLL
0x00007ffebf5c0000 - 0x00007ffebf5f4000 	C:\WINDOWS\SYSTEM32\dbgcore.DLL
0x00007ffee61d0000 - 0x00007ffee6252000 	C:\WINDOWS\System32\bcryptPrimitives.dll
0x00007ffedd7e0000 - 0x00007ffedd805000 	C:\Program Files\Android\Android Studio\jbr\bin\java.dll
0x00007ffedb420000 - 0x00007ffedb438000 	C:\Program Files\Android\Android Studio\jbr\bin\zip.dll
0x00007ffee80a0000 - 0x00007ffee87e4000 	C:\WINDOWS\System32\SHELL32.dll
0x00007ffee3eb0000 - 0x00007ffee464b000 	C:\WINDOWS\SYSTEM32\windows.storage.dll
0x00007ffee71a0000 - 0x00007ffee74f4000 	C:\WINDOWS\System32\combase.dll
0x00007ffee5950000 - 0x00007ffee597d000 	C:\WINDOWS\SYSTEM32\Wldp.dll
0x00007ffee76c0000 - 0x00007ffee776d000 	C:\WINDOWS\System32\SHCORE.dll
0x00007ffee7820000 - 0x00007ffee7875000 	C:\WINDOWS\System32\shlwapi.dll
0x00007ffee5e40000 - 0x00007ffee5e65000 	C:\WINDOWS\SYSTEM32\profapi.dll
0x00007ffedb400000 - 0x00007ffedb419000 	C:\Program Files\Android\Android Studio\jbr\bin\net.dll
0x00007ffedead0000 - 0x00007ffedebda000 	C:\WINDOWS\SYSTEM32\WINHTTP.dll
0x00007ffee56b0000 - 0x00007ffee571a000 	C:\WINDOWS\system32\mswsock.dll
0x00007ffedb3e0000 - 0x00007ffedb3f6000 	C:\Program Files\Android\Android Studio\jbr\bin\nio.dll
0x00007ffeddb50000 - 0x00007ffeddb60000 	C:\Program Files\Android\Android Studio\jbr\bin\verify.dll
0x00007ffeaf700000 - 0x00007ffeaf727000 	C:\Users\samuc\.gradle\native\68d5fa5c4cc2d200863cafc0d521ce42e7d3e7ee720ec0a83991735586a16f82\windows-amd64\native-platform.dll
0x00007ffea5fa0000 - 0x00007ffea60e4000 	C:\Users\samuc\.gradle\native\e376f236ea51e6404a007f0833ffe2c6e607c4080706a723a18a27aeea778392\windows-amd64\native-platform-file-events.dll
0x00007ffedd7d0000 - 0x00007ffedd7d9000 	C:\Program Files\Android\Android Studio\jbr\bin\management.dll
0x00007ffedb390000 - 0x00007ffedb39b000 	C:\Program Files\Android\Android Studio\jbr\bin\management_ext.dll
0x00007ffee77e0000 - 0x00007ffee77e8000 	C:\WINDOWS\System32\PSAPI.DLL
0x00007ffee58a0000 - 0x00007ffee58b8000 	C:\WINDOWS\SYSTEM32\CRYPTSP.dll
0x00007ffee4f50000 - 0x00007ffee4f84000 	C:\WINDOWS\system32\rsaenh.dll
0x00007ffee6060000 - 0x00007ffee6087000 	C:\WINDOWS\System32\bcrypt.dll
0x00007ffee5e00000 - 0x00007ffee5e2e000 	C:\WINDOWS\SYSTEM32\USERENV.dll
0x00007ffee58c0000 - 0x00007ffee58cc000 	C:\WINDOWS\SYSTEM32\CRYPTBASE.dll
0x00007ffee5350000 - 0x00007ffee538b000 	C:\WINDOWS\SYSTEM32\IPHLPAPI.DLL
0x00007ffee7bc0000 - 0x00007ffee7bc8000 	C:\WINDOWS\System32\NSI.dll
0x00007ffeda770000 - 0x00007ffeda787000 	C:\WINDOWS\SYSTEM32\dhcpcsvc6.DLL
0x00007ffeda820000 - 0x00007ffeda83d000 	C:\WINDOWS\SYSTEM32\dhcpcsvc.DLL
0x00007ffee5390000 - 0x00007ffee545a000 	C:\WINDOWS\SYSTEM32\DNSAPI.dll
0x00007ffedb330000 - 0x00007ffedb337000 	C:\WINDOWS\system32\wshunix.dll
0x00007ffedaf90000 - 0x00007ffedafa7000 	C:\WINDOWS\system32\napinsp.dll
0x00007ffed0f90000 - 0x00007ffed0fab000 	C:\WINDOWS\system32\pnrpnsp.dll
0x00007ffeafe50000 - 0x00007ffeafe65000 	C:\WINDOWS\system32\wshbth.dll
0x00007ffedece0000 - 0x00007ffedecfd000 	C:\WINDOWS\system32\NLAapi.dll
0x00007ffebfe70000 - 0x00007ffebfe82000 	C:\WINDOWS\System32\winrnr.dll
0x00007ffeda760000 - 0x00007ffeda76a000 	C:\Windows\System32\rasadhlp.dll
0x00007ffed59b0000 - 0x00007ffed5a32000 	C:\WINDOWS\System32\fwpuclnt.dll

dbghelp: loaded successfully - version: 4.0.5 - missing functions: none
symbol engine: initialized successfully - sym options: 0x614 - pdb path: .;C:\Program Files\Android\Android Studio\jbr\bin;C:\WINDOWS\SYSTEM32;C:\WINDOWS\WinSxS\amd64_microsoft.windows.common-controls_6595b64144ccf1df_6.0.19041.1110_none_60b5254171f9507e;C:\Program Files\Android\Android Studio\jbr\bin\server;C:\Users\samuc\.gradle\native\68d5fa5c4cc2d200863cafc0d521ce42e7d3e7ee720ec0a83991735586a16f82\windows-amd64;C:\Users\samuc\.gradle\native\e376f236ea51e6404a007f0833ffe2c6e607c4080706a723a18a27aeea778392\windows-amd64

VM Arguments:
jvm_args: --add-opens=java.base/java.util=ALL-UNNAMED --add-opens=java.base/java.lang=ALL-UNNAMED --add-opens=java.base/java.lang.invoke=ALL-UNNAMED --add-opens=java.prefs/java.util.prefs=ALL-UNNAMED --add-opens=java.base/java.nio.charset=ALL-UNNAMED --add-opens=java.base/java.net=ALL-UNNAMED --add-opens=java.base/java.util.concurrent.atomic=ALL-UNNAMED -Xmx2048m -Dfile.encoding=UTF-8 -Duser.country=US -Duser.language=en -Duser.variant 
java_command: org.gradle.launcher.daemon.bootstrap.GradleDaemon 8.0
java_class_path (initial): C:\Users\samuc\.gradle\wrapper\dists\gradle-8.0-bin\ca5e32bp14vu59qr306oxotwh\gradle-8.0\lib\gradle-launcher-8.0.jar
Launcher Type: SUN_STANDARD

[Global flags]
     intx CICompilerCount                          = 4                                         {product} {ergonomic}
     uint ConcGCThreads                            = 2                                         {product} {ergonomic}
     uint G1ConcRefinementThreads                  = 8                                         {product} {ergonomic}
   size_t G1HeapRegionSize                         = 1048576                                   {product} {ergonomic}
    uintx GCDrainStackTargetSize                   = 64                                        {product} {ergonomic}
   size_t InitialHeapSize                          = 132120576                                 {product} {ergonomic}
   size_t MarkStackSize                            = 4194304                                   {product} {ergonomic}
   size_t MaxHeapSize                              = 2147483648                                {product} {command line}
   size_t MaxNewSize                               = 1287651328                                {product} {ergonomic}
   size_t MinHeapDeltaBytes                        = 1048576                                   {product} {ergonomic}
   size_t MinHeapSize                              = 8388608                                   {product} {ergonomic}
    uintx NonNMethodCodeHeapSize                   = 5839372                                {pd product} {ergonomic}
    uintx NonProfiledCodeHeapSize                  = 122909434                              {pd product} {ergonomic}
    uintx ProfiledCodeHeapSize                     = 122909434                              {pd product} {ergonomic}
    uintx ReservedCodeCacheSize                    = 251658240                              {pd product} {ergonomic}
     bool SegmentedCodeCache                       = true                                      {product} {ergonomic}
   size_t SoftMaxHeapSize                          = 2147483648                             {manageable} {ergonomic}
     bool UseCompressedClassPointers               = true                           {product lp64_product} {ergonomic}
     bool UseCompressedOops                        = true                           {product lp64_product} {ergonomic}
     bool UseG1GC                                  = true                                      {product} {ergonomic}
     bool UseLargePagesIndividualAllocation        = false                                  {pd product} {ergonomic}

Logging:
Log output configuration:
 #0: stdout all=warning uptime,level,tags
 #1: stderr all=off uptime,level,tags

Environment Variables:
JAVA_HOME=C:\Program Files\Java\jdk1.8.0_202
PATH=C:\Program Files\Microsoft\jdk-11.0.16.101-hotspot\bin;C:\WINDOWS\system32;C:\WINDOWS;C:\WINDOWS\System32\Wbem;C:\WINDOWS\System32\WindowsPowerShell\v1.0\;C:\WINDOWS\System32\OpenSSH\;C:\ProgramData\chocolatey\bin;C:\Program Files\Git\cmd;C:\Gradle\gradle-8.2.1\bin;C:\Users\samuc\AppData\Local\Android\Sdk\platform-tools;C:\Users\samuc\AppData\Local\Android\Sdk\tools;C:\Program Files\Java\jdk1.8.0_202\bin;C:\Program Files\dotnet\;C:\Users\samuc\AppData\Local\Programs\Python\Python311\Scripts\;C:\Users\samuc\AppData\Local\Programs\Python\Python311\;C:\Users\samuc\AppData\Local\Microsoft\WindowsApps;C:\Users\samuc\AppData\Local\Programs\Microsoft VS Code\bin;C:\Users\samuc\AppData\Local\spicetify;C:\src\flutter\bin;C:\Program Files\Azure Data Studio\bin;;C:\Program Files\JetBrains\IntelliJ IDEA 2023.2.2\bin;;C:\Program Files\JetBrains\IntelliJ IDEA Community Edition 2023.2.2\bin;
USERNAME=samuc
OS=Windows_NT
PROCESSOR_IDENTIFIER=Intel64 Family 6 Model 140 Stepping 1, GenuineIntel
TMP=C:\Users\samuc\AppData\Local\Temp
TEMP=C:\Users\samuc\AppData\Local\Temp


JNI global refs:
JNI global refs: 28, weak refs: 33

JNI global refs memory usage: 843, weak refs: 841


---------------  S Y S T E M  ---------------

OS:
 Windows 10 , 64 bit Build 19041 (10.0.19041.3393)
OS uptime: 0 days 1:17 hours

CPU: total 8 (initial active 8) (4 cores per cpu, 2 threads per core) family 6 model 140 stepping 1 microcode 0x8a, cx8, cmov, fxsr, ht, mmx, 3dnowpref, sse, sse2, sse3, ssse3, sse4.1, sse4.2, popcnt, lzcnt, tsc, tscinvbit, avx, avx2, aes, erms, clmul, bmi1, bmi2, adx, avx512f, avx512dq, avx512cd, avx512bw, avx512vl, sha, fma, vzeroupper, avx512_vpopcntdq, avx512_vpclmulqdq, avx512_vaes, avx512_vnni, clflush, clflushopt, clwb, avx512_vbmi2, avx512_vbmi

Memory: 4k page, system-wide physical 7971M (2534M free)
TotalPageFile size 10019M (AvailPageFile size 269M)
current process WorkingSet (physical memory assigned to process): 293M, peak: 421M
current process commit charge ("private bytes"): 528M, peak: 815M

vm_info: OpenJDK 64-Bit Server VM (17.0.6+0-b2043.56-10027231) for windows-amd64 JRE (17.0.6+0-b2043.56-10027231), built on Apr 28 2023 00:43:19 by "androidbuild" with MS VC++ 16.10 / 16.11 (VS2019)

END.
