#
# There is insufficient memory for the Java Runtime Environment to continue.
# Native memory allocation (mmap) failed to map 122683392 bytes for G1 virtual space
# Possible reasons:
#   The system is out of physical RAM or swap space
#   The process is running with CompressedOops enabled, and the Java Heap may be blocking the growth of the native heap
# Possible solutions:
#   Reduce memory load on the system
#   Increase physical memory or swap space
#   Check if swap backing store is full
#   Decrease Java heap size (-Xmx/-Xms)
#   Decrease number of Java threads
#   Decrease Java thread stack sizes (-Xss)
#   Set larger code cache with -XX:ReservedCodeCacheSize=
#   JVM is running with Unscaled Compressed Oops mode in which the Java heap is
#     placed in the first 4GB address space. The Java Heap base address is the
#     maximum limit for the native heap growth. Please use -XX:HeapBaseMinAddress
#     to set the Java Heap base and to place the Java Heap above 4GB virtual address.
# This output file may be truncated or incomplete.
#
#  Out of Memory Error (os_windows.cpp:3769), pid=8320, tid=7716
#
# JRE version: OpenJDK Runtime Environment (17.0.6) (build 17.0.6+0-b2043.56-10027231)
# Java VM: OpenJDK 64-Bit Server VM (17.0.6+0-b2043.56-10027231, mixed mode, tiered, compressed oops, compressed class ptrs, g1 gc, windows-amd64)
# No core dump will be written. Minidumps are not enabled by default on client versions of Windows
#

---------------  S U M M A R Y ------------

Command Line: org.jetbrains.kotlin.cli.jvm.K2JVMCompiler @C:\Users\samuc\Desktop\BosquePanetteriaApp\app\build\20231005_11746998052478442590.compiler.options

Host: 11th Gen Intel(R) Core(TM) i5-1135G7 @ 2.40GHz, 8 cores, 7G,  Windows 10 , 64 bit Build 19041 (10.0.19041.3393)
Time: Thu Oct  5 21:04:03 2023 E. South America Standard Time elapsed time: 6.605921 seconds (0d 0h 0m 6s)

---------------  T H R E A D  ---------------

Current thread (0x0000025eff961a60):  VMThread "VM Thread" [stack: 0x000000c44af00000,0x000000c44b000000] [id=7716]

Stack: [0x000000c44af00000,0x000000c44b000000]
Native frames: (J=compiled Java code, j=interpreted, Vv=VM code, C=native code)
V  [jvm.dll+0x683c9a]
V  [jvm.dll+0x8427a4]
V  [jvm.dll+0x843f9e]
V  [jvm.dll+0x844603]
V  [jvm.dll+0x249b75]
V  [jvm.dll+0x680b69]
V  [jvm.dll+0x67505a]
V  [jvm.dll+0x309acb]
V  [jvm.dll+0x310f86]
V  [jvm.dll+0x3608ee]
V  [jvm.dll+0x360b1f]
V  [jvm.dll+0x2dfbf8]
V  [jvm.dll+0x2ddec4]
V  [jvm.dll+0x2dd4cc]
V  [jvm.dll+0x321f3b]
V  [jvm.dll+0x848ccb]
V  [jvm.dll+0x849a04]
V  [jvm.dll+0x849f1d]
V  [jvm.dll+0x84a2f4]
V  [jvm.dll+0x84a3c0]
V  [jvm.dll+0x7f274a]
V  [jvm.dll+0x682ad5]
C  [ucrtbase.dll+0x21bb2]
C  [KERNEL32.DLL+0x17344]
C  [ntdll.dll+0x526b1]

VM_Operation (0x000000c44a9fde30): G1CollectForAllocation, mode: safepoint, requested by thread 0x0000025ef4cd82f0


---------------  P R O C E S S  ---------------

Threads class SMR info:
_java_thread_list=0x0000025e916b50b0, length=14, elements={
0x0000025ef4cd82f0, 0x0000025eff99d260, 0x0000025eff99de10, 0x0000025eff985200,
0x0000025eff985db0, 0x0000025eff98a780, 0x0000025eff9cc5f0, 0x0000025eff9cd380,
0x0000025eff9cde20, 0x0000025eff9d3d20, 0x0000025effb3d9b0, 0x0000025effb5e370,
0x0000025e915c8160, 0x0000025e8f9d5e90
}

Java Threads: ( => current thread )
  0x0000025ef4cd82f0 JavaThread "main" [_thread_blocked, id=10544, stack(0x000000c44a900000,0x000000c44aa00000)]
  0x0000025eff99d260 JavaThread "Reference Handler" daemon [_thread_blocked, id=5168, stack(0x000000c44b000000,0x000000c44b100000)]
  0x0000025eff99de10 JavaThread "Finalizer" daemon [_thread_blocked, id=7464, stack(0x000000c44b100000,0x000000c44b200000)]
  0x0000025eff985200 JavaThread "Signal Dispatcher" daemon [_thread_blocked, id=9248, stack(0x000000c44b200000,0x000000c44b300000)]
  0x0000025eff985db0 JavaThread "Attach Listener" daemon [_thread_blocked, id=12204, stack(0x000000c44b300000,0x000000c44b400000)]
  0x0000025eff98a780 JavaThread "Service Thread" daemon [_thread_blocked, id=9068, stack(0x000000c44b400000,0x000000c44b500000)]
  0x0000025eff9cc5f0 JavaThread "Monitor Deflation Thread" daemon [_thread_blocked, id=236, stack(0x000000c44b500000,0x000000c44b600000)]
  0x0000025eff9cd380 JavaThread "C2 CompilerThread0" daemon [_thread_in_native, id=3056, stack(0x000000c44b600000,0x000000c44b700000)]
  0x0000025eff9cde20 JavaThread "C1 CompilerThread0" daemon [_thread_blocked, id=7076, stack(0x000000c44b700000,0x000000c44b800000)]
  0x0000025eff9d3d20 JavaThread "Sweeper thread" daemon [_thread_blocked, id=10096, stack(0x000000c44b800000,0x000000c44b900000)]
  0x0000025effb3d9b0 JavaThread "Notification Thread" daemon [_thread_blocked, id=432, stack(0x000000c44b900000,0x000000c44ba00000)]
  0x0000025effb5e370 JavaThread "Common-Cleaner" daemon [_thread_blocked, id=7232, stack(0x000000c44bb00000,0x000000c44bc00000)]
  0x0000025e915c8160 JavaThread "C2 CompilerThread1" daemon [_thread_in_native, id=12720, stack(0x000000c44bc00000,0x000000c44bd00000)]
  0x0000025e8f9d5e90 JavaThread "C2 CompilerThread2" daemon [_thread_in_native, id=1196, stack(0x000000c44c500000,0x000000c44c600000)]

Other Threads:
=>0x0000025eff961a60 VMThread "VM Thread" [stack: 0x000000c44af00000,0x000000c44b000000] [id=7716]
  0x0000025ef4d59b40 WatcherThread [stack: 0x000000c44ba00000,0x000000c44bb00000] [id=9628]
  0x0000025ef4d367d0 GCTaskThread "GC Thread#0" [stack: 0x000000c44aa00000,0x000000c44ab00000] [id=9492]
  0x0000025e8f9e4b00 GCTaskThread "GC Thread#1" [stack: 0x000000c44bd00000,0x000000c44be00000] [id=7104]
  0x0000025e8f9e4db0 GCTaskThread "GC Thread#2" [stack: 0x000000c44be00000,0x000000c44bf00000] [id=1736]
  0x0000025e8f9e45a0 GCTaskThread "GC Thread#3" [stack: 0x000000c44bf00000,0x000000c44c000000] [id=12484]
  0x0000025e8f9e3d90 GCTaskThread "GC Thread#4" [stack: 0x000000c44c000000,0x000000c44c100000] [id=8708]
  0x0000025e8f9e5870 GCTaskThread "GC Thread#5" [stack: 0x000000c44c100000,0x000000c44c200000] [id=8888]
  0x0000025e90b82080 GCTaskThread "GC Thread#6" [stack: 0x000000c44c200000,0x000000c44c300000] [id=4472]
  0x0000025e90b848d0 GCTaskThread "GC Thread#7" [stack: 0x000000c44c300000,0x000000c44c400000] [id=7360]
  0x0000025ef4d47050 ConcurrentGCThread "G1 Main Marker" [stack: 0x000000c44ab00000,0x000000c44ac00000] [id=12100]
  0x0000025ef4d49a70 ConcurrentGCThread "G1 Conc#0" [stack: 0x000000c44ac00000,0x000000c44ad00000] [id=9880]
  0x0000025e90b825e0 ConcurrentGCThread "G1 Conc#1" [stack: 0x000000c44c400000,0x000000c44c500000] [id=6024]
  0x0000025eff7d2cd0 ConcurrentGCThread "G1 Refine#0" [stack: 0x000000c44ad00000,0x000000c44ae00000] [id=10708]
  0x0000025ef4da40a0 ConcurrentGCThread "G1 Service" [stack: 0x000000c44ae00000,0x000000c44af00000] [id=532]

Threads with active compile tasks:
C2 CompilerThread0     6625 5851       4       org.jetbrains.kotlin.types.TypeSubstitutor::substitute (55 bytes)
C2 CompilerThread1     6625 5822       4       org.jetbrains.kotlin.types.DescriptorSubstitutor::substituteTypeParameters (389 bytes)
C2 CompilerThread2     6625 5852       4       org.jetbrains.kotlin.types.TypeSubstitutor::substitute (49 bytes)

VM state: at safepoint (normal execution)

VM Mutex/Monitor currently owned by a thread:  ([mutex/lock_event])
[0x0000025ef4cd3c90] Threads_lock - owner thread: 0x0000025eff961a60
[0x0000025ef4cd4350] Heap_lock - owner thread: 0x0000025ef4cd82f0

Heap address: 0x0000000083600000, size: 1994 MB, Compressed Oops mode: 32-bit

CDS archive(s) not mapped
Compressed class space mapped at: 0x0000000100000000-0x0000000140000000, reserved size: 1073741824
Narrow klass base: 0x0000000000000000, Narrow klass shift: 3, Narrow klass range: 0x140000000

GC Precious Log:
 CPUs: 8 total, 8 available
 Memory: 7971M
 Large Page Support: Disabled
 NUMA Support: Disabled
 Compressed Oops: Enabled (32-bit)
 Heap Region Size: 1M
 Heap Min Capacity: 8M
 Heap Initial Capacity: 126M
 Heap Max Capacity: 1994M
 Pre-touch: Disabled
 Parallel Workers: 8
 Concurrent Workers: 2
 Concurrent Refinement Workers: 8
 Periodic GC: Disabled

Heap:
 garbage-first heap   total 129024K, used 46030K [0x0000000083600000, 0x0000000100000000)
  region size 1024K, 1 young (1024K), 1 survivors (1024K)
 Metaspace       used 51936K, committed 52160K, reserved 1097728K
  class space    used 6144K, committed 6272K, reserved 1048576K

Heap Regions: E=young(eden), S=young(survivor), O=old, HS=humongous(starts), HC=humongous(continues), CS=collection set, F=free, OA=open archive, CA=closed archive, TAMS=top-at-mark-start (previous, next)
|   0|0x0000000083600000, 0x0000000083700000, 0x0000000083700000|100%|HS|  |TAMS 0x0000000083700000, 0x0000000083700000| Complete 
|   1|0x0000000083700000, 0x0000000083800000, 0x0000000083800000|100%|HC|  |TAMS 0x0000000083800000, 0x0000000083800000| Complete 
|   2|0x0000000083800000, 0x0000000083900000, 0x0000000083900000|100%|HC|  |TAMS 0x0000000083900000, 0x0000000083900000| Complete 
|   3|0x0000000083900000, 0x0000000083a00000, 0x0000000083a00000|100%|HC|  |TAMS 0x0000000083a00000, 0x0000000083a00000| Complete 
|   4|0x0000000083a00000, 0x0000000083b00000, 0x0000000083b00000|100%| O|  |TAMS 0x0000000083b00000, 0x0000000083b00000| Untracked 
|   5|0x0000000083b00000, 0x0000000083c00000, 0x0000000083c00000|100%| O|  |TAMS 0x0000000083c00000, 0x0000000083c00000| Untracked 
|   6|0x0000000083c00000, 0x0000000083d00000, 0x0000000083d00000|100%| O|  |TAMS 0x0000000083d00000, 0x0000000083d00000| Untracked 
|   7|0x0000000083d00000, 0x0000000083e00000, 0x0000000083e00000|100%| O|  |TAMS 0x0000000083e00000, 0x0000000083e00000| Untracked 
|   8|0x0000000083e00000, 0x0000000083f00000, 0x0000000083f00000|100%| O|  |TAMS 0x0000000083e00000, 0x0000000083f00000| Untracked 
|   9|0x0000000083f00000, 0x0000000084000000, 0x0000000084000000|100%| O|  |TAMS 0x0000000083f00000, 0x0000000084000000| Untracked 
|  10|0x0000000084000000, 0x0000000084100000, 0x0000000084100000|100%| O|  |TAMS 0x0000000084100000, 0x0000000084100000| Untracked 
|  11|0x0000000084100000, 0x0000000084200000, 0x0000000084200000|100%| O|  |TAMS 0x0000000084200000, 0x0000000084200000| Untracked 
|  12|0x0000000084200000, 0x0000000084300000, 0x0000000084300000|100%| O|  |TAMS 0x0000000084300000, 0x0000000084300000| Untracked 
|  13|0x0000000084300000, 0x0000000084400000, 0x0000000084400000|100%| O|  |TAMS 0x0000000084400000, 0x0000000084400000| Untracked 
|  14|0x0000000084400000, 0x0000000084500000, 0x0000000084500000|100%| O|  |TAMS 0x0000000084500000, 0x0000000084500000| Untracked 
|  15|0x0000000084500000, 0x0000000084600000, 0x0000000084600000|100%| O|  |TAMS 0x0000000084600000, 0x0000000084600000| Untracked 
|  16|0x0000000084600000, 0x0000000084700000, 0x0000000084700000|100%| O|  |TAMS 0x0000000084700000, 0x0000000084700000| Untracked 
|  17|0x0000000084700000, 0x0000000084800000, 0x0000000084800000|100%|HS|  |TAMS 0x0000000084800000, 0x0000000084800000| Complete 
|  18|0x0000000084800000, 0x0000000084900000, 0x0000000084900000|100%|HC|  |TAMS 0x0000000084900000, 0x0000000084900000| Complete 
|  19|0x0000000084900000, 0x0000000084a00000, 0x0000000084a00000|100%| O|  |TAMS 0x0000000084a00000, 0x0000000084a00000| Untracked 
|  20|0x0000000084a00000, 0x0000000084b00000, 0x0000000084b00000|100%| O|  |TAMS 0x0000000084b00000, 0x0000000084b00000| Untracked 
|  21|0x0000000084b00000, 0x0000000084c00000, 0x0000000084c00000|100%| O|  |TAMS 0x0000000084c00000, 0x0000000084c00000| Untracked 
|  22|0x0000000084c00000, 0x0000000084d00000, 0x0000000084d00000|100%| O|  |TAMS 0x0000000084d00000, 0x0000000084d00000| Untracked 
|  23|0x0000000084d00000, 0x0000000084d00000, 0x0000000084e00000|  0%| F|  |TAMS 0x0000000084d00000, 0x0000000084d00000| Untracked 
|  24|0x0000000084e00000, 0x0000000084f00000, 0x0000000084f00000|100%| O|  |TAMS 0x0000000084f00000, 0x0000000084f00000| Untracked 
|  25|0x0000000084f00000, 0x0000000085000000, 0x0000000085000000|100%| O|  |TAMS 0x0000000085000000, 0x0000000085000000| Untracked 
|  26|0x0000000085000000, 0x0000000085100000, 0x0000000085100000|100%| O|  |TAMS 0x0000000085100000, 0x0000000085100000| Untracked 
|  27|0x0000000085100000, 0x0000000085200000, 0x0000000085200000|100%| O|  |TAMS 0x0000000085200000, 0x0000000085200000| Untracked 
|  28|0x0000000085200000, 0x0000000085300000, 0x0000000085300000|100%| O|  |TAMS 0x0000000085300000, 0x0000000085300000| Untracked 
|  29|0x0000000085300000, 0x0000000085400000, 0x0000000085400000|100%| O|  |TAMS 0x0000000085400000, 0x0000000085400000| Untracked 
|  30|0x0000000085400000, 0x0000000085500000, 0x0000000085500000|100%| O|  |TAMS 0x0000000085500000, 0x0000000085500000| Untracked 
|  31|0x0000000085500000, 0x0000000085600000, 0x0000000085600000|100%| O|  |TAMS 0x0000000085600000, 0x0000000085600000| Untracked 
|  32|0x0000000085600000, 0x0000000085700000, 0x0000000085700000|100%| O|  |TAMS 0x0000000085700000, 0x0000000085700000| Untracked 
|  33|0x0000000085700000, 0x0000000085800000, 0x0000000085800000|100%| O|  |TAMS 0x0000000085800000, 0x0000000085800000| Untracked 
|  34|0x0000000085800000, 0x0000000085900000, 0x0000000085900000|100%| O|  |TAMS 0x0000000085900000, 0x0000000085900000| Untracked 
|  35|0x0000000085900000, 0x0000000085a00000, 0x0000000085a00000|100%| O|  |TAMS 0x0000000085a00000, 0x0000000085a00000| Untracked 
|  36|0x0000000085a00000, 0x0000000085b00000, 0x0000000085b00000|100%| O|  |TAMS 0x0000000085b00000, 0x0000000085b00000| Untracked 
|  37|0x0000000085b00000, 0x0000000085c00000, 0x0000000085c00000|100%| O|  |TAMS 0x0000000085c00000, 0x0000000085c00000| Untracked 
|  38|0x0000000085c00000, 0x0000000085d00000, 0x0000000085d00000|100%| O|  |TAMS 0x0000000085d00000, 0x0000000085d00000| Untracked 
|  39|0x0000000085d00000, 0x0000000085e00000, 0x0000000085e00000|100%| O|  |TAMS 0x0000000085d93200, 0x0000000085e00000| Untracked 
|  40|0x0000000085e00000, 0x0000000085f00000, 0x0000000085f00000|100%| O|  |TAMS 0x0000000085e00000, 0x0000000085f00000| Untracked 
|  41|0x0000000085f00000, 0x0000000086000000, 0x0000000086000000|100%| O|  |TAMS 0x0000000085f00000, 0x0000000086000000| Untracked 
|  42|0x0000000086000000, 0x0000000086100000, 0x0000000086100000|100%| O|  |TAMS 0x0000000086000000, 0x0000000086100000| Untracked 
|  43|0x0000000086100000, 0x0000000086200000, 0x0000000086200000|100%| O|  |TAMS 0x0000000086100000, 0x0000000086200000| Untracked 
|  44|0x0000000086200000, 0x0000000086300000, 0x0000000086300000|100%| O|  |TAMS 0x0000000086200000, 0x0000000086300000| Untracked 
|  45|0x0000000086300000, 0x00000000863d5e00, 0x0000000086400000| 83%| O|  |TAMS 0x0000000086300000, 0x00000000863d5e00| Untracked 
|  46|0x0000000086400000, 0x0000000086400000, 0x0000000086500000|  0%| F|  |TAMS 0x0000000086400000, 0x0000000086400000| Untracked 
|  47|0x0000000086500000, 0x0000000086500000, 0x0000000086600000|  0%| F|  |TAMS 0x0000000086500000, 0x0000000086500000| Untracked 
|  48|0x0000000086600000, 0x0000000086600000, 0x0000000086700000|  0%| F|  |TAMS 0x0000000086600000, 0x0000000086600000| Untracked 
|  49|0x0000000086700000, 0x0000000086700000, 0x0000000086800000|  0%| F|  |TAMS 0x0000000086700000, 0x0000000086700000| Untracked 
|  50|0x0000000086800000, 0x0000000086800000, 0x0000000086900000|  0%| F|  |TAMS 0x0000000086800000, 0x0000000086800000| Untracked 
|  51|0x0000000086900000, 0x0000000086900000, 0x0000000086a00000|  0%| F|  |TAMS 0x0000000086900000, 0x0000000086900000| Untracked 
|  52|0x0000000086a00000, 0x0000000086a00000, 0x0000000086b00000|  0%| F|  |TAMS 0x0000000086a00000, 0x0000000086a00000| Untracked 
|  53|0x0000000086b00000, 0x0000000086b00000, 0x0000000086c00000|  0%| F|  |TAMS 0x0000000086b00000, 0x0000000086b00000| Untracked 
|  54|0x0000000086c00000, 0x0000000086c00000, 0x0000000086d00000|  0%| F|  |TAMS 0x0000000086c00000, 0x0000000086c00000| Untracked 
|  55|0x0000000086d00000, 0x0000000086d00000, 0x0000000086e00000|  0%| F|  |TAMS 0x0000000086d00000, 0x0000000086d00000| Untracked 
|  56|0x0000000086e00000, 0x0000000086e00000, 0x0000000086f00000|  0%| F|  |TAMS 0x0000000086e00000, 0x0000000086e00000| Untracked 
|  57|0x0000000086f00000, 0x0000000086f00000, 0x0000000087000000|  0%| F|  |TAMS 0x0000000086f00000, 0x0000000086f00000| Untracked 
|  58|0x0000000087000000, 0x0000000087000000, 0x0000000087100000|  0%| F|  |TAMS 0x0000000087000000, 0x0000000087000000| Untracked 
|  59|0x0000000087100000, 0x0000000087100000, 0x0000000087200000|  0%| F|  |TAMS 0x0000000087100000, 0x0000000087100000| Untracked 
|  60|0x0000000087200000, 0x0000000087200000, 0x0000000087300000|  0%| F|  |TAMS 0x0000000087200000, 0x0000000087200000| Untracked 
|  61|0x0000000087300000, 0x000000008731dc60, 0x0000000087400000| 11%| S|CS|TAMS 0x0000000087300000, 0x0000000087300000| Complete 
|  62|0x0000000087400000, 0x0000000087400000, 0x0000000087500000|  0%| F|  |TAMS 0x0000000087400000, 0x0000000087400000| Untracked 
|  63|0x0000000087500000, 0x0000000087500000, 0x0000000087600000|  0%| F|  |TAMS 0x0000000087500000, 0x0000000087500000| Untracked 
|  64|0x0000000087600000, 0x0000000087600000, 0x0000000087700000|  0%| F|  |TAMS 0x0000000087600000, 0x0000000087600000| Untracked 
|  65|0x0000000087700000, 0x0000000087700000, 0x0000000087800000|  0%| F|  |TAMS 0x0000000087700000, 0x0000000087700000| Untracked 
|  66|0x0000000087800000, 0x0000000087800000, 0x0000000087900000|  0%| F|  |TAMS 0x0000000087800000, 0x0000000087800000| Untracked 
|  67|0x0000000087900000, 0x0000000087900000, 0x0000000087a00000|  0%| F|  |TAMS 0x0000000087900000, 0x0000000087900000| Untracked 
|  68|0x0000000087a00000, 0x0000000087a00000, 0x0000000087b00000|  0%| F|  |TAMS 0x0000000087a00000, 0x0000000087a00000| Untracked 
|  69|0x0000000087b00000, 0x0000000087b00000, 0x0000000087c00000|  0%| F|  |TAMS 0x0000000087b00000, 0x0000000087b00000| Untracked 
|  70|0x0000000087c00000, 0x0000000087c00000, 0x0000000087d00000|  0%| F|  |TAMS 0x0000000087c00000, 0x0000000087c00000| Untracked 
|  71|0x0000000087d00000, 0x0000000087d00000, 0x0000000087e00000|  0%| F|  |TAMS 0x0000000087d00000, 0x0000000087d00000| Untracked 
|  72|0x0000000087e00000, 0x0000000087e00000, 0x0000000087f00000|  0%| F|  |TAMS 0x0000000087e00000, 0x0000000087e00000| Untracked 
|  73|0x0000000087f00000, 0x0000000087f00000, 0x0000000088000000|  0%| F|  |TAMS 0x0000000087f00000, 0x0000000087f00000| Untracked 
|  74|0x0000000088000000, 0x0000000088000000, 0x0000000088100000|  0%| F|  |TAMS 0x0000000088000000, 0x0000000088000000| Untracked 
|  75|0x0000000088100000, 0x0000000088100000, 0x0000000088200000|  0%| F|  |TAMS 0x0000000088100000, 0x0000000088100000| Untracked 
|  76|0x0000000088200000, 0x0000000088200000, 0x0000000088300000|  0%| F|  |TAMS 0x0000000088200000, 0x0000000088200000| Untracked 
|  77|0x0000000088300000, 0x0000000088300000, 0x0000000088400000|  0%| F|  |TAMS 0x0000000088300000, 0x0000000088300000| Untracked 
|  78|0x0000000088400000, 0x0000000088400000, 0x0000000088500000|  0%| F|  |TAMS 0x0000000088400000, 0x0000000088400000| Untracked 
|  79|0x0000000088500000, 0x0000000088500000, 0x0000000088600000|  0%| F|  |TAMS 0x0000000088500000, 0x0000000088500000| Untracked 
|  80|0x0000000088600000, 0x0000000088600000, 0x0000000088700000|  0%| F|  |TAMS 0x0000000088600000, 0x0000000088600000| Untracked 
|  81|0x0000000088700000, 0x0000000088700000, 0x0000000088800000|  0%| F|  |TAMS 0x0000000088700000, 0x0000000088700000| Untracked 
|  82|0x0000000088800000, 0x0000000088800000, 0x0000000088900000|  0%| F|  |TAMS 0x0000000088800000, 0x0000000088800000| Untracked 
|  83|0x0000000088900000, 0x0000000088900000, 0x0000000088a00000|  0%| F|  |TAMS 0x0000000088900000, 0x0000000088900000| Untracked 
|  84|0x0000000088a00000, 0x0000000088a00000, 0x0000000088b00000|  0%| F|  |TAMS 0x0000000088a00000, 0x0000000088a00000| Untracked 
|  85|0x0000000088b00000, 0x0000000088b00000, 0x0000000088c00000|  0%| F|  |TAMS 0x0000000088b00000, 0x0000000088b00000| Untracked 
|  86|0x0000000088c00000, 0x0000000088c00000, 0x0000000088d00000|  0%| F|  |TAMS 0x0000000088c00000, 0x0000000088c00000| Untracked 
|  87|0x0000000088d00000, 0x0000000088d00000, 0x0000000088e00000|  0%| F|  |TAMS 0x0000000088d00000, 0x0000000088d00000| Untracked 
|  88|0x0000000088e00000, 0x0000000088e00000, 0x0000000088f00000|  0%| F|  |TAMS 0x0000000088e00000, 0x0000000088e00000| Untracked 
|  89|0x0000000088f00000, 0x0000000088f00000, 0x0000000089000000|  0%| F|  |TAMS 0x0000000088f00000, 0x0000000088f00000| Untracked 
|  90|0x0000000089000000, 0x0000000089000000, 0x0000000089100000|  0%| F|  |TAMS 0x0000000089000000, 0x0000000089000000| Untracked 
|  91|0x0000000089100000, 0x0000000089100000, 0x0000000089200000|  0%| F|  |TAMS 0x0000000089100000, 0x0000000089100000| Untracked 
|  92|0x0000000089200000, 0x0000000089200000, 0x0000000089300000|  0%| F|  |TAMS 0x0000000089200000, 0x0000000089200000| Untracked 
|  93|0x0000000089300000, 0x0000000089300000, 0x0000000089400000|  0%| F|  |TAMS 0x0000000089300000, 0x0000000089300000| Untracked 
|  94|0x0000000089400000, 0x0000000089400000, 0x0000000089500000|  0%| F|  |TAMS 0x0000000089400000, 0x0000000089400000| Untracked 
|  95|0x0000000089500000, 0x0000000089500000, 0x0000000089600000|  0%| F|  |TAMS 0x0000000089500000, 0x0000000089500000| Untracked 
|  96|0x0000000089600000, 0x0000000089600000, 0x0000000089700000|  0%| F|  |TAMS 0x0000000089600000, 0x0000000089600000| Untracked 
|  97|0x0000000089700000, 0x0000000089700000, 0x0000000089800000|  0%| F|  |TAMS 0x0000000089700000, 0x0000000089700000| Untracked 
|  98|0x0000000089800000, 0x0000000089800000, 0x0000000089900000|  0%| F|  |TAMS 0x0000000089800000, 0x0000000089800000| Untracked 
|  99|0x0000000089900000, 0x0000000089900000, 0x0000000089a00000|  0%| F|  |TAMS 0x0000000089900000, 0x0000000089900000| Untracked 
| 100|0x0000000089a00000, 0x0000000089a00000, 0x0000000089b00000|  0%| F|  |TAMS 0x0000000089a00000, 0x0000000089a00000| Untracked 
| 101|0x0000000089b00000, 0x0000000089b00000, 0x0000000089c00000|  0%| F|  |TAMS 0x0000000089b00000, 0x0000000089b00000| Untracked 
| 102|0x0000000089c00000, 0x0000000089c00000, 0x0000000089d00000|  0%| F|  |TAMS 0x0000000089c00000, 0x0000000089c00000| Untracked 
| 103|0x0000000089d00000, 0x0000000089d00000, 0x0000000089e00000|  0%| F|  |TAMS 0x0000000089d00000, 0x0000000089d00000| Untracked 
| 104|0x0000000089e00000, 0x0000000089e00000, 0x0000000089f00000|  0%| F|  |TAMS 0x0000000089e00000, 0x0000000089e00000| Untracked 
| 105|0x0000000089f00000, 0x0000000089f00000, 0x000000008a000000|  0%| F|  |TAMS 0x0000000089f00000, 0x0000000089f00000| Untracked 
| 106|0x000000008a000000, 0x000000008a000000, 0x000000008a100000|  0%| F|  |TAMS 0x000000008a000000, 0x000000008a000000| Untracked 
| 107|0x000000008a100000, 0x000000008a100000, 0x000000008a200000|  0%| F|  |TAMS 0x000000008a100000, 0x000000008a100000| Untracked 
| 108|0x000000008a200000, 0x000000008a200000, 0x000000008a300000|  0%| F|  |TAMS 0x000000008a200000, 0x000000008a200000| Untracked 
| 109|0x000000008a300000, 0x000000008a300000, 0x000000008a400000|  0%| F|  |TAMS 0x000000008a300000, 0x000000008a300000| Untracked 
| 110|0x000000008a400000, 0x000000008a400000, 0x000000008a500000|  0%| F|  |TAMS 0x000000008a400000, 0x000000008a400000| Untracked 
| 111|0x000000008a500000, 0x000000008a500000, 0x000000008a600000|  0%| F|  |TAMS 0x000000008a500000, 0x000000008a500000| Untracked 
| 112|0x000000008a600000, 0x000000008a600000, 0x000000008a700000|  0%| F|  |TAMS 0x000000008a600000, 0x000000008a600000| Untracked 
| 113|0x000000008a700000, 0x000000008a700000, 0x000000008a800000|  0%| F|  |TAMS 0x000000008a700000, 0x000000008a700000| Untracked 
| 114|0x000000008a800000, 0x000000008a800000, 0x000000008a900000|  0%| F|  |TAMS 0x000000008a800000, 0x000000008a800000| Untracked 
| 115|0x000000008a900000, 0x000000008a900000, 0x000000008aa00000|  0%| F|  |TAMS 0x000000008a900000, 0x000000008a900000| Untracked 
| 116|0x000000008aa00000, 0x000000008aa00000, 0x000000008ab00000|  0%| F|  |TAMS 0x000000008aa00000, 0x000000008aa00000| Untracked 
| 117|0x000000008ab00000, 0x000000008ab00000, 0x000000008ac00000|  0%| F|  |TAMS 0x000000008ab00000, 0x000000008ab00000| Untracked 
| 118|0x000000008ac00000, 0x000000008ac00000, 0x000000008ad00000|  0%| F|  |TAMS 0x000000008ac00000, 0x000000008ac00000| Untracked 
| 119|0x000000008ad00000, 0x000000008ad00000, 0x000000008ae00000|  0%| F|  |TAMS 0x000000008ad00000, 0x000000008ad00000| Untracked 
| 120|0x000000008ae00000, 0x000000008ae00000, 0x000000008af00000|  0%| F|  |TAMS 0x000000008ae00000, 0x000000008ae00000| Untracked 
| 121|0x000000008af00000, 0x000000008af00000, 0x000000008b000000|  0%| F|  |TAMS 0x000000008af00000, 0x000000008af00000| Untracked 
| 122|0x000000008b000000, 0x000000008b000000, 0x000000008b100000|  0%| F|  |TAMS 0x000000008b000000, 0x000000008b000000| Untracked 
| 123|0x000000008b100000, 0x000000008b100000, 0x000000008b200000|  0%| F|  |TAMS 0x000000008b100000, 0x000000008b100000| Untracked 
| 124|0x000000008b200000, 0x000000008b200000, 0x000000008b300000|  0%| F|  |TAMS 0x000000008b200000, 0x000000008b200000| Untracked 
| 125|0x000000008b300000, 0x000000008b300000, 0x000000008b400000|  0%| F|  |TAMS 0x000000008b300000, 0x000000008b300000| Untracked 

Card table byte_map: [0x0000025ef88d0000,0x0000025ef8cc0000] _byte_map_base: 0x0000025ef84b5000

Marking Bits (Prev, Next): (CMBitMap*) 0x0000025ef4d36de0, (CMBitMap*) 0x0000025ef4d36e20
 Prev Bits: [0x0000025ef90b0000, 0x0000025efafd8000)
 Next Bits: [0x0000025efafe0000, 0x0000025efcf08000)

Polling page: 0x0000025ef2b20000

Metaspace:

Usage:
  Non-class:     44.72 MB used.
      Class:      6.00 MB used.
       Both:     50.72 MB used.

Virtual space:
  Non-class space:       48.00 MB reserved,      44.81 MB ( 93%) committed,  6 nodes.
      Class space:        1.00 GB reserved,       6.12 MB ( <1%) committed,  1 nodes.
             Both:        1.05 GB reserved,      50.94 MB (  5%) committed. 

Chunk freelists:
   Non-Class:  2.33 MB
       Class:  1.86 MB
        Both:  4.19 MB

MaxMetaspaceSize: unlimited
CompressedClassSpaceSize: 1.00 GB
Initial GC threshold: 21.00 MB
Current GC threshold: 84.38 MB
CDS: off
MetaspaceReclaimPolicy: balanced
 - commit_granule_bytes: 65536.
 - commit_granule_words: 8192.
 - virtual_space_node_default_size: 1048576.
 - enlarge_chunks_in_place: 1.
 - new_chunks_are_fully_committed: 0.
 - uncommit_free_chunks: 1.
 - use_allocation_guard: 0.
 - handle_deallocations: 1.


Internal statistics:

num_allocs_failed_limit: 3.
num_arena_births: 222.
num_arena_deaths: 0.
num_vsnodes_births: 7.
num_vsnodes_deaths: 0.
num_space_committed: 813.
num_space_uncommitted: 0.
num_chunks_returned_to_freelist: 3.
num_chunks_taken_from_freelist: 1775.
num_chunk_merges: 3.
num_chunk_splits: 1450.
num_chunks_enlarged: 1284.
num_purges: 0.
num_inconsistent_stats: 0.

CodeHeap 'non-profiled nmethods': size=120000Kb used=2725Kb max_used=2963Kb free=117274Kb
 bounds [0x0000025e87ad0000, 0x0000025e87dc0000, 0x0000025e8f000000]
CodeHeap 'profiled nmethods': size=120000Kb used=11986Kb max_used=13907Kb free=108013Kb
 bounds [0x0000025e80000000, 0x0000025e80da0000, 0x0000025e87530000]
CodeHeap 'non-nmethods': size=5760Kb used=1287Kb max_used=1367Kb free=4472Kb
 bounds [0x0000025e87530000, 0x0000025e877a0000, 0x0000025e87ad0000]
 total_blobs=5658 nmethods=5074 adapters=495
 compilation: enabled
              stopped_count=0, restarted_count=0
 full_count=0

Compilation events (20 events):
Event: 6.258 Thread 0x0000025eff9cde20 5931       3       org.jetbrains.kotlin.resolve.DescriptorUtils::classCanHaveAbstractDeclaration (46 bytes)
Event: 6.259 Thread 0x0000025eff9cde20 nmethod 5931 0x0000025e801e4c90 code [0x0000025e801e4e60, 0x0000025e801e5258]
Event: 6.259 Thread 0x0000025eff9cde20 5935       3       java.util.LinkedHashMap$LinkedKeySet::size (8 bytes)
Event: 6.259 Thread 0x0000025eff9cde20 nmethod 5935 0x0000025e8017c510 code [0x0000025e8017c6a0, 0x0000025e8017c7b8]
Event: 6.259 Thread 0x0000025eff9cde20 5933       3       org.jetbrains.kotlin.resolve.OverrideResolver$CollectWarningInformationForInheritedMembersStrategy::doReportErrors (265 bytes)
Event: 6.261 Thread 0x0000025eff9cde20 nmethod 5933 0x0000025e800ada10 code [0x0000025e800add80, 0x0000025e800af578]
Event: 6.261 Thread 0x0000025eff9cde20 5936       3       org.jetbrains.kotlin.resolve.OverrideResolver$Companion::checkInheritedAndDelegatedSignatures (633 bytes)
Event: 6.274 Thread 0x0000025eff9cde20 nmethod 5936 0x0000025e805e2090 code [0x0000025e805e2980, 0x0000025e805e8b28]
Event: 6.274 Thread 0x0000025eff9cde20 5939       3       org.jetbrains.kotlin.resolve.OverrideResolver$Companion::checkInheritedDescriptorsGroup (134 bytes)
Event: 6.277 Thread 0x0000025eff9cde20 nmethod 5939 0x0000025e8091b590 code [0x0000025e8091b8c0, 0x0000025e8091cdd8]
Event: 6.277 Thread 0x0000025eff9cde20 5934       3       org.jetbrains.kotlin.com.intellij.util.SmartList::<init> (5 bytes)
Event: 6.277 Thread 0x0000025eff9cde20 nmethod 5934 0x0000025e80262e90 code [0x0000025e80263040, 0x0000025e80263278]
Event: 6.277 Thread 0x0000025eff9cde20 5941       3       org.jetbrains.kotlin.resolve.OverrideResolver$Companion::collectAbstractMethodsWithMoreSpecificReturnType (113 bytes)
Event: 6.278 Thread 0x0000025eff9cde20 nmethod 5941 0x0000025e80060190 code [0x0000025e80060420, 0x0000025e80061408]
Event: 6.279 Thread 0x0000025eff9cde20 5940       3       org.jetbrains.kotlin.resolve.OverrideResolver$Companion::checkMissingOverridesByJava8Restrictions$default (39 bytes)
Event: 6.279 Thread 0x0000025eff9cde20 nmethod 5940 0x0000025e80236210 code [0x0000025e802363e0, 0x0000025e80236768]
Event: 6.363 Thread 0x0000025eff9cde20 5950       2       org.jetbrains.kotlin.resolve.DescriptorUtils::isLocal (42 bytes)
Event: 6.363 Thread 0x0000025eff9cde20 nmethod 5950 0x0000025e80808110 code [0x0000025e808082e0, 0x0000025e808085f8]
Event: 6.363 Thread 0x0000025eff9cde20 5949       2       org.jetbrains.kotlin.descriptors.impl.SimpleFunctionDescriptorImpl::getOriginal (5 bytes)
Event: 6.364 Thread 0x0000025eff9cde20 nmethod 5949 0x0000025e802b5490 code [0x0000025e802b5640, 0x0000025e802b5828]

GC Heap History (20 events):
Event: 2.235 GC heap after
{Heap after GC invocations=10 (full 0):
 garbage-first heap   total 64512K, used 22618K [0x0000000083600000, 0x0000000100000000)
  region size 1024K, 4 young (4096K), 4 survivors (4096K)
 Metaspace       used 40342K, committed 40512K, reserved 1089536K
  class space    used 4965K, committed 5056K, reserved 1048576K
}
Event: 2.850 GC heap before
{Heap before GC invocations=10 (full 0):
 garbage-first heap   total 64512K, used 47194K [0x0000000083600000, 0x0000000100000000)
  region size 1024K, 26 young (26624K), 4 survivors (4096K)
 Metaspace       used 46024K, committed 46336K, reserved 1089536K
  class space    used 5628K, committed 5760K, reserved 1048576K
}
Event: 2.864 GC heap after
{Heap after GC invocations=11 (full 0):
 garbage-first heap   total 64512K, used 27512K [0x0000000083600000, 0x0000000100000000)
  region size 1024K, 3 young (3072K), 3 survivors (3072K)
 Metaspace       used 46024K, committed 46336K, reserved 1089536K
  class space    used 5628K, committed 5760K, reserved 1048576K
}
Event: 3.160 GC heap before
{Heap before GC invocations=11 (full 0):
 garbage-first heap   total 64512K, used 47992K [0x0000000083600000, 0x0000000100000000)
  region size 1024K, 23 young (23552K), 3 survivors (3072K)
 Metaspace       used 47450K, committed 47680K, reserved 1097728K
  class space    used 5788K, committed 5888K, reserved 1048576K
}
Event: 3.170 GC heap after
{Heap after GC invocations=12 (full 0):
 garbage-first heap   total 64512K, used 29212K [0x0000000083600000, 0x0000000100000000)
  region size 1024K, 2 young (2048K), 2 survivors (2048K)
 Metaspace       used 47450K, committed 47680K, reserved 1097728K
  class space    used 5788K, committed 5888K, reserved 1048576K
}
Event: 3.518 GC heap before
{Heap before GC invocations=12 (full 0):
 garbage-first heap   total 64512K, used 48668K [0x0000000083600000, 0x0000000100000000)
  region size 1024K, 21 young (21504K), 2 survivors (2048K)
 Metaspace       used 48200K, committed 48448K, reserved 1097728K
  class space    used 5856K, committed 5952K, reserved 1048576K
}
Event: 3.533 GC heap after
{Heap after GC invocations=13 (full 0):
 garbage-first heap   total 64512K, used 32238K [0x0000000083600000, 0x0000000100000000)
  region size 1024K, 3 young (3072K), 3 survivors (3072K)
 Metaspace       used 48200K, committed 48448K, reserved 1097728K
  class space    used 5856K, committed 5952K, reserved 1048576K
}
Event: 3.827 GC heap before
{Heap before GC invocations=13 (full 0):
 garbage-first heap   total 64512K, used 49646K [0x0000000083600000, 0x0000000100000000)
  region size 1024K, 20 young (20480K), 3 survivors (3072K)
 Metaspace       used 49446K, committed 49664K, reserved 1097728K
  class space    used 5993K, committed 6080K, reserved 1048576K
}
Event: 3.840 GC heap after
{Heap after GC invocations=14 (full 0):
 garbage-first heap   total 83968K, used 34943K [0x0000000083600000, 0x0000000100000000)
  region size 1024K, 3 young (3072K), 3 survivors (3072K)
 Metaspace       used 49446K, committed 49664K, reserved 1097728K
  class space    used 5993K, committed 6080K, reserved 1048576K
}
Event: 4.809 GC heap before
{Heap before GC invocations=15 (full 0):
 garbage-first heap   total 83968K, used 61567K [0x0000000083600000, 0x0000000100000000)
  region size 1024K, 29 young (29696K), 3 survivors (3072K)
 Metaspace       used 51158K, committed 51392K, reserved 1097728K
  class space    used 6089K, committed 6208K, reserved 1048576K
}
Event: 4.828 GC heap after
{Heap after GC invocations=16 (full 0):
 garbage-first heap   total 83968K, used 39777K [0x0000000083600000, 0x0000000100000000)
  region size 1024K, 4 young (4096K), 4 survivors (4096K)
 Metaspace       used 51158K, committed 51392K, reserved 1097728K
  class space    used 6089K, committed 6208K, reserved 1048576K
}
Event: 4.856 GC heap before
{Heap before GC invocations=16 (full 0):
 garbage-first heap   total 83968K, used 40801K [0x0000000083600000, 0x0000000100000000)
  region size 1024K, 5 young (5120K), 4 survivors (4096K)
 Metaspace       used 51169K, committed 51392K, reserved 1097728K
  class space    used 6089K, committed 6208K, reserved 1048576K
}
Event: 4.875 GC heap after
{Heap after GC invocations=17 (full 0):
 garbage-first heap   total 83968K, used 39212K [0x0000000083600000, 0x0000000100000000)
  region size 1024K, 1 young (1024K), 1 survivors (1024K)
 Metaspace       used 51169K, committed 51392K, reserved 1097728K
  class space    used 6089K, committed 6208K, reserved 1048576K
}
Event: 5.913 GC heap before
{Heap before GC invocations=17 (full 0):
 garbage-first heap   total 83968K, used 61740K [0x0000000083600000, 0x0000000100000000)
  region size 1024K, 24 young (24576K), 1 survivors (1024K)
 Metaspace       used 51615K, committed 51840K, reserved 1097728K
  class space    used 6120K, committed 6208K, reserved 1048576K
}
Event: 5.931 GC heap after
{Heap after GC invocations=18 (full 0):
 garbage-first heap   total 83968K, used 43832K [0x0000000083600000, 0x0000000100000000)
  region size 1024K, 3 young (3072K), 3 survivors (3072K)
 Metaspace       used 51615K, committed 51840K, reserved 1097728K
  class space    used 6120K, committed 6208K, reserved 1048576K
}
Event: 6.294 GC heap before
{Heap before GC invocations=19 (full 0):
 garbage-first heap   total 83968K, used 64312K [0x0000000083600000, 0x0000000100000000)
  region size 1024K, 23 young (23552K), 3 survivors (3072K)
 Metaspace       used 51932K, committed 52160K, reserved 1097728K
  class space    used 6144K, committed 6272K, reserved 1048576K
}
Event: 6.313 GC heap after
{Heap after GC invocations=20 (full 0):
 garbage-first heap   total 83968K, used 46593K [0x0000000083600000, 0x0000000100000000)
  region size 1024K, 3 young (3072K), 3 survivors (3072K)
 Metaspace       used 51932K, committed 52160K, reserved 1097728K
  class space    used 6144K, committed 6272K, reserved 1048576K
}
Event: 6.320 GC heap before
{Heap before GC invocations=20 (full 0):
 garbage-first heap   total 83968K, used 47617K [0x0000000083600000, 0x0000000100000000)
  region size 1024K, 4 young (4096K), 3 survivors (3072K)
 Metaspace       used 51932K, committed 52160K, reserved 1097728K
  class space    used 6144K, committed 6272K, reserved 1048576K
}
Event: 6.331 GC heap after
{Heap after GC invocations=21 (full 0):
 garbage-first heap   total 83968K, used 46148K [0x0000000083600000, 0x0000000100000000)
  region size 1024K, 1 young (1024K), 1 survivors (1024K)
 Metaspace       used 51932K, committed 52160K, reserved 1097728K
  class space    used 6144K, committed 6272K, reserved 1048576K
}
Event: 6.602 GC heap before
{Heap before GC invocations=21 (full 0):
 garbage-first heap   total 83968K, used 65604K [0x0000000083600000, 0x0000000100000000)
  region size 1024K, 20 young (20480K), 1 survivors (1024K)
 Metaspace       used 51936K, committed 52160K, reserved 1097728K
  class space    used 6144K, committed 6272K, reserved 1048576K
}

Dll operation events (2 events):
Event: 0.005 Loaded shared library C:\Program Files\Android\Android Studio\jbr\bin\java.dll
Event: 1.183 Loaded shared library C:\Program Files\Android\Android Studio\jbr\bin\verify.dll

Deoptimization events (20 events):
Event: 5.885 Thread 0x0000025ef4cd82f0 Uncommon trap: trap_request=0xffffffc6 fr.pc=0x0000025e87d8c1cc relative=0x00000000000000ac
Event: 5.885 Thread 0x0000025ef4cd82f0 Uncommon trap: reason=bimorphic_or_optimized_type_check action=maybe_recompile pc=0x0000025e87d8c1cc method=org.jetbrains.kotlin.types.DelegatingSimpleType.getArguments()Ljava/util/List; @ 4 c2
Event: 5.886 Thread 0x0000025ef4cd82f0 DEOPT PACKING pc=0x0000025e87d8c1cc sp=0x000000c44a9fd660
Event: 5.886 Thread 0x0000025ef4cd82f0 DEOPT UNPACKING pc=0x0000025e8758a1a3 sp=0x000000c44a9fd5e8 mode 2
Event: 5.886 Thread 0x0000025ef4cd82f0 Uncommon trap: trap_request=0xffffffc6 fr.pc=0x0000025e87d8c1cc relative=0x00000000000000ac
Event: 5.888 Thread 0x0000025ef4cd82f0 Uncommon trap: reason=bimorphic_or_optimized_type_check action=maybe_recompile pc=0x0000025e87d8c1cc method=org.jetbrains.kotlin.types.DelegatingSimpleType.getArguments()Ljava/util/List; @ 4 c2
Event: 5.888 Thread 0x0000025ef4cd82f0 DEOPT PACKING pc=0x0000025e87d8c1cc sp=0x000000c44a9fd660
Event: 5.888 Thread 0x0000025ef4cd82f0 DEOPT UNPACKING pc=0x0000025e8758a1a3 sp=0x000000c44a9fd5e8 mode 2
Event: 6.027 Thread 0x0000025ef4cd82f0 Uncommon trap: trap_request=0xffffff45 fr.pc=0x0000025e87d295c0 relative=0x0000000000000d60
Event: 6.027 Thread 0x0000025ef4cd82f0 Uncommon trap: reason=unstable_if action=reinterpret pc=0x0000025e87d295c0 method=org.jetbrains.kotlin.util.Checks.isApplicable(Lorg/jetbrains/kotlin/descriptors/FunctionDescriptor;)Z @ 26 c2
Event: 6.027 Thread 0x0000025ef4cd82f0 DEOPT PACKING pc=0x0000025e87d295c0 sp=0x000000c44a9fd100
Event: 6.027 Thread 0x0000025ef4cd82f0 DEOPT UNPACKING pc=0x0000025e8758a1a3 sp=0x000000c44a9fd0a8 mode 2
Event: 6.027 Thread 0x0000025ef4cd82f0 Uncommon trap: trap_request=0xffffff45 fr.pc=0x0000025e87af8aa8 relative=0x00000000000001e8
Event: 6.027 Thread 0x0000025ef4cd82f0 Uncommon trap: reason=unstable_if action=reinterpret pc=0x0000025e87af8aa8 method=org.jetbrains.kotlin.util.AbstractModifierChecks.check(Lorg/jetbrains/kotlin/descriptors/FunctionDescriptor;)Lorg/jetbrains/kotlin/util/CheckResult; @ 40 c2
Event: 6.027 Thread 0x0000025ef4cd82f0 DEOPT PACKING pc=0x0000025e87af8aa8 sp=0x000000c44a9fd150
Event: 6.027 Thread 0x0000025ef4cd82f0 DEOPT UNPACKING pc=0x0000025e8758a1a3 sp=0x000000c44a9fcfb8 mode 2
Event: 6.210 Thread 0x0000025ef4cd82f0 Uncommon trap: trap_request=0xffffff45 fr.pc=0x0000025e87b8c690 relative=0x00000000000000f0
Event: 6.210 Thread 0x0000025ef4cd82f0 Uncommon trap: reason=unstable_if action=reinterpret pc=0x0000025e87b8c690 method=org.jetbrains.kotlin.descriptors.DescriptorVisibilities.compare(Lorg/jetbrains/kotlin/descriptors/DescriptorVisibility;Lorg/jetbrains/kotlin/descriptors/DescriptorVisibility
Event: 6.210 Thread 0x0000025ef4cd82f0 DEOPT PACKING pc=0x0000025e87b8c690 sp=0x000000c44a9fe520
Event: 6.210 Thread 0x0000025ef4cd82f0 DEOPT UNPACKING pc=0x0000025e8758a1a3 sp=0x000000c44a9fe4c0 mode 2

Classes unloaded (0 events):
No events

Classes redefined (0 events):
No events

Internal exceptions (20 events):
Event: 1.039 Thread 0x0000025ef4cd82f0 Exception <a 'java/lang/NoSuchMethodError'{0x00000000856a0260}: 'int java.lang.invoke.DirectMethodHandle$Holder.invokeStaticInit(java.lang.Object, java.lang.Object)'> (0x00000000856a0260) 
thrown [s\src\hotspot\share\interpreter\linkResolver.cpp, line 771]
Event: 1.050 Thread 0x0000025ef4cd82f0 Exception <a 'java/lang/NoSuchMethodError'{0x000000008557e628}: 'void java.lang.invoke.DirectMethodHandle$Holder.invokeSpecial(java.lang.Object, java.lang.Object, java.lang.Object)'> (0x000000008557e628) 
thrown [s\src\hotspot\share\interpreter\linkResolver.cpp, line 771]
Event: 1.100 Thread 0x0000025ef4cd82f0 Exception <a 'java/lang/NoSuchMethodError'{0x00000000852a2638}: 'void java.lang.invoke.DirectMethodHandle$Holder.invokeStatic(java.lang.Object, java.lang.Object, java.lang.Object, java.lang.Object)'> (0x00000000852a2638) 
thrown [s\src\hotspot\share\interpreter\linkResolver.cpp, line 771]
Event: 1.155 Thread 0x0000025ef4cd82f0 Exception <a 'java/lang/NoSuchMethodError'{0x0000000084e61b28}: 'void java.lang.invoke.DirectMethodHandle$Holder.invokeStaticInit(java.lang.Object, java.lang.Object)'> (0x0000000084e61b28) 
thrown [s\src\hotspot\share\interpreter\linkResolver.cpp, line 771]
Event: 1.236 Thread 0x0000025ef4cd82f0 Exception <a 'java/lang/NoSuchMethodError'{0x00000000849481f8}: 'void java.lang.invoke.DirectMethodHandle$Holder.invokeVirtual(java.lang.Object, java.lang.Object)'> (0x00000000849481f8) 
thrown [s\src\hotspot\share\interpreter\linkResolver.cpp, line 771]
Event: 1.242 Thread 0x0000025ef4cd82f0 Exception <a 'java/lang/NoSuchMethodError'{0x0000000084994388}: 'int java.lang.invoke.DirectMethodHandle$Holder.invokeVirtual(java.lang.Object, java.lang.Object)'> (0x0000000084994388) 
thrown [s\src\hotspot\share\interpreter\linkResolver.cpp, line 771]
Event: 1.258 Thread 0x0000025ef4cd82f0 Exception <a 'java/lang/NoSuchMethodError'{0x000000008482d630}: 'java.lang.Object java.lang.invoke.Invokers$Holder.invokeExact_MT(java.lang.Object, java.lang.Object, java.lang.Object, java.lang.Object, java.lang.Object, java.lang.Object)'> (0x000000008482d630) 
thrown [s\src\hotspot\share\interpreter\linkResolver.cpp, line 771]
Event: 1.673 Thread 0x0000025ef4cd82f0 Implicit null exception at 0x0000025e87ae9972 to 0x0000025e87ae9fb0
Event: 1.757 Thread 0x0000025ef4cd82f0 Implicit null exception at 0x0000025e87aea5f2 to 0x0000025e87aeac48
Event: 1.789 Thread 0x0000025ef4cd82f0 Exception <a 'java/lang/NoSuchMethodError'{0x0000000088e0a140}: 'java.lang.Object java.lang.invoke.DirectMethodHandle$Holder.invokeVirtual(java.lang.Object, java.lang.Object, java.lang.Object)'> (0x0000000088e0a140) 
thrown [s\src\hotspot\share\interpreter\linkResolver.cpp, line 771]
Event: 2.485 Thread 0x0000025ef4cd82f0 Exception <a 'java/lang/NoSuchMethodError'{0x0000000086b3daf0}: 'java.lang.Object java.lang.invoke.DirectMethodHandle$Holder.newInvokeSpecial(java.lang.Object, java.lang.Object, int)'> (0x0000000086b3daf0) 
thrown [s\src\hotspot\share\interpreter\linkResolver.cpp, line 771]
Event: 2.581 Thread 0x0000025ef4cd82f0 Exception <a 'java/lang/NoSuchMethodError'{0x0000000086959e10}: 'java.lang.Object java.lang.invoke.DirectMethodHandle$Holder.newInvokeSpecial(java.lang.Object, java.lang.Object, java.lang.Object, int)'> (0x0000000086959e10) 
thrown [s\src\hotspot\share\interpreter\linkResolver.cpp, line 771]
Event: 2.581 Thread 0x0000025ef4cd82f0 Exception <a 'java/lang/NoSuchMethodError'{0x000000008695e498}: 'java.lang.Object java.lang.invoke.DirectMethodHandle$Holder.invokeSpecial(java.lang.Object, java.lang.Object, java.lang.Object, java.lang.Object, int)'> (0x000000008695e498) 
thrown [s\src\hotspot\share\interpreter\linkResolver.cpp, line 771]
Event: 2.581 Thread 0x0000025ef4cd82f0 Exception <a 'java/lang/NoSuchMethodError'{0x0000000086962308}: 'java.lang.Object java.lang.invoke.Invokers$Holder.linkToTargetMethod(java.lang.Object, java.lang.Object, int, java.lang.Object)'> (0x0000000086962308) 
thrown [s\src\hotspot\share\interpreter\linkResolver.cpp, line 771]
Event: 3.992 Thread 0x0000025ef4cd82f0 Exception <a 'java/lang/NoSuchMethodError'{0x0000000088ed43d0}: 'java.lang.Object java.lang.invoke.DirectMethodHandle$Holder.newInvokeSpecial(java.lang.Object, java.lang.Object, java.lang.Object, java.lang.Object, java.lang.Object, java.lang.Object)'> (0x0000000088ed43d0) 
thrown [s\src\hotspot\share\interpreter\linkResolver.cpp, line 771]
Event: 4.077 Thread 0x0000025ef4cd82f0 Exception <a 'java/lang/NoSuchMethodError'{0x00000000880de7e0}: 'java.lang.Object java.lang.invoke.DirectMethodHandle$Holder.invokeStaticInit(java.lang.Object, java.lang.Object, java.lang.Object)'> (0x00000000880de7e0) 
thrown [s\src\hotspot\share\interpreter\linkResolver.cpp, line 771]
Event: 4.952 Thread 0x0000025ef4cd82f0 Implicit null exception at 0x0000025e87b1cb8e to 0x0000025e87b1cdcc
Event: 4.952 Thread 0x0000025ef4cd82f0 Implicit null exception at 0x0000025e87b30b0f to 0x0000025e87b30b85
Event: 5.131 Thread 0x0000025ef4cd82f0 Exception <a 'java/lang/NoSuchMethodError'{0x0000000087d02f58}: 'java.lang.Object java.lang.invoke.DirectMethodHandle$Holder.newInvokeSpecial(java.lang.Object, int, java.lang.Object)'> (0x0000000087d02f58) 
thrown [s\src\hotspot\share\interpreter\linkResolver.cpp, line 771]
Event: 5.151 Thread 0x0000025ef4cd82f0 Exception <a 'java/lang/NoSuchMethodError'{0x0000000087d095b8}: 'int java.lang.invoke.DirectMethodHandle$Holder.invokeInterface(java.lang.Object, java.lang.Object)'> (0x0000000087d095b8) 
thrown [s\src\hotspot\share\interpreter\linkResolver.cpp, line 771]

VM Operations (20 events):
Event: 5.811 Executing VM operation: HandshakeAllThreads done
Event: 5.913 Executing VM operation: G1CollectForAllocation
Event: 5.931 Executing VM operation: G1CollectForAllocation done
Event: 5.987 Executing VM operation: G1Concurrent
Event: 6.011 Executing VM operation: G1Concurrent done
Event: 6.028 Executing VM operation: HandshakeAllThreads
Event: 6.028 Executing VM operation: HandshakeAllThreads done
Event: 6.039 Executing VM operation: G1Concurrent
Event: 6.040 Executing VM operation: G1Concurrent done
Event: 6.040 Executing VM operation: HandshakeAllThreads
Event: 6.040 Executing VM operation: HandshakeAllThreads done
Event: 6.188 Executing VM operation: HandshakeAllThreads
Event: 6.188 Executing VM operation: HandshakeAllThreads done
Event: 6.220 Executing VM operation: HandshakeAllThreads
Event: 6.220 Executing VM operation: HandshakeAllThreads done
Event: 6.294 Executing VM operation: G1CollectForAllocation
Event: 6.313 Executing VM operation: G1CollectForAllocation done
Event: 6.320 Executing VM operation: G1CollectForAllocation
Event: 6.332 Executing VM operation: G1CollectForAllocation done
Event: 6.602 Executing VM operation: G1CollectForAllocation

Events (20 events):
Event: 5.820 Thread 0x0000025eff9d3d20 flushing nmethod 0x0000025e8099a990
Event: 5.820 Thread 0x0000025eff9d3d20 flushing nmethod 0x0000025e809caf10
Event: 5.821 Thread 0x0000025eff9d3d20 flushing nmethod 0x0000025e809d6f90
Event: 5.821 Thread 0x0000025eff9d3d20 flushing nmethod 0x0000025e809e7590
Event: 5.821 Thread 0x0000025eff9d3d20 flushing nmethod 0x0000025e809f6710
Event: 5.821 Thread 0x0000025eff9d3d20 flushing nmethod 0x0000025e80a17690
Event: 5.821 Thread 0x0000025eff9d3d20 flushing nmethod 0x0000025e80a21990
Event: 5.821 Thread 0x0000025eff9d3d20 flushing nmethod 0x0000025e80a2ec90
Event: 5.821 Thread 0x0000025eff9d3d20 flushing nmethod 0x0000025e80a2f310
Event: 5.821 Thread 0x0000025eff9d3d20 flushing nmethod 0x0000025e80a3f510
Event: 5.821 Thread 0x0000025eff9d3d20 flushing nmethod 0x0000025e80a41a90
Event: 5.821 Thread 0x0000025eff9d3d20 flushing nmethod 0x0000025e80a84910
Event: 5.822 Thread 0x0000025eff9d3d20 flushing nmethod 0x0000025e80b7e010
Event: 5.822 Thread 0x0000025eff9d3d20 flushing nmethod 0x0000025e80b7e490
Event: 5.822 Thread 0x0000025eff9d3d20 flushing nmethod 0x0000025e80bd6c10
Event: 5.822 Thread 0x0000025eff9d3d20 flushing nmethod 0x0000025e80c6c190
Event: 5.822 Thread 0x0000025eff9d3d20 flushing nmethod 0x0000025e80c7d090
Event: 5.822 Thread 0x0000025eff9d3d20 flushing nmethod 0x0000025e80c8c390
Event: 5.823 Thread 0x0000025eff9d3d20 flushing nmethod 0x0000025e80cf5010
Event: 6.192 Thread 0x0000025e8f9d5e90 Thread added: 0x0000025e8f9d5e90


Dynamic libraries:
0x00007ff68cd10000 - 0x00007ff68cd1a000 	C:\Program Files\Android\Android Studio\jbr\bin\java.exe
0x00007ffee8830000 - 0x00007ffee8a28000 	C:\WINDOWS\SYSTEM32\ntdll.dll
0x00007ffee7880000 - 0x00007ffee793d000 	C:\WINDOWS\System32\KERNEL32.DLL
0x00007ffee6260000 - 0x00007ffee6556000 	C:\WINDOWS\System32\KERNELBASE.dll
0x00007ffee5f60000 - 0x00007ffee6060000 	C:\WINDOWS\System32\ucrtbase.dll
0x00007ffedb350000 - 0x00007ffedb36b000 	C:\Program Files\Android\Android Studio\jbr\bin\VCRUNTIME140.dll
0x00007ffedafe0000 - 0x00007ffedaff7000 	C:\Program Files\Android\Android Studio\jbr\bin\jli.dll
0x00007ffee7d90000 - 0x00007ffee7f2e000 	C:\WINDOWS\System32\USER32.dll
0x00007ffee61a0000 - 0x00007ffee61c2000 	C:\WINDOWS\System32\win32u.dll
0x00007ffee77f0000 - 0x00007ffee781c000 	C:\WINDOWS\System32\GDI32.dll
0x00007ffebfa10000 - 0x00007ffebfcaa000 	C:\WINDOWS\WinSxS\amd64_microsoft.windows.common-controls_6595b64144ccf1df_6.0.19041.1110_none_60b5254171f9507e\COMCTL32.dll
0x00007ffee6610000 - 0x00007ffee672a000 	C:\WINDOWS\System32\gdi32full.dll
0x00007ffee7f50000 - 0x00007ffee7fee000 	C:\WINDOWS\System32\msvcrt.dll
0x00007ffee6090000 - 0x00007ffee612d000 	C:\WINDOWS\System32\msvcp_win.dll
0x00007ffee7c30000 - 0x00007ffee7c60000 	C:\WINDOWS\System32\IMM32.DLL
0x00007ffededd0000 - 0x00007ffededdc000 	C:\Program Files\Android\Android Studio\jbr\bin\vcruntime140_1.dll
0x00007ffeaf2e0000 - 0x00007ffeaf36d000 	C:\Program Files\Android\Android Studio\jbr\bin\msvcp140.dll
0x00007ffea0630000 - 0x00007ffea129e000 	C:\Program Files\Android\Android Studio\jbr\bin\server\jvm.dll
0x00007ffee70f0000 - 0x00007ffee719e000 	C:\WINDOWS\System32\ADVAPI32.dll
0x00007ffee6970000 - 0x00007ffee6a0c000 	C:\WINDOWS\System32\sechost.dll
0x00007ffee7510000 - 0x00007ffee7636000 	C:\WINDOWS\System32\RPCRT4.dll
0x00007ffebfe10000 - 0x00007ffebfe19000 	C:\WINDOWS\SYSTEM32\WSOCK32.dll
0x00007ffeda1f0000 - 0x00007ffeda1fa000 	C:\WINDOWS\SYSTEM32\VERSION.dll
0x00007ffec49a0000 - 0x00007ffec49c7000 	C:\WINDOWS\SYSTEM32\WINMM.dll
0x00007ffee7770000 - 0x00007ffee77db000 	C:\WINDOWS\System32\WS2_32.dll
0x00007ffee4730000 - 0x00007ffee4742000 	C:\WINDOWS\SYSTEM32\kernel.appcore.dll
0x00007ffedeff0000 - 0x00007ffedeffa000 	C:\Program Files\Android\Android Studio\jbr\bin\jimage.dll
0x00007ffee3cc0000 - 0x00007ffee3ea4000 	C:\WINDOWS\SYSTEM32\DBGHELP.DLL
0x00007ffebf5c0000 - 0x00007ffebf5f4000 	C:\WINDOWS\SYSTEM32\dbgcore.DLL
0x00007ffee61d0000 - 0x00007ffee6252000 	C:\WINDOWS\System32\bcryptPrimitives.dll
0x00007ffedd7e0000 - 0x00007ffedd805000 	C:\Program Files\Android\Android Studio\jbr\bin\java.dll
0x00007ffedb420000 - 0x00007ffedb438000 	C:\Program Files\Android\Android Studio\jbr\bin\zip.dll
0x00007ffee80a0000 - 0x00007ffee87e4000 	C:\WINDOWS\System32\SHELL32.dll
0x00007ffee3eb0000 - 0x00007ffee464b000 	C:\WINDOWS\SYSTEM32\windows.storage.dll
0x00007ffee71a0000 - 0x00007ffee74f4000 	C:\WINDOWS\System32\combase.dll
0x00007ffee5950000 - 0x00007ffee597d000 	C:\WINDOWS\SYSTEM32\Wldp.dll
0x00007ffee76c0000 - 0x00007ffee776d000 	C:\WINDOWS\System32\SHCORE.dll
0x00007ffee7820000 - 0x00007ffee7875000 	C:\WINDOWS\System32\shlwapi.dll
0x00007ffee5e40000 - 0x00007ffee5e65000 	C:\WINDOWS\SYSTEM32\profapi.dll
0x00007ffedb400000 - 0x00007ffedb419000 	C:\Program Files\Android\Android Studio\jbr\bin\net.dll
0x00007ffedead0000 - 0x00007ffedebda000 	C:\WINDOWS\SYSTEM32\WINHTTP.dll
0x00007ffee56b0000 - 0x00007ffee571a000 	C:\WINDOWS\system32\mswsock.dll
0x00007ffedb3e0000 - 0x00007ffedb3f6000 	C:\Program Files\Android\Android Studio\jbr\bin\nio.dll
0x00007ffeddb50000 - 0x00007ffeddb60000 	C:\Program Files\Android\Android Studio\jbr\bin\verify.dll

dbghelp: loaded successfully - version: 4.0.5 - missing functions: none
symbol engine: initialized successfully - sym options: 0x614 - pdb path: .;C:\Program Files\Android\Android Studio\jbr\bin;C:\WINDOWS\SYSTEM32;C:\WINDOWS\WinSxS\amd64_microsoft.windows.common-controls_6595b64144ccf1df_6.0.19041.1110_none_60b5254171f9507e;C:\Program Files\Android\Android Studio\jbr\bin\server

VM Arguments:
java_command: org.jetbrains.kotlin.cli.jvm.K2JVMCompiler @C:\Users\samuc\Desktop\BosquePanetteriaApp\app\build\20231005_11746998052478442590.compiler.options
java_class_path (initial): C:\Users\samuc\.gradle\caches\modules-2\files-2.1\org.jetbrains.kotlin\kotlin-compiler-embeddable\1.9.0\2c8c3a7402becca891f12739b3e9fd2dc2adbd7a\kotlin-compiler-embeddable-1.9.0.jar;C:\Users\samuc\.gradle\caches\modules-2\files-2.1\org.jetbrains.kotlin\kotlin-stdlib\1.9.0\8ee15ef0c67dc83d874f412d84378d7f0eb50b63\kotlin-stdlib-1.9.0.jar;C:\Users\samuc\.gradle\caches\modules-2\files-2.1\org.jetbrains.kotlin\kotlin-script-runtime\1.9.0\4b3102cbbb7e1b58d9d1adf89563f00069ffa7d1\kotlin-script-runtime-1.9.0.jar;C:\Users\samuc\.gradle\caches\modules-2\files-2.1\org.jetbrains.kotlin\kotlin-reflect\1.6.10\1cbe9c92c12a94eea200d23c2bbaedaf3daf5132\kotlin-reflect-1.6.10.jar;C:\Users\samuc\.gradle\caches\modules-2\files-2.1\org.jetbrains.kotlin\kotlin-daemon-embeddable\1.9.0\186543f5e28cf8d9a0290fecc2cf34301c40a65c\kotlin-daemon-embeddable-1.9.0.jar;C:\Users\samuc\.gradle\caches\modules-2\files-2.1\org.jetbrains.intellij.deps\trove4j\1.0.20200330\3afb14d5f9ceb459d724e907a21145e8ff394f02\trove4j-1.0.20200330.jar;C:\Users\samuc\.gradle\caches\modules-2\files-2.1\org.jetbrains.kotlin\kotlin-stdlib-common\1.9.0\cd65c21cfd1eec4d44ef09f9f52b6d9f8a720636\kotlin-stdlib-common-1.9.0.jar;C:\Users\samuc\.gradle\caches\modules-2\files-2.1\org.jetbrains\annotations\13.0\919f0dfe192fb4e063e7dacadee7f8bb9a2672a9\annotations-13.0.jar
Launcher Type: SUN_STANDARD

[Global flags]
     intx CICompilerCount                          = 4                                         {product} {ergonomic}
     uint ConcGCThreads                            = 2                                         {product} {ergonomic}
     uint G1ConcRefinementThreads                  = 8                                         {product} {ergonomic}
   size_t G1HeapRegionSize                         = 1048576                                   {product} {ergonomic}
    uintx GCDrainStackTargetSize                   = 64                                        {product} {ergonomic}
   size_t InitialHeapSize                          = 132120576                                 {product} {ergonomic}
   size_t MarkStackSize                            = 4194304                                   {product} {ergonomic}
   size_t MaxHeapSize                              = 2090860544                                {product} {ergonomic}
   size_t MaxNewSize                               = 1254096896                                {product} {ergonomic}
   size_t MinHeapDeltaBytes                        = 1048576                                   {product} {ergonomic}
   size_t MinHeapSize                              = 8388608                                   {product} {ergonomic}
    uintx NonNMethodCodeHeapSize                   = 5839372                                {pd product} {ergonomic}
    uintx NonProfiledCodeHeapSize                  = 122909434                              {pd product} {ergonomic}
    uintx ProfiledCodeHeapSize                     = 122909434                              {pd product} {ergonomic}
    uintx ReservedCodeCacheSize                    = 251658240                              {pd product} {ergonomic}
     bool SegmentedCodeCache                       = true                                      {product} {ergonomic}
   size_t SoftMaxHeapSize                          = 2090860544                             {manageable} {ergonomic}
     bool UseCompressedClassPointers               = true                           {product lp64_product} {ergonomic}
     bool UseCompressedOops                        = true                           {product lp64_product} {ergonomic}
     bool UseG1GC                                  = true                                      {product} {ergonomic}
     bool UseLargePagesIndividualAllocation        = false                                  {pd product} {ergonomic}

Logging:
Log output configuration:
 #0: stdout all=warning uptime,level,tags
 #1: stderr all=off uptime,level,tags

Environment Variables:
JAVA_HOME=C:\Program Files\Java\jdk1.8.0_202
PATH=C:\Program Files\Microsoft\jdk-11.0.16.101-hotspot\bin;C:\WINDOWS\system32;C:\WINDOWS;C:\WINDOWS\System32\Wbem;C:\WINDOWS\System32\WindowsPowerShell\v1.0\;C:\WINDOWS\System32\OpenSSH\;C:\ProgramData\chocolatey\bin;C:\Program Files\Git\cmd;C:\Gradle\gradle-8.2.1\bin;C:\Users\samuc\AppData\Local\Android\Sdk\platform-tools;C:\Users\samuc\AppData\Local\Android\Sdk\tools;C:\Program Files\Java\jdk1.8.0_202\bin;C:\Program Files\dotnet\;C:\Users\samuc\AppData\Local\Programs\Python\Python311\Scripts\;C:\Users\samuc\AppData\Local\Programs\Python\Python311\;C:\Users\samuc\AppData\Local\Microsoft\WindowsApps;C:\Users\samuc\AppData\Local\Programs\Microsoft VS Code\bin;C:\Users\samuc\AppData\Local\spicetify;C:\src\flutter\bin;C:\Program Files\Azure Data Studio\bin;;C:\Program Files\JetBrains\IntelliJ IDEA 2023.2.2\bin;;C:\Program Files\JetBrains\IntelliJ IDEA Community Edition 2023.2.2\bin;
USERNAME=samuc
OS=Windows_NT
PROCESSOR_IDENTIFIER=Intel64 Family 6 Model 140 Stepping 1, GenuineIntel
TMP=C:\Users\samuc\AppData\Local\Temp
TEMP=C:\Users\samuc\AppData\Local\Temp


JNI global refs:
JNI global refs: 12, weak refs: 16

JNI global refs memory usage: 843, weak refs: 841


---------------  S Y S T E M  ---------------

OS:
 Windows 10 , 64 bit Build 19041 (10.0.19041.3393)
OS uptime: 0 days 1:15 hours

CPU: total 8 (initial active 8) (4 cores per cpu, 2 threads per core) family 6 model 140 stepping 1 microcode 0x8a, cx8, cmov, fxsr, ht, mmx, 3dnowpref, sse, sse2, sse3, ssse3, sse4.1, sse4.2, popcnt, lzcnt, tsc, tscinvbit, avx, avx2, aes, erms, clmul, bmi1, bmi2, adx, avx512f, avx512dq, avx512cd, avx512bw, avx512vl, sha, fma, vzeroupper, avx512_vpopcntdq, avx512_vpclmulqdq, avx512_vaes, avx512_vnni, clflush, clflushopt, clwb, avx512_vbmi2, avx512_vbmi

Memory: 4k page, system-wide physical 7971M (844M free)
TotalPageFile size 10019M (AvailPageFile size 9M)
current process WorkingSet (physical memory assigned to process): 221M, peak: 229M
current process commit charge ("private bytes"): 344M, peak: 454M

vm_info: OpenJDK 64-Bit Server VM (17.0.6+0-b2043.56-10027231) for windows-amd64 JRE (17.0.6+0-b2043.56-10027231), built on Apr 28 2023 00:43:19 by "androidbuild" with MS VC++ 16.10 / 16.11 (VS2019)

END.
