#
# There is insufficient memory for the Java Runtime Environment to continue.
# Native memory allocation (malloc) failed to allocate 568816 bytes for Chunk::new
# Possible reasons:
#   The system is out of physical RAM or swap space
#   The process is running with CompressedOops enabled, and the Java Heap may be blocking the growth of the native heap
# Possible solutions:
#   Reduce memory load on the system
#   Increase physical memory or swap space
#   Check if swap backing store is full
#   Decrease Java heap size (-Xmx/-Xms)
#   Decrease number of Java threads
#   Decrease Java thread stack sizes (-Xss)
#   Set larger code cache with -XX:ReservedCodeCacheSize=
#   JVM is running with Unscaled Compressed Oops mode in which the Java heap is
#     placed in the first 4GB address space. The Java Heap base address is the
#     maximum limit for the native heap growth. Please use -XX:HeapBaseMinAddress
#     to set the Java Heap base and to place the Java Heap above 4GB virtual address.
# This output file may be truncated or incomplete.
#
#  Out of Memory Error (arena.cpp:189), pid=11636, tid=4068
#
# JRE version: OpenJDK Runtime Environment (17.0.6) (build 17.0.6+0-b2043.56-10027231)
# Java VM: OpenJDK 64-Bit Server VM (17.0.6+0-b2043.56-10027231, mixed mode, tiered, compressed oops, compressed class ptrs, g1 gc, windows-amd64)
# No core dump will be written. Minidumps are not enabled by default on client versions of Windows
#

---------------  S U M M A R Y ------------

Command Line: org.jetbrains.kotlin.cli.jvm.K2JVMCompiler @C:\Users\samuc\Desktop\TCC\App-Mobile-Bosque-Panetteria\app\build\20231028_10983761485547616868.compiler.options

Host: 11th Gen Intel(R) Core(TM) i5-1135G7 @ 2.40GHz, 8 cores, 7G,  Windows 11 , 64 bit Build 22621 (10.0.22621.2428)
Time: Sat Oct 28 21:55:53 2023 E. South America Standard Time elapsed time: 1.346023 seconds (0d 0h 0m 1s)

---------------  T H R E A D  ---------------

Current thread (0x000001d1adc45fe0):  JavaThread "C2 CompilerThread0" daemon [_thread_in_native, id=4068, stack(0x0000008c17f00000,0x0000008c18000000)]


Current CompileTask:
C2:   1346  744   !   4       java.util.zip.ZipFile::getEntry (59 bytes)

Stack: [0x0000008c17f00000,0x0000008c18000000]
Native frames: (J=compiled Java code, j=interpreted, Vv=VM code, C=native code)
V  [jvm.dll+0x683c9a]
V  [jvm.dll+0x8427a4]
V  [jvm.dll+0x843f9e]
V  [jvm.dll+0x844603]
V  [jvm.dll+0x249b75]
V  [jvm.dll+0xabcac]
V  [jvm.dll+0xac27c]
V  [jvm.dll+0x368802]
V  [jvm.dll+0x332f31]
V  [jvm.dll+0x3323da]
V  [jvm.dll+0x21c201]
V  [jvm.dll+0x21b621]
V  [jvm.dll+0x1a4fdd]
V  [jvm.dll+0x22b098]
V  [jvm.dll+0x229159]
V  [jvm.dll+0x7f81ec]
V  [jvm.dll+0x7f274a]
V  [jvm.dll+0x682ad5]
C  [ucrtbase.dll+0x29363]
C  [KERNEL32.DLL+0x1257d]
C  [ntdll.dll+0x5aa78]


---------------  P R O C E S S  ---------------

Threads class SMR info:
_java_thread_list=0x000001d1ae4ba990, length=13, elements={
0x000001d19154a7b0, 0x000001d1adc16280, 0x000001d1adc16e30, 0x000001d1ad38f2c0,
0x000001d1ad391d80, 0x000001d1ad392730, 0x000001d1adc453f0, 0x000001d1adc45fe0,
0x000001d1adc46990, 0x000001d1adc48390, 0x000001d1addb13a0, 0x000001d1addc8070,
0x000001d1ae4cc0c0
}

Java Threads: ( => current thread )
  0x000001d19154a7b0 JavaThread "main" [_thread_in_vm, id=9188, stack(0x0000008c17200000,0x0000008c17300000)]
  0x000001d1adc16280 JavaThread "Reference Handler" daemon [_thread_blocked, id=2212, stack(0x0000008c17900000,0x0000008c17a00000)]
  0x000001d1adc16e30 JavaThread "Finalizer" daemon [_thread_blocked, id=1728, stack(0x0000008c17a00000,0x0000008c17b00000)]
  0x000001d1ad38f2c0 JavaThread "Signal Dispatcher" daemon [_thread_blocked, id=11720, stack(0x0000008c17b00000,0x0000008c17c00000)]
  0x000001d1ad391d80 JavaThread "Attach Listener" daemon [_thread_blocked, id=2260, stack(0x0000008c17c00000,0x0000008c17d00000)]
  0x000001d1ad392730 JavaThread "Service Thread" daemon [_thread_blocked, id=3912, stack(0x0000008c17d00000,0x0000008c17e00000)]
  0x000001d1adc453f0 JavaThread "Monitor Deflation Thread" daemon [_thread_blocked, id=8592, stack(0x0000008c17e00000,0x0000008c17f00000)]
=>0x000001d1adc45fe0 JavaThread "C2 CompilerThread0" daemon [_thread_in_native, id=4068, stack(0x0000008c17f00000,0x0000008c18000000)]
  0x000001d1adc46990 JavaThread "C1 CompilerThread0" daemon [_thread_blocked, id=10504, stack(0x0000008c18000000,0x0000008c18100000)]
  0x000001d1adc48390 JavaThread "Sweeper thread" daemon [_thread_blocked, id=5316, stack(0x0000008c18100000,0x0000008c18200000)]
  0x000001d1addb13a0 JavaThread "Notification Thread" daemon [_thread_blocked, id=7724, stack(0x0000008c18200000,0x0000008c18300000)]
  0x000001d1addc8070 JavaThread "Common-Cleaner" daemon [_thread_blocked, id=10620, stack(0x0000008c18400000,0x0000008c18500000)]
  0x000001d1ae4cc0c0 JavaThread "C2 CompilerThread1" daemon [_thread_blocked, id=11532, stack(0x0000008c18900000,0x0000008c18a00000)]

Other Threads:
  0x000001d1ad37aa50 VMThread "VM Thread" [stack: 0x0000008c17800000,0x0000008c17900000] [id=12832]
  0x000001d1addb3880 WatcherThread [stack: 0x0000008c18300000,0x0000008c18400000] [id=11216]
  0x000001d193743db0 GCTaskThread "GC Thread#0" [stack: 0x0000008c17300000,0x0000008c17400000] [id=8160]
  0x000001d1ae4dd240 GCTaskThread "GC Thread#1" [stack: 0x0000008c18500000,0x0000008c18600000] [id=10880]
  0x000001d1ae4dd4f0 GCTaskThread "GC Thread#2" [stack: 0x0000008c18600000,0x0000008c18700000] [id=1780]
  0x000001d1ae4b2b40 GCTaskThread "GC Thread#3" [stack: 0x0000008c18700000,0x0000008c18800000] [id=8036]
  0x000001d1ae4b2df0 GCTaskThread "GC Thread#4" [stack: 0x0000008c18800000,0x0000008c18900000] [id=1936]
  0x000001d193754630 ConcurrentGCThread "G1 Main Marker" [stack: 0x0000008c17400000,0x0000008c17500000] [id=9748]
  0x000001d1937557e0 ConcurrentGCThread "G1 Conc#0" [stack: 0x0000008c17500000,0x0000008c17600000] [id=9576]
  0x000001d1ad1d24c0 ConcurrentGCThread "G1 Refine#0" [stack: 0x0000008c17600000,0x0000008c17700000] [id=288]
  0x000001d1ad1d2ee0 ConcurrentGCThread "G1 Service" [stack: 0x0000008c17700000,0x0000008c17800000] [id=6088]

Threads with active compile tasks:
C2 CompilerThread0     1371  744   !   4       java.util.zip.ZipFile::getEntry (59 bytes)

VM state: not at safepoint (normal execution)

VM Mutex/Monitor currently owned by a thread: None

Heap address: 0x0000000083600000, size: 1994 MB, Compressed Oops mode: 32-bit

CDS archive(s) not mapped
Compressed class space mapped at: 0x0000000100000000-0x0000000140000000, reserved size: 1073741824
Narrow klass base: 0x0000000000000000, Narrow klass shift: 3, Narrow klass range: 0x140000000

GC Precious Log:
 CPUs: 8 total, 8 available
 Memory: 7971M
 Large Page Support: Disabled
 NUMA Support: Disabled
 Compressed Oops: Enabled (32-bit)
 Heap Region Size: 1M
 Heap Min Capacity: 8M
 Heap Initial Capacity: 126M
 Heap Max Capacity: 1994M
 Pre-touch: Disabled
 Parallel Workers: 8
 Concurrent Workers: 2
 Concurrent Refinement Workers: 8
 Periodic GC: Disabled

Heap:
 garbage-first heap   total 129024K, used 11946K [0x0000000083600000, 0x0000000100000000)
  region size 1024K, 9 young (9216K), 3 survivors (3072K)
 Metaspace       used 14307K, committed 14464K, reserved 1064960K
  class space    used 1417K, committed 1472K, reserved 1048576K

Heap Regions: E=young(eden), S=young(survivor), O=old, HS=humongous(starts), HC=humongous(continues), CS=collection set, F=free, OA=open archive, CA=closed archive, TAMS=top-at-mark-start (previous, next)
|   0|0x0000000083600000, 0x0000000083700000, 0x0000000083700000|100%|HS|  |TAMS 0x0000000083600000, 0x0000000083600000| Complete 
|   1|0x0000000083700000, 0x0000000083800000, 0x0000000083800000|100%|HC|  |TAMS 0x0000000083700000, 0x0000000083700000| Complete 
|   2|0x0000000083800000, 0x0000000083900000, 0x0000000083900000|100%|HC|  |TAMS 0x0000000083800000, 0x0000000083800000| Complete 
|   3|0x0000000083900000, 0x0000000083a00000, 0x0000000083a00000|100%|HC|  |TAMS 0x0000000083900000, 0x0000000083900000| Complete 
|   4|0x0000000083a00000, 0x0000000083a00000, 0x0000000083b00000|  0%| F|  |TAMS 0x0000000083a00000, 0x0000000083a00000| Untracked 
|   5|0x0000000083b00000, 0x0000000083b00000, 0x0000000083c00000|  0%| F|  |TAMS 0x0000000083b00000, 0x0000000083b00000| Untracked 
|   6|0x0000000083c00000, 0x0000000083c00000, 0x0000000083d00000|  0%| F|  |TAMS 0x0000000083c00000, 0x0000000083c00000| Untracked 
|   7|0x0000000083d00000, 0x0000000083d00000, 0x0000000083e00000|  0%| F|  |TAMS 0x0000000083d00000, 0x0000000083d00000| Untracked 
|   8|0x0000000083e00000, 0x0000000083e00000, 0x0000000083f00000|  0%| F|  |TAMS 0x0000000083e00000, 0x0000000083e00000| Untracked 
|   9|0x0000000083f00000, 0x0000000083f00000, 0x0000000084000000|  0%| F|  |TAMS 0x0000000083f00000, 0x0000000083f00000| Untracked 
|  10|0x0000000084000000, 0x0000000084000000, 0x0000000084100000|  0%| F|  |TAMS 0x0000000084000000, 0x0000000084000000| Untracked 
|  11|0x0000000084100000, 0x0000000084100000, 0x0000000084200000|  0%| F|  |TAMS 0x0000000084100000, 0x0000000084100000| Untracked 
|  12|0x0000000084200000, 0x0000000084200000, 0x0000000084300000|  0%| F|  |TAMS 0x0000000084200000, 0x0000000084200000| Untracked 
|  13|0x0000000084300000, 0x0000000084300000, 0x0000000084400000|  0%| F|  |TAMS 0x0000000084300000, 0x0000000084300000| Untracked 
|  14|0x0000000084400000, 0x0000000084400000, 0x0000000084500000|  0%| F|  |TAMS 0x0000000084400000, 0x0000000084400000| Untracked 
|  15|0x0000000084500000, 0x0000000084500000, 0x0000000084600000|  0%| F|  |TAMS 0x0000000084500000, 0x0000000084500000| Untracked 
|  16|0x0000000084600000, 0x0000000084600000, 0x0000000084700000|  0%| F|  |TAMS 0x0000000084600000, 0x0000000084600000| Untracked 
|  17|0x0000000084700000, 0x0000000084700000, 0x0000000084800000|  0%| F|  |TAMS 0x0000000084700000, 0x0000000084700000| Untracked 
|  18|0x0000000084800000, 0x0000000084800000, 0x0000000084900000|  0%| F|  |TAMS 0x0000000084800000, 0x0000000084800000| Untracked 
|  19|0x0000000084900000, 0x0000000084900000, 0x0000000084a00000|  0%| F|  |TAMS 0x0000000084900000, 0x0000000084900000| Untracked 
|  20|0x0000000084a00000, 0x0000000084a00000, 0x0000000084b00000|  0%| F|  |TAMS 0x0000000084a00000, 0x0000000084a00000| Untracked 
|  21|0x0000000084b00000, 0x0000000084b00000, 0x0000000084c00000|  0%| F|  |TAMS 0x0000000084b00000, 0x0000000084b00000| Untracked 
|  22|0x0000000084c00000, 0x0000000084c00000, 0x0000000084d00000|  0%| F|  |TAMS 0x0000000084c00000, 0x0000000084c00000| Untracked 
|  23|0x0000000084d00000, 0x0000000084d00000, 0x0000000084e00000|  0%| F|  |TAMS 0x0000000084d00000, 0x0000000084d00000| Untracked 
|  24|0x0000000084e00000, 0x0000000084e00000, 0x0000000084f00000|  0%| F|  |TAMS 0x0000000084e00000, 0x0000000084e00000| Untracked 
|  25|0x0000000084f00000, 0x0000000084f00000, 0x0000000085000000|  0%| F|  |TAMS 0x0000000084f00000, 0x0000000084f00000| Untracked 
|  26|0x0000000085000000, 0x0000000085000000, 0x0000000085100000|  0%| F|  |TAMS 0x0000000085000000, 0x0000000085000000| Untracked 
|  27|0x0000000085100000, 0x0000000085100000, 0x0000000085200000|  0%| F|  |TAMS 0x0000000085100000, 0x0000000085100000| Untracked 
|  28|0x0000000085200000, 0x0000000085200000, 0x0000000085300000|  0%| F|  |TAMS 0x0000000085200000, 0x0000000085200000| Untracked 
|  29|0x0000000085300000, 0x0000000085300000, 0x0000000085400000|  0%| F|  |TAMS 0x0000000085300000, 0x0000000085300000| Untracked 
|  30|0x0000000085400000, 0x0000000085400000, 0x0000000085500000|  0%| F|  |TAMS 0x0000000085400000, 0x0000000085400000| Untracked 
|  31|0x0000000085500000, 0x0000000085500000, 0x0000000085600000|  0%| F|  |TAMS 0x0000000085500000, 0x0000000085500000| Untracked 
|  32|0x0000000085600000, 0x0000000085600000, 0x0000000085700000|  0%| F|  |TAMS 0x0000000085600000, 0x0000000085600000| Untracked 
|  33|0x0000000085700000, 0x0000000085700000, 0x0000000085800000|  0%| F|  |TAMS 0x0000000085700000, 0x0000000085700000| Untracked 
|  34|0x0000000085800000, 0x0000000085800000, 0x0000000085900000|  0%| F|  |TAMS 0x0000000085800000, 0x0000000085800000| Untracked 
|  35|0x0000000085900000, 0x0000000085900000, 0x0000000085a00000|  0%| F|  |TAMS 0x0000000085900000, 0x0000000085900000| Untracked 
|  36|0x0000000085a00000, 0x0000000085a00000, 0x0000000085b00000|  0%| F|  |TAMS 0x0000000085a00000, 0x0000000085a00000| Untracked 
|  37|0x0000000085b00000, 0x0000000085b00000, 0x0000000085c00000|  0%| F|  |TAMS 0x0000000085b00000, 0x0000000085b00000| Untracked 
|  38|0x0000000085c00000, 0x0000000085c00000, 0x0000000085d00000|  0%| F|  |TAMS 0x0000000085c00000, 0x0000000085c00000| Untracked 
|  39|0x0000000085d00000, 0x0000000085d00000, 0x0000000085e00000|  0%| F|  |TAMS 0x0000000085d00000, 0x0000000085d00000| Untracked 
|  40|0x0000000085e00000, 0x0000000085e00000, 0x0000000085f00000|  0%| F|  |TAMS 0x0000000085e00000, 0x0000000085e00000| Untracked 
|  41|0x0000000085f00000, 0x0000000085f00000, 0x0000000086000000|  0%| F|  |TAMS 0x0000000085f00000, 0x0000000085f00000| Untracked 
|  42|0x0000000086000000, 0x0000000086000000, 0x0000000086100000|  0%| F|  |TAMS 0x0000000086000000, 0x0000000086000000| Untracked 
|  43|0x0000000086100000, 0x0000000086100000, 0x0000000086200000|  0%| F|  |TAMS 0x0000000086100000, 0x0000000086100000| Untracked 
|  44|0x0000000086200000, 0x0000000086200000, 0x0000000086300000|  0%| F|  |TAMS 0x0000000086200000, 0x0000000086200000| Untracked 
|  45|0x0000000086300000, 0x0000000086300000, 0x0000000086400000|  0%| F|  |TAMS 0x0000000086300000, 0x0000000086300000| Untracked 
|  46|0x0000000086400000, 0x0000000086400000, 0x0000000086500000|  0%| F|  |TAMS 0x0000000086400000, 0x0000000086400000| Untracked 
|  47|0x0000000086500000, 0x0000000086500000, 0x0000000086600000|  0%| F|  |TAMS 0x0000000086500000, 0x0000000086500000| Untracked 
|  48|0x0000000086600000, 0x0000000086600000, 0x0000000086700000|  0%| F|  |TAMS 0x0000000086600000, 0x0000000086600000| Untracked 
|  49|0x0000000086700000, 0x0000000086700000, 0x0000000086800000|  0%| F|  |TAMS 0x0000000086700000, 0x0000000086700000| Untracked 
|  50|0x0000000086800000, 0x0000000086800000, 0x0000000086900000|  0%| F|  |TAMS 0x0000000086800000, 0x0000000086800000| Untracked 
|  51|0x0000000086900000, 0x0000000086900000, 0x0000000086a00000|  0%| F|  |TAMS 0x0000000086900000, 0x0000000086900000| Untracked 
|  52|0x0000000086a00000, 0x0000000086a00000, 0x0000000086b00000|  0%| F|  |TAMS 0x0000000086a00000, 0x0000000086a00000| Untracked 
|  53|0x0000000086b00000, 0x0000000086b00000, 0x0000000086c00000|  0%| F|  |TAMS 0x0000000086b00000, 0x0000000086b00000| Untracked 
|  54|0x0000000086c00000, 0x0000000086c00000, 0x0000000086d00000|  0%| F|  |TAMS 0x0000000086c00000, 0x0000000086c00000| Untracked 
|  55|0x0000000086d00000, 0x0000000086d00000, 0x0000000086e00000|  0%| F|  |TAMS 0x0000000086d00000, 0x0000000086d00000| Untracked 
|  56|0x0000000086e00000, 0x0000000086e00000, 0x0000000086f00000|  0%| F|  |TAMS 0x0000000086e00000, 0x0000000086e00000| Untracked 
|  57|0x0000000086f00000, 0x0000000086f00000, 0x0000000087000000|  0%| F|  |TAMS 0x0000000086f00000, 0x0000000086f00000| Untracked 
|  58|0x0000000087000000, 0x0000000087000000, 0x0000000087100000|  0%| F|  |TAMS 0x0000000087000000, 0x0000000087000000| Untracked 
|  59|0x0000000087100000, 0x0000000087100000, 0x0000000087200000|  0%| F|  |TAMS 0x0000000087100000, 0x0000000087100000| Untracked 
|  60|0x0000000087200000, 0x0000000087200000, 0x0000000087300000|  0%| F|  |TAMS 0x0000000087200000, 0x0000000087200000| Untracked 
|  61|0x0000000087300000, 0x0000000087300000, 0x0000000087400000|  0%| F|  |TAMS 0x0000000087300000, 0x0000000087300000| Untracked 
|  62|0x0000000087400000, 0x0000000087400000, 0x0000000087500000|  0%| F|  |TAMS 0x0000000087400000, 0x0000000087400000| Untracked 
|  63|0x0000000087500000, 0x0000000087500000, 0x0000000087600000|  0%| F|  |TAMS 0x0000000087500000, 0x0000000087500000| Untracked 
|  64|0x0000000087600000, 0x0000000087600000, 0x0000000087700000|  0%| F|  |TAMS 0x0000000087600000, 0x0000000087600000| Untracked 
|  65|0x0000000087700000, 0x0000000087700000, 0x0000000087800000|  0%| F|  |TAMS 0x0000000087700000, 0x0000000087700000| Untracked 
|  66|0x0000000087800000, 0x0000000087800000, 0x0000000087900000|  0%| F|  |TAMS 0x0000000087800000, 0x0000000087800000| Untracked 
|  67|0x0000000087900000, 0x0000000087900000, 0x0000000087a00000|  0%| F|  |TAMS 0x0000000087900000, 0x0000000087900000| Untracked 
|  68|0x0000000087a00000, 0x0000000087a00000, 0x0000000087b00000|  0%| F|  |TAMS 0x0000000087a00000, 0x0000000087a00000| Untracked 
|  69|0x0000000087b00000, 0x0000000087b00000, 0x0000000087c00000|  0%| F|  |TAMS 0x0000000087b00000, 0x0000000087b00000| Untracked 
|  70|0x0000000087c00000, 0x0000000087c00000, 0x0000000087d00000|  0%| F|  |TAMS 0x0000000087c00000, 0x0000000087c00000| Untracked 
|  71|0x0000000087d00000, 0x0000000087d00000, 0x0000000087e00000|  0%| F|  |TAMS 0x0000000087d00000, 0x0000000087d00000| Untracked 
|  72|0x0000000087e00000, 0x0000000087e00000, 0x0000000087f00000|  0%| F|  |TAMS 0x0000000087e00000, 0x0000000087e00000| Untracked 
|  73|0x0000000087f00000, 0x0000000087f00000, 0x0000000088000000|  0%| F|  |TAMS 0x0000000087f00000, 0x0000000087f00000| Untracked 
|  74|0x0000000088000000, 0x0000000088000000, 0x0000000088100000|  0%| F|  |TAMS 0x0000000088000000, 0x0000000088000000| Untracked 
|  75|0x0000000088100000, 0x0000000088100000, 0x0000000088200000|  0%| F|  |TAMS 0x0000000088100000, 0x0000000088100000| Untracked 
|  76|0x0000000088200000, 0x0000000088200000, 0x0000000088300000|  0%| F|  |TAMS 0x0000000088200000, 0x0000000088200000| Untracked 
|  77|0x0000000088300000, 0x0000000088300000, 0x0000000088400000|  0%| F|  |TAMS 0x0000000088300000, 0x0000000088300000| Untracked 
|  78|0x0000000088400000, 0x0000000088400000, 0x0000000088500000|  0%| F|  |TAMS 0x0000000088400000, 0x0000000088400000| Untracked 
|  79|0x0000000088500000, 0x0000000088500000, 0x0000000088600000|  0%| F|  |TAMS 0x0000000088500000, 0x0000000088500000| Untracked 
|  80|0x0000000088600000, 0x0000000088600000, 0x0000000088700000|  0%| F|  |TAMS 0x0000000088600000, 0x0000000088600000| Untracked 
|  81|0x0000000088700000, 0x0000000088700000, 0x0000000088800000|  0%| F|  |TAMS 0x0000000088700000, 0x0000000088700000| Untracked 
|  82|0x0000000088800000, 0x0000000088800000, 0x0000000088900000|  0%| F|  |TAMS 0x0000000088800000, 0x0000000088800000| Untracked 
|  83|0x0000000088900000, 0x0000000088900000, 0x0000000088a00000|  0%| F|  |TAMS 0x0000000088900000, 0x0000000088900000| Untracked 
|  84|0x0000000088a00000, 0x0000000088a00000, 0x0000000088b00000|  0%| F|  |TAMS 0x0000000088a00000, 0x0000000088a00000| Untracked 
|  85|0x0000000088b00000, 0x0000000088b00000, 0x0000000088c00000|  0%| F|  |TAMS 0x0000000088b00000, 0x0000000088b00000| Untracked 
|  86|0x0000000088c00000, 0x0000000088c00000, 0x0000000088d00000|  0%| F|  |TAMS 0x0000000088c00000, 0x0000000088c00000| Untracked 
|  87|0x0000000088d00000, 0x0000000088d00000, 0x0000000088e00000|  0%| F|  |TAMS 0x0000000088d00000, 0x0000000088d00000| Untracked 
|  88|0x0000000088e00000, 0x0000000088e00000, 0x0000000088f00000|  0%| F|  |TAMS 0x0000000088e00000, 0x0000000088e00000| Untracked 
|  89|0x0000000088f00000, 0x0000000088f00000, 0x0000000089000000|  0%| F|  |TAMS 0x0000000088f00000, 0x0000000088f00000| Untracked 
|  90|0x0000000089000000, 0x0000000089000000, 0x0000000089100000|  0%| F|  |TAMS 0x0000000089000000, 0x0000000089000000| Untracked 
|  91|0x0000000089100000, 0x0000000089100000, 0x0000000089200000|  0%| F|  |TAMS 0x0000000089100000, 0x0000000089100000| Untracked 
|  92|0x0000000089200000, 0x0000000089200000, 0x0000000089300000|  0%| F|  |TAMS 0x0000000089200000, 0x0000000089200000| Untracked 
|  93|0x0000000089300000, 0x0000000089300000, 0x0000000089400000|  0%| F|  |TAMS 0x0000000089300000, 0x0000000089300000| Untracked 
|  94|0x0000000089400000, 0x0000000089400000, 0x0000000089500000|  0%| F|  |TAMS 0x0000000089400000, 0x0000000089400000| Untracked 
|  95|0x0000000089500000, 0x0000000089500000, 0x0000000089600000|  0%| F|  |TAMS 0x0000000089500000, 0x0000000089500000| Untracked 
|  96|0x0000000089600000, 0x0000000089600000, 0x0000000089700000|  0%| F|  |TAMS 0x0000000089600000, 0x0000000089600000| Untracked 
|  97|0x0000000089700000, 0x0000000089700000, 0x0000000089800000|  0%| F|  |TAMS 0x0000000089700000, 0x0000000089700000| Untracked 
|  98|0x0000000089800000, 0x0000000089800000, 0x0000000089900000|  0%| F|  |TAMS 0x0000000089800000, 0x0000000089800000| Untracked 
|  99|0x0000000089900000, 0x0000000089900000, 0x0000000089a00000|  0%| F|  |TAMS 0x0000000089900000, 0x0000000089900000| Untracked 
| 100|0x0000000089a00000, 0x0000000089aaaa80, 0x0000000089b00000| 66%| S|CS|TAMS 0x0000000089a00000, 0x0000000089a00000| Complete 
| 101|0x0000000089b00000, 0x0000000089c00000, 0x0000000089c00000|100%| S|CS|TAMS 0x0000000089b00000, 0x0000000089b00000| Complete 
| 102|0x0000000089c00000, 0x0000000089d00000, 0x0000000089d00000|100%| S|CS|TAMS 0x0000000089c00000, 0x0000000089c00000| Complete 
| 103|0x0000000089d00000, 0x0000000089d00000, 0x0000000089e00000|  0%| F|  |TAMS 0x0000000089d00000, 0x0000000089d00000| Untracked 
| 104|0x0000000089e00000, 0x0000000089e00000, 0x0000000089f00000|  0%| F|  |TAMS 0x0000000089e00000, 0x0000000089e00000| Untracked 
| 105|0x0000000089f00000, 0x0000000089f00000, 0x000000008a000000|  0%| F|  |TAMS 0x0000000089f00000, 0x0000000089f00000| Untracked 
| 106|0x000000008a000000, 0x000000008a000000, 0x000000008a100000|  0%| F|  |TAMS 0x000000008a000000, 0x000000008a000000| Untracked 
| 107|0x000000008a100000, 0x000000008a100000, 0x000000008a200000|  0%| F|  |TAMS 0x000000008a100000, 0x000000008a100000| Untracked 
| 108|0x000000008a200000, 0x000000008a200000, 0x000000008a300000|  0%| F|  |TAMS 0x000000008a200000, 0x000000008a200000| Untracked 
| 109|0x000000008a300000, 0x000000008a300000, 0x000000008a400000|  0%| F|  |TAMS 0x000000008a300000, 0x000000008a300000| Untracked 
| 110|0x000000008a400000, 0x000000008a400000, 0x000000008a500000|  0%| F|  |TAMS 0x000000008a400000, 0x000000008a400000| Untracked 
| 111|0x000000008a500000, 0x000000008a500000, 0x000000008a600000|  0%| F|  |TAMS 0x000000008a500000, 0x000000008a500000| Untracked 
| 112|0x000000008a600000, 0x000000008a600000, 0x000000008a700000|  0%| F|  |TAMS 0x000000008a600000, 0x000000008a600000| Untracked 
| 113|0x000000008a700000, 0x000000008a700000, 0x000000008a800000|  0%| F|  |TAMS 0x000000008a700000, 0x000000008a700000| Untracked 
| 114|0x000000008a800000, 0x000000008a800000, 0x000000008a900000|  0%| F|  |TAMS 0x000000008a800000, 0x000000008a800000| Untracked 
| 115|0x000000008a900000, 0x000000008a900000, 0x000000008aa00000|  0%| F|  |TAMS 0x000000008a900000, 0x000000008a900000| Untracked 
| 116|0x000000008aa00000, 0x000000008aa00000, 0x000000008ab00000|  0%| F|  |TAMS 0x000000008aa00000, 0x000000008aa00000| Untracked 
| 117|0x000000008ab00000, 0x000000008ab00000, 0x000000008ac00000|  0%| F|  |TAMS 0x000000008ab00000, 0x000000008ab00000| Untracked 
| 118|0x000000008ac00000, 0x000000008ac00000, 0x000000008ad00000|  0%| F|  |TAMS 0x000000008ac00000, 0x000000008ac00000| Untracked 
| 119|0x000000008ad00000, 0x000000008ad00000, 0x000000008ae00000|  0%| F|  |TAMS 0x000000008ad00000, 0x000000008ad00000| Untracked 
| 120|0x000000008ae00000, 0x000000008ae81280, 0x000000008af00000| 50%| E|  |TAMS 0x000000008ae00000, 0x000000008ae00000| Complete 
| 121|0x000000008af00000, 0x000000008b000000, 0x000000008b000000|100%| E|CS|TAMS 0x000000008af00000, 0x000000008af00000| Complete 
| 122|0x000000008b000000, 0x000000008b100000, 0x000000008b100000|100%| E|CS|TAMS 0x000000008b000000, 0x000000008b000000| Complete 
| 123|0x000000008b100000, 0x000000008b200000, 0x000000008b200000|100%| E|CS|TAMS 0x000000008b100000, 0x000000008b100000| Complete 
| 124|0x000000008b200000, 0x000000008b300000, 0x000000008b300000|100%| E|CS|TAMS 0x000000008b200000, 0x000000008b200000| Complete 
| 125|0x000000008b300000, 0x000000008b400000, 0x000000008b400000|100%| E|CS|TAMS 0x000000008b300000, 0x000000008b300000| Complete 

Card table byte_map: [0x000001d1a62d0000,0x000001d1a66c0000] _byte_map_base: 0x000001d1a5eb5000

Marking Bits (Prev, Next): (CMBitMap*) 0x000001d1937443c0, (CMBitMap*) 0x000001d193744400
 Prev Bits: [0x000001d1a6ab0000, 0x000001d1a89d8000)
 Next Bits: [0x000001d1a89e0000, 0x000001d1aa908000)

Polling page: 0x000001d191690000

Metaspace:

Usage:
  Non-class:     12.62 MB used.
      Class:      1.39 MB used.
       Both:     14.01 MB used.

Virtual space:
  Non-class space:       16.00 MB reserved,      12.69 MB ( 79%) committed,  2 nodes.
      Class space:        1.00 GB reserved,       1.50 MB ( <1%) committed,  1 nodes.
             Both:        1.02 GB reserved,      14.19 MB (  1%) committed. 

Chunk freelists:
   Non-Class:  2.75 MB
       Class:  2.55 MB
        Both:  5.30 MB

MaxMetaspaceSize: unlimited
CompressedClassSpaceSize: 1.00 GB
Initial GC threshold: 21.00 MB
Current GC threshold: 21.00 MB
CDS: off
MetaspaceReclaimPolicy: balanced
 - commit_granule_bytes: 65536.
 - commit_granule_words: 8192.
 - virtual_space_node_default_size: 1048576.
 - enlarge_chunks_in_place: 1.
 - new_chunks_are_fully_committed: 0.
 - uncommit_free_chunks: 1.
 - use_allocation_guard: 0.
 - handle_deallocations: 1.


Internal statistics:

num_allocs_failed_limit: 0.
num_arena_births: 6.
num_arena_deaths: 0.
num_vsnodes_births: 3.
num_vsnodes_deaths: 0.
num_space_committed: 227.
num_space_uncommitted: 0.
num_chunks_returned_to_freelist: 0.
num_chunks_taken_from_freelist: 235.
num_chunk_merges: 0.
num_chunk_splits: 212.
num_chunks_enlarged: 206.
num_purges: 0.
num_inconsistent_stats: 0.

CodeHeap 'non-profiled nmethods': size=120000Kb used=223Kb max_used=223Kb free=119776Kb
 bounds [0x000001d19e680000, 0x000001d19e8f0000, 0x000001d1a5bb0000]
CodeHeap 'profiled nmethods': size=120000Kb used=1458Kb max_used=1458Kb free=118541Kb
 bounds [0x000001d196bb0000, 0x000001d196e20000, 0x000001d19e0e0000]
CodeHeap 'non-nmethods': size=5760Kb used=1158Kb max_used=1182Kb free=4601Kb
 bounds [0x000001d19e0e0000, 0x000001d19e350000, 0x000001d19e680000]
 total_blobs=1261 nmethods=828 adapters=346
 compilation: enabled
              stopped_count=0, restarted_count=0
 full_count=0

Compilation events (20 events):
Event: 1.337 Thread 0x000001d1adc46990  805       1       kotlin.reflect.jvm.internal.impl.protobuf.LiteralByteString::getOffsetIntoBytes (2 bytes)
Event: 1.337 Thread 0x000001d1adc46990 nmethod 805 0x000001d19e6b2610 code [0x000001d19e6b27a0, 0x000001d19e6b2878]
Event: 1.338 Thread 0x000001d1adc46990  806       1       java.util.concurrent.locks.AbstractOwnableSynchronizer::getExclusiveOwnerThread (5 bytes)
Event: 1.339 Thread 0x000001d1adc46990 nmethod 806 0x000001d19e6b2910 code [0x000001d19e6b2aa0, 0x000001d19e6b2b78]
Event: 1.339 Thread 0x000001d1adc46990  809       3       java.util.LinkedHashMap$LinkedHashIterator::nextNode (54 bytes)
Event: 1.339 Thread 0x000001d1adc46990 nmethod 809 0x000001d196d14390 code [0x000001d196d14560, 0x000001d196d148f8]
Event: 1.339 Thread 0x000001d1adc46990  810       3       kotlin.reflect.jvm.internal.impl.name.Name::hashCode (28 bytes)
Event: 1.339 Thread 0x000001d1adc46990 nmethod 810 0x000001d196d14a90 code [0x000001d196d14c40, 0x000001d196d14e08]
Event: 1.339 Thread 0x000001d1adc46990  811       3       java.lang.StringBuilder::append (6 bytes)
Event: 1.339 Thread 0x000001d1adc46990 nmethod 811 0x000001d196d14f10 code [0x000001d196d150c0, 0x000001d196d15268]
Event: 1.339 Thread 0x000001d1adc46990  812       3       java.lang.StringBuilder::append (8 bytes)
Event: 1.340 Thread 0x000001d1adc46990 nmethod 812 0x000001d196d15310 code [0x000001d196d154a0, 0x000001d196d155e8]
Event: 1.340 Thread 0x000001d1adc46990  813       3       java.lang.AbstractStringBuilder::append (54 bytes)
Event: 1.340 Thread 0x000001d1adc46990 nmethod 813 0x000001d196d15690 code [0x000001d196d158c0, 0x000001d196d16268]
Event: 1.340 Thread 0x000001d1adc46990  807       1       java.util.concurrent.locks.AbstractQueuedSynchronizer::getState (5 bytes)
Event: 1.340 Thread 0x000001d1adc46990 nmethod 807 0x000001d19e6b2c10 code [0x000001d19e6b2da0, 0x000001d19e6b2e78]
Event: 1.340 Thread 0x000001d1adc46990  808       1       java.util.concurrent.locks.AbstractQueuedSynchronizer::setState (6 bytes)
Event: 1.340 Thread 0x000001d1adc46990 nmethod 808 0x000001d19e6b2f10 code [0x000001d19e6b30a0, 0x000001d19e6b3178]
Event: 1.341 Thread 0x000001d1adc46990  814       3       kotlin.reflect.jvm.internal.impl.name.FqNameUnsafe::asString (13 bytes)
Event: 1.341 Thread 0x000001d1adc46990 nmethod 814 0x000001d196d16490 code [0x000001d196d16640, 0x000001d196d167c8]

GC Heap History (2 events):
Event: 1.218 GC heap before
{Heap before GC invocations=0 (full 0):
 garbage-first heap   total 129024K, used 27648K [0x0000000083600000, 0x0000000100000000)
  region size 1024K, 23 young (23552K), 0 survivors (0K)
 Metaspace       used 13334K, committed 13440K, reserved 1064960K
  class space    used 1288K, committed 1344K, reserved 1048576K
}
Event: 1.223 GC heap after
{Heap after GC invocations=1 (full 0):
 garbage-first heap   total 129024K, used 6826K [0x0000000083600000, 0x0000000100000000)
  region size 1024K, 3 young (3072K), 3 survivors (3072K)
 Metaspace       used 13334K, committed 13440K, reserved 1064960K
  class space    used 1288K, committed 1344K, reserved 1048576K
}

Dll operation events (1 events):
Event: 0.013 Loaded shared library C:\Program Files\Android\Android Studio\jbr\bin\java.dll

Deoptimization events (20 events):
Event: 1.296 Thread 0x000001d19154a7b0 Uncommon trap: trap_request=0xffffffc6 fr.pc=0x000001d19e6af7c4 relative=0x00000000000004c4
Event: 1.296 Thread 0x000001d19154a7b0 Uncommon trap: reason=bimorphic_or_optimized_type_check action=maybe_recompile pc=0x000001d19e6af7c4 method=kotlin.reflect.jvm.internal.impl.protobuf.CodedInputStream.tryRefillBuffer(I)Z @ 175 c2
Event: 1.296 Thread 0x000001d19154a7b0 DEOPT PACKING pc=0x000001d19e6af7c4 sp=0x0000008c172fc0d0
Event: 1.296 Thread 0x000001d19154a7b0 DEOPT UNPACKING pc=0x000001d19e13a1a3 sp=0x0000008c172fbfb8 mode 2
Event: 1.302 Thread 0x000001d19154a7b0 Uncommon trap: trap_request=0xffffff45 fr.pc=0x000001d19e6ad944 relative=0x00000000000001a4
Event: 1.302 Thread 0x000001d19154a7b0 Uncommon trap: reason=unstable_if action=reinterpret pc=0x000001d19e6ad944 method=kotlin.reflect.jvm.internal.impl.protobuf.CodedInputStream.readRawVarint32()I @ 10 c2
Event: 1.302 Thread 0x000001d19154a7b0 DEOPT PACKING pc=0x000001d19e6ad944 sp=0x0000008c172fbdf0
Event: 1.302 Thread 0x000001d19154a7b0 DEOPT UNPACKING pc=0x000001d19e13a1a3 sp=0x0000008c172fbd70 mode 2
Event: 1.310 Thread 0x000001d19154a7b0 Uncommon trap: trap_request=0xffffffc6 fr.pc=0x000001d19e6af7c4 relative=0x00000000000004c4
Event: 1.310 Thread 0x000001d19154a7b0 Uncommon trap: reason=bimorphic_or_optimized_type_check action=maybe_recompile pc=0x000001d19e6af7c4 method=kotlin.reflect.jvm.internal.impl.protobuf.CodedInputStream.tryRefillBuffer(I)Z @ 175 c2
Event: 1.310 Thread 0x000001d19154a7b0 DEOPT PACKING pc=0x000001d19e6af7c4 sp=0x0000008c172fbb30
Event: 1.310 Thread 0x000001d19154a7b0 DEOPT UNPACKING pc=0x000001d19e13a1a3 sp=0x0000008c172fba18 mode 2
Event: 1.322 Thread 0x000001d19154a7b0 Uncommon trap: trap_request=0xffffffc6 fr.pc=0x000001d19e6af7c4 relative=0x00000000000004c4
Event: 1.322 Thread 0x000001d19154a7b0 Uncommon trap: reason=bimorphic_or_optimized_type_check action=maybe_recompile pc=0x000001d19e6af7c4 method=kotlin.reflect.jvm.internal.impl.protobuf.CodedInputStream.tryRefillBuffer(I)Z @ 175 c2
Event: 1.322 Thread 0x000001d19154a7b0 DEOPT PACKING pc=0x000001d19e6af7c4 sp=0x0000008c172fbb30
Event: 1.322 Thread 0x000001d19154a7b0 DEOPT UNPACKING pc=0x000001d19e13a1a3 sp=0x0000008c172fba18 mode 2
Event: 1.324 Thread 0x000001d19154a7b0 Uncommon trap: trap_request=0xffffffc6 fr.pc=0x000001d19e6af7c4 relative=0x00000000000004c4
Event: 1.324 Thread 0x000001d19154a7b0 Uncommon trap: reason=bimorphic_or_optimized_type_check action=maybe_recompile pc=0x000001d19e6af7c4 method=kotlin.reflect.jvm.internal.impl.protobuf.CodedInputStream.tryRefillBuffer(I)Z @ 175 c2
Event: 1.324 Thread 0x000001d19154a7b0 DEOPT PACKING pc=0x000001d19e6af7c4 sp=0x0000008c172fc0d0
Event: 1.325 Thread 0x000001d19154a7b0 DEOPT UNPACKING pc=0x000001d19e13a1a3 sp=0x0000008c172fbfb8 mode 2

Classes unloaded (0 events):
No events

Classes redefined (0 events):
No events

Internal exceptions (0 events):
No events

VM Operations (8 events):
Event: 0.260 Executing VM operation: HandshakeAllThreads
Event: 0.260 Executing VM operation: HandshakeAllThreads done
Event: 0.676 Executing VM operation: HandshakeAllThreads
Event: 0.676 Executing VM operation: HandshakeAllThreads done
Event: 1.217 Executing VM operation: G1CollectForAllocation
Event: 1.223 Executing VM operation: G1CollectForAllocation done
Event: 1.330 Executing VM operation: HandshakeAllThreads
Event: 1.330 Executing VM operation: HandshakeAllThreads done

Events (20 events):
Event: 1.266 loading class sun/reflect/generics/tree/FormalTypeParameter
Event: 1.266 loading class sun/reflect/generics/tree/FormalTypeParameter done
Event: 1.266 loading class sun/reflect/generics/tree/ClassSignature
Event: 1.266 loading class sun/reflect/generics/tree/Signature
Event: 1.266 loading class sun/reflect/generics/tree/Signature done
Event: 1.266 loading class sun/reflect/generics/tree/ClassSignature done
Event: 1.266 loading class java/lang/reflect/TypeVariable
Event: 1.266 loading class java/lang/reflect/TypeVariable done
Event: 1.268 loading class java/lang/reflect/AnnotatedType
Event: 1.268 loading class java/lang/reflect/AnnotatedType done
Event: 1.281 loading class java/io/DataInputStream
Event: 1.282 loading class java/io/DataInputStream done
Event: 1.329 loading class java/util/LinkedList
Event: 1.329 loading class java/util/AbstractSequentialList
Event: 1.330 loading class java/util/AbstractSequentialList done
Event: 1.330 loading class java/util/LinkedList done
Event: 1.331 loading class java/util/LinkedList$Node
Event: 1.331 loading class java/util/LinkedList$Node done
Event: 1.332 loading class java/util/LinkedList$ListItr
Event: 1.332 loading class java/util/LinkedList$ListItr done


Dynamic libraries:
0x00007ff6135c0000 - 0x00007ff6135ca000 	C:\Program Files\Android\Android Studio\jbr\bin\java.exe
0x00007fff1a0f0000 - 0x00007fff1a307000 	C:\WINDOWS\SYSTEM32\ntdll.dll
0x00007fff197e0000 - 0x00007fff198a4000 	C:\WINDOWS\System32\KERNEL32.DLL
0x00007fff17640000 - 0x00007fff179e6000 	C:\WINDOWS\System32\KERNELBASE.dll
0x00007fff17b20000 - 0x00007fff17c31000 	C:\WINDOWS\System32\ucrtbase.dll
0x00007ffefb1f0000 - 0x00007ffefb207000 	C:\Program Files\Android\Android Studio\jbr\bin\jli.dll
0x00007fff096b0000 - 0x00007fff096cb000 	C:\Program Files\Android\Android Studio\jbr\bin\VCRUNTIME140.dll
0x00007fff19ea0000 - 0x00007fff1a04d000 	C:\WINDOWS\System32\USER32.dll
0x00007fff17610000 - 0x00007fff17636000 	C:\WINDOWS\System32\win32u.dll
0x00007fff19920000 - 0x00007fff19949000 	C:\WINDOWS\System32\GDI32.dll
0x00007fff08900000 - 0x00007fff08b93000 	C:\WINDOWS\WinSxS\amd64_microsoft.windows.common-controls_6595b64144ccf1df_6.0.22621.2361_none_2712ced57382f843\COMCTL32.dll
0x00007fff17470000 - 0x00007fff17588000 	C:\WINDOWS\System32\gdi32full.dll
0x00007fff18fa0000 - 0x00007fff19047000 	C:\WINDOWS\System32\msvcrt.dll
0x00007fff17db0000 - 0x00007fff17e4a000 	C:\WINDOWS\System32\msvcp_win.dll
0x00007fff18b60000 - 0x00007fff18b91000 	C:\WINDOWS\System32\IMM32.DLL
0x00007fff126f0000 - 0x00007fff126fc000 	C:\Program Files\Android\Android Studio\jbr\bin\vcruntime140_1.dll
0x00007ffee5f00000 - 0x00007ffee5f8d000 	C:\Program Files\Android\Android Studio\jbr\bin\msvcp140.dll
0x00007ffedc1d0000 - 0x00007ffedce3e000 	C:\Program Files\Android\Android Studio\jbr\bin\server\jvm.dll
0x00007fff19680000 - 0x00007fff19730000 	C:\WINDOWS\System32\ADVAPI32.dll
0x00007fff19730000 - 0x00007fff197d6000 	C:\WINDOWS\System32\sechost.dll
0x00007fff181b0000 - 0x00007fff182c7000 	C:\WINDOWS\System32\RPCRT4.dll
0x00007fff12060000 - 0x00007fff12069000 	C:\WINDOWS\SYSTEM32\WSOCK32.dll
0x00007fff17f50000 - 0x00007fff17fc1000 	C:\WINDOWS\System32\WS2_32.dll
0x00007fff0e0b0000 - 0x00007fff0e0e4000 	C:\WINDOWS\SYSTEM32\WINMM.dll
0x00007fff0d680000 - 0x00007fff0d68a000 	C:\WINDOWS\SYSTEM32\VERSION.dll
0x00007fff16410000 - 0x00007fff16428000 	C:\WINDOWS\SYSTEM32\kernel.appcore.dll
0x00007fff0e310000 - 0x00007fff0e31a000 	C:\Program Files\Android\Android Studio\jbr\bin\jimage.dll
0x00007fff14d60000 - 0x00007fff14f8e000 	C:\WINDOWS\SYSTEM32\DBGHELP.DLL
0x00007fff19b10000 - 0x00007fff19e9a000 	C:\WINDOWS\System32\combase.dll
0x00007fff180d0000 - 0x00007fff181a7000 	C:\WINDOWS\System32\OLEAUT32.dll
0x00007fff0b350000 - 0x00007fff0b382000 	C:\WINDOWS\SYSTEM32\dbgcore.DLL
0x00007fff17590000 - 0x00007fff1760a000 	C:\WINDOWS\System32\bcryptPrimitives.dll
0x00007fff0e2e0000 - 0x00007fff0e305000 	C:\Program Files\Android\Android Studio\jbr\bin\java.dll
0x00007fff096f0000 - 0x00007fff09708000 	C:\Program Files\Android\Android Studio\jbr\bin\zip.dll
0x00007fff182d0000 - 0x00007fff18b28000 	C:\WINDOWS\System32\SHELL32.dll
0x00007fff15380000 - 0x00007fff15c72000 	C:\WINDOWS\SYSTEM32\windows.storage.dll
0x00007fff15240000 - 0x00007fff1537e000 	C:\WINDOWS\SYSTEM32\wintypes.dll
0x00007fff17fd0000 - 0x00007fff180c3000 	C:\WINDOWS\System32\SHCORE.dll
0x00007fff19100000 - 0x00007fff1915e000 	C:\WINDOWS\System32\shlwapi.dll
0x00007fff173a0000 - 0x00007fff173c6000 	C:\WINDOWS\SYSTEM32\profapi.dll
0x00007fff096d0000 - 0x00007fff096e9000 	C:\Program Files\Android\Android Studio\jbr\bin\net.dll
0x00007fff11e00000 - 0x00007fff11f37000 	C:\WINDOWS\SYSTEM32\WINHTTP.dll
0x00007fff168e0000 - 0x00007fff16949000 	C:\WINDOWS\system32\mswsock.dll
0x00007fff08bc0000 - 0x00007fff08bd6000 	C:\Program Files\Android\Android Studio\jbr\bin\nio.dll

dbghelp: loaded successfully - version: 4.0.5 - missing functions: none
symbol engine: initialized successfully - sym options: 0x614 - pdb path: .;C:\Program Files\Android\Android Studio\jbr\bin;C:\WINDOWS\SYSTEM32;C:\WINDOWS\WinSxS\amd64_microsoft.windows.common-controls_6595b64144ccf1df_6.0.22621.2361_none_2712ced57382f843;C:\Program Files\Android\Android Studio\jbr\bin\server

VM Arguments:
java_command: org.jetbrains.kotlin.cli.jvm.K2JVMCompiler @C:\Users\samuc\Desktop\TCC\App-Mobile-Bosque-Panetteria\app\build\20231028_10983761485547616868.compiler.options
java_class_path (initial): C:\Users\samuc\.gradle\caches\modules-2\files-2.1\org.jetbrains.kotlin\kotlin-compiler-embeddable\1.9.0\2c8c3a7402becca891f12739b3e9fd2dc2adbd7a\kotlin-compiler-embeddable-1.9.0.jar;C:\Users\samuc\.gradle\caches\modules-2\files-2.1\org.jetbrains.kotlin\kotlin-stdlib\1.9.0\8ee15ef0c67dc83d874f412d84378d7f0eb50b63\kotlin-stdlib-1.9.0.jar;C:\Users\samuc\.gradle\caches\modules-2\files-2.1\org.jetbrains.kotlin\kotlin-script-runtime\1.9.0\4b3102cbbb7e1b58d9d1adf89563f00069ffa7d1\kotlin-script-runtime-1.9.0.jar;C:\Users\samuc\.gradle\caches\modules-2\files-2.1\org.jetbrains.kotlin\kotlin-reflect\1.6.10\1cbe9c92c12a94eea200d23c2bbaedaf3daf5132\kotlin-reflect-1.6.10.jar;C:\Users\samuc\.gradle\caches\modules-2\files-2.1\org.jetbrains.kotlin\kotlin-daemon-embeddable\1.9.0\186543f5e28cf8d9a0290fecc2cf34301c40a65c\kotlin-daemon-embeddable-1.9.0.jar;C:\Users\samuc\.gradle\caches\modules-2\files-2.1\org.jetbrains.intellij.deps\trove4j\1.0.20200330\3afb14d5f9ceb459d724e907a21145e8ff394f02\trove4j-1.0.20200330.jar;C:\Users\samuc\.gradle\caches\modules-2\files-2.1\org.jetbrains.kotlin\kotlin-stdlib-common\1.9.0\cd65c21cfd1eec4d44ef09f9f52b6d9f8a720636\kotlin-stdlib-common-1.9.0.jar;C:\Users\samuc\.gradle\caches\modules-2\files-2.1\org.jetbrains\annotations\13.0\919f0dfe192fb4e063e7dacadee7f8bb9a2672a9\annotations-13.0.jar
Launcher Type: SUN_STANDARD

[Global flags]
     intx CICompilerCount                          = 4                                         {product} {ergonomic}
     uint ConcGCThreads                            = 2                                         {product} {ergonomic}
     uint G1ConcRefinementThreads                  = 8                                         {product} {ergonomic}
   size_t G1HeapRegionSize                         = 1048576                                   {product} {ergonomic}
    uintx GCDrainStackTargetSize                   = 64                                        {product} {ergonomic}
   size_t InitialHeapSize                          = 132120576                                 {product} {ergonomic}
   size_t MarkStackSize                            = 4194304                                   {product} {ergonomic}
   size_t MaxHeapSize                              = 2090860544                                {product} {ergonomic}
   size_t MaxNewSize                               = 1254096896                                {product} {ergonomic}
   size_t MinHeapDeltaBytes                        = 1048576                                   {product} {ergonomic}
   size_t MinHeapSize                              = 8388608                                   {product} {ergonomic}
    uintx NonNMethodCodeHeapSize                   = 5839372                                {pd product} {ergonomic}
    uintx NonProfiledCodeHeapSize                  = 122909434                              {pd product} {ergonomic}
    uintx ProfiledCodeHeapSize                     = 122909434                              {pd product} {ergonomic}
    uintx ReservedCodeCacheSize                    = 251658240                              {pd product} {ergonomic}
     bool SegmentedCodeCache                       = true                                      {product} {ergonomic}
   size_t SoftMaxHeapSize                          = 2090860544                             {manageable} {ergonomic}
     bool UseCompressedClassPointers               = true                           {product lp64_product} {ergonomic}
     bool UseCompressedOops                        = true                           {product lp64_product} {ergonomic}
     bool UseG1GC                                  = true                                      {product} {ergonomic}
     bool UseLargePagesIndividualAllocation        = false                                  {pd product} {ergonomic}

Logging:
Log output configuration:
 #0: stdout all=warning uptime,level,tags
 #1: stderr all=off uptime,level,tags

Environment Variables:
JAVA_HOME=C:\Program Files\Java\jdk1.8.0_202
PATH=C:\Program Files\Microsoft\jdk-11.0.16.101-hotspot\bin;C:\WINDOWS\system32;C:\WINDOWS;C:\WINDOWS\System32\Wbem;C:\WINDOWS\System32\WindowsPowerShell\v1.0\;C:\WINDOWS\System32\OpenSSH\;C:\ProgramData\chocolatey\bin;C:\Program Files\Git\cmd;C:\Gradle\gradle-8.4\bin;C:\Users\samuc\AppData\Local\Android\Sdk\platform-tools;C:\Users\samuc\AppData\Local\Android\Sdk\tools;C:\Program Files\Java\jdk1.8.0_202\bin;C:\Program Files\dotnet\;C:\Program Files\nodejs\;C:\Users\samuc\anaconda3;C:\Users\samuc\anaconda3\Library\mingw-w64\bin;C:\Users\samuc\anaconda3\Library\usr\bin;C:\Users\samuc\anaconda3\Library\bin;C:\Users\samuc\anaconda3\Scripts;C:\Users\samuc\AppData\Local\Microsoft\WindowsApps;C:\Users\samuc\AppData\Local\Programs\Microsoft VS Code\bin;C:\Users\samuc\AppData\Local\spicetify;C:\src\flutter\bin;C:\Program Files\Azure Data Studio\bin;C:\Program Files\JetBrains\IntelliJ IDEA 2023.2.2\bin;;C:\Program Files\JetBrains\IntelliJ IDEA Community Edition 2023.2.2\bin;;C:\Users\samuc\AppData\Local\GitHubDesktop\bin;;C:\Users\samuc\AppData\Local\Microsoft\WindowsApps;C:\Users\samuc\AppData\Roaming\npm
USERNAME=samuc
OS=Windows_NT
PROCESSOR_IDENTIFIER=Intel64 Family 6 Model 140 Stepping 1, GenuineIntel
TMP=C:\Users\samuc\AppData\Local\Temp
TEMP=C:\Users\samuc\AppData\Local\Temp


JNI global refs:
JNI global refs: 8, weak refs: 0

JNI global refs memory usage: 843, weak refs: 841


---------------  S Y S T E M  ---------------

OS:
 Windows 11 , 64 bit Build 22621 (10.0.22621.2428)
OS uptime: 0 days 1:51 hours
Hyper-V role detected

CPU: total 8 (initial active 8) (4 cores per cpu, 2 threads per core) family 6 model 140 stepping 1 microcode 0x8a, cx8, cmov, fxsr, ht, mmx, 3dnowpref, sse, sse2, sse3, ssse3, sse4.1, sse4.2, popcnt, lzcnt, tsc, tscinvbit, avx, avx2, aes, erms, clmul, bmi1, bmi2, adx, avx512f, avx512dq, avx512cd, avx512bw, avx512vl, sha, fma, vzeroupper, avx512_vpopcntdq, avx512_vpclmulqdq, avx512_vaes, avx512_vnni, clflush, clflushopt, clwb, avx512_vbmi2, avx512_vbmi, hv

Memory: 4k page, system-wide physical 7971M (1495M free)
TotalPageFile size 10019M (AvailPageFile size 1M)
current process WorkingSet (physical memory assigned to process): 83M, peak: 83M
current process commit charge ("private bytes"): 222M, peak: 223M

vm_info: OpenJDK 64-Bit Server VM (17.0.6+0-b2043.56-10027231) for windows-amd64 JRE (17.0.6+0-b2043.56-10027231), built on Apr 28 2023 00:43:19 by "androidbuild" with MS VC++ 16.10 / 16.11 (VS2019)

END.
